[1.418s] Invoking command in '/shared_rocker_software/autonomous_robot/src/robot_vio': PYTHONPATH=/shared_rocker_software/autonomous_robot/build/robot_vio/prefix_override:/usr/lib/python3/dist-packages/colcon_core/task/python/colcon_distutils_commands:/shared_rocker_software/autonomous_robot/install/robot_vio/lib/python3.10/site-packages:${PYTHONPATH} /usr/bin/python3 -W ignore:setup.py install is deprecated -W ignore:easy_install command is deprecated setup.py egg_info --egg-base ../../build/robot_vio build --build-base /shared_rocker_software/autonomous_robot/build/robot_vio/build install --record /shared_rocker_software/autonomous_robot/build/robot_vio/install.log --single-version-externally-managed install_data
[1.584s] running egg_info
[1.585s] creating ../../build/robot_vio/robot_vio.egg-info
[1.585s] writing ../../build/robot_vio/robot_vio.egg-info/PKG-INFO
[1.585s] writing dependency_links to ../../build/robot_vio/robot_vio.egg-info/dependency_links.txt
[1.585s] writing entry points to ../../build/robot_vio/robot_vio.egg-info/entry_points.txt
[1.586s] writing requirements to ../../build/robot_vio/robot_vio.egg-info/requires.txt
[1.586s] writing top-level names to ../../build/robot_vio/robot_vio.egg-info/top_level.txt
[1.586s] writing manifest file '../../build/robot_vio/robot_vio.egg-info/SOURCES.txt'
[1.586s] reading manifest file '../../build/robot_vio/robot_vio.egg-info/SOURCES.txt'
[1.586s] writing manifest file '../../build/robot_vio/robot_vio.egg-info/SOURCES.txt'
[1.587s] running build
[1.587s] running build_py
[1.587s] creating /shared_rocker_software/autonomous_robot/build/robot_vio/build
[1.587s] creating /shared_rocker_software/autonomous_robot/build/robot_vio/build/lib
[1.587s] creating /shared_rocker_software/autonomous_robot/build/robot_vio/build/lib/robot_vio
[1.587s] copying robot_vio/__init__.py -> /shared_rocker_software/autonomous_robot/build/robot_vio/build/lib/robot_vio
[1.587s] running install
[1.587s] running install_lib
[1.587s] creating /shared_rocker_software/autonomous_robot/install/robot_vio/lib/python3.10/site-packages/robot_vio
[1.588s] copying /shared_rocker_software/autonomous_robot/build/robot_vio/build/lib/robot_vio/__init__.py -> /shared_rocker_software/autonomous_robot/install/robot_vio/lib/python3.10/site-packages/robot_vio
[1.588s] byte-compiling /shared_rocker_software/autonomous_robot/install/robot_vio/lib/python3.10/site-packages/robot_vio/__init__.py to __init__.cpython-310.pyc
[1.588s] running install_data
[1.588s] creating /shared_rocker_software/autonomous_robot/install/robot_vio/share/ament_index
[1.588s] creating /shared_rocker_software/autonomous_robot/install/robot_vio/share/ament_index/resource_index
[1.589s] creating /shared_rocker_software/autonomous_robot/install/robot_vio/share/ament_index/resource_index/packages
[1.589s] copying resource/robot_vio -> /shared_rocker_software/autonomous_robot/install/robot_vio/share/ament_index/resource_index/packages
[1.589s] copying package.xml -> /shared_rocker_software/autonomous_robot/install/robot_vio/share/robot_vio
[1.589s] creating /shared_rocker_software/autonomous_robot/install/robot_vio/share/robot_vio/launch
[1.589s] copying launch/d455_vio_rtabmap.launch.py -> /shared_rocker_software/autonomous_robot/install/robot_vio/share/robot_vio/launch
[1.589s] running install_egg_info
[1.590s] Copying ../../build/robot_vio/robot_vio.egg-info to /shared_rocker_software/autonomous_robot/install/robot_vio/lib/python3.10/site-packages/robot_vio-0.0.0-py3.10.egg-info
[1.591s] running install_scripts
[1.606s] writing list of installed files to '/shared_rocker_software/autonomous_robot/build/robot_vio/install.log'
[1.627s] Invoked command in '/shared_rocker_software/autonomous_robot/src/robot_vio' returned '0': PYTHONPATH=/shared_rocker_software/autonomous_robot/build/robot_vio/prefix_override:/usr/lib/python3/dist-packages/colcon_core/task/python/colcon_distutils_commands:/shared_rocker_software/autonomous_robot/install/robot_vio/lib/python3.10/site-packages:${PYTHONPATH} /usr/bin/python3 -W ignore:setup.py install is deprecated -W ignore:easy_install command is deprecated setup.py egg_info --egg-base ../../build/robot_vio build --build-base /shared_rocker_software/autonomous_robot/build/robot_vio/build install --record /shared_rocker_software/autonomous_robot/build/robot_vio/install.log --single-version-externally-managed install_data
