[0.024s] Invoking command in '/shared_rocker_software/autonomous_ws/build/robot_description': CMAKE_PREFIX_PATH=${CMAKE_PREFIX_PATH}:/shared_rocker_software/autonomous_ws/install/omni_robot_mobile_base:/opt/ros/humble /usr/bin/cmake /shared_rocker_software/autonomous_ws/src/robot_description -DCMAKE_INSTALL_PREFIX=/shared_rocker_software/autonomous_ws/install/robot_description
[0.223s] -- The C compiler identification is GNU 11.4.0
[0.224s] -- The CXX compiler identification is GNU 11.4.0
[0.224s] -- Detecting C compiler ABI info
[0.224s] -- Detecting C compiler ABI info - done
[0.224s] -- Check for working C compiler: /usr/bin/cc - skipped
[0.224s] -- Detecting C compile features
[0.224s] -- Detecting C compile features - done
[0.224s] -- Detecting CXX compiler ABI info
[0.287s] -- Detecting CXX compiler ABI info - done
[0.293s] -- Check for working CXX compiler: /usr/bin/c++ - skipped
[0.293s] -- Detecting CXX compile features
[0.294s] -- Detecting CXX compile features - done
[0.299s] -- Found ament_cmake: 1.3.12 (/opt/ros/humble/share/ament_cmake/cmake)
[0.432s] -- Found Python3: /usr/bin/python3 (found version "3.10.12") found components: Interpreter 
[0.541s] -- Found rclcpp: 16.0.14 (/opt/ros/humble/share/rclcpp/cmake)
[0.604s] -- Found rosidl_generator_c: 3.1.7 (/opt/ros/humble/share/rosidl_generator_c/cmake)
[0.612s] -- Found rosidl_adapter: 3.1.7 (/opt/ros/humble/share/rosidl_adapter/cmake)
[0.624s] -- Found rosidl_generator_cpp: 3.1.7 (/opt/ros/humble/share/rosidl_generator_cpp/cmake)
[0.639s] -- Using all available rosidl_typesupport_c: rosidl_typesupport_fastrtps_c;rosidl_typesupport_introspection_c
[0.659s] -- Using all available rosidl_typesupport_cpp: rosidl_typesupport_fastrtps_cpp;rosidl_typesupport_introspection_cpp
[0.716s] -- Found rmw_implementation_cmake: 6.1.2 (/opt/ros/humble/share/rmw_implementation_cmake/cmake)
[0.721s] -- Found rmw_cyclonedds_cpp: 1.3.4 (/opt/ros/humble/share/rmw_cyclonedds_cpp/cmake)
[0.743s] -- Using RMW implementation 'rmw_cyclonedds_cpp' as default
[0.757s] -- Looking for pthread.h
[0.827s] -- Looking for pthread.h - found
[0.827s] -- Performing Test CMAKE_HAVE_LIBC_PTHREAD
[0.897s] -- Performing Test CMAKE_HAVE_LIBC_PTHREAD - Success
[0.898s] -- Found Threads: TRUE  
[0.949s] -- Found xacro: 2.0.13 (/opt/ros/humble/share/xacro/cmake)
[0.999s] -- Configuring done
[1.004s] -- Generating done
[1.005s] -- Build files have been written to: /shared_rocker_software/autonomous_ws/build/robot_description
[1.012s] Invoked command in '/shared_rocker_software/autonomous_ws/build/robot_description' returned '0': CMAKE_PREFIX_PATH=${CMAKE_PREFIX_PATH}:/shared_rocker_software/autonomous_ws/install/omni_robot_mobile_base:/opt/ros/humble /usr/bin/cmake /shared_rocker_software/autonomous_ws/src/robot_description -DCMAKE_INSTALL_PREFIX=/shared_rocker_software/autonomous_ws/install/robot_description
[1.014s] Invoking command in '/shared_rocker_software/autonomous_ws/build/robot_description': CMAKE_PREFIX_PATH=${CMAKE_PREFIX_PATH}:/shared_rocker_software/autonomous_ws/install/omni_robot_mobile_base:/opt/ros/humble /usr/bin/cmake --build /shared_rocker_software/autonomous_ws/build/robot_description -- -j16 -l16
[1.053s] Invoked command in '/shared_rocker_software/autonomous_ws/build/robot_description' returned '0': CMAKE_PREFIX_PATH=${CMAKE_PREFIX_PATH}:/shared_rocker_software/autonomous_ws/install/omni_robot_mobile_base:/opt/ros/humble /usr/bin/cmake --build /shared_rocker_software/autonomous_ws/build/robot_description -- -j16 -l16
[1.063s] Invoking command in '/shared_rocker_software/autonomous_ws/build/robot_description': CMAKE_PREFIX_PATH=${CMAKE_PREFIX_PATH}:/shared_rocker_software/autonomous_ws/install/omni_robot_mobile_base:/opt/ros/humble /usr/bin/cmake --install /shared_rocker_software/autonomous_ws/build/robot_description
[1.070s] -- Install configuration: ""
[1.070s] -- Installing: /shared_rocker_software/autonomous_ws/install/robot_description/share/robot_description/urdf
[1.070s] -- Installing: /shared_rocker_software/autonomous_ws/install/robot_description/share/robot_description/urdf/omni_robot.urdf.xacro
[1.071s] -- Installing: /shared_rocker_software/autonomous_ws/install/robot_description/share/robot_description/launch
[1.071s] -- Installing: /shared_rocker_software/autonomous_ws/install/robot_description/share/robot_description/launch/view_robot.launch.py
[1.071s] -- Installing: /shared_rocker_software/autonomous_ws/install/robot_description/share/ament_index/resource_index/package_run_dependencies/robot_description
[1.071s] -- Installing: /shared_rocker_software/autonomous_ws/install/robot_description/share/ament_index/resource_index/parent_prefix_path/robot_description
[1.071s] -- Installing: /shared_rocker_software/autonomous_ws/install/robot_description/share/robot_description/environment/ament_prefix_path.sh
[1.071s] -- Installing: /shared_rocker_software/autonomous_ws/install/robot_description/share/robot_description/environment/ament_prefix_path.dsv
[1.072s] -- Installing: /shared_rocker_software/autonomous_ws/install/robot_description/share/robot_description/environment/path.sh
[1.072s] -- Installing: /shared_rocker_software/autonomous_ws/install/robot_description/share/robot_description/environment/path.dsv
[1.072s] -- Installing: /shared_rocker_software/autonomous_ws/install/robot_description/share/robot_description/local_setup.bash
[1.072s] -- Installing: /shared_rocker_software/autonomous_ws/install/robot_description/share/robot_description/local_setup.sh
[1.072s] -- Installing: /shared_rocker_software/autonomous_ws/install/robot_description/share/robot_description/local_setup.zsh
[1.073s] -- Installing: /shared_rocker_software/autonomous_ws/install/robot_description/share/robot_description/local_setup.dsv
[1.073s] -- Installing: /shared_rocker_software/autonomous_ws/install/robot_description/share/robot_description/package.dsv
[1.073s] -- Installing: /shared_rocker_software/autonomous_ws/install/robot_description/share/ament_index/resource_index/packages/robot_description
[1.073s] -- Installing: /shared_rocker_software/autonomous_ws/install/robot_description/share/robot_description/cmake/robot_descriptionConfig.cmake
[1.073s] -- Installing: /shared_rocker_software/autonomous_ws/install/robot_description/share/robot_description/cmake/robot_descriptionConfig-version.cmake
[1.073s] -- Installing: /shared_rocker_software/autonomous_ws/install/robot_description/share/robot_description/package.xml
[1.075s] Invoked command in '/shared_rocker_software/autonomous_ws/build/robot_description' returned '0': CMAKE_PREFIX_PATH=${CMAKE_PREFIX_PATH}:/shared_rocker_software/autonomous_ws/install/omni_robot_mobile_base:/opt/ros/humble /usr/bin/cmake --install /shared_rocker_software/autonomous_ws/build/robot_description
