[0.199s] Invoking command in '/shared_rocker_software/autonomous_ws/build/robot_odometry': CMAKE_PREFIX_PATH=${CMAKE_PREFIX_PATH}:/shared_rocker_software/autonomous_ws/install/omni_robot_mobile_base:/opt/ros/humble /usr/bin/cmake --build /shared_rocker_software/autonomous_ws/build/robot_odometry -- -j16 -l16
[0.235s] Invoked command in '/shared_rocker_software/autonomous_ws/build/robot_odometry' returned '0': CMAKE_PREFIX_PATH=${CMAKE_PREFIX_PATH}:/shared_rocker_software/autonomous_ws/install/omni_robot_mobile_base:/opt/ros/humble /usr/bin/cmake --build /shared_rocker_software/autonomous_ws/build/robot_odometry -- -j16 -l16
[0.236s] Invoking command in '/shared_rocker_software/autonomous_ws/build/robot_odometry': CMAKE_PREFIX_PATH=${CMAKE_PREFIX_PATH}:/shared_rocker_software/autonomous_ws/install/omni_robot_mobile_base:/opt/ros/humble /usr/bin/cmake --install /shared_rocker_software/autonomous_ws/build/robot_odometry
[0.243s] -- Install configuration: ""
[0.244s] -- Up-to-date: /shared_rocker_software/autonomous_ws/install/robot_odometry/share/robot_odometry/launch
[0.244s] -- Up-to-date: /shared_rocker_software/autonomous_ws/install/robot_odometry/share/robot_odometry/config
[0.244s] -- Up-to-date: /shared_rocker_software/autonomous_ws/install/robot_odometry/share/robot_odometry/config/rtabmap_params.yaml
[0.244s] -- Up-to-date: /shared_rocker_software/autonomous_ws/install/robot_odometry/share/robot_odometry/config/ekf.yaml
[0.244s] -- Up-to-date: /shared_rocker_software/autonomous_ws/install/robot_odometry/share/ament_index/resource_index/package_run_dependencies/robot_odometry
[0.244s] -- Up-to-date: /shared_rocker_software/autonomous_ws/install/robot_odometry/share/ament_index/resource_index/parent_prefix_path/robot_odometry
[0.244s] -- Up-to-date: /shared_rocker_software/autonomous_ws/install/robot_odometry/share/robot_odometry/environment/ament_prefix_path.sh
[0.244s] -- Up-to-date: /shared_rocker_software/autonomous_ws/install/robot_odometry/share/robot_odometry/environment/ament_prefix_path.dsv
[0.244s] -- Up-to-date: /shared_rocker_software/autonomous_ws/install/robot_odometry/share/robot_odometry/environment/path.sh
[0.245s] -- Up-to-date: /shared_rocker_software/autonomous_ws/install/robot_odometry/share/robot_odometry/environment/path.dsv
[0.245s] -- Up-to-date: /shared_rocker_software/autonomous_ws/install/robot_odometry/share/robot_odometry/local_setup.bash
[0.245s] -- Up-to-date: /shared_rocker_software/autonomous_ws/install/robot_odometry/share/robot_odometry/local_setup.sh
[0.245s] -- Up-to-date: /shared_rocker_software/autonomous_ws/install/robot_odometry/share/robot_odometry/local_setup.zsh
[0.245s] -- Up-to-date: /shared_rocker_software/autonomous_ws/install/robot_odometry/share/robot_odometry/local_setup.dsv
[0.245s] -- Up-to-date: /shared_rocker_software/autonomous_ws/install/robot_odometry/share/robot_odometry/package.dsv
[0.245s] -- Up-to-date: /shared_rocker_software/autonomous_ws/install/robot_odometry/share/ament_index/resource_index/packages/robot_odometry
[0.245s] -- Up-to-date: /shared_rocker_software/autonomous_ws/install/robot_odometry/share/robot_odometry/cmake/robot_odometryConfig.cmake
[0.245s] -- Up-to-date: /shared_rocker_software/autonomous_ws/install/robot_odometry/share/robot_odometry/cmake/robot_odometryConfig-version.cmake
[0.245s] -- Up-to-date: /shared_rocker_software/autonomous_ws/install/robot_odometry/share/robot_odometry/package.xml
[0.246s] Invoked command in '/shared_rocker_software/autonomous_ws/build/robot_odometry' returned '0': CMAKE_PREFIX_PATH=${CMAKE_PREFIX_PATH}:/shared_rocker_software/autonomous_ws/install/omni_robot_mobile_base:/opt/ros/humble /usr/bin/cmake --install /shared_rocker_software/autonomous_ws/build/robot_odometry
