[0.429s] Invoking command in '/shared_rocker_software/autonomous_robot/build/robot_odometry': CMAKE_PREFIX_PATH=/opt/ros/humble /usr/bin/cmake --build /shared_rocker_software/autonomous_robot/build/robot_odometry -- -j16 -l16
[0.643s] Invoked command in '/shared_rocker_software/autonomous_robot/build/robot_odometry' returned '0': CMAKE_PREFIX_PATH=/opt/ros/humble /usr/bin/cmake --build /shared_rocker_software/autonomous_robot/build/robot_odometry -- -j16 -l16
[0.644s] Invoking command in '/shared_rocker_software/autonomous_robot/build/robot_odometry': CMAKE_PREFIX_PATH=/opt/ros/humble /usr/bin/cmake --install /shared_rocker_software/autonomous_robot/build/robot_odometry
[0.651s] -- Install configuration: ""
[0.651s] -- Up-to-date: /shared_rocker_software/autonomous_robot/install/robot_odometry/share/robot_odometry/launch
[0.651s] -- Up-to-date: /shared_rocker_software/autonomous_robot/install/robot_odometry/share/robot_odometry/config
[0.651s] -- Up-to-date: /shared_rocker_software/autonomous_robot/install/robot_odometry/share/robot_odometry/config/rtabmap_params.yaml
[0.651s] -- Up-to-date: /shared_rocker_software/autonomous_robot/install/robot_odometry/share/robot_odometry/config/ekf.yaml
[0.651s] -- Up-to-date: /shared_rocker_software/autonomous_robot/install/robot_odometry/share/ament_index/resource_index/package_run_dependencies/robot_odometry
[0.651s] -- Up-to-date: /shared_rocker_software/autonomous_robot/install/robot_odometry/share/ament_index/resource_index/parent_prefix_path/robot_odometry
[0.651s] -- Up-to-date: /shared_rocker_software/autonomous_robot/install/robot_odometry/share/robot_odometry/environment/ament_prefix_path.sh
[0.651s] -- Up-to-date: /shared_rocker_software/autonomous_robot/install/robot_odometry/share/robot_odometry/environment/ament_prefix_path.dsv
[0.651s] -- Up-to-date: /shared_rocker_software/autonomous_robot/install/robot_odometry/share/robot_odometry/environment/path.sh
[0.652s] -- Up-to-date: /shared_rocker_software/autonomous_robot/install/robot_odometry/share/robot_odometry/environment/path.dsv
[0.652s] -- Up-to-date: /shared_rocker_software/autonomous_robot/install/robot_odometry/share/robot_odometry/local_setup.bash
[0.652s] -- Up-to-date: /shared_rocker_software/autonomous_robot/install/robot_odometry/share/robot_odometry/local_setup.sh
[0.652s] -- Up-to-date: /shared_rocker_software/autonomous_robot/install/robot_odometry/share/robot_odometry/local_setup.zsh
[0.652s] -- Up-to-date: /shared_rocker_software/autonomous_robot/install/robot_odometry/share/robot_odometry/local_setup.dsv
[0.652s] -- Up-to-date: /shared_rocker_software/autonomous_robot/install/robot_odometry/share/robot_odometry/package.dsv
[0.652s] -- Up-to-date: /shared_rocker_software/autonomous_robot/install/robot_odometry/share/ament_index/resource_index/packages/robot_odometry
[0.652s] -- Up-to-date: /shared_rocker_software/autonomous_robot/install/robot_odometry/share/robot_odometry/cmake/robot_odometryConfig.cmake
[0.652s] -- Up-to-date: /shared_rocker_software/autonomous_robot/install/robot_odometry/share/robot_odometry/cmake/robot_odometryConfig-version.cmake
[0.652s] -- Up-to-date: /shared_rocker_software/autonomous_robot/install/robot_odometry/share/robot_odometry/package.xml
[0.667s] Invoked command in '/shared_rocker_software/autonomous_robot/build/robot_odometry' returned '0': CMAKE_PREFIX_PATH=/opt/ros/humble /usr/bin/cmake --install /shared_rocker_software/autonomous_robot/build/robot_odometry
