[0.512s] Invoking command in '/shared_rocker_software/autonomous_ws/src/robot_mobile_base': PYTHONPATH=/shared_rocker_software/autonomous_ws/build/robot_mobile_base/prefix_override:/usr/lib/python3/dist-packages/colcon_core/task/python/colcon_distutils_commands:/shared_rocker_software/autonomous_ws/install/robot_mobile_base/lib/python3.10/site-packages:${PYTHONPATH} /usr/bin/python3 -W ignore:setup.py install is deprecated -W ignore:easy_install command is deprecated setup.py egg_info --egg-base ../../build/robot_mobile_base build --build-base /shared_rocker_software/autonomous_ws/build/robot_mobile_base/build install --record /shared_rocker_software/autonomous_ws/build/robot_mobile_base/install.log --single-version-externally-managed install_data
[0.689s] running egg_info
[0.689s] creating ../../build/robot_mobile_base/robot_mobile_base.egg-info
[0.689s] writing ../../build/robot_mobile_base/robot_mobile_base.egg-info/PKG-INFO
[0.689s] writing dependency_links to ../../build/robot_mobile_base/robot_mobile_base.egg-info/dependency_links.txt
[0.689s] writing entry points to ../../build/robot_mobile_base/robot_mobile_base.egg-info/entry_points.txt
[0.690s] writing requirements to ../../build/robot_mobile_base/robot_mobile_base.egg-info/requires.txt
[0.690s] writing top-level names to ../../build/robot_mobile_base/robot_mobile_base.egg-info/top_level.txt
[0.690s] writing manifest file '../../build/robot_mobile_base/robot_mobile_base.egg-info/SOURCES.txt'
[0.691s] reading manifest file '../../build/robot_mobile_base/robot_mobile_base.egg-info/SOURCES.txt'
[0.691s] writing manifest file '../../build/robot_mobile_base/robot_mobile_base.egg-info/SOURCES.txt'
[0.691s] running build
[0.691s] running build_py
[0.691s] creating /shared_rocker_software/autonomous_ws/build/robot_mobile_base/build
[0.691s] creating /shared_rocker_software/autonomous_ws/build/robot_mobile_base/build/lib
[0.692s] creating /shared_rocker_software/autonomous_ws/build/robot_mobile_base/build/lib/robot_mobile_base
[0.692s] copying robot_mobile_base/__init__.py -> /shared_rocker_software/autonomous_ws/build/robot_mobile_base/build/lib/robot_mobile_base
[0.692s] copying robot_mobile_base/serial_bridge_with_gui.py -> /shared_rocker_software/autonomous_ws/build/robot_mobile_base/build/lib/robot_mobile_base
[0.692s] running install
[0.692s] running install_lib
[0.692s] creating /shared_rocker_software/autonomous_ws/install/robot_mobile_base/lib/python3.10/site-packages/robot_mobile_base
[0.692s] copying /shared_rocker_software/autonomous_ws/build/robot_mobile_base/build/lib/robot_mobile_base/__init__.py -> /shared_rocker_software/autonomous_ws/install/robot_mobile_base/lib/python3.10/site-packages/robot_mobile_base
[0.692s] copying /shared_rocker_software/autonomous_ws/build/robot_mobile_base/build/lib/robot_mobile_base/serial_bridge_with_gui.py -> /shared_rocker_software/autonomous_ws/install/robot_mobile_base/lib/python3.10/site-packages/robot_mobile_base
[0.693s] byte-compiling /shared_rocker_software/autonomous_ws/install/robot_mobile_base/lib/python3.10/site-packages/robot_mobile_base/__init__.py to __init__.cpython-310.pyc
[0.693s] byte-compiling /shared_rocker_software/autonomous_ws/install/robot_mobile_base/lib/python3.10/site-packages/robot_mobile_base/serial_bridge_with_gui.py to serial_bridge_with_gui.cpython-310.pyc
[0.695s] running install_data
[0.695s] creating /shared_rocker_software/autonomous_ws/install/robot_mobile_base/share/ament_index
[0.695s] creating /shared_rocker_software/autonomous_ws/install/robot_mobile_base/share/ament_index/resource_index
[0.695s] creating /shared_rocker_software/autonomous_ws/install/robot_mobile_base/share/ament_index/resource_index/packages
[0.695s] copying resource/robot_mobile_base -> /shared_rocker_software/autonomous_ws/install/robot_mobile_base/share/ament_index/resource_index/packages
[0.695s] copying package.xml -> /shared_rocker_software/autonomous_ws/install/robot_mobile_base/share/robot_mobile_base
[0.695s] running install_egg_info
[0.697s] Copying ../../build/robot_mobile_base/robot_mobile_base.egg-info to /shared_rocker_software/autonomous_ws/install/robot_mobile_base/lib/python3.10/site-packages/robot_mobile_base-0.0.0-py3.10.egg-info
[0.697s] running install_scripts
[0.713s] Installing serial_bridge_with_gui script to /shared_rocker_software/autonomous_ws/install/robot_mobile_base/lib/robot_mobile_base
[0.713s] writing list of installed files to '/shared_rocker_software/autonomous_ws/build/robot_mobile_base/install.log'
[0.731s] Invoked command in '/shared_rocker_software/autonomous_ws/src/robot_mobile_base' returned '0': PYTHONPATH=/shared_rocker_software/autonomous_ws/build/robot_mobile_base/prefix_override:/usr/lib/python3/dist-packages/colcon_core/task/python/colcon_distutils_commands:/shared_rocker_software/autonomous_ws/install/robot_mobile_base/lib/python3.10/site-packages:${PYTHONPATH} /usr/bin/python3 -W ignore:setup.py install is deprecated -W ignore:easy_install command is deprecated setup.py egg_info --egg-base ../../build/robot_mobile_base build --build-base /shared_rocker_software/autonomous_ws/build/robot_mobile_base/build install --record /shared_rocker_software/autonomous_ws/build/robot_mobile_base/install.log --single-version-externally-managed install_data
