[0.013s] Invoking command in '/shared_rocker_software/autonomous_ws/build/robot_description': /usr/bin/cmake --build /shared_rocker_software/autonomous_ws/build/robot_description -- -j16 -l16
[0.209s] Invoked command in '/shared_rocker_software/autonomous_ws/build/robot_description' returned '0': /usr/bin/cmake --build /shared_rocker_software/autonomous_ws/build/robot_description -- -j16 -l16
[0.218s] Invoking command in '/shared_rocker_software/autonomous_ws/build/robot_description': /usr/bin/cmake --install /shared_rocker_software/autonomous_ws/build/robot_description
[0.225s] -- Install configuration: ""
[0.225s] -- Up-to-date: /shared_rocker_software/autonomous_ws/install/robot_description/share/robot_description/urdf
[0.225s] -- Up-to-date: /shared_rocker_software/autonomous_ws/install/robot_description/share/robot_description/urdf/omni_robot.urdf.xacro
[0.225s] -- Up-to-date: /shared_rocker_software/autonomous_ws/install/robot_description/share/robot_description/launch
[0.225s] -- Up-to-date: /shared_rocker_software/autonomous_ws/install/robot_description/share/robot_description/launch/view_robot.launch.py
[0.226s] -- Up-to-date: /shared_rocker_software/autonomous_ws/install/robot_description/share/ament_index/resource_index/package_run_dependencies/robot_description
[0.226s] -- Up-to-date: /shared_rocker_software/autonomous_ws/install/robot_description/share/ament_index/resource_index/parent_prefix_path/robot_description
[0.226s] -- Up-to-date: /shared_rocker_software/autonomous_ws/install/robot_description/share/robot_description/environment/ament_prefix_path.sh
[0.226s] -- Up-to-date: /shared_rocker_software/autonomous_ws/install/robot_description/share/robot_description/environment/ament_prefix_path.dsv
[0.226s] -- Up-to-date: /shared_rocker_software/autonomous_ws/install/robot_description/share/robot_description/environment/path.sh
[0.226s] -- Up-to-date: /shared_rocker_software/autonomous_ws/install/robot_description/share/robot_description/environment/path.dsv
[0.226s] -- Up-to-date: /shared_rocker_software/autonomous_ws/install/robot_description/share/robot_description/local_setup.bash
[0.226s] -- Up-to-date: /shared_rocker_software/autonomous_ws/install/robot_description/share/robot_description/local_setup.sh
[0.226s] -- Up-to-date: /shared_rocker_software/autonomous_ws/install/robot_description/share/robot_description/local_setup.zsh
[0.226s] -- Up-to-date: /shared_rocker_software/autonomous_ws/install/robot_description/share/robot_description/local_setup.dsv
[0.226s] -- Installing: /shared_rocker_software/autonomous_ws/install/robot_description/share/robot_description/package.dsv
[0.226s] -- Up-to-date: /shared_rocker_software/autonomous_ws/install/robot_description/share/ament_index/resource_index/packages/robot_description
[0.226s] -- Up-to-date: /shared_rocker_software/autonomous_ws/install/robot_description/share/robot_description/cmake/robot_descriptionConfig.cmake
[0.226s] -- Up-to-date: /shared_rocker_software/autonomous_ws/install/robot_description/share/robot_description/cmake/robot_descriptionConfig-version.cmake
[0.226s] -- Up-to-date: /shared_rocker_software/autonomous_ws/install/robot_description/share/robot_description/package.xml
[0.228s] Invoked command in '/shared_rocker_software/autonomous_ws/build/robot_description' returned '0': /usr/bin/cmake --install /shared_rocker_software/autonomous_ws/build/robot_description
