[0.068s] Invoking command in '/shared_rocker_software/autonomous_robot/build/robot_description': CMAKE_PREFIX_PATH=${CMAKE_PREFIX_PATH}:/shared_rocker_software/autonomous_robot/install/robot_vio:/shared_rocker_software/autonomous_robot/install/robot_mobile_base:/opt/ros/humble /usr/bin/cmake --build /shared_rocker_software/autonomous_robot/build/robot_description -- -j16 -l16
[0.730s] Invoked command in '/shared_rocker_software/autonomous_robot/build/robot_description' returned '0': CMAKE_PREFIX_PATH=${CMAKE_PREFIX_PATH}:/shared_rocker_software/autonomous_robot/install/robot_vio:/shared_rocker_software/autonomous_robot/install/robot_mobile_base:/opt/ros/humble /usr/bin/cmake --build /shared_rocker_software/autonomous_robot/build/robot_description -- -j16 -l16
[0.741s] Invoking command in '/shared_rocker_software/autonomous_robot/build/robot_description': CMAKE_PREFIX_PATH=${CMAKE_PREFIX_PATH}:/shared_rocker_software/autonomous_robot/install/robot_vio:/shared_rocker_software/autonomous_robot/install/robot_mobile_base:/opt/ros/humble /usr/bin/cmake --install /shared_rocker_software/autonomous_robot/build/robot_description
[0.749s] -- Install configuration: ""
[0.749s] -- Up-to-date: /shared_rocker_software/autonomous_robot/install/robot_description/share/robot_description/urdf
[0.749s] -- Up-to-date: /shared_rocker_software/autonomous_robot/install/robot_description/share/robot_description/urdf/omni_robot.urdf.xacro
[0.749s] -- Up-to-date: /shared_rocker_software/autonomous_robot/install/robot_description/share/robot_description/launch
[0.750s] -- Up-to-date: /shared_rocker_software/autonomous_robot/install/robot_description/share/robot_description/launch/view_robot.launch.py
[0.750s] -- Up-to-date: /shared_rocker_software/autonomous_robot/install/robot_description/share/ament_index/resource_index/package_run_dependencies/robot_description
[0.750s] -- Up-to-date: /shared_rocker_software/autonomous_robot/install/robot_description/share/ament_index/resource_index/parent_prefix_path/robot_description
[0.750s] -- Up-to-date: /shared_rocker_software/autonomous_robot/install/robot_description/share/robot_description/environment/ament_prefix_path.sh
[0.750s] -- Up-to-date: /shared_rocker_software/autonomous_robot/install/robot_description/share/robot_description/environment/ament_prefix_path.dsv
[0.750s] -- Up-to-date: /shared_rocker_software/autonomous_robot/install/robot_description/share/robot_description/environment/path.sh
[0.750s] -- Up-to-date: /shared_rocker_software/autonomous_robot/install/robot_description/share/robot_description/environment/path.dsv
[0.750s] -- Up-to-date: /shared_rocker_software/autonomous_robot/install/robot_description/share/robot_description/local_setup.bash
[0.750s] -- Up-to-date: /shared_rocker_software/autonomous_robot/install/robot_description/share/robot_description/local_setup.sh
[0.750s] -- Up-to-date: /shared_rocker_software/autonomous_robot/install/robot_description/share/robot_description/local_setup.zsh
[0.750s] -- Up-to-date: /shared_rocker_software/autonomous_robot/install/robot_description/share/robot_description/local_setup.dsv
[0.750s] -- Installing: /shared_rocker_software/autonomous_robot/install/robot_description/share/robot_description/package.dsv
[0.750s] -- Up-to-date: /shared_rocker_software/autonomous_robot/install/robot_description/share/ament_index/resource_index/packages/robot_description
[0.750s] -- Up-to-date: /shared_rocker_software/autonomous_robot/install/robot_description/share/robot_description/cmake/robot_descriptionConfig.cmake
[0.751s] -- Up-to-date: /shared_rocker_software/autonomous_robot/install/robot_description/share/robot_description/cmake/robot_descriptionConfig-version.cmake
[0.751s] -- Up-to-date: /shared_rocker_software/autonomous_robot/install/robot_description/share/robot_description/package.xml
[0.766s] Invoked command in '/shared_rocker_software/autonomous_robot/build/robot_description' returned '0': CMAKE_PREFIX_PATH=${CMAKE_PREFIX_PATH}:/shared_rocker_software/autonomous_robot/install/robot_vio:/shared_rocker_software/autonomous_robot/install/robot_mobile_base:/opt/ros/humble /usr/bin/cmake --install /shared_rocker_software/autonomous_robot/build/robot_description
