[0.088s] DEBUG:colcon:Command line arguments: ['/usr/bin/colcon', 'build']
[0.088s] DEBUG:colcon:Parsed command line arguments: Namespace(log_base=None, log_level=None, verb_name='build', build_base='build', install_base='install', merge_install=False, symlink_install=False, test_result_base=None, continue_on_error=False, executor='parallel', parallel_workers=16, event_handlers=None, ignore_user_meta=False, metas=['./colcon.meta'], base_paths=['.'], packages_ignore=None, packages_ignore_regex=None, paths=None, packages_up_to=None, packages_up_to_regex=None, packages_above=None, packages_above_and_dependencies=None, packages_above_depth=None, packages_select_by_dep=None, packages_skip_by_dep=None, packages_skip_up_to=None, packages_select_build_failed=False, packages_skip_build_finished=False, packages_select_test_failures=False, packages_skip_test_passed=False, packages_select=None, packages_skip=None, packages_select_regex=None, packages_skip_regex=None, packages_start=None, packages_end=None, cmake_args=None, cmake_target=None, cmake_target_skip_unavailable=False, cmake_clean_cache=False, cmake_clean_first=False, cmake_force_configure=False, ament_cmake_args=None, catkin_cmake_args=None, catkin_skip_building_tests=False, mixin_files=None, mixin=None, verb_parser=<colcon_mixin.mixin.mixin_argument.MixinArgumentDecorator object at 0x7cc0a6a74fd0>, verb_extension=<colcon_core.verb.build.BuildVerb object at 0x7cc0a6c01e40>, main=<bound method BuildVerb.main of <colcon_core.verb.build.BuildVerb object at 0x7cc0a6c01e40>>, mixin_verb=('build',))
[0.206s] Level 1:colcon.colcon_core.package_discovery:discover_packages(colcon_meta) check parameters
[0.207s] INFO:colcon.colcon_metadata.package_discovery.colcon_meta:Using configuration from '/root/.colcon/metadata/default/Gazebo.meta'
[0.207s] INFO:colcon.colcon_metadata.package_discovery.colcon_meta:Using configuration from '/root/.colcon/metadata/default/fastdds.meta'
[0.208s] INFO:colcon.colcon_metadata.package_discovery.colcon_meta:Using configuration from '/root/.colcon/metadata/default/fastrtps.meta'
[0.208s] Level 1:colcon.colcon_core.package_discovery:discover_packages(recursive) check parameters
[0.208s] Level 1:colcon.colcon_core.package_discovery:discover_packages(ignore) check parameters
[0.208s] Level 1:colcon.colcon_core.package_discovery:discover_packages(path) check parameters
[0.208s] Level 1:colcon.colcon_core.package_discovery:discover_packages(colcon_meta) discover
[0.208s] Level 1:colcon.colcon_core.package_discovery:discover_packages(recursive) discover
[0.208s] INFO:colcon.colcon_core.package_discovery:Crawling recursively for packages in '/shared_rocker_software/autonomous_ws'
[0.208s] Level 1:colcon.colcon_core.package_identification:_identify(.) by extensions ['ignore', 'ignore_ament_install']
[0.208s] Level 1:colcon.colcon_core.package_identification:_identify(.) by extension 'ignore'
[0.208s] Level 1:colcon.colcon_core.package_identification:_identify(.) by extension 'ignore_ament_install'
[0.208s] Level 1:colcon.colcon_core.package_identification:_identify(.) by extensions ['colcon_pkg']
[0.208s] Level 1:colcon.colcon_core.package_identification:_identify(.) by extension 'colcon_pkg'
[0.208s] Level 1:colcon.colcon_core.package_identification:_identify(.) by extensions ['colcon_meta']
[0.208s] Level 1:colcon.colcon_core.package_identification:_identify(.) by extension 'colcon_meta'
[0.208s] Level 1:colcon.colcon_core.package_identification:_identify(.) by extensions ['ros']
[0.208s] Level 1:colcon.colcon_core.package_identification:_identify(.) by extension 'ros'
[0.216s] Level 1:colcon.colcon_core.package_identification:_identify(.) by extensions ['cmake', 'python']
[0.216s] Level 1:colcon.colcon_core.package_identification:_identify(.) by extension 'cmake'
[0.216s] Level 1:colcon.colcon_core.package_identification:_identify(.) by extension 'python'
[0.216s] Level 1:colcon.colcon_core.package_identification:_identify(.) by extensions ['python_setup_py']
[0.216s] Level 1:colcon.colcon_core.package_identification:_identify(.) by extension 'python_setup_py'
[0.216s] Level 1:colcon.colcon_core.package_identification:_identify(build) by extensions ['ignore', 'ignore_ament_install']
[0.216s] Level 1:colcon.colcon_core.package_identification:_identify(build) by extension 'ignore'
[0.216s] Level 1:colcon.colcon_core.package_identification:_identify(build) ignored
[0.217s] Level 1:colcon.colcon_core.package_identification:_identify(install) by extensions ['ignore', 'ignore_ament_install']
[0.217s] Level 1:colcon.colcon_core.package_identification:_identify(install) by extension 'ignore'
[0.217s] Level 1:colcon.colcon_core.package_identification:_identify(install) ignored
[0.217s] Level 1:colcon.colcon_core.package_identification:_identify(log) by extensions ['ignore', 'ignore_ament_install']
[0.217s] Level 1:colcon.colcon_core.package_identification:_identify(log) by extension 'ignore'
[0.217s] Level 1:colcon.colcon_core.package_identification:_identify(log) ignored
[0.217s] Level 1:colcon.colcon_core.package_identification:_identify(src) by extensions ['ignore', 'ignore_ament_install']
[0.217s] Level 1:colcon.colcon_core.package_identification:_identify(src) by extension 'ignore'
[0.217s] Level 1:colcon.colcon_core.package_identification:_identify(src) by extension 'ignore_ament_install'
[0.217s] Level 1:colcon.colcon_core.package_identification:_identify(src) by extensions ['colcon_pkg']
[0.217s] Level 1:colcon.colcon_core.package_identification:_identify(src) by extension 'colcon_pkg'
[0.217s] Level 1:colcon.colcon_core.package_identification:_identify(src) by extensions ['colcon_meta']
[0.217s] Level 1:colcon.colcon_core.package_identification:_identify(src) by extension 'colcon_meta'
[0.217s] Level 1:colcon.colcon_core.package_identification:_identify(src) by extensions ['ros']
[0.217s] Level 1:colcon.colcon_core.package_identification:_identify(src) by extension 'ros'
[0.217s] Level 1:colcon.colcon_core.package_identification:_identify(src) by extensions ['cmake', 'python']
[0.217s] Level 1:colcon.colcon_core.package_identification:_identify(src) by extension 'cmake'
[0.217s] Level 1:colcon.colcon_core.package_identification:_identify(src) by extension 'python'
[0.217s] Level 1:colcon.colcon_core.package_identification:_identify(src) by extensions ['python_setup_py']
[0.217s] Level 1:colcon.colcon_core.package_identification:_identify(src) by extension 'python_setup_py'
[0.217s] Level 1:colcon.colcon_core.package_identification:_identify(src/robot_description) by extensions ['ignore', 'ignore_ament_install']
[0.217s] Level 1:colcon.colcon_core.package_identification:_identify(src/robot_description) by extension 'ignore'
[0.217s] Level 1:colcon.colcon_core.package_identification:_identify(src/robot_description) by extension 'ignore_ament_install'
[0.218s] Level 1:colcon.colcon_core.package_identification:_identify(src/robot_description) by extensions ['colcon_pkg']
[0.218s] Level 1:colcon.colcon_core.package_identification:_identify(src/robot_description) by extension 'colcon_pkg'
[0.218s] Level 1:colcon.colcon_core.package_identification:_identify(src/robot_description) by extensions ['colcon_meta']
[0.218s] Level 1:colcon.colcon_core.package_identification:_identify(src/robot_description) by extension 'colcon_meta'
[0.218s] Level 1:colcon.colcon_core.package_identification:_identify(src/robot_description) by extensions ['ros']
[0.218s] Level 1:colcon.colcon_core.package_identification:_identify(src/robot_description) by extension 'ros'
[0.219s] DEBUG:colcon.colcon_core.package_identification:Package 'src/robot_description' with type 'ros.ament_cmake' and name 'robot_description'
[0.219s] Level 1:colcon.colcon_core.package_identification:_identify(src/robot_mobile_base) by extensions ['ignore', 'ignore_ament_install']
[0.219s] Level 1:colcon.colcon_core.package_identification:_identify(src/robot_mobile_base) by extension 'ignore'
[0.220s] Level 1:colcon.colcon_core.package_identification:_identify(src/robot_mobile_base) by extension 'ignore_ament_install'
[0.220s] Level 1:colcon.colcon_core.package_identification:_identify(src/robot_mobile_base) by extensions ['colcon_pkg']
[0.220s] Level 1:colcon.colcon_core.package_identification:_identify(src/robot_mobile_base) by extension 'colcon_pkg'
[0.220s] Level 1:colcon.colcon_core.package_identification:_identify(src/robot_mobile_base) by extensions ['colcon_meta']
[0.220s] Level 1:colcon.colcon_core.package_identification:_identify(src/robot_mobile_base) by extension 'colcon_meta'
[0.220s] Level 1:colcon.colcon_core.package_identification:_identify(src/robot_mobile_base) by extensions ['ros']
[0.220s] Level 1:colcon.colcon_core.package_identification:_identify(src/robot_mobile_base) by extension 'ros'
[0.220s] DEBUG:colcon.colcon_core.package_identification:Package 'src/robot_mobile_base' with type 'ros.ament_python' and name 'robot_mobile_base'
[0.220s] Level 1:colcon.colcon_core.package_identification:_identify(src/robot_odometry) by extensions ['ignore', 'ignore_ament_install']
[0.220s] Level 1:colcon.colcon_core.package_identification:_identify(src/robot_odometry) by extension 'ignore'
[0.220s] Level 1:colcon.colcon_core.package_identification:_identify(src/robot_odometry) by extension 'ignore_ament_install'
[0.220s] Level 1:colcon.colcon_core.package_identification:_identify(src/robot_odometry) by extensions ['colcon_pkg']
[0.220s] Level 1:colcon.colcon_core.package_identification:_identify(src/robot_odometry) by extension 'colcon_pkg'
[0.220s] Level 1:colcon.colcon_core.package_identification:_identify(src/robot_odometry) by extensions ['colcon_meta']
[0.221s] Level 1:colcon.colcon_core.package_identification:_identify(src/robot_odometry) by extension 'colcon_meta'
[0.221s] Level 1:colcon.colcon_core.package_identification:_identify(src/robot_odometry) by extensions ['ros']
[0.221s] Level 1:colcon.colcon_core.package_identification:_identify(src/robot_odometry) by extension 'ros'
[0.221s] DEBUG:colcon.colcon_core.package_identification:Package 'src/robot_odometry' with type 'ros.ament_cmake' and name 'robot_odometry'
[0.221s] Level 1:colcon.colcon_core.package_identification:_identify(src/robot_vio) by extensions ['ignore', 'ignore_ament_install']
[0.221s] Level 1:colcon.colcon_core.package_identification:_identify(src/robot_vio) by extension 'ignore'
[0.221s] Level 1:colcon.colcon_core.package_identification:_identify(src/robot_vio) by extension 'ignore_ament_install'
[0.221s] Level 1:colcon.colcon_core.package_identification:_identify(src/robot_vio) by extensions ['colcon_pkg']
[0.221s] Level 1:colcon.colcon_core.package_identification:_identify(src/robot_vio) by extension 'colcon_pkg'
[0.221s] Level 1:colcon.colcon_core.package_identification:_identify(src/robot_vio) by extensions ['colcon_meta']
[0.222s] Level 1:colcon.colcon_core.package_identification:_identify(src/robot_vio) by extension 'colcon_meta'
[0.222s] Level 1:colcon.colcon_core.package_identification:_identify(src/robot_vio) by extensions ['ros']
[0.222s] Level 1:colcon.colcon_core.package_identification:_identify(src/robot_vio) by extension 'ros'
[0.222s] Level 1:colcon.colcon_core.package_identification:_identify(src/robot_vio) by extensions ['cmake', 'python']
[0.222s] Level 1:colcon.colcon_core.package_identification:_identify(src/robot_vio) by extension 'cmake'
[0.222s] Level 1:colcon.colcon_core.package_identification:_identify(src/robot_vio) by extension 'python'
[0.222s] Level 1:colcon.colcon_core.package_identification:_identify(src/robot_vio) by extensions ['python_setup_py']
[0.222s] Level 1:colcon.colcon_core.package_identification:_identify(src/robot_vio) by extension 'python_setup_py'
[0.222s] Level 1:colcon.colcon_core.package_identification:_identify(src/robot_vio/src) by extensions ['ignore', 'ignore_ament_install']
[0.222s] Level 1:colcon.colcon_core.package_identification:_identify(src/robot_vio/src) by extension 'ignore'
[0.222s] Level 1:colcon.colcon_core.package_identification:_identify(src/robot_vio/src) by extension 'ignore_ament_install'
[0.222s] Level 1:colcon.colcon_core.package_identification:_identify(src/robot_vio/src) by extensions ['colcon_pkg']
[0.222s] Level 1:colcon.colcon_core.package_identification:_identify(src/robot_vio/src) by extension 'colcon_pkg'
[0.222s] Level 1:colcon.colcon_core.package_identification:_identify(src/robot_vio/src) by extensions ['colcon_meta']
[0.222s] Level 1:colcon.colcon_core.package_identification:_identify(src/robot_vio/src) by extension 'colcon_meta'
[0.222s] Level 1:colcon.colcon_core.package_identification:_identify(src/robot_vio/src) by extensions ['ros']
[0.222s] Level 1:colcon.colcon_core.package_identification:_identify(src/robot_vio/src) by extension 'ros'
[0.222s] Level 1:colcon.colcon_core.package_identification:_identify(src/robot_vio/src) by extensions ['cmake', 'python']
[0.222s] Level 1:colcon.colcon_core.package_identification:_identify(src/robot_vio/src) by extension 'cmake'
[0.222s] Level 1:colcon.colcon_core.package_identification:_identify(src/robot_vio/src) by extension 'python'
[0.222s] Level 1:colcon.colcon_core.package_identification:_identify(src/robot_vio/src) by extensions ['python_setup_py']
[0.222s] Level 1:colcon.colcon_core.package_identification:_identify(src/robot_vio/src) by extension 'python_setup_py'
[0.222s] Level 1:colcon.colcon_core.package_identification:_identify(src/sllidar_ros2) by extensions ['ignore', 'ignore_ament_install']
[0.222s] Level 1:colcon.colcon_core.package_identification:_identify(src/sllidar_ros2) by extension 'ignore'
[0.222s] Level 1:colcon.colcon_core.package_identification:_identify(src/sllidar_ros2) by extension 'ignore_ament_install'
[0.222s] Level 1:colcon.colcon_core.package_identification:_identify(src/sllidar_ros2) by extensions ['colcon_pkg']
[0.223s] Level 1:colcon.colcon_core.package_identification:_identify(src/sllidar_ros2) by extension 'colcon_pkg'
[0.223s] Level 1:colcon.colcon_core.package_identification:_identify(src/sllidar_ros2) by extensions ['colcon_meta']
[0.223s] Level 1:colcon.colcon_core.package_identification:_identify(src/sllidar_ros2) by extension 'colcon_meta'
[0.223s] Level 1:colcon.colcon_core.package_identification:_identify(src/sllidar_ros2) by extensions ['ros']
[0.223s] Level 1:colcon.colcon_core.package_identification:_identify(src/sllidar_ros2) by extension 'ros'
[0.223s] DEBUG:colcon.colcon_core.package_identification:Package 'src/sllidar_ros2' with type 'ros.ament_cmake' and name 'sllidar_ros2'
[0.223s] Level 1:colcon.colcon_core.package_discovery:discover_packages(recursive) using defaults
[0.223s] Level 1:colcon.colcon_core.package_discovery:discover_packages(ignore) discover
[0.223s] Level 1:colcon.colcon_core.package_discovery:discover_packages(ignore) using defaults
[0.223s] Level 1:colcon.colcon_core.package_discovery:discover_packages(path) discover
[0.223s] Level 1:colcon.colcon_core.package_discovery:discover_packages(path) using defaults
[0.249s] Level 5:colcon.colcon_core.verb:set package 'robot_description' build argument 'cmake_args' from command line to 'None'
[0.249s] Level 5:colcon.colcon_core.verb:set package 'robot_description' build argument 'cmake_target' from command line to 'None'
[0.249s] Level 5:colcon.colcon_core.verb:set package 'robot_description' build argument 'cmake_target_skip_unavailable' from command line to 'False'
[0.249s] Level 5:colcon.colcon_core.verb:set package 'robot_description' build argument 'cmake_clean_cache' from command line to 'False'
[0.249s] Level 5:colcon.colcon_core.verb:set package 'robot_description' build argument 'cmake_clean_first' from command line to 'False'
[0.249s] Level 5:colcon.colcon_core.verb:set package 'robot_description' build argument 'cmake_force_configure' from command line to 'False'
[0.249s] Level 5:colcon.colcon_core.verb:set package 'robot_description' build argument 'ament_cmake_args' from command line to 'None'
[0.249s] Level 5:colcon.colcon_core.verb:set package 'robot_description' build argument 'catkin_cmake_args' from command line to 'None'
[0.249s] Level 5:colcon.colcon_core.verb:set package 'robot_description' build argument 'catkin_skip_building_tests' from command line to 'False'
[0.249s] DEBUG:colcon.colcon_core.verb:Building package 'robot_description' with the following arguments: {'ament_cmake_args': None, 'build_base': '/shared_rocker_software/autonomous_ws/build/robot_description', 'catkin_cmake_args': None, 'catkin_skip_building_tests': False, 'cmake_args': None, 'cmake_clean_cache': False, 'cmake_clean_first': False, 'cmake_force_configure': False, 'cmake_target': None, 'cmake_target_skip_unavailable': False, 'install_base': '/shared_rocker_software/autonomous_ws/install/robot_description', 'merge_install': False, 'path': '/shared_rocker_software/autonomous_ws/src/robot_description', 'symlink_install': False, 'test_result_base': None}
[0.249s] Level 5:colcon.colcon_core.verb:set package 'robot_mobile_base' build argument 'cmake_args' from command line to 'None'
[0.249s] Level 5:colcon.colcon_core.verb:set package 'robot_mobile_base' build argument 'cmake_target' from command line to 'None'
[0.249s] Level 5:colcon.colcon_core.verb:set package 'robot_mobile_base' build argument 'cmake_target_skip_unavailable' from command line to 'False'
[0.249s] Level 5:colcon.colcon_core.verb:set package 'robot_mobile_base' build argument 'cmake_clean_cache' from command line to 'False'
[0.249s] Level 5:colcon.colcon_core.verb:set package 'robot_mobile_base' build argument 'cmake_clean_first' from command line to 'False'
[0.249s] Level 5:colcon.colcon_core.verb:set package 'robot_mobile_base' build argument 'cmake_force_configure' from command line to 'False'
[0.249s] Level 5:colcon.colcon_core.verb:set package 'robot_mobile_base' build argument 'ament_cmake_args' from command line to 'None'
[0.249s] Level 5:colcon.colcon_core.verb:set package 'robot_mobile_base' build argument 'catkin_cmake_args' from command line to 'None'
[0.249s] Level 5:colcon.colcon_core.verb:set package 'robot_mobile_base' build argument 'catkin_skip_building_tests' from command line to 'False'
[0.249s] DEBUG:colcon.colcon_core.verb:Building package 'robot_mobile_base' with the following arguments: {'ament_cmake_args': None, 'build_base': '/shared_rocker_software/autonomous_ws/build/robot_mobile_base', 'catkin_cmake_args': None, 'catkin_skip_building_tests': False, 'cmake_args': None, 'cmake_clean_cache': False, 'cmake_clean_first': False, 'cmake_force_configure': False, 'cmake_target': None, 'cmake_target_skip_unavailable': False, 'install_base': '/shared_rocker_software/autonomous_ws/install/robot_mobile_base', 'merge_install': False, 'path': '/shared_rocker_software/autonomous_ws/src/robot_mobile_base', 'symlink_install': False, 'test_result_base': None}
[0.250s] Level 5:colcon.colcon_core.verb:set package 'robot_odometry' build argument 'cmake_args' from command line to 'None'
[0.250s] Level 5:colcon.colcon_core.verb:set package 'robot_odometry' build argument 'cmake_target' from command line to 'None'
[0.250s] Level 5:colcon.colcon_core.verb:set package 'robot_odometry' build argument 'cmake_target_skip_unavailable' from command line to 'False'
[0.250s] Level 5:colcon.colcon_core.verb:set package 'robot_odometry' build argument 'cmake_clean_cache' from command line to 'False'
[0.250s] Level 5:colcon.colcon_core.verb:set package 'robot_odometry' build argument 'cmake_clean_first' from command line to 'False'
[0.250s] Level 5:colcon.colcon_core.verb:set package 'robot_odometry' build argument 'cmake_force_configure' from command line to 'False'
[0.250s] Level 5:colcon.colcon_core.verb:set package 'robot_odometry' build argument 'ament_cmake_args' from command line to 'None'
[0.250s] Level 5:colcon.colcon_core.verb:set package 'robot_odometry' build argument 'catkin_cmake_args' from command line to 'None'
[0.250s] Level 5:colcon.colcon_core.verb:set package 'robot_odometry' build argument 'catkin_skip_building_tests' from command line to 'False'
[0.250s] DEBUG:colcon.colcon_core.verb:Building package 'robot_odometry' with the following arguments: {'ament_cmake_args': None, 'build_base': '/shared_rocker_software/autonomous_ws/build/robot_odometry', 'catkin_cmake_args': None, 'catkin_skip_building_tests': False, 'cmake_args': None, 'cmake_clean_cache': False, 'cmake_clean_first': False, 'cmake_force_configure': False, 'cmake_target': None, 'cmake_target_skip_unavailable': False, 'install_base': '/shared_rocker_software/autonomous_ws/install/robot_odometry', 'merge_install': False, 'path': '/shared_rocker_software/autonomous_ws/src/robot_odometry', 'symlink_install': False, 'test_result_base': None}
[0.250s] Level 5:colcon.colcon_core.verb:set package 'sllidar_ros2' build argument 'cmake_args' from command line to 'None'
[0.250s] Level 5:colcon.colcon_core.verb:set package 'sllidar_ros2' build argument 'cmake_target' from command line to 'None'
[0.250s] Level 5:colcon.colcon_core.verb:set package 'sllidar_ros2' build argument 'cmake_target_skip_unavailable' from command line to 'False'
[0.250s] Level 5:colcon.colcon_core.verb:set package 'sllidar_ros2' build argument 'cmake_clean_cache' from command line to 'False'
[0.250s] Level 5:colcon.colcon_core.verb:set package 'sllidar_ros2' build argument 'cmake_clean_first' from command line to 'False'
[0.250s] Level 5:colcon.colcon_core.verb:set package 'sllidar_ros2' build argument 'cmake_force_configure' from command line to 'False'
[0.250s] Level 5:colcon.colcon_core.verb:set package 'sllidar_ros2' build argument 'ament_cmake_args' from command line to 'None'
[0.250s] Level 5:colcon.colcon_core.verb:set package 'sllidar_ros2' build argument 'catkin_cmake_args' from command line to 'None'
[0.250s] Level 5:colcon.colcon_core.verb:set package 'sllidar_ros2' build argument 'catkin_skip_building_tests' from command line to 'False'
[0.250s] DEBUG:colcon.colcon_core.verb:Building package 'sllidar_ros2' with the following arguments: {'ament_cmake_args': None, 'build_base': '/shared_rocker_software/autonomous_ws/build/sllidar_ros2', 'catkin_cmake_args': None, 'catkin_skip_building_tests': False, 'cmake_args': None, 'cmake_clean_cache': False, 'cmake_clean_first': False, 'cmake_force_configure': False, 'cmake_target': None, 'cmake_target_skip_unavailable': False, 'install_base': '/shared_rocker_software/autonomous_ws/install/sllidar_ros2', 'merge_install': False, 'path': '/shared_rocker_software/autonomous_ws/src/sllidar_ros2', 'symlink_install': False, 'test_result_base': None}
[0.250s] INFO:colcon.colcon_core.executor:Executing jobs using 'parallel' executor
[0.251s] DEBUG:colcon.colcon_parallel_executor.executor.parallel:run_until_complete
[0.251s] INFO:colcon.colcon_ros.task.ament_cmake.build:Building ROS package in '/shared_rocker_software/autonomous_ws/src/robot_description' with build type 'ament_cmake'
[0.252s] INFO:colcon.colcon_cmake.task.cmake.build:Building CMake package in '/shared_rocker_software/autonomous_ws/src/robot_description'
[0.254s] INFO:colcon.colcon_core.plugin_system:Skipping extension 'colcon_core.shell.bat': Not used on non-Windows systems
[0.254s] INFO:colcon.colcon_core.shell:Skip shell extension 'powershell' for command environment: Not usable outside of PowerShell
[0.254s] DEBUG:colcon.colcon_core.shell:Skip shell extension 'dsv' for command environment
[0.257s] INFO:colcon.colcon_ros.task.ament_python.build:Building ROS package in '/shared_rocker_software/autonomous_ws/src/robot_mobile_base' with build type 'ament_python'
[0.257s] Level 1:colcon.colcon_core.shell:create_environment_hook('robot_mobile_base', 'ament_prefix_path')
[0.258s] INFO:colcon.colcon_core.shell:Creating environment hook '/shared_rocker_software/autonomous_ws/install/robot_mobile_base/share/robot_mobile_base/hook/ament_prefix_path.ps1'
[0.258s] INFO:colcon.colcon_core.shell:Creating environment descriptor '/shared_rocker_software/autonomous_ws/install/robot_mobile_base/share/robot_mobile_base/hook/ament_prefix_path.dsv'
[0.258s] INFO:colcon.colcon_core.shell:Creating environment hook '/shared_rocker_software/autonomous_ws/install/robot_mobile_base/share/robot_mobile_base/hook/ament_prefix_path.sh'
[0.259s] INFO:colcon.colcon_core.shell:Skip shell extension 'powershell' for command environment: Not usable outside of PowerShell
[0.259s] DEBUG:colcon.colcon_core.shell:Skip shell extension 'dsv' for command environment
[0.260s] INFO:colcon.colcon_ros.task.ament_cmake.build:Building ROS package in '/shared_rocker_software/autonomous_ws/src/robot_odometry' with build type 'ament_cmake'
[0.260s] INFO:colcon.colcon_cmake.task.cmake.build:Building CMake package in '/shared_rocker_software/autonomous_ws/src/robot_odometry'
[0.260s] INFO:colcon.colcon_core.shell:Skip shell extension 'powershell' for command environment: Not usable outside of PowerShell
[0.260s] DEBUG:colcon.colcon_core.shell:Skip shell extension 'dsv' for command environment
[0.261s] INFO:colcon.colcon_ros.task.ament_cmake.build:Building ROS package in '/shared_rocker_software/autonomous_ws/src/sllidar_ros2' with build type 'ament_cmake'
[0.261s] INFO:colcon.colcon_cmake.task.cmake.build:Building CMake package in '/shared_rocker_software/autonomous_ws/src/sllidar_ros2'
[0.261s] INFO:colcon.colcon_core.shell:Skip shell extension 'powershell' for command environment: Not usable outside of PowerShell
[0.261s] DEBUG:colcon.colcon_core.shell:Skip shell extension 'dsv' for command environment
[0.290s] DEBUG:colcon.colcon_core.event_handler.log_command:Invoking command in '/shared_rocker_software/autonomous_ws/build/robot_description': /usr/bin/cmake --build /shared_rocker_software/autonomous_ws/build/robot_description -- -j16 -l16
[0.473s] INFO:colcon.colcon_core.task.python.build:Building Python package in '/shared_rocker_software/autonomous_ws/src/robot_mobile_base'
[0.474s] INFO:colcon.colcon_core.shell:Skip shell extension 'powershell' for command environment: Not usable outside of PowerShell
[0.474s] DEBUG:colcon.colcon_core.shell:Skip shell extension 'dsv' for command environment
[0.479s] DEBUG:colcon.colcon_core.event_handler.log_command:Invoking command in '/shared_rocker_software/autonomous_ws/build/robot_odometry': /usr/bin/cmake --build /shared_rocker_software/autonomous_ws/build/robot_odometry -- -j16 -l16
[0.481s] DEBUG:colcon.colcon_core.event_handler.log_command:Invoking command in '/shared_rocker_software/autonomous_ws/build/sllidar_ros2': /usr/bin/cmake --build /shared_rocker_software/autonomous_ws/build/sllidar_ros2 -- -j16 -l16
[0.485s] DEBUG:colcon.colcon_core.event_handler.log_command:Invoked command in '/shared_rocker_software/autonomous_ws/build/robot_description' returned '0': /usr/bin/cmake --build /shared_rocker_software/autonomous_ws/build/robot_description -- -j16 -l16
[0.493s] DEBUG:colcon.colcon_core.event_handler.log_command:Invoking command in '/shared_rocker_software/autonomous_ws/build/robot_description': /usr/bin/cmake --install /shared_rocker_software/autonomous_ws/build/robot_description
[0.501s] Level 1:colcon.colcon_core.environment:create_environment_scripts_only(robot_description)
[0.502s] DEBUG:colcon.colcon_core.event_handler.log_command:Invoked command in '/shared_rocker_software/autonomous_ws/build/robot_description' returned '0': /usr/bin/cmake --install /shared_rocker_software/autonomous_ws/build/robot_description
[0.503s] Level 1:colcon.colcon_core.environment:checking '/shared_rocker_software/autonomous_ws/install/robot_description' for CMake module files
[0.504s] Level 1:colcon.colcon_core.environment:checking '/shared_rocker_software/autonomous_ws/install/robot_description' for CMake config files
[0.504s] Level 1:colcon.colcon_core.shell:create_environment_hook('robot_description', 'cmake_prefix_path')
[0.504s] INFO:colcon.colcon_core.shell:Creating environment hook '/shared_rocker_software/autonomous_ws/install/robot_description/share/robot_description/hook/cmake_prefix_path.ps1'
[0.504s] INFO:colcon.colcon_core.shell:Creating environment descriptor '/shared_rocker_software/autonomous_ws/install/robot_description/share/robot_description/hook/cmake_prefix_path.dsv'
[0.505s] INFO:colcon.colcon_core.shell:Creating environment hook '/shared_rocker_software/autonomous_ws/install/robot_description/share/robot_description/hook/cmake_prefix_path.sh'
[0.505s] Level 1:colcon.colcon_core.environment:checking '/shared_rocker_software/autonomous_ws/install/robot_description/bin'
[0.505s] Level 1:colcon.colcon_core.environment:checking '/shared_rocker_software/autonomous_ws/install/robot_description/lib/pkgconfig/robot_description.pc'
[0.505s] Level 1:colcon.colcon_core.environment:checking '/shared_rocker_software/autonomous_ws/install/robot_description/lib/python3.10/site-packages'
[0.506s] Level 1:colcon.colcon_core.environment:checking '/shared_rocker_software/autonomous_ws/install/robot_description/bin'
[0.506s] INFO:colcon.colcon_core.shell:Creating package script '/shared_rocker_software/autonomous_ws/install/robot_description/share/robot_description/package.ps1'
[0.506s] INFO:colcon.colcon_core.shell:Creating package descriptor '/shared_rocker_software/autonomous_ws/install/robot_description/share/robot_description/package.dsv'
[0.507s] INFO:colcon.colcon_core.shell:Creating package script '/shared_rocker_software/autonomous_ws/install/robot_description/share/robot_description/package.sh'
[0.507s] INFO:colcon.colcon_core.shell:Creating package script '/shared_rocker_software/autonomous_ws/install/robot_description/share/robot_description/package.bash'
[0.508s] INFO:colcon.colcon_core.shell:Creating package script '/shared_rocker_software/autonomous_ws/install/robot_description/share/robot_description/package.zsh'
[0.508s] Level 1:colcon.colcon_core.environment:create_file_with_runtime_dependencies(/shared_rocker_software/autonomous_ws/install/robot_description/share/colcon-core/packages/robot_description)
[0.509s] Level 1:colcon.colcon_core.environment:create_environment_scripts_only(robot_description)
[0.509s] Level 1:colcon.colcon_core.environment:checking '/shared_rocker_software/autonomous_ws/install/robot_description' for CMake module files
[0.510s] Level 1:colcon.colcon_core.environment:checking '/shared_rocker_software/autonomous_ws/install/robot_description' for CMake config files
[0.510s] Level 1:colcon.colcon_core.shell:create_environment_hook('robot_description', 'cmake_prefix_path')
[0.510s] INFO:colcon.colcon_core.shell:Creating environment hook '/shared_rocker_software/autonomous_ws/install/robot_description/share/robot_description/hook/cmake_prefix_path.ps1'
[0.511s] INFO:colcon.colcon_core.shell:Creating environment descriptor '/shared_rocker_software/autonomous_ws/install/robot_description/share/robot_description/hook/cmake_prefix_path.dsv'
[0.511s] INFO:colcon.colcon_core.shell:Creating environment hook '/shared_rocker_software/autonomous_ws/install/robot_description/share/robot_description/hook/cmake_prefix_path.sh'
[0.512s] Level 1:colcon.colcon_core.environment:checking '/shared_rocker_software/autonomous_ws/install/robot_description/bin'
[0.512s] Level 1:colcon.colcon_core.environment:checking '/shared_rocker_software/autonomous_ws/install/robot_description/lib/pkgconfig/robot_description.pc'
[0.512s] Level 1:colcon.colcon_core.environment:checking '/shared_rocker_software/autonomous_ws/install/robot_description/lib/python3.10/site-packages'
[0.512s] Level 1:colcon.colcon_core.environment:checking '/shared_rocker_software/autonomous_ws/install/robot_description/bin'
[0.513s] INFO:colcon.colcon_core.shell:Creating package script '/shared_rocker_software/autonomous_ws/install/robot_description/share/robot_description/package.ps1'
[0.513s] INFO:colcon.colcon_core.shell:Creating package descriptor '/shared_rocker_software/autonomous_ws/install/robot_description/share/robot_description/package.dsv'
[0.514s] INFO:colcon.colcon_core.shell:Creating package script '/shared_rocker_software/autonomous_ws/install/robot_description/share/robot_description/package.sh'
[0.514s] INFO:colcon.colcon_core.shell:Creating package script '/shared_rocker_software/autonomous_ws/install/robot_description/share/robot_description/package.bash'
[0.514s] INFO:colcon.colcon_core.shell:Creating package script '/shared_rocker_software/autonomous_ws/install/robot_description/share/robot_description/package.zsh'
[0.515s] Level 1:colcon.colcon_core.environment:create_file_with_runtime_dependencies(/shared_rocker_software/autonomous_ws/install/robot_description/share/colcon-core/packages/robot_description)
[0.517s] DEBUG:colcon.colcon_core.event_handler.log_command:Invoked command in '/shared_rocker_software/autonomous_ws/build/robot_odometry' returned '0': /usr/bin/cmake --build /shared_rocker_software/autonomous_ws/build/robot_odometry -- -j16 -l16
[0.517s] DEBUG:colcon.colcon_core.event_handler.log_command:Invoking command in '/shared_rocker_software/autonomous_ws/build/robot_odometry': /usr/bin/cmake --install /shared_rocker_software/autonomous_ws/build/robot_odometry
[0.525s] Level 1:colcon.colcon_core.environment:create_environment_scripts_only(robot_odometry)
[0.525s] DEBUG:colcon.colcon_core.event_handler.log_command:Invoked command in '/shared_rocker_software/autonomous_ws/build/robot_odometry' returned '0': /usr/bin/cmake --install /shared_rocker_software/autonomous_ws/build/robot_odometry
[0.526s] Level 1:colcon.colcon_core.environment:checking '/shared_rocker_software/autonomous_ws/install/robot_odometry' for CMake module files
[0.526s] Level 1:colcon.colcon_core.environment:checking '/shared_rocker_software/autonomous_ws/install/robot_odometry' for CMake config files
[0.526s] Level 1:colcon.colcon_core.shell:create_environment_hook('robot_odometry', 'cmake_prefix_path')
[0.526s] INFO:colcon.colcon_core.shell:Creating environment hook '/shared_rocker_software/autonomous_ws/install/robot_odometry/share/robot_odometry/hook/cmake_prefix_path.ps1'
[0.527s] INFO:colcon.colcon_core.shell:Creating environment descriptor '/shared_rocker_software/autonomous_ws/install/robot_odometry/share/robot_odometry/hook/cmake_prefix_path.dsv'
[0.527s] INFO:colcon.colcon_core.shell:Creating environment hook '/shared_rocker_software/autonomous_ws/install/robot_odometry/share/robot_odometry/hook/cmake_prefix_path.sh'
[0.527s] Level 1:colcon.colcon_core.environment:checking '/shared_rocker_software/autonomous_ws/install/robot_odometry/bin'
[0.528s] Level 1:colcon.colcon_core.environment:checking '/shared_rocker_software/autonomous_ws/install/robot_odometry/lib/pkgconfig/robot_odometry.pc'
[0.528s] Level 1:colcon.colcon_core.environment:checking '/shared_rocker_software/autonomous_ws/install/robot_odometry/lib/python3.10/site-packages'
[0.528s] Level 1:colcon.colcon_core.environment:checking '/shared_rocker_software/autonomous_ws/install/robot_odometry/bin'
[0.528s] INFO:colcon.colcon_core.shell:Creating package script '/shared_rocker_software/autonomous_ws/install/robot_odometry/share/robot_odometry/package.ps1'
[0.528s] INFO:colcon.colcon_core.shell:Creating package descriptor '/shared_rocker_software/autonomous_ws/install/robot_odometry/share/robot_odometry/package.dsv'
[0.529s] INFO:colcon.colcon_core.shell:Creating package script '/shared_rocker_software/autonomous_ws/install/robot_odometry/share/robot_odometry/package.sh'
[0.529s] INFO:colcon.colcon_core.shell:Creating package script '/shared_rocker_software/autonomous_ws/install/robot_odometry/share/robot_odometry/package.bash'
[0.529s] INFO:colcon.colcon_core.shell:Creating package script '/shared_rocker_software/autonomous_ws/install/robot_odometry/share/robot_odometry/package.zsh'
[0.529s] Level 1:colcon.colcon_core.environment:create_file_with_runtime_dependencies(/shared_rocker_software/autonomous_ws/install/robot_odometry/share/colcon-core/packages/robot_odometry)
[0.530s] Level 1:colcon.colcon_core.environment:create_environment_scripts_only(robot_odometry)
[0.530s] Level 1:colcon.colcon_core.environment:checking '/shared_rocker_software/autonomous_ws/install/robot_odometry' for CMake module files
[0.530s] Level 1:colcon.colcon_core.environment:checking '/shared_rocker_software/autonomous_ws/install/robot_odometry' for CMake config files
[0.530s] Level 1:colcon.colcon_core.shell:create_environment_hook('robot_odometry', 'cmake_prefix_path')
[0.531s] INFO:colcon.colcon_core.shell:Creating environment hook '/shared_rocker_software/autonomous_ws/install/robot_odometry/share/robot_odometry/hook/cmake_prefix_path.ps1'
[0.531s] INFO:colcon.colcon_core.shell:Creating environment descriptor '/shared_rocker_software/autonomous_ws/install/robot_odometry/share/robot_odometry/hook/cmake_prefix_path.dsv'
[0.531s] INFO:colcon.colcon_core.shell:Creating environment hook '/shared_rocker_software/autonomous_ws/install/robot_odometry/share/robot_odometry/hook/cmake_prefix_path.sh'
[0.532s] Level 1:colcon.colcon_core.environment:checking '/shared_rocker_software/autonomous_ws/install/robot_odometry/bin'
[0.532s] Level 1:colcon.colcon_core.environment:checking '/shared_rocker_software/autonomous_ws/install/robot_odometry/lib/pkgconfig/robot_odometry.pc'
[0.532s] Level 1:colcon.colcon_core.environment:checking '/shared_rocker_software/autonomous_ws/install/robot_odometry/lib/python3.10/site-packages'
[0.532s] Level 1:colcon.colcon_core.environment:checking '/shared_rocker_software/autonomous_ws/install/robot_odometry/bin'
[0.532s] INFO:colcon.colcon_core.shell:Creating package script '/shared_rocker_software/autonomous_ws/install/robot_odometry/share/robot_odometry/package.ps1'
[0.532s] INFO:colcon.colcon_core.shell:Creating package descriptor '/shared_rocker_software/autonomous_ws/install/robot_odometry/share/robot_odometry/package.dsv'
[0.533s] INFO:colcon.colcon_core.shell:Creating package script '/shared_rocker_software/autonomous_ws/install/robot_odometry/share/robot_odometry/package.sh'
[0.533s] INFO:colcon.colcon_core.shell:Creating package script '/shared_rocker_software/autonomous_ws/install/robot_odometry/share/robot_odometry/package.bash'
[0.533s] INFO:colcon.colcon_core.shell:Creating package script '/shared_rocker_software/autonomous_ws/install/robot_odometry/share/robot_odometry/package.zsh'
[0.534s] Level 1:colcon.colcon_core.environment:create_file_with_runtime_dependencies(/shared_rocker_software/autonomous_ws/install/robot_odometry/share/colcon-core/packages/robot_odometry)
[0.550s] DEBUG:colcon.colcon_core.event_handler.log_command:Invoked command in '/shared_rocker_software/autonomous_ws/build/sllidar_ros2' returned '0': /usr/bin/cmake --build /shared_rocker_software/autonomous_ws/build/sllidar_ros2 -- -j16 -l16
[0.552s] DEBUG:colcon.colcon_core.event_handler.log_command:Invoking command in '/shared_rocker_software/autonomous_ws/build/sllidar_ros2': /usr/bin/cmake --install /shared_rocker_software/autonomous_ws/build/sllidar_ros2
[0.563s] Level 1:colcon.colcon_core.environment:create_environment_scripts_only(sllidar_ros2)
[0.563s] DEBUG:colcon.colcon_core.event_handler.log_command:Invoked command in '/shared_rocker_software/autonomous_ws/build/sllidar_ros2' returned '0': /usr/bin/cmake --install /shared_rocker_software/autonomous_ws/build/sllidar_ros2
[0.563s] Level 1:colcon.colcon_core.environment:checking '/shared_rocker_software/autonomous_ws/install/sllidar_ros2' for CMake module files
[0.564s] Level 1:colcon.colcon_core.environment:checking '/shared_rocker_software/autonomous_ws/install/sllidar_ros2' for CMake config files
[0.564s] Level 1:colcon.colcon_core.shell:create_environment_hook('sllidar_ros2', 'cmake_prefix_path')
[0.564s] INFO:colcon.colcon_core.shell:Creating environment hook '/shared_rocker_software/autonomous_ws/install/sllidar_ros2/share/sllidar_ros2/hook/cmake_prefix_path.ps1'
[0.564s] INFO:colcon.colcon_core.shell:Creating environment descriptor '/shared_rocker_software/autonomous_ws/install/sllidar_ros2/share/sllidar_ros2/hook/cmake_prefix_path.dsv'
[0.564s] INFO:colcon.colcon_core.shell:Creating environment hook '/shared_rocker_software/autonomous_ws/install/sllidar_ros2/share/sllidar_ros2/hook/cmake_prefix_path.sh'
[0.565s] Level 1:colcon.colcon_core.environment:checking '/shared_rocker_software/autonomous_ws/install/sllidar_ros2/lib'
[0.565s] Level 1:colcon.colcon_core.environment:checking '/shared_rocker_software/autonomous_ws/install/sllidar_ros2/bin'
[0.565s] Level 1:colcon.colcon_core.environment:checking '/shared_rocker_software/autonomous_ws/install/sllidar_ros2/lib/pkgconfig/sllidar_ros2.pc'
[0.565s] Level 1:colcon.colcon_core.environment:checking '/shared_rocker_software/autonomous_ws/install/sllidar_ros2/lib/python3.10/site-packages'
[0.565s] Level 1:colcon.colcon_core.environment:checking '/shared_rocker_software/autonomous_ws/install/sllidar_ros2/bin'
[0.566s] INFO:colcon.colcon_core.shell:Creating package script '/shared_rocker_software/autonomous_ws/install/sllidar_ros2/share/sllidar_ros2/package.ps1'
[0.566s] INFO:colcon.colcon_core.shell:Creating package descriptor '/shared_rocker_software/autonomous_ws/install/sllidar_ros2/share/sllidar_ros2/package.dsv'
[0.566s] INFO:colcon.colcon_core.shell:Creating package script '/shared_rocker_software/autonomous_ws/install/sllidar_ros2/share/sllidar_ros2/package.sh'
[0.566s] INFO:colcon.colcon_core.shell:Creating package script '/shared_rocker_software/autonomous_ws/install/sllidar_ros2/share/sllidar_ros2/package.bash'
[0.567s] INFO:colcon.colcon_core.shell:Creating package script '/shared_rocker_software/autonomous_ws/install/sllidar_ros2/share/sllidar_ros2/package.zsh'
[0.567s] Level 1:colcon.colcon_core.environment:create_file_with_runtime_dependencies(/shared_rocker_software/autonomous_ws/install/sllidar_ros2/share/colcon-core/packages/sllidar_ros2)
[0.567s] Level 1:colcon.colcon_core.environment:create_environment_scripts_only(sllidar_ros2)
[0.567s] Level 1:colcon.colcon_core.environment:checking '/shared_rocker_software/autonomous_ws/install/sllidar_ros2' for CMake module files
[0.568s] Level 1:colcon.colcon_core.environment:checking '/shared_rocker_software/autonomous_ws/install/sllidar_ros2' for CMake config files
[0.568s] Level 1:colcon.colcon_core.shell:create_environment_hook('sllidar_ros2', 'cmake_prefix_path')
[0.568s] INFO:colcon.colcon_core.shell:Creating environment hook '/shared_rocker_software/autonomous_ws/install/sllidar_ros2/share/sllidar_ros2/hook/cmake_prefix_path.ps1'
[0.568s] INFO:colcon.colcon_core.shell:Creating environment descriptor '/shared_rocker_software/autonomous_ws/install/sllidar_ros2/share/sllidar_ros2/hook/cmake_prefix_path.dsv'
[0.568s] INFO:colcon.colcon_core.shell:Creating environment hook '/shared_rocker_software/autonomous_ws/install/sllidar_ros2/share/sllidar_ros2/hook/cmake_prefix_path.sh'
[0.569s] Level 1:colcon.colcon_core.environment:checking '/shared_rocker_software/autonomous_ws/install/sllidar_ros2/lib'
[0.569s] Level 1:colcon.colcon_core.environment:checking '/shared_rocker_software/autonomous_ws/install/sllidar_ros2/bin'
[0.569s] Level 1:colcon.colcon_core.environment:checking '/shared_rocker_software/autonomous_ws/install/sllidar_ros2/lib/pkgconfig/sllidar_ros2.pc'
[0.569s] Level 1:colcon.colcon_core.environment:checking '/shared_rocker_software/autonomous_ws/install/sllidar_ros2/lib/python3.10/site-packages'
[0.569s] Level 1:colcon.colcon_core.environment:checking '/shared_rocker_software/autonomous_ws/install/sllidar_ros2/bin'
[0.569s] INFO:colcon.colcon_core.shell:Creating package script '/shared_rocker_software/autonomous_ws/install/sllidar_ros2/share/sllidar_ros2/package.ps1'
[0.570s] INFO:colcon.colcon_core.shell:Creating package descriptor '/shared_rocker_software/autonomous_ws/install/sllidar_ros2/share/sllidar_ros2/package.dsv'
[0.570s] INFO:colcon.colcon_core.shell:Creating package script '/shared_rocker_software/autonomous_ws/install/sllidar_ros2/share/sllidar_ros2/package.sh'
[0.570s] INFO:colcon.colcon_core.shell:Creating package script '/shared_rocker_software/autonomous_ws/install/sllidar_ros2/share/sllidar_ros2/package.bash'
[0.571s] INFO:colcon.colcon_core.shell:Creating package script '/shared_rocker_software/autonomous_ws/install/sllidar_ros2/share/sllidar_ros2/package.zsh'
[0.571s] Level 1:colcon.colcon_core.environment:create_file_with_runtime_dependencies(/shared_rocker_software/autonomous_ws/install/sllidar_ros2/share/colcon-core/packages/sllidar_ros2)
[0.755s] DEBUG:colcon.colcon_core.event_handler.log_command:Invoking command in '/shared_rocker_software/autonomous_ws/src/robot_mobile_base': PYTHONPATH=/shared_rocker_software/autonomous_ws/build/robot_mobile_base/prefix_override:/usr/lib/python3/dist-packages/colcon_core/task/python/colcon_distutils_commands:/shared_rocker_software/autonomous_ws/install/robot_mobile_base/lib/python3.10/site-packages:${PYTHONPATH} /usr/bin/python3 -W ignore:setup.py install is deprecated -W ignore:easy_install command is deprecated setup.py egg_info --egg-base ../../build/robot_mobile_base build --build-base /shared_rocker_software/autonomous_ws/build/robot_mobile_base/build install --record /shared_rocker_software/autonomous_ws/build/robot_mobile_base/install.log --single-version-externally-managed install_data
[0.965s] Level 1:colcon.colcon_core.environment:checking '/shared_rocker_software/autonomous_ws/install/robot_mobile_base' for CMake module files
[0.965s] DEBUG:colcon.colcon_core.event_handler.log_command:Invoked command in '/shared_rocker_software/autonomous_ws/src/robot_mobile_base' returned '0': PYTHONPATH=/shared_rocker_software/autonomous_ws/build/robot_mobile_base/prefix_override:/usr/lib/python3/dist-packages/colcon_core/task/python/colcon_distutils_commands:/shared_rocker_software/autonomous_ws/install/robot_mobile_base/lib/python3.10/site-packages:${PYTHONPATH} /usr/bin/python3 -W ignore:setup.py install is deprecated -W ignore:easy_install command is deprecated setup.py egg_info --egg-base ../../build/robot_mobile_base build --build-base /shared_rocker_software/autonomous_ws/build/robot_mobile_base/build install --record /shared_rocker_software/autonomous_ws/build/robot_mobile_base/install.log --single-version-externally-managed install_data
[0.966s] Level 1:colcon.colcon_core.environment:checking '/shared_rocker_software/autonomous_ws/install/robot_mobile_base' for CMake config files
[0.966s] Level 1:colcon.colcon_core.environment:checking '/shared_rocker_software/autonomous_ws/install/robot_mobile_base/lib'
[0.966s] Level 1:colcon.colcon_core.environment:checking '/shared_rocker_software/autonomous_ws/install/robot_mobile_base/bin'
[0.966s] Level 1:colcon.colcon_core.environment:checking '/shared_rocker_software/autonomous_ws/install/robot_mobile_base/lib/pkgconfig/robot_mobile_base.pc'
[0.966s] Level 1:colcon.colcon_core.environment:checking '/shared_rocker_software/autonomous_ws/install/robot_mobile_base/lib/python3.10/site-packages'
[0.966s] Level 1:colcon.colcon_core.shell:create_environment_hook('robot_mobile_base', 'pythonpath')
[0.966s] INFO:colcon.colcon_core.shell:Creating environment hook '/shared_rocker_software/autonomous_ws/install/robot_mobile_base/share/robot_mobile_base/hook/pythonpath.ps1'
[0.967s] INFO:colcon.colcon_core.shell:Creating environment descriptor '/shared_rocker_software/autonomous_ws/install/robot_mobile_base/share/robot_mobile_base/hook/pythonpath.dsv'
[0.967s] INFO:colcon.colcon_core.shell:Creating environment hook '/shared_rocker_software/autonomous_ws/install/robot_mobile_base/share/robot_mobile_base/hook/pythonpath.sh'
[0.967s] Level 1:colcon.colcon_core.environment:checking '/shared_rocker_software/autonomous_ws/install/robot_mobile_base/bin'
[0.967s] Level 1:colcon.colcon_core.environment:create_environment_scripts_only(robot_mobile_base)
[0.968s] INFO:colcon.colcon_core.shell:Creating package script '/shared_rocker_software/autonomous_ws/install/robot_mobile_base/share/robot_mobile_base/package.ps1'
[0.968s] INFO:colcon.colcon_core.shell:Creating package descriptor '/shared_rocker_software/autonomous_ws/install/robot_mobile_base/share/robot_mobile_base/package.dsv'
[0.968s] INFO:colcon.colcon_core.shell:Creating package script '/shared_rocker_software/autonomous_ws/install/robot_mobile_base/share/robot_mobile_base/package.sh'
[0.969s] INFO:colcon.colcon_core.shell:Creating package script '/shared_rocker_software/autonomous_ws/install/robot_mobile_base/share/robot_mobile_base/package.bash'
[0.969s] INFO:colcon.colcon_core.shell:Creating package script '/shared_rocker_software/autonomous_ws/install/robot_mobile_base/share/robot_mobile_base/package.zsh'
[0.969s] Level 1:colcon.colcon_core.environment:create_file_with_runtime_dependencies(/shared_rocker_software/autonomous_ws/install/robot_mobile_base/share/colcon-core/packages/robot_mobile_base)
[0.969s] DEBUG:colcon.colcon_parallel_executor.executor.parallel:closing loop
[0.969s] DEBUG:colcon.colcon_parallel_executor.executor.parallel:loop closed
[0.969s] DEBUG:colcon.colcon_parallel_executor.executor.parallel:run_until_complete finished with '0'
[0.969s] DEBUG:colcon.colcon_core.event_reactor:joining thread
[0.975s] INFO:colcon.colcon_core.plugin_system:Skipping extension 'colcon_notification.desktop_notification.notify_send': Could not find 'notify-send'
[0.975s] INFO:colcon.colcon_core.plugin_system:Skipping extension 'colcon_notification.desktop_notification.terminal_notifier': Not used on non-Darwin systems
[0.975s] INFO:colcon.colcon_core.plugin_system:Skipping extension 'colcon_notification.desktop_notification.win32': Not used on non-Windows systems
[0.975s] INFO:colcon.colcon_notification.desktop_notification:Sending desktop notification using 'notify2'
[0.978s] DEBUG:colcon.colcon_notification.desktop_notification.notify2:Failed to initialize notify2: org.freedesktop.DBus.Error.Spawn.ExecFailed: /usr/bin/dbus-launch terminated abnormally without any error message
[0.978s] DEBUG:colcon.colcon_core.event_reactor:joined thread
[0.979s] INFO:colcon.colcon_core.shell:Creating prefix script '/shared_rocker_software/autonomous_ws/install/local_setup.ps1'
[0.980s] INFO:colcon.colcon_core.shell:Creating prefix util module '/shared_rocker_software/autonomous_ws/install/_local_setup_util_ps1.py'
[0.981s] INFO:colcon.colcon_core.shell:Creating prefix chain script '/shared_rocker_software/autonomous_ws/install/setup.ps1'
[0.981s] INFO:colcon.colcon_core.shell:Creating prefix script '/shared_rocker_software/autonomous_ws/install/local_setup.sh'
[0.982s] INFO:colcon.colcon_core.shell:Creating prefix util module '/shared_rocker_software/autonomous_ws/install/_local_setup_util_sh.py'
[0.982s] INFO:colcon.colcon_core.shell:Creating prefix chain script '/shared_rocker_software/autonomous_ws/install/setup.sh'
[0.983s] INFO:colcon.colcon_core.shell:Creating prefix script '/shared_rocker_software/autonomous_ws/install/local_setup.bash'
[0.983s] INFO:colcon.colcon_core.shell:Creating prefix chain script '/shared_rocker_software/autonomous_ws/install/setup.bash'
[0.984s] INFO:colcon.colcon_core.shell:Creating prefix script '/shared_rocker_software/autonomous_ws/install/local_setup.zsh'
[0.984s] INFO:colcon.colcon_core.shell:Creating prefix chain script '/shared_rocker_software/autonomous_ws/install/setup.zsh'
