[0.127s] DEBUG:colcon:Command line arguments: ['/usr/bin/colcon', 'build']
[0.127s] DEBUG:colcon:Parsed command line arguments: Namespace(log_base=None, log_level=None, verb_name='build', build_base='build', install_base='install', merge_install=False, symlink_install=False, test_result_base=None, continue_on_error=False, executor='parallel', parallel_workers=16, event_handlers=None, ignore_user_meta=False, metas=['./colcon.meta'], base_paths=['.'], packages_ignore=None, packages_ignore_regex=None, paths=None, packages_up_to=None, packages_up_to_regex=None, packages_above=None, packages_above_and_dependencies=None, packages_above_depth=None, packages_select_by_dep=None, packages_skip_by_dep=None, packages_skip_up_to=None, packages_select_build_failed=False, packages_skip_build_finished=False, packages_select_test_failures=False, packages_skip_test_passed=False, packages_select=None, packages_skip=None, packages_select_regex=None, packages_skip_regex=None, packages_start=None, packages_end=None, cmake_args=None, cmake_target=None, cmake_target_skip_unavailable=False, cmake_clean_cache=False, cmake_clean_first=False, cmake_force_configure=False, ament_cmake_args=None, catkin_cmake_args=None, catkin_skip_building_tests=False, mixin_files=None, mixin=None, verb_parser=<colcon_mixin.mixin.mixin_argument.MixinArgumentDecorator object at 0x7c8e4c9f8f70>, verb_extension=<colcon_core.verb.build.BuildVerb object at 0x7c8e4cb85de0>, main=<bound method BuildVerb.main of <colcon_core.verb.build.BuildVerb object at 0x7c8e4cb85de0>>, mixin_verb=('build',))
[0.306s] Level 1:colcon.colcon_core.package_discovery:discover_packages(colcon_meta) check parameters
[0.307s] INFO:colcon.colcon_metadata.package_discovery.colcon_meta:Using configuration from '/root/.colcon/metadata/default/Gazebo.meta'
[0.308s] INFO:colcon.colcon_metadata.package_discovery.colcon_meta:Using configuration from '/root/.colcon/metadata/default/fastdds.meta'
[0.308s] INFO:colcon.colcon_metadata.package_discovery.colcon_meta:Using configuration from '/root/.colcon/metadata/default/fastrtps.meta'
[0.308s] Level 1:colcon.colcon_core.package_discovery:discover_packages(recursive) check parameters
[0.308s] Level 1:colcon.colcon_core.package_discovery:discover_packages(ignore) check parameters
[0.308s] Level 1:colcon.colcon_core.package_discovery:discover_packages(path) check parameters
[0.309s] Level 1:colcon.colcon_core.package_discovery:discover_packages(colcon_meta) discover
[0.309s] Level 1:colcon.colcon_core.package_discovery:discover_packages(recursive) discover
[0.309s] INFO:colcon.colcon_core.package_discovery:Crawling recursively for packages in '/shared_rocker_software/autonomous_robot'
[0.309s] Level 1:colcon.colcon_core.package_identification:_identify(.) by extensions ['ignore', 'ignore_ament_install']
[0.309s] Level 1:colcon.colcon_core.package_identification:_identify(.) by extension 'ignore'
[0.309s] Level 1:colcon.colcon_core.package_identification:_identify(.) by extension 'ignore_ament_install'
[0.309s] Level 1:colcon.colcon_core.package_identification:_identify(.) by extensions ['colcon_pkg']
[0.309s] Level 1:colcon.colcon_core.package_identification:_identify(.) by extension 'colcon_pkg'
[0.309s] Level 1:colcon.colcon_core.package_identification:_identify(.) by extensions ['colcon_meta']
[0.309s] Level 1:colcon.colcon_core.package_identification:_identify(.) by extension 'colcon_meta'
[0.309s] Level 1:colcon.colcon_core.package_identification:_identify(.) by extensions ['ros']
[0.309s] Level 1:colcon.colcon_core.package_identification:_identify(.) by extension 'ros'
[0.322s] Level 1:colcon.colcon_core.package_identification:_identify(.) by extensions ['cmake', 'python']
[0.322s] Level 1:colcon.colcon_core.package_identification:_identify(.) by extension 'cmake'
[0.322s] Level 1:colcon.colcon_core.package_identification:_identify(.) by extension 'python'
[0.322s] Level 1:colcon.colcon_core.package_identification:_identify(.) by extensions ['python_setup_py']
[0.322s] Level 1:colcon.colcon_core.package_identification:_identify(.) by extension 'python_setup_py'
[0.322s] Level 1:colcon.colcon_core.package_identification:_identify(build) by extensions ['ignore', 'ignore_ament_install']
[0.323s] Level 1:colcon.colcon_core.package_identification:_identify(build) by extension 'ignore'
[0.323s] Level 1:colcon.colcon_core.package_identification:_identify(build) ignored
[0.323s] Level 1:colcon.colcon_core.package_identification:_identify(install) by extensions ['ignore', 'ignore_ament_install']
[0.323s] Level 1:colcon.colcon_core.package_identification:_identify(install) by extension 'ignore'
[0.323s] Level 1:colcon.colcon_core.package_identification:_identify(install) ignored
[0.323s] Level 1:colcon.colcon_core.package_identification:_identify(log) by extensions ['ignore', 'ignore_ament_install']
[0.323s] Level 1:colcon.colcon_core.package_identification:_identify(log) by extension 'ignore'
[0.323s] Level 1:colcon.colcon_core.package_identification:_identify(log) ignored
[0.324s] Level 1:colcon.colcon_core.package_identification:_identify(src) by extensions ['ignore', 'ignore_ament_install']
[0.324s] Level 1:colcon.colcon_core.package_identification:_identify(src) by extension 'ignore'
[0.324s] Level 1:colcon.colcon_core.package_identification:_identify(src) by extension 'ignore_ament_install'
[0.324s] Level 1:colcon.colcon_core.package_identification:_identify(src) by extensions ['colcon_pkg']
[0.324s] Level 1:colcon.colcon_core.package_identification:_identify(src) by extension 'colcon_pkg'
[0.324s] Level 1:colcon.colcon_core.package_identification:_identify(src) by extensions ['colcon_meta']
[0.324s] Level 1:colcon.colcon_core.package_identification:_identify(src) by extension 'colcon_meta'
[0.324s] Level 1:colcon.colcon_core.package_identification:_identify(src) by extensions ['ros']
[0.324s] Level 1:colcon.colcon_core.package_identification:_identify(src) by extension 'ros'
[0.324s] Level 1:colcon.colcon_core.package_identification:_identify(src) by extensions ['cmake', 'python']
[0.324s] Level 1:colcon.colcon_core.package_identification:_identify(src) by extension 'cmake'
[0.324s] Level 1:colcon.colcon_core.package_identification:_identify(src) by extension 'python'
[0.324s] Level 1:colcon.colcon_core.package_identification:_identify(src) by extensions ['python_setup_py']
[0.324s] Level 1:colcon.colcon_core.package_identification:_identify(src) by extension 'python_setup_py'
[0.324s] Level 1:colcon.colcon_core.package_identification:_identify(src/robot_description) by extensions ['ignore', 'ignore_ament_install']
[0.324s] Level 1:colcon.colcon_core.package_identification:_identify(src/robot_description) by extension 'ignore'
[0.324s] Level 1:colcon.colcon_core.package_identification:_identify(src/robot_description) by extension 'ignore_ament_install'
[0.325s] Level 1:colcon.colcon_core.package_identification:_identify(src/robot_description) by extensions ['colcon_pkg']
[0.325s] Level 1:colcon.colcon_core.package_identification:_identify(src/robot_description) by extension 'colcon_pkg'
[0.325s] Level 1:colcon.colcon_core.package_identification:_identify(src/robot_description) by extensions ['colcon_meta']
[0.325s] Level 1:colcon.colcon_core.package_identification:_identify(src/robot_description) by extension 'colcon_meta'
[0.325s] Level 1:colcon.colcon_core.package_identification:_identify(src/robot_description) by extensions ['ros']
[0.325s] Level 1:colcon.colcon_core.package_identification:_identify(src/robot_description) by extension 'ros'
[0.327s] DEBUG:colcon.colcon_core.package_identification:Package 'src/robot_description' with type 'ros.ament_cmake' and name 'robot_description'
[0.327s] Level 1:colcon.colcon_core.package_identification:_identify(src/robot_mobile_base) by extensions ['ignore', 'ignore_ament_install']
[0.327s] Level 1:colcon.colcon_core.package_identification:_identify(src/robot_mobile_base) by extension 'ignore'
[0.327s] Level 1:colcon.colcon_core.package_identification:_identify(src/robot_mobile_base) by extension 'ignore_ament_install'
[0.328s] Level 1:colcon.colcon_core.package_identification:_identify(src/robot_mobile_base) by extensions ['colcon_pkg']
[0.328s] Level 1:colcon.colcon_core.package_identification:_identify(src/robot_mobile_base) by extension 'colcon_pkg'
[0.328s] Level 1:colcon.colcon_core.package_identification:_identify(src/robot_mobile_base) by extensions ['colcon_meta']
[0.328s] Level 1:colcon.colcon_core.package_identification:_identify(src/robot_mobile_base) by extension 'colcon_meta'
[0.328s] Level 1:colcon.colcon_core.package_identification:_identify(src/robot_mobile_base) by extensions ['ros']
[0.328s] Level 1:colcon.colcon_core.package_identification:_identify(src/robot_mobile_base) by extension 'ros'
[0.329s] DEBUG:colcon.colcon_core.package_identification:Package 'src/robot_mobile_base' with type 'ros.ament_python' and name 'robot_mobile_base'
[0.329s] Level 1:colcon.colcon_core.package_identification:_identify(src/robot_odometry) by extensions ['ignore', 'ignore_ament_install']
[0.329s] Level 1:colcon.colcon_core.package_identification:_identify(src/robot_odometry) by extension 'ignore'
[0.329s] Level 1:colcon.colcon_core.package_identification:_identify(src/robot_odometry) by extension 'ignore_ament_install'
[0.329s] Level 1:colcon.colcon_core.package_identification:_identify(src/robot_odometry) by extensions ['colcon_pkg']
[0.329s] Level 1:colcon.colcon_core.package_identification:_identify(src/robot_odometry) by extension 'colcon_pkg'
[0.329s] Level 1:colcon.colcon_core.package_identification:_identify(src/robot_odometry) by extensions ['colcon_meta']
[0.329s] Level 1:colcon.colcon_core.package_identification:_identify(src/robot_odometry) by extension 'colcon_meta'
[0.329s] Level 1:colcon.colcon_core.package_identification:_identify(src/robot_odometry) by extensions ['ros']
[0.329s] Level 1:colcon.colcon_core.package_identification:_identify(src/robot_odometry) by extension 'ros'
[0.330s] DEBUG:colcon.colcon_core.package_identification:Package 'src/robot_odometry' with type 'ros.ament_cmake' and name 'robot_odometry'
[0.331s] Level 1:colcon.colcon_core.package_identification:_identify(src/robot_vio) by extensions ['ignore', 'ignore_ament_install']
[0.331s] Level 1:colcon.colcon_core.package_identification:_identify(src/robot_vio) by extension 'ignore'
[0.331s] Level 1:colcon.colcon_core.package_identification:_identify(src/robot_vio) by extension 'ignore_ament_install'
[0.331s] Level 1:colcon.colcon_core.package_identification:_identify(src/robot_vio) by extensions ['colcon_pkg']
[0.331s] Level 1:colcon.colcon_core.package_identification:_identify(src/robot_vio) by extension 'colcon_pkg'
[0.331s] Level 1:colcon.colcon_core.package_identification:_identify(src/robot_vio) by extensions ['colcon_meta']
[0.331s] Level 1:colcon.colcon_core.package_identification:_identify(src/robot_vio) by extension 'colcon_meta'
[0.331s] Level 1:colcon.colcon_core.package_identification:_identify(src/robot_vio) by extensions ['ros']
[0.331s] Level 1:colcon.colcon_core.package_identification:_identify(src/robot_vio) by extension 'ros'
[0.332s] DEBUG:colcon.colcon_core.package_identification:Package 'src/robot_vio' with type 'ros.ament_python' and name 'robot_vio'
[0.332s] Level 1:colcon.colcon_core.package_identification:_identify(src/sllidar_ros2) by extensions ['ignore', 'ignore_ament_install']
[0.332s] Level 1:colcon.colcon_core.package_identification:_identify(src/sllidar_ros2) by extension 'ignore'
[0.332s] Level 1:colcon.colcon_core.package_identification:_identify(src/sllidar_ros2) by extension 'ignore_ament_install'
[0.332s] Level 1:colcon.colcon_core.package_identification:_identify(src/sllidar_ros2) by extensions ['colcon_pkg']
[0.332s] Level 1:colcon.colcon_core.package_identification:_identify(src/sllidar_ros2) by extension 'colcon_pkg'
[0.332s] Level 1:colcon.colcon_core.package_identification:_identify(src/sllidar_ros2) by extensions ['colcon_meta']
[0.332s] Level 1:colcon.colcon_core.package_identification:_identify(src/sllidar_ros2) by extension 'colcon_meta'
[0.332s] Level 1:colcon.colcon_core.package_identification:_identify(src/sllidar_ros2) by extensions ['ros']
[0.332s] Level 1:colcon.colcon_core.package_identification:_identify(src/sllidar_ros2) by extension 'ros'
[0.333s] DEBUG:colcon.colcon_core.package_identification:Package 'src/sllidar_ros2' with type 'ros.ament_cmake' and name 'sllidar_ros2'
[0.333s] Level 1:colcon.colcon_core.package_discovery:discover_packages(recursive) using defaults
[0.333s] Level 1:colcon.colcon_core.package_discovery:discover_packages(ignore) discover
[0.333s] Level 1:colcon.colcon_core.package_discovery:discover_packages(ignore) using defaults
[0.333s] Level 1:colcon.colcon_core.package_discovery:discover_packages(path) discover
[0.333s] Level 1:colcon.colcon_core.package_discovery:discover_packages(path) using defaults
[0.370s] Level 5:colcon.colcon_core.verb:set package 'robot_description' build argument 'cmake_args' from command line to 'None'
[0.370s] Level 5:colcon.colcon_core.verb:set package 'robot_description' build argument 'cmake_target' from command line to 'None'
[0.370s] Level 5:colcon.colcon_core.verb:set package 'robot_description' build argument 'cmake_target_skip_unavailable' from command line to 'False'
[0.371s] Level 5:colcon.colcon_core.verb:set package 'robot_description' build argument 'cmake_clean_cache' from command line to 'False'
[0.371s] Level 5:colcon.colcon_core.verb:set package 'robot_description' build argument 'cmake_clean_first' from command line to 'False'
[0.371s] Level 5:colcon.colcon_core.verb:set package 'robot_description' build argument 'cmake_force_configure' from command line to 'False'
[0.371s] Level 5:colcon.colcon_core.verb:set package 'robot_description' build argument 'ament_cmake_args' from command line to 'None'
[0.371s] Level 5:colcon.colcon_core.verb:set package 'robot_description' build argument 'catkin_cmake_args' from command line to 'None'
[0.371s] Level 5:colcon.colcon_core.verb:set package 'robot_description' build argument 'catkin_skip_building_tests' from command line to 'False'
[0.371s] DEBUG:colcon.colcon_core.verb:Building package 'robot_description' with the following arguments: {'ament_cmake_args': None, 'build_base': '/shared_rocker_software/autonomous_robot/build/robot_description', 'catkin_cmake_args': None, 'catkin_skip_building_tests': False, 'cmake_args': None, 'cmake_clean_cache': False, 'cmake_clean_first': False, 'cmake_force_configure': False, 'cmake_target': None, 'cmake_target_skip_unavailable': False, 'install_base': '/shared_rocker_software/autonomous_robot/install/robot_description', 'merge_install': False, 'path': '/shared_rocker_software/autonomous_robot/src/robot_description', 'symlink_install': False, 'test_result_base': None}
[0.371s] Level 5:colcon.colcon_core.verb:set package 'robot_mobile_base' build argument 'cmake_args' from command line to 'None'
[0.371s] Level 5:colcon.colcon_core.verb:set package 'robot_mobile_base' build argument 'cmake_target' from command line to 'None'
[0.371s] Level 5:colcon.colcon_core.verb:set package 'robot_mobile_base' build argument 'cmake_target_skip_unavailable' from command line to 'False'
[0.371s] Level 5:colcon.colcon_core.verb:set package 'robot_mobile_base' build argument 'cmake_clean_cache' from command line to 'False'
[0.371s] Level 5:colcon.colcon_core.verb:set package 'robot_mobile_base' build argument 'cmake_clean_first' from command line to 'False'
[0.371s] Level 5:colcon.colcon_core.verb:set package 'robot_mobile_base' build argument 'cmake_force_configure' from command line to 'False'
[0.371s] Level 5:colcon.colcon_core.verb:set package 'robot_mobile_base' build argument 'ament_cmake_args' from command line to 'None'
[0.371s] Level 5:colcon.colcon_core.verb:set package 'robot_mobile_base' build argument 'catkin_cmake_args' from command line to 'None'
[0.371s] Level 5:colcon.colcon_core.verb:set package 'robot_mobile_base' build argument 'catkin_skip_building_tests' from command line to 'False'
[0.372s] DEBUG:colcon.colcon_core.verb:Building package 'robot_mobile_base' with the following arguments: {'ament_cmake_args': None, 'build_base': '/shared_rocker_software/autonomous_robot/build/robot_mobile_base', 'catkin_cmake_args': None, 'catkin_skip_building_tests': False, 'cmake_args': None, 'cmake_clean_cache': False, 'cmake_clean_first': False, 'cmake_force_configure': False, 'cmake_target': None, 'cmake_target_skip_unavailable': False, 'install_base': '/shared_rocker_software/autonomous_robot/install/robot_mobile_base', 'merge_install': False, 'path': '/shared_rocker_software/autonomous_robot/src/robot_mobile_base', 'symlink_install': False, 'test_result_base': None}
[0.372s] Level 5:colcon.colcon_core.verb:set package 'robot_odometry' build argument 'cmake_args' from command line to 'None'
[0.372s] Level 5:colcon.colcon_core.verb:set package 'robot_odometry' build argument 'cmake_target' from command line to 'None'
[0.372s] Level 5:colcon.colcon_core.verb:set package 'robot_odometry' build argument 'cmake_target_skip_unavailable' from command line to 'False'
[0.372s] Level 5:colcon.colcon_core.verb:set package 'robot_odometry' build argument 'cmake_clean_cache' from command line to 'False'
[0.372s] Level 5:colcon.colcon_core.verb:set package 'robot_odometry' build argument 'cmake_clean_first' from command line to 'False'
[0.372s] Level 5:colcon.colcon_core.verb:set package 'robot_odometry' build argument 'cmake_force_configure' from command line to 'False'
[0.372s] Level 5:colcon.colcon_core.verb:set package 'robot_odometry' build argument 'ament_cmake_args' from command line to 'None'
[0.372s] Level 5:colcon.colcon_core.verb:set package 'robot_odometry' build argument 'catkin_cmake_args' from command line to 'None'
[0.372s] Level 5:colcon.colcon_core.verb:set package 'robot_odometry' build argument 'catkin_skip_building_tests' from command line to 'False'
[0.372s] DEBUG:colcon.colcon_core.verb:Building package 'robot_odometry' with the following arguments: {'ament_cmake_args': None, 'build_base': '/shared_rocker_software/autonomous_robot/build/robot_odometry', 'catkin_cmake_args': None, 'catkin_skip_building_tests': False, 'cmake_args': None, 'cmake_clean_cache': False, 'cmake_clean_first': False, 'cmake_force_configure': False, 'cmake_target': None, 'cmake_target_skip_unavailable': False, 'install_base': '/shared_rocker_software/autonomous_robot/install/robot_odometry', 'merge_install': False, 'path': '/shared_rocker_software/autonomous_robot/src/robot_odometry', 'symlink_install': False, 'test_result_base': None}
[0.373s] Level 5:colcon.colcon_core.verb:set package 'robot_vio' build argument 'cmake_args' from command line to 'None'
[0.373s] Level 5:colcon.colcon_core.verb:set package 'robot_vio' build argument 'cmake_target' from command line to 'None'
[0.373s] Level 5:colcon.colcon_core.verb:set package 'robot_vio' build argument 'cmake_target_skip_unavailable' from command line to 'False'
[0.373s] Level 5:colcon.colcon_core.verb:set package 'robot_vio' build argument 'cmake_clean_cache' from command line to 'False'
[0.373s] Level 5:colcon.colcon_core.verb:set package 'robot_vio' build argument 'cmake_clean_first' from command line to 'False'
[0.373s] Level 5:colcon.colcon_core.verb:set package 'robot_vio' build argument 'cmake_force_configure' from command line to 'False'
[0.373s] Level 5:colcon.colcon_core.verb:set package 'robot_vio' build argument 'ament_cmake_args' from command line to 'None'
[0.373s] Level 5:colcon.colcon_core.verb:set package 'robot_vio' build argument 'catkin_cmake_args' from command line to 'None'
[0.373s] Level 5:colcon.colcon_core.verb:set package 'robot_vio' build argument 'catkin_skip_building_tests' from command line to 'False'
[0.373s] DEBUG:colcon.colcon_core.verb:Building package 'robot_vio' with the following arguments: {'ament_cmake_args': None, 'build_base': '/shared_rocker_software/autonomous_robot/build/robot_vio', 'catkin_cmake_args': None, 'catkin_skip_building_tests': False, 'cmake_args': None, 'cmake_clean_cache': False, 'cmake_clean_first': False, 'cmake_force_configure': False, 'cmake_target': None, 'cmake_target_skip_unavailable': False, 'install_base': '/shared_rocker_software/autonomous_robot/install/robot_vio', 'merge_install': False, 'path': '/shared_rocker_software/autonomous_robot/src/robot_vio', 'symlink_install': False, 'test_result_base': None}
[0.373s] Level 5:colcon.colcon_core.verb:set package 'sllidar_ros2' build argument 'cmake_args' from command line to 'None'
[0.373s] Level 5:colcon.colcon_core.verb:set package 'sllidar_ros2' build argument 'cmake_target' from command line to 'None'
[0.373s] Level 5:colcon.colcon_core.verb:set package 'sllidar_ros2' build argument 'cmake_target_skip_unavailable' from command line to 'False'
[0.373s] Level 5:colcon.colcon_core.verb:set package 'sllidar_ros2' build argument 'cmake_clean_cache' from command line to 'False'
[0.373s] Level 5:colcon.colcon_core.verb:set package 'sllidar_ros2' build argument 'cmake_clean_first' from command line to 'False'
[0.373s] Level 5:colcon.colcon_core.verb:set package 'sllidar_ros2' build argument 'cmake_force_configure' from command line to 'False'
[0.373s] Level 5:colcon.colcon_core.verb:set package 'sllidar_ros2' build argument 'ament_cmake_args' from command line to 'None'
[0.373s] Level 5:colcon.colcon_core.verb:set package 'sllidar_ros2' build argument 'catkin_cmake_args' from command line to 'None'
[0.373s] Level 5:colcon.colcon_core.verb:set package 'sllidar_ros2' build argument 'catkin_skip_building_tests' from command line to 'False'
[0.374s] DEBUG:colcon.colcon_core.verb:Building package 'sllidar_ros2' with the following arguments: {'ament_cmake_args': None, 'build_base': '/shared_rocker_software/autonomous_robot/build/sllidar_ros2', 'catkin_cmake_args': None, 'catkin_skip_building_tests': False, 'cmake_args': None, 'cmake_clean_cache': False, 'cmake_clean_first': False, 'cmake_force_configure': False, 'cmake_target': None, 'cmake_target_skip_unavailable': False, 'install_base': '/shared_rocker_software/autonomous_robot/install/sllidar_ros2', 'merge_install': False, 'path': '/shared_rocker_software/autonomous_robot/src/sllidar_ros2', 'symlink_install': False, 'test_result_base': None}
[0.374s] INFO:colcon.colcon_core.executor:Executing jobs using 'parallel' executor
[0.375s] DEBUG:colcon.colcon_parallel_executor.executor.parallel:run_until_complete
[0.376s] INFO:colcon.colcon_ros.task.ament_cmake.build:Building ROS package in '/shared_rocker_software/autonomous_robot/src/robot_description' with build type 'ament_cmake'
[0.376s] INFO:colcon.colcon_cmake.task.cmake.build:Building CMake package in '/shared_rocker_software/autonomous_robot/src/robot_description'
[0.378s] INFO:colcon.colcon_core.plugin_system:Skipping extension 'colcon_core.shell.bat': Not used on non-Windows systems
[0.379s] INFO:colcon.colcon_core.shell:Skip shell extension 'powershell' for command environment: Not usable outside of PowerShell
[0.379s] DEBUG:colcon.colcon_core.shell:Skip shell extension 'dsv' for command environment
[0.386s] INFO:colcon.colcon_ros.task.ament_python.build:Building ROS package in '/shared_rocker_software/autonomous_robot/src/robot_mobile_base' with build type 'ament_python'
[0.415s] Level 1:colcon.colcon_core.shell:create_environment_hook('robot_mobile_base', 'ament_prefix_path')
[0.416s] INFO:colcon.colcon_core.shell:Creating environment hook '/shared_rocker_software/autonomous_robot/install/robot_mobile_base/share/robot_mobile_base/hook/ament_prefix_path.ps1'
[0.417s] INFO:colcon.colcon_core.shell:Creating environment descriptor '/shared_rocker_software/autonomous_robot/install/robot_mobile_base/share/robot_mobile_base/hook/ament_prefix_path.dsv'
[0.417s] INFO:colcon.colcon_core.shell:Creating environment hook '/shared_rocker_software/autonomous_robot/install/robot_mobile_base/share/robot_mobile_base/hook/ament_prefix_path.sh'
[0.418s] INFO:colcon.colcon_core.shell:Skip shell extension 'powershell' for command environment: Not usable outside of PowerShell
[0.418s] DEBUG:colcon.colcon_core.shell:Skip shell extension 'dsv' for command environment
[0.423s] INFO:colcon.colcon_ros.task.ament_cmake.build:Building ROS package in '/shared_rocker_software/autonomous_robot/src/robot_odometry' with build type 'ament_cmake'
[0.423s] INFO:colcon.colcon_cmake.task.cmake.build:Building CMake package in '/shared_rocker_software/autonomous_robot/src/robot_odometry'
[0.423s] INFO:colcon.colcon_core.shell:Skip shell extension 'powershell' for command environment: Not usable outside of PowerShell
[0.424s] DEBUG:colcon.colcon_core.shell:Skip shell extension 'dsv' for command environment
[0.429s] INFO:colcon.colcon_ros.task.ament_python.build:Building ROS package in '/shared_rocker_software/autonomous_robot/src/robot_vio' with build type 'ament_python'
[0.429s] Level 1:colcon.colcon_core.shell:create_environment_hook('robot_vio', 'ament_prefix_path')
[0.430s] INFO:colcon.colcon_core.shell:Creating environment hook '/shared_rocker_software/autonomous_robot/install/robot_vio/share/robot_vio/hook/ament_prefix_path.ps1'
[0.430s] INFO:colcon.colcon_core.shell:Creating environment descriptor '/shared_rocker_software/autonomous_robot/install/robot_vio/share/robot_vio/hook/ament_prefix_path.dsv'
[0.431s] INFO:colcon.colcon_core.shell:Creating environment hook '/shared_rocker_software/autonomous_robot/install/robot_vio/share/robot_vio/hook/ament_prefix_path.sh'
[0.431s] INFO:colcon.colcon_core.shell:Skip shell extension 'powershell' for command environment: Not usable outside of PowerShell
[0.431s] DEBUG:colcon.colcon_core.shell:Skip shell extension 'dsv' for command environment
[0.442s] INFO:colcon.colcon_ros.task.ament_cmake.build:Building ROS package in '/shared_rocker_software/autonomous_robot/src/sllidar_ros2' with build type 'ament_cmake'
[0.443s] INFO:colcon.colcon_cmake.task.cmake.build:Building CMake package in '/shared_rocker_software/autonomous_robot/src/sllidar_ros2'
[0.443s] INFO:colcon.colcon_core.shell:Skip shell extension 'powershell' for command environment: Not usable outside of PowerShell
[0.443s] DEBUG:colcon.colcon_core.shell:Skip shell extension 'dsv' for command environment
[0.454s] DEBUG:colcon.colcon_core.event_handler.log_command:Invoking command in '/shared_rocker_software/autonomous_robot/build/robot_description': CMAKE_PREFIX_PATH=${CMAKE_PREFIX_PATH}:/shared_rocker_software/autonomous_robot/install/robot_vio:/shared_rocker_software/autonomous_robot/install/robot_mobile_base:/opt/ros/humble /usr/bin/cmake --build /shared_rocker_software/autonomous_robot/build/robot_description -- -j16 -l16
[0.654s] INFO:colcon.colcon_core.task.python.build:Building Python package in '/shared_rocker_software/autonomous_robot/src/robot_mobile_base'
[0.654s] INFO:colcon.colcon_core.shell:Skip shell extension 'powershell' for command environment: Not usable outside of PowerShell
[0.654s] DEBUG:colcon.colcon_core.shell:Skip shell extension 'dsv' for command environment
[0.661s] DEBUG:colcon.colcon_core.event_handler.log_command:Invoking command in '/shared_rocker_software/autonomous_robot/build/robot_odometry': CMAKE_PREFIX_PATH=${CMAKE_PREFIX_PATH}:/shared_rocker_software/autonomous_robot/install/robot_vio:/shared_rocker_software/autonomous_robot/install/robot_mobile_base:/opt/ros/humble /usr/bin/cmake --build /shared_rocker_software/autonomous_robot/build/robot_odometry -- -j16 -l16
[0.851s] INFO:colcon.colcon_core.task.python.build:Building Python package in '/shared_rocker_software/autonomous_robot/src/robot_vio'
[0.851s] INFO:colcon.colcon_core.shell:Skip shell extension 'powershell' for command environment: Not usable outside of PowerShell
[0.851s] DEBUG:colcon.colcon_core.shell:Skip shell extension 'dsv' for command environment
[0.858s] DEBUG:colcon.colcon_core.event_handler.log_command:Invoked command in '/shared_rocker_software/autonomous_robot/build/robot_description' returned '0': CMAKE_PREFIX_PATH=${CMAKE_PREFIX_PATH}:/shared_rocker_software/autonomous_robot/install/robot_vio:/shared_rocker_software/autonomous_robot/install/robot_mobile_base:/opt/ros/humble /usr/bin/cmake --build /shared_rocker_software/autonomous_robot/build/robot_description -- -j16 -l16
[0.868s] DEBUG:colcon.colcon_core.event_handler.log_command:Invoking command in '/shared_rocker_software/autonomous_robot/build/robot_description': CMAKE_PREFIX_PATH=${CMAKE_PREFIX_PATH}:/shared_rocker_software/autonomous_robot/install/robot_vio:/shared_rocker_software/autonomous_robot/install/robot_mobile_base:/opt/ros/humble /usr/bin/cmake --install /shared_rocker_software/autonomous_robot/build/robot_description
[0.871s] DEBUG:colcon.colcon_core.event_handler.log_command:Invoking command in '/shared_rocker_software/autonomous_robot/build/sllidar_ros2': CMAKE_PREFIX_PATH=${CMAKE_PREFIX_PATH}:/shared_rocker_software/autonomous_robot/install/robot_vio:/shared_rocker_software/autonomous_robot/install/robot_mobile_base:/opt/ros/humble /usr/bin/cmake --build /shared_rocker_software/autonomous_robot/build/sllidar_ros2 -- -j16 -l16
[0.871s] DEBUG:colcon.colcon_core.event_handler.log_command:Invoked command in '/shared_rocker_software/autonomous_robot/build/robot_odometry' returned '0': CMAKE_PREFIX_PATH=${CMAKE_PREFIX_PATH}:/shared_rocker_software/autonomous_robot/install/robot_vio:/shared_rocker_software/autonomous_robot/install/robot_mobile_base:/opt/ros/humble /usr/bin/cmake --build /shared_rocker_software/autonomous_robot/build/robot_odometry -- -j16 -l16
[0.872s] DEBUG:colcon.colcon_core.event_handler.log_command:Invoking command in '/shared_rocker_software/autonomous_robot/build/robot_odometry': CMAKE_PREFIX_PATH=${CMAKE_PREFIX_PATH}:/shared_rocker_software/autonomous_robot/install/robot_vio:/shared_rocker_software/autonomous_robot/install/robot_mobile_base:/opt/ros/humble /usr/bin/cmake --install /shared_rocker_software/autonomous_robot/build/robot_odometry
[0.880s] Level 1:colcon.colcon_core.environment:create_environment_scripts_only(robot_description)
[0.881s] DEBUG:colcon.colcon_core.event_handler.log_command:Invoked command in '/shared_rocker_software/autonomous_robot/build/robot_description' returned '0': CMAKE_PREFIX_PATH=${CMAKE_PREFIX_PATH}:/shared_rocker_software/autonomous_robot/install/robot_vio:/shared_rocker_software/autonomous_robot/install/robot_mobile_base:/opt/ros/humble /usr/bin/cmake --install /shared_rocker_software/autonomous_robot/build/robot_description
[0.883s] Level 1:colcon.colcon_core.environment:checking '/shared_rocker_software/autonomous_robot/install/robot_description' for CMake module files
[0.883s] Level 1:colcon.colcon_core.environment:checking '/shared_rocker_software/autonomous_robot/install/robot_description' for CMake config files
[0.883s] Level 1:colcon.colcon_core.shell:create_environment_hook('robot_description', 'cmake_prefix_path')
[0.883s] INFO:colcon.colcon_core.shell:Creating environment hook '/shared_rocker_software/autonomous_robot/install/robot_description/share/robot_description/hook/cmake_prefix_path.ps1'
[0.884s] INFO:colcon.colcon_core.shell:Creating environment descriptor '/shared_rocker_software/autonomous_robot/install/robot_description/share/robot_description/hook/cmake_prefix_path.dsv'
[0.884s] INFO:colcon.colcon_core.shell:Creating environment hook '/shared_rocker_software/autonomous_robot/install/robot_description/share/robot_description/hook/cmake_prefix_path.sh'
[0.885s] Level 1:colcon.colcon_core.environment:checking '/shared_rocker_software/autonomous_robot/install/robot_description/bin'
[0.885s] Level 1:colcon.colcon_core.environment:checking '/shared_rocker_software/autonomous_robot/install/robot_description/lib/pkgconfig/robot_description.pc'
[0.885s] Level 1:colcon.colcon_core.environment:checking '/shared_rocker_software/autonomous_robot/install/robot_description/lib/python3.10/site-packages'
[0.885s] Level 1:colcon.colcon_core.environment:checking '/shared_rocker_software/autonomous_robot/install/robot_description/bin'
[0.885s] INFO:colcon.colcon_core.shell:Creating package script '/shared_rocker_software/autonomous_robot/install/robot_description/share/robot_description/package.ps1'
[0.886s] INFO:colcon.colcon_core.shell:Creating package descriptor '/shared_rocker_software/autonomous_robot/install/robot_description/share/robot_description/package.dsv'
[0.886s] INFO:colcon.colcon_core.shell:Creating package script '/shared_rocker_software/autonomous_robot/install/robot_description/share/robot_description/package.sh'
[0.887s] INFO:colcon.colcon_core.shell:Creating package script '/shared_rocker_software/autonomous_robot/install/robot_description/share/robot_description/package.bash'
[0.888s] INFO:colcon.colcon_core.shell:Creating package script '/shared_rocker_software/autonomous_robot/install/robot_description/share/robot_description/package.zsh'
[0.888s] Level 1:colcon.colcon_core.environment:create_file_with_runtime_dependencies(/shared_rocker_software/autonomous_robot/install/robot_description/share/colcon-core/packages/robot_description)
[0.889s] Level 1:colcon.colcon_core.environment:create_environment_scripts_only(robot_description)
[0.889s] Level 1:colcon.colcon_core.environment:checking '/shared_rocker_software/autonomous_robot/install/robot_description' for CMake module files
[0.889s] Level 1:colcon.colcon_core.environment:checking '/shared_rocker_software/autonomous_robot/install/robot_description' for CMake config files
[0.889s] Level 1:colcon.colcon_core.shell:create_environment_hook('robot_description', 'cmake_prefix_path')
[0.889s] INFO:colcon.colcon_core.shell:Creating environment hook '/shared_rocker_software/autonomous_robot/install/robot_description/share/robot_description/hook/cmake_prefix_path.ps1'
[0.890s] INFO:colcon.colcon_core.shell:Creating environment descriptor '/shared_rocker_software/autonomous_robot/install/robot_description/share/robot_description/hook/cmake_prefix_path.dsv'
[0.890s] INFO:colcon.colcon_core.shell:Creating environment hook '/shared_rocker_software/autonomous_robot/install/robot_description/share/robot_description/hook/cmake_prefix_path.sh'
[0.890s] Level 1:colcon.colcon_core.environment:checking '/shared_rocker_software/autonomous_robot/install/robot_description/bin'
[0.890s] Level 1:colcon.colcon_core.environment:checking '/shared_rocker_software/autonomous_robot/install/robot_description/lib/pkgconfig/robot_description.pc'
[0.891s] Level 1:colcon.colcon_core.environment:checking '/shared_rocker_software/autonomous_robot/install/robot_description/lib/python3.10/site-packages'
[0.891s] Level 1:colcon.colcon_core.environment:checking '/shared_rocker_software/autonomous_robot/install/robot_description/bin'
[0.891s] INFO:colcon.colcon_core.shell:Creating package script '/shared_rocker_software/autonomous_robot/install/robot_description/share/robot_description/package.ps1'
[0.891s] INFO:colcon.colcon_core.shell:Creating package descriptor '/shared_rocker_software/autonomous_robot/install/robot_description/share/robot_description/package.dsv'
[0.892s] INFO:colcon.colcon_core.shell:Creating package script '/shared_rocker_software/autonomous_robot/install/robot_description/share/robot_description/package.sh'
[0.892s] INFO:colcon.colcon_core.shell:Creating package script '/shared_rocker_software/autonomous_robot/install/robot_description/share/robot_description/package.bash'
[0.892s] INFO:colcon.colcon_core.shell:Creating package script '/shared_rocker_software/autonomous_robot/install/robot_description/share/robot_description/package.zsh'
[0.893s] Level 1:colcon.colcon_core.environment:create_file_with_runtime_dependencies(/shared_rocker_software/autonomous_robot/install/robot_description/share/colcon-core/packages/robot_description)
[0.893s] Level 1:colcon.colcon_core.environment:create_environment_scripts_only(robot_odometry)
[0.893s] Level 1:colcon.colcon_core.environment:checking '/shared_rocker_software/autonomous_robot/install/robot_odometry' for CMake module files
[0.894s] DEBUG:colcon.colcon_core.event_handler.log_command:Invoked command in '/shared_rocker_software/autonomous_robot/build/robot_odometry' returned '0': CMAKE_PREFIX_PATH=${CMAKE_PREFIX_PATH}:/shared_rocker_software/autonomous_robot/install/robot_vio:/shared_rocker_software/autonomous_robot/install/robot_mobile_base:/opt/ros/humble /usr/bin/cmake --install /shared_rocker_software/autonomous_robot/build/robot_odometry
[0.894s] Level 1:colcon.colcon_core.environment:checking '/shared_rocker_software/autonomous_robot/install/robot_odometry' for CMake config files
[0.895s] Level 1:colcon.colcon_core.shell:create_environment_hook('robot_odometry', 'cmake_prefix_path')
[0.895s] INFO:colcon.colcon_core.shell:Creating environment hook '/shared_rocker_software/autonomous_robot/install/robot_odometry/share/robot_odometry/hook/cmake_prefix_path.ps1'
[0.895s] INFO:colcon.colcon_core.shell:Creating environment descriptor '/shared_rocker_software/autonomous_robot/install/robot_odometry/share/robot_odometry/hook/cmake_prefix_path.dsv'
[0.895s] INFO:colcon.colcon_core.shell:Creating environment hook '/shared_rocker_software/autonomous_robot/install/robot_odometry/share/robot_odometry/hook/cmake_prefix_path.sh'
[0.896s] Level 1:colcon.colcon_core.environment:checking '/shared_rocker_software/autonomous_robot/install/robot_odometry/bin'
[0.896s] Level 1:colcon.colcon_core.environment:checking '/shared_rocker_software/autonomous_robot/install/robot_odometry/lib/pkgconfig/robot_odometry.pc'
[0.896s] Level 1:colcon.colcon_core.environment:checking '/shared_rocker_software/autonomous_robot/install/robot_odometry/lib/python3.10/site-packages'
[0.896s] Level 1:colcon.colcon_core.environment:checking '/shared_rocker_software/autonomous_robot/install/robot_odometry/bin'
[0.896s] INFO:colcon.colcon_core.shell:Creating package script '/shared_rocker_software/autonomous_robot/install/robot_odometry/share/robot_odometry/package.ps1'
[0.896s] INFO:colcon.colcon_core.shell:Creating package descriptor '/shared_rocker_software/autonomous_robot/install/robot_odometry/share/robot_odometry/package.dsv'
[0.897s] INFO:colcon.colcon_core.shell:Creating package script '/shared_rocker_software/autonomous_robot/install/robot_odometry/share/robot_odometry/package.sh'
[0.897s] INFO:colcon.colcon_core.shell:Creating package script '/shared_rocker_software/autonomous_robot/install/robot_odometry/share/robot_odometry/package.bash'
[0.897s] INFO:colcon.colcon_core.shell:Creating package script '/shared_rocker_software/autonomous_robot/install/robot_odometry/share/robot_odometry/package.zsh'
[0.897s] Level 1:colcon.colcon_core.environment:create_file_with_runtime_dependencies(/shared_rocker_software/autonomous_robot/install/robot_odometry/share/colcon-core/packages/robot_odometry)
[0.898s] Level 1:colcon.colcon_core.environment:create_environment_scripts_only(robot_odometry)
[0.898s] Level 1:colcon.colcon_core.environment:checking '/shared_rocker_software/autonomous_robot/install/robot_odometry' for CMake module files
[0.898s] Level 1:colcon.colcon_core.environment:checking '/shared_rocker_software/autonomous_robot/install/robot_odometry' for CMake config files
[0.898s] Level 1:colcon.colcon_core.shell:create_environment_hook('robot_odometry', 'cmake_prefix_path')
[0.899s] INFO:colcon.colcon_core.shell:Creating environment hook '/shared_rocker_software/autonomous_robot/install/robot_odometry/share/robot_odometry/hook/cmake_prefix_path.ps1'
[0.899s] INFO:colcon.colcon_core.shell:Creating environment descriptor '/shared_rocker_software/autonomous_robot/install/robot_odometry/share/robot_odometry/hook/cmake_prefix_path.dsv'
[0.899s] INFO:colcon.colcon_core.shell:Creating environment hook '/shared_rocker_software/autonomous_robot/install/robot_odometry/share/robot_odometry/hook/cmake_prefix_path.sh'
[0.900s] Level 1:colcon.colcon_core.environment:checking '/shared_rocker_software/autonomous_robot/install/robot_odometry/bin'
[0.900s] Level 1:colcon.colcon_core.environment:checking '/shared_rocker_software/autonomous_robot/install/robot_odometry/lib/pkgconfig/robot_odometry.pc'
[0.900s] Level 1:colcon.colcon_core.environment:checking '/shared_rocker_software/autonomous_robot/install/robot_odometry/lib/python3.10/site-packages'
[0.900s] Level 1:colcon.colcon_core.environment:checking '/shared_rocker_software/autonomous_robot/install/robot_odometry/bin'
[0.900s] INFO:colcon.colcon_core.shell:Creating package script '/shared_rocker_software/autonomous_robot/install/robot_odometry/share/robot_odometry/package.ps1'
[0.900s] INFO:colcon.colcon_core.shell:Creating package descriptor '/shared_rocker_software/autonomous_robot/install/robot_odometry/share/robot_odometry/package.dsv'
[0.901s] INFO:colcon.colcon_core.shell:Creating package script '/shared_rocker_software/autonomous_robot/install/robot_odometry/share/robot_odometry/package.sh'
[0.901s] INFO:colcon.colcon_core.shell:Creating package script '/shared_rocker_software/autonomous_robot/install/robot_odometry/share/robot_odometry/package.bash'
[0.901s] INFO:colcon.colcon_core.shell:Creating package script '/shared_rocker_software/autonomous_robot/install/robot_odometry/share/robot_odometry/package.zsh'
[0.902s] Level 1:colcon.colcon_core.environment:create_file_with_runtime_dependencies(/shared_rocker_software/autonomous_robot/install/robot_odometry/share/colcon-core/packages/robot_odometry)
[0.941s] DEBUG:colcon.colcon_core.event_handler.log_command:Invoked command in '/shared_rocker_software/autonomous_robot/build/sllidar_ros2' returned '0': CMAKE_PREFIX_PATH=${CMAKE_PREFIX_PATH}:/shared_rocker_software/autonomous_robot/install/robot_vio:/shared_rocker_software/autonomous_robot/install/robot_mobile_base:/opt/ros/humble /usr/bin/cmake --build /shared_rocker_software/autonomous_robot/build/sllidar_ros2 -- -j16 -l16
[0.943s] DEBUG:colcon.colcon_core.event_handler.log_command:Invoking command in '/shared_rocker_software/autonomous_robot/build/sllidar_ros2': CMAKE_PREFIX_PATH=${CMAKE_PREFIX_PATH}:/shared_rocker_software/autonomous_robot/install/robot_vio:/shared_rocker_software/autonomous_robot/install/robot_mobile_base:/opt/ros/humble /usr/bin/cmake --install /shared_rocker_software/autonomous_robot/build/sllidar_ros2
[0.954s] Level 1:colcon.colcon_core.environment:create_environment_scripts_only(sllidar_ros2)
[0.954s] Level 1:colcon.colcon_core.environment:checking '/shared_rocker_software/autonomous_robot/install/sllidar_ros2' for CMake module files
[0.954s] DEBUG:colcon.colcon_core.event_handler.log_command:Invoked command in '/shared_rocker_software/autonomous_robot/build/sllidar_ros2' returned '0': CMAKE_PREFIX_PATH=${CMAKE_PREFIX_PATH}:/shared_rocker_software/autonomous_robot/install/robot_vio:/shared_rocker_software/autonomous_robot/install/robot_mobile_base:/opt/ros/humble /usr/bin/cmake --install /shared_rocker_software/autonomous_robot/build/sllidar_ros2
[0.954s] Level 1:colcon.colcon_core.environment:checking '/shared_rocker_software/autonomous_robot/install/sllidar_ros2' for CMake config files
[0.955s] Level 1:colcon.colcon_core.shell:create_environment_hook('sllidar_ros2', 'cmake_prefix_path')
[0.955s] INFO:colcon.colcon_core.shell:Creating environment hook '/shared_rocker_software/autonomous_robot/install/sllidar_ros2/share/sllidar_ros2/hook/cmake_prefix_path.ps1'
[0.955s] INFO:colcon.colcon_core.shell:Creating environment descriptor '/shared_rocker_software/autonomous_robot/install/sllidar_ros2/share/sllidar_ros2/hook/cmake_prefix_path.dsv'
[0.955s] INFO:colcon.colcon_core.shell:Creating environment hook '/shared_rocker_software/autonomous_robot/install/sllidar_ros2/share/sllidar_ros2/hook/cmake_prefix_path.sh'
[0.956s] Level 1:colcon.colcon_core.environment:checking '/shared_rocker_software/autonomous_robot/install/sllidar_ros2/lib'
[0.956s] Level 1:colcon.colcon_core.environment:checking '/shared_rocker_software/autonomous_robot/install/sllidar_ros2/bin'
[0.956s] Level 1:colcon.colcon_core.environment:checking '/shared_rocker_software/autonomous_robot/install/sllidar_ros2/lib/pkgconfig/sllidar_ros2.pc'
[0.956s] Level 1:colcon.colcon_core.environment:checking '/shared_rocker_software/autonomous_robot/install/sllidar_ros2/lib/python3.10/site-packages'
[0.956s] Level 1:colcon.colcon_core.environment:checking '/shared_rocker_software/autonomous_robot/install/sllidar_ros2/bin'
[0.956s] INFO:colcon.colcon_core.shell:Creating package script '/shared_rocker_software/autonomous_robot/install/sllidar_ros2/share/sllidar_ros2/package.ps1'
[0.957s] INFO:colcon.colcon_core.shell:Creating package descriptor '/shared_rocker_software/autonomous_robot/install/sllidar_ros2/share/sllidar_ros2/package.dsv'
[0.957s] INFO:colcon.colcon_core.shell:Creating package script '/shared_rocker_software/autonomous_robot/install/sllidar_ros2/share/sllidar_ros2/package.sh'
[0.957s] INFO:colcon.colcon_core.shell:Creating package script '/shared_rocker_software/autonomous_robot/install/sllidar_ros2/share/sllidar_ros2/package.bash'
[0.958s] INFO:colcon.colcon_core.shell:Creating package script '/shared_rocker_software/autonomous_robot/install/sllidar_ros2/share/sllidar_ros2/package.zsh'
[0.958s] Level 1:colcon.colcon_core.environment:create_file_with_runtime_dependencies(/shared_rocker_software/autonomous_robot/install/sllidar_ros2/share/colcon-core/packages/sllidar_ros2)
[0.958s] Level 1:colcon.colcon_core.environment:create_environment_scripts_only(sllidar_ros2)
[0.958s] Level 1:colcon.colcon_core.environment:checking '/shared_rocker_software/autonomous_robot/install/sllidar_ros2' for CMake module files
[0.959s] Level 1:colcon.colcon_core.environment:checking '/shared_rocker_software/autonomous_robot/install/sllidar_ros2' for CMake config files
[0.959s] Level 1:colcon.colcon_core.shell:create_environment_hook('sllidar_ros2', 'cmake_prefix_path')
[0.959s] INFO:colcon.colcon_core.shell:Creating environment hook '/shared_rocker_software/autonomous_robot/install/sllidar_ros2/share/sllidar_ros2/hook/cmake_prefix_path.ps1'
[0.959s] INFO:colcon.colcon_core.shell:Creating environment descriptor '/shared_rocker_software/autonomous_robot/install/sllidar_ros2/share/sllidar_ros2/hook/cmake_prefix_path.dsv'
[0.960s] INFO:colcon.colcon_core.shell:Creating environment hook '/shared_rocker_software/autonomous_robot/install/sllidar_ros2/share/sllidar_ros2/hook/cmake_prefix_path.sh'
[0.960s] Level 1:colcon.colcon_core.environment:checking '/shared_rocker_software/autonomous_robot/install/sllidar_ros2/lib'
[0.960s] Level 1:colcon.colcon_core.environment:checking '/shared_rocker_software/autonomous_robot/install/sllidar_ros2/bin'
[0.960s] Level 1:colcon.colcon_core.environment:checking '/shared_rocker_software/autonomous_robot/install/sllidar_ros2/lib/pkgconfig/sllidar_ros2.pc'
[0.960s] Level 1:colcon.colcon_core.environment:checking '/shared_rocker_software/autonomous_robot/install/sllidar_ros2/lib/python3.10/site-packages'
[0.960s] Level 1:colcon.colcon_core.environment:checking '/shared_rocker_software/autonomous_robot/install/sllidar_ros2/bin'
[0.961s] INFO:colcon.colcon_core.shell:Creating package script '/shared_rocker_software/autonomous_robot/install/sllidar_ros2/share/sllidar_ros2/package.ps1'
[0.961s] INFO:colcon.colcon_core.shell:Creating package descriptor '/shared_rocker_software/autonomous_robot/install/sllidar_ros2/share/sllidar_ros2/package.dsv'
[0.961s] INFO:colcon.colcon_core.shell:Creating package script '/shared_rocker_software/autonomous_robot/install/sllidar_ros2/share/sllidar_ros2/package.sh'
[0.961s] INFO:colcon.colcon_core.shell:Creating package script '/shared_rocker_software/autonomous_robot/install/sllidar_ros2/share/sllidar_ros2/package.bash'
[0.962s] INFO:colcon.colcon_core.shell:Creating package script '/shared_rocker_software/autonomous_robot/install/sllidar_ros2/share/sllidar_ros2/package.zsh'
[0.962s] Level 1:colcon.colcon_core.environment:create_file_with_runtime_dependencies(/shared_rocker_software/autonomous_robot/install/sllidar_ros2/share/colcon-core/packages/sllidar_ros2)
[1.148s] DEBUG:colcon.colcon_core.event_handler.log_command:Invoking command in '/shared_rocker_software/autonomous_robot/src/robot_vio': PYTHONPATH=/shared_rocker_software/autonomous_robot/build/robot_vio/prefix_override:/usr/lib/python3/dist-packages/colcon_core/task/python/colcon_distutils_commands:/shared_rocker_software/autonomous_robot/install/robot_vio/lib/python3.10/site-packages:${PYTHONPATH} /usr/bin/python3 -W ignore:setup.py install is deprecated -W ignore:easy_install command is deprecated setup.py egg_info --egg-base ../../build/robot_vio build --build-base /shared_rocker_software/autonomous_robot/build/robot_vio/build install --record /shared_rocker_software/autonomous_robot/build/robot_vio/install.log --single-version-externally-managed install_data
[1.149s] DEBUG:colcon.colcon_core.event_handler.log_command:Invoking command in '/shared_rocker_software/autonomous_robot/src/robot_mobile_base': PYTHONPATH=/shared_rocker_software/autonomous_robot/build/robot_mobile_base/prefix_override:/usr/lib/python3/dist-packages/colcon_core/task/python/colcon_distutils_commands:/shared_rocker_software/autonomous_robot/install/robot_mobile_base/lib/python3.10/site-packages:${PYTHONPATH} /usr/bin/python3 -W ignore:setup.py install is deprecated -W ignore:easy_install command is deprecated setup.py egg_info --egg-base ../../build/robot_mobile_base build --build-base /shared_rocker_software/autonomous_robot/build/robot_mobile_base/build install --record /shared_rocker_software/autonomous_robot/build/robot_mobile_base/install.log --single-version-externally-managed install_data
[1.358s] Level 1:colcon.colcon_core.environment:checking '/shared_rocker_software/autonomous_robot/install/robot_vio' for CMake module files
[1.359s] DEBUG:colcon.colcon_core.event_handler.log_command:Invoked command in '/shared_rocker_software/autonomous_robot/src/robot_vio' returned '0': PYTHONPATH=/shared_rocker_software/autonomous_robot/build/robot_vio/prefix_override:/usr/lib/python3/dist-packages/colcon_core/task/python/colcon_distutils_commands:/shared_rocker_software/autonomous_robot/install/robot_vio/lib/python3.10/site-packages:${PYTHONPATH} /usr/bin/python3 -W ignore:setup.py install is deprecated -W ignore:easy_install command is deprecated setup.py egg_info --egg-base ../../build/robot_vio build --build-base /shared_rocker_software/autonomous_robot/build/robot_vio/build install --record /shared_rocker_software/autonomous_robot/build/robot_vio/install.log --single-version-externally-managed install_data
[1.359s] Level 1:colcon.colcon_core.environment:checking '/shared_rocker_software/autonomous_robot/install/robot_vio' for CMake config files
[1.360s] Level 1:colcon.colcon_core.environment:checking '/shared_rocker_software/autonomous_robot/install/robot_vio/lib'
[1.360s] Level 1:colcon.colcon_core.environment:checking '/shared_rocker_software/autonomous_robot/install/robot_vio/bin'
[1.360s] Level 1:colcon.colcon_core.environment:checking '/shared_rocker_software/autonomous_robot/install/robot_vio/lib/pkgconfig/robot_vio.pc'
[1.360s] Level 1:colcon.colcon_core.environment:checking '/shared_rocker_software/autonomous_robot/install/robot_vio/lib/python3.10/site-packages'
[1.360s] Level 1:colcon.colcon_core.shell:create_environment_hook('robot_vio', 'pythonpath')
[1.360s] INFO:colcon.colcon_core.shell:Creating environment hook '/shared_rocker_software/autonomous_robot/install/robot_vio/share/robot_vio/hook/pythonpath.ps1'
[1.360s] INFO:colcon.colcon_core.shell:Creating environment descriptor '/shared_rocker_software/autonomous_robot/install/robot_vio/share/robot_vio/hook/pythonpath.dsv'
[1.361s] INFO:colcon.colcon_core.shell:Creating environment hook '/shared_rocker_software/autonomous_robot/install/robot_vio/share/robot_vio/hook/pythonpath.sh'
[1.361s] Level 1:colcon.colcon_core.environment:checking '/shared_rocker_software/autonomous_robot/install/robot_vio/bin'
[1.361s] Level 1:colcon.colcon_core.environment:create_environment_scripts_only(robot_vio)
[1.361s] INFO:colcon.colcon_core.shell:Creating package script '/shared_rocker_software/autonomous_robot/install/robot_vio/share/robot_vio/package.ps1'
[1.362s] INFO:colcon.colcon_core.shell:Creating package descriptor '/shared_rocker_software/autonomous_robot/install/robot_vio/share/robot_vio/package.dsv'
[1.362s] INFO:colcon.colcon_core.shell:Creating package script '/shared_rocker_software/autonomous_robot/install/robot_vio/share/robot_vio/package.sh'
[1.362s] INFO:colcon.colcon_core.shell:Creating package script '/shared_rocker_software/autonomous_robot/install/robot_vio/share/robot_vio/package.bash'
[1.363s] INFO:colcon.colcon_core.shell:Creating package script '/shared_rocker_software/autonomous_robot/install/robot_vio/share/robot_vio/package.zsh'
[1.363s] Level 1:colcon.colcon_core.environment:create_file_with_runtime_dependencies(/shared_rocker_software/autonomous_robot/install/robot_vio/share/colcon-core/packages/robot_vio)
[1.366s] Level 1:colcon.colcon_core.environment:checking '/shared_rocker_software/autonomous_robot/install/robot_mobile_base' for CMake module files
[1.366s] DEBUG:colcon.colcon_core.event_handler.log_command:Invoked command in '/shared_rocker_software/autonomous_robot/src/robot_mobile_base' returned '0': PYTHONPATH=/shared_rocker_software/autonomous_robot/build/robot_mobile_base/prefix_override:/usr/lib/python3/dist-packages/colcon_core/task/python/colcon_distutils_commands:/shared_rocker_software/autonomous_robot/install/robot_mobile_base/lib/python3.10/site-packages:${PYTHONPATH} /usr/bin/python3 -W ignore:setup.py install is deprecated -W ignore:easy_install command is deprecated setup.py egg_info --egg-base ../../build/robot_mobile_base build --build-base /shared_rocker_software/autonomous_robot/build/robot_mobile_base/build install --record /shared_rocker_software/autonomous_robot/build/robot_mobile_base/install.log --single-version-externally-managed install_data
[1.367s] Level 1:colcon.colcon_core.environment:checking '/shared_rocker_software/autonomous_robot/install/robot_mobile_base' for CMake config files
[1.367s] Level 1:colcon.colcon_core.environment:checking '/shared_rocker_software/autonomous_robot/install/robot_mobile_base/lib'
[1.368s] Level 1:colcon.colcon_core.environment:checking '/shared_rocker_software/autonomous_robot/install/robot_mobile_base/bin'
[1.368s] Level 1:colcon.colcon_core.environment:checking '/shared_rocker_software/autonomous_robot/install/robot_mobile_base/lib/pkgconfig/robot_mobile_base.pc'
[1.368s] Level 1:colcon.colcon_core.environment:checking '/shared_rocker_software/autonomous_robot/install/robot_mobile_base/lib/python3.10/site-packages'
[1.368s] Level 1:colcon.colcon_core.shell:create_environment_hook('robot_mobile_base', 'pythonpath')
[1.368s] INFO:colcon.colcon_core.shell:Creating environment hook '/shared_rocker_software/autonomous_robot/install/robot_mobile_base/share/robot_mobile_base/hook/pythonpath.ps1'
[1.368s] INFO:colcon.colcon_core.shell:Creating environment descriptor '/shared_rocker_software/autonomous_robot/install/robot_mobile_base/share/robot_mobile_base/hook/pythonpath.dsv'
[1.368s] INFO:colcon.colcon_core.shell:Creating environment hook '/shared_rocker_software/autonomous_robot/install/robot_mobile_base/share/robot_mobile_base/hook/pythonpath.sh'
[1.369s] Level 1:colcon.colcon_core.environment:checking '/shared_rocker_software/autonomous_robot/install/robot_mobile_base/bin'
[1.369s] Level 1:colcon.colcon_core.environment:create_environment_scripts_only(robot_mobile_base)
[1.369s] INFO:colcon.colcon_core.shell:Creating package script '/shared_rocker_software/autonomous_robot/install/robot_mobile_base/share/robot_mobile_base/package.ps1'
[1.369s] INFO:colcon.colcon_core.shell:Creating package descriptor '/shared_rocker_software/autonomous_robot/install/robot_mobile_base/share/robot_mobile_base/package.dsv'
[1.370s] INFO:colcon.colcon_core.shell:Creating package script '/shared_rocker_software/autonomous_robot/install/robot_mobile_base/share/robot_mobile_base/package.sh'
[1.370s] INFO:colcon.colcon_core.shell:Creating package script '/shared_rocker_software/autonomous_robot/install/robot_mobile_base/share/robot_mobile_base/package.bash'
[1.370s] INFO:colcon.colcon_core.shell:Creating package script '/shared_rocker_software/autonomous_robot/install/robot_mobile_base/share/robot_mobile_base/package.zsh'
[1.370s] Level 1:colcon.colcon_core.environment:create_file_with_runtime_dependencies(/shared_rocker_software/autonomous_robot/install/robot_mobile_base/share/colcon-core/packages/robot_mobile_base)
[1.371s] DEBUG:colcon.colcon_parallel_executor.executor.parallel:closing loop
[1.371s] DEBUG:colcon.colcon_parallel_executor.executor.parallel:loop closed
[1.371s] DEBUG:colcon.colcon_parallel_executor.executor.parallel:run_until_complete finished with '0'
[1.371s] DEBUG:colcon.colcon_core.event_reactor:joining thread
[1.375s] INFO:colcon.colcon_core.plugin_system:Skipping extension 'colcon_notification.desktop_notification.notify_send': Could not find 'notify-send'
[1.375s] INFO:colcon.colcon_core.plugin_system:Skipping extension 'colcon_notification.desktop_notification.terminal_notifier': Not used on non-Darwin systems
[1.375s] INFO:colcon.colcon_core.plugin_system:Skipping extension 'colcon_notification.desktop_notification.win32': Not used on non-Windows systems
[1.375s] INFO:colcon.colcon_notification.desktop_notification:Sending desktop notification using 'notify2'
[1.378s] DEBUG:colcon.colcon_notification.desktop_notification.notify2:Failed to initialize notify2: org.freedesktop.DBus.Error.Spawn.ExecFailed: /usr/bin/dbus-launch terminated abnormally without any error message
[1.378s] DEBUG:colcon.colcon_core.event_reactor:joined thread
[1.379s] INFO:colcon.colcon_core.shell:Creating prefix script '/shared_rocker_software/autonomous_robot/install/local_setup.ps1'
[1.380s] INFO:colcon.colcon_core.shell:Creating prefix util module '/shared_rocker_software/autonomous_robot/install/_local_setup_util_ps1.py'
[1.381s] INFO:colcon.colcon_core.shell:Creating prefix chain script '/shared_rocker_software/autonomous_robot/install/setup.ps1'
[1.382s] INFO:colcon.colcon_core.shell:Creating prefix script '/shared_rocker_software/autonomous_robot/install/local_setup.sh'
[1.382s] INFO:colcon.colcon_core.shell:Creating prefix util module '/shared_rocker_software/autonomous_robot/install/_local_setup_util_sh.py'
[1.383s] INFO:colcon.colcon_core.shell:Creating prefix chain script '/shared_rocker_software/autonomous_robot/install/setup.sh'
[1.384s] INFO:colcon.colcon_core.shell:Creating prefix script '/shared_rocker_software/autonomous_robot/install/local_setup.bash'
[1.384s] INFO:colcon.colcon_core.shell:Creating prefix chain script '/shared_rocker_software/autonomous_robot/install/setup.bash'
[1.385s] INFO:colcon.colcon_core.shell:Creating prefix script '/shared_rocker_software/autonomous_robot/install/local_setup.zsh'
[1.385s] INFO:colcon.colcon_core.shell:Creating prefix chain script '/shared_rocker_software/autonomous_robot/install/setup.zsh'
