[0.086s] DEBUG:colcon:Command line arguments: ['/usr/bin/colcon', 'build']
[0.087s] DEBUG:colcon:Parsed command line arguments: Namespace(log_base=None, log_level=None, verb_name='build', build_base='build', install_base='install', merge_install=False, symlink_install=False, test_result_base=None, continue_on_error=False, executor='parallel', parallel_workers=16, event_handlers=None, ignore_user_meta=False, metas=['./colcon.meta'], base_paths=['.'], packages_ignore=None, packages_ignore_regex=None, paths=None, packages_up_to=None, packages_up_to_regex=None, packages_above=None, packages_above_and_dependencies=None, packages_above_depth=None, packages_select_by_dep=None, packages_skip_by_dep=None, packages_skip_up_to=None, packages_select_build_failed=False, packages_skip_build_finished=False, packages_select_test_failures=False, packages_skip_test_passed=False, packages_select=None, packages_skip=None, packages_select_regex=None, packages_skip_regex=None, packages_start=None, packages_end=None, cmake_args=None, cmake_target=None, cmake_target_skip_unavailable=False, cmake_clean_cache=False, cmake_clean_first=False, cmake_force_configure=False, ament_cmake_args=None, catkin_cmake_args=None, catkin_skip_building_tests=False, mixin_files=None, mixin=None, verb_parser=<colcon_mixin.mixin.mixin_argument.MixinArgumentDecorator object at 0x7e87fe3c1030>, verb_extension=<colcon_core.verb.build.BuildVerb object at 0x7e87fe555ea0>, main=<bound method BuildVerb.main of <colcon_core.verb.build.BuildVerb object at 0x7e87fe555ea0>>, mixin_verb=('build',))
[0.200s] Level 1:colcon.colcon_core.package_discovery:discover_packages(colcon_meta) check parameters
[0.200s] INFO:colcon.colcon_metadata.package_discovery.colcon_meta:Using configuration from '/root/.colcon/metadata/default/Gazebo.meta'
[0.201s] INFO:colcon.colcon_metadata.package_discovery.colcon_meta:Using configuration from '/root/.colcon/metadata/default/fastdds.meta'
[0.201s] INFO:colcon.colcon_metadata.package_discovery.colcon_meta:Using configuration from '/root/.colcon/metadata/default/fastrtps.meta'
[0.201s] Level 1:colcon.colcon_core.package_discovery:discover_packages(recursive) check parameters
[0.201s] Level 1:colcon.colcon_core.package_discovery:discover_packages(ignore) check parameters
[0.201s] Level 1:colcon.colcon_core.package_discovery:discover_packages(path) check parameters
[0.201s] Level 1:colcon.colcon_core.package_discovery:discover_packages(colcon_meta) discover
[0.201s] Level 1:colcon.colcon_core.package_discovery:discover_packages(recursive) discover
[0.201s] INFO:colcon.colcon_core.package_discovery:Crawling recursively for packages in '/shared_rocker_software/autonomous_robot/autonomous_ws'
[0.201s] Level 1:colcon.colcon_core.package_identification:_identify(.) by extensions ['ignore', 'ignore_ament_install']
[0.201s] Level 1:colcon.colcon_core.package_identification:_identify(.) by extension 'ignore'
[0.201s] Level 1:colcon.colcon_core.package_identification:_identify(.) by extension 'ignore_ament_install'
[0.201s] Level 1:colcon.colcon_core.package_identification:_identify(.) by extensions ['colcon_pkg']
[0.201s] Level 1:colcon.colcon_core.package_identification:_identify(.) by extension 'colcon_pkg'
[0.201s] Level 1:colcon.colcon_core.package_identification:_identify(.) by extensions ['colcon_meta']
[0.201s] Level 1:colcon.colcon_core.package_identification:_identify(.) by extension 'colcon_meta'
[0.201s] Level 1:colcon.colcon_core.package_identification:_identify(.) by extensions ['ros']
[0.201s] Level 1:colcon.colcon_core.package_identification:_identify(.) by extension 'ros'
[0.209s] Level 1:colcon.colcon_core.package_identification:_identify(.) by extensions ['cmake', 'python']
[0.209s] Level 1:colcon.colcon_core.package_identification:_identify(.) by extension 'cmake'
[0.209s] Level 1:colcon.colcon_core.package_identification:_identify(.) by extension 'python'
[0.209s] Level 1:colcon.colcon_core.package_identification:_identify(.) by extensions ['python_setup_py']
[0.209s] Level 1:colcon.colcon_core.package_identification:_identify(.) by extension 'python_setup_py'
[0.209s] Level 1:colcon.colcon_core.package_identification:_identify(build) by extensions ['ignore', 'ignore_ament_install']
[0.209s] Level 1:colcon.colcon_core.package_identification:_identify(build) by extension 'ignore'
[0.209s] Level 1:colcon.colcon_core.package_identification:_identify(build) ignored
[0.209s] Level 1:colcon.colcon_core.package_identification:_identify(install) by extensions ['ignore', 'ignore_ament_install']
[0.209s] Level 1:colcon.colcon_core.package_identification:_identify(install) by extension 'ignore'
[0.209s] Level 1:colcon.colcon_core.package_identification:_identify(install) ignored
[0.209s] Level 1:colcon.colcon_core.package_identification:_identify(log) by extensions ['ignore', 'ignore_ament_install']
[0.209s] Level 1:colcon.colcon_core.package_identification:_identify(log) by extension 'ignore'
[0.209s] Level 1:colcon.colcon_core.package_identification:_identify(log) ignored
[0.209s] Level 1:colcon.colcon_core.package_identification:_identify(src) by extensions ['ignore', 'ignore_ament_install']
[0.209s] Level 1:colcon.colcon_core.package_identification:_identify(src) by extension 'ignore'
[0.209s] Level 1:colcon.colcon_core.package_identification:_identify(src) by extension 'ignore_ament_install'
[0.209s] Level 1:colcon.colcon_core.package_identification:_identify(src) by extensions ['colcon_pkg']
[0.209s] Level 1:colcon.colcon_core.package_identification:_identify(src) by extension 'colcon_pkg'
[0.210s] Level 1:colcon.colcon_core.package_identification:_identify(src) by extensions ['colcon_meta']
[0.210s] Level 1:colcon.colcon_core.package_identification:_identify(src) by extension 'colcon_meta'
[0.210s] Level 1:colcon.colcon_core.package_identification:_identify(src) by extensions ['ros']
[0.210s] Level 1:colcon.colcon_core.package_identification:_identify(src) by extension 'ros'
[0.210s] Level 1:colcon.colcon_core.package_identification:_identify(src) by extensions ['cmake', 'python']
[0.210s] Level 1:colcon.colcon_core.package_identification:_identify(src) by extension 'cmake'
[0.210s] Level 1:colcon.colcon_core.package_identification:_identify(src) by extension 'python'
[0.210s] Level 1:colcon.colcon_core.package_identification:_identify(src) by extensions ['python_setup_py']
[0.210s] Level 1:colcon.colcon_core.package_identification:_identify(src) by extension 'python_setup_py'
[0.210s] Level 1:colcon.colcon_core.package_identification:_identify(src/robot_description) by extensions ['ignore', 'ignore_ament_install']
[0.210s] Level 1:colcon.colcon_core.package_identification:_identify(src/robot_description) by extension 'ignore'
[0.210s] Level 1:colcon.colcon_core.package_identification:_identify(src/robot_description) by extension 'ignore_ament_install'
[0.210s] Level 1:colcon.colcon_core.package_identification:_identify(src/robot_description) by extensions ['colcon_pkg']
[0.210s] Level 1:colcon.colcon_core.package_identification:_identify(src/robot_description) by extension 'colcon_pkg'
[0.210s] Level 1:colcon.colcon_core.package_identification:_identify(src/robot_description) by extensions ['colcon_meta']
[0.210s] Level 1:colcon.colcon_core.package_identification:_identify(src/robot_description) by extension 'colcon_meta'
[0.210s] Level 1:colcon.colcon_core.package_identification:_identify(src/robot_description) by extensions ['ros']
[0.210s] Level 1:colcon.colcon_core.package_identification:_identify(src/robot_description) by extension 'ros'
[0.212s] DEBUG:colcon.colcon_core.package_identification:Package 'src/robot_description' with type 'ros.ament_cmake' and name 'robot_description'
[0.212s] Level 1:colcon.colcon_core.package_identification:_identify(src/robot_mobile_base) by extensions ['ignore', 'ignore_ament_install']
[0.212s] Level 1:colcon.colcon_core.package_identification:_identify(src/robot_mobile_base) by extension 'ignore'
[0.212s] Level 1:colcon.colcon_core.package_identification:_identify(src/robot_mobile_base) by extension 'ignore_ament_install'
[0.212s] Level 1:colcon.colcon_core.package_identification:_identify(src/robot_mobile_base) by extensions ['colcon_pkg']
[0.212s] Level 1:colcon.colcon_core.package_identification:_identify(src/robot_mobile_base) by extension 'colcon_pkg'
[0.212s] Level 1:colcon.colcon_core.package_identification:_identify(src/robot_mobile_base) by extensions ['colcon_meta']
[0.212s] Level 1:colcon.colcon_core.package_identification:_identify(src/robot_mobile_base) by extension 'colcon_meta'
[0.212s] Level 1:colcon.colcon_core.package_identification:_identify(src/robot_mobile_base) by extensions ['ros']
[0.212s] Level 1:colcon.colcon_core.package_identification:_identify(src/robot_mobile_base) by extension 'ros'
[0.212s] DEBUG:colcon.colcon_core.package_identification:Package 'src/robot_mobile_base' with type 'ros.ament_python' and name 'robot_mobile_base'
[0.213s] Level 1:colcon.colcon_core.package_identification:_identify(src/robot_odometry) by extensions ['ignore', 'ignore_ament_install']
[0.213s] Level 1:colcon.colcon_core.package_identification:_identify(src/robot_odometry) by extension 'ignore'
[0.213s] Level 1:colcon.colcon_core.package_identification:_identify(src/robot_odometry) by extension 'ignore_ament_install'
[0.213s] Level 1:colcon.colcon_core.package_identification:_identify(src/robot_odometry) by extensions ['colcon_pkg']
[0.213s] Level 1:colcon.colcon_core.package_identification:_identify(src/robot_odometry) by extension 'colcon_pkg'
[0.213s] Level 1:colcon.colcon_core.package_identification:_identify(src/robot_odometry) by extensions ['colcon_meta']
[0.213s] Level 1:colcon.colcon_core.package_identification:_identify(src/robot_odometry) by extension 'colcon_meta'
[0.213s] Level 1:colcon.colcon_core.package_identification:_identify(src/robot_odometry) by extensions ['ros']
[0.213s] Level 1:colcon.colcon_core.package_identification:_identify(src/robot_odometry) by extension 'ros'
[0.213s] DEBUG:colcon.colcon_core.package_identification:Package 'src/robot_odometry' with type 'ros.ament_cmake' and name 'robot_odometry'
[0.214s] Level 1:colcon.colcon_core.package_identification:_identify(src/robot_vio) by extensions ['ignore', 'ignore_ament_install']
[0.214s] Level 1:colcon.colcon_core.package_identification:_identify(src/robot_vio) by extension 'ignore'
[0.214s] Level 1:colcon.colcon_core.package_identification:_identify(src/robot_vio) by extension 'ignore_ament_install'
[0.214s] Level 1:colcon.colcon_core.package_identification:_identify(src/robot_vio) by extensions ['colcon_pkg']
[0.214s] Level 1:colcon.colcon_core.package_identification:_identify(src/robot_vio) by extension 'colcon_pkg'
[0.214s] Level 1:colcon.colcon_core.package_identification:_identify(src/robot_vio) by extensions ['colcon_meta']
[0.214s] Level 1:colcon.colcon_core.package_identification:_identify(src/robot_vio) by extension 'colcon_meta'
[0.214s] Level 1:colcon.colcon_core.package_identification:_identify(src/robot_vio) by extensions ['ros']
[0.214s] Level 1:colcon.colcon_core.package_identification:_identify(src/robot_vio) by extension 'ros'
[0.214s] DEBUG:colcon.colcon_core.package_identification:Package 'src/robot_vio' with type 'ros.ament_python' and name 'robot_vio'
[0.214s] Level 1:colcon.colcon_core.package_identification:_identify(src/sllidar_ros2) by extensions ['ignore', 'ignore_ament_install']
[0.214s] Level 1:colcon.colcon_core.package_identification:_identify(src/sllidar_ros2) by extension 'ignore'
[0.214s] Level 1:colcon.colcon_core.package_identification:_identify(src/sllidar_ros2) by extension 'ignore_ament_install'
[0.214s] Level 1:colcon.colcon_core.package_identification:_identify(src/sllidar_ros2) by extensions ['colcon_pkg']
[0.214s] Level 1:colcon.colcon_core.package_identification:_identify(src/sllidar_ros2) by extension 'colcon_pkg'
[0.215s] Level 1:colcon.colcon_core.package_identification:_identify(src/sllidar_ros2) by extensions ['colcon_meta']
[0.215s] Level 1:colcon.colcon_core.package_identification:_identify(src/sllidar_ros2) by extension 'colcon_meta'
[0.215s] Level 1:colcon.colcon_core.package_identification:_identify(src/sllidar_ros2) by extensions ['ros']
[0.215s] Level 1:colcon.colcon_core.package_identification:_identify(src/sllidar_ros2) by extension 'ros'
[0.215s] DEBUG:colcon.colcon_core.package_identification:Package 'src/sllidar_ros2' with type 'ros.ament_cmake' and name 'sllidar_ros2'
[0.215s] Level 1:colcon.colcon_core.package_discovery:discover_packages(recursive) using defaults
[0.215s] Level 1:colcon.colcon_core.package_discovery:discover_packages(ignore) discover
[0.215s] Level 1:colcon.colcon_core.package_discovery:discover_packages(ignore) using defaults
[0.215s] Level 1:colcon.colcon_core.package_discovery:discover_packages(path) discover
[0.215s] Level 1:colcon.colcon_core.package_discovery:discover_packages(path) using defaults
[0.236s] Level 5:colcon.colcon_core.verb:set package 'robot_description' build argument 'cmake_args' from command line to 'None'
[0.236s] Level 5:colcon.colcon_core.verb:set package 'robot_description' build argument 'cmake_target' from command line to 'None'
[0.236s] Level 5:colcon.colcon_core.verb:set package 'robot_description' build argument 'cmake_target_skip_unavailable' from command line to 'False'
[0.236s] Level 5:colcon.colcon_core.verb:set package 'robot_description' build argument 'cmake_clean_cache' from command line to 'False'
[0.236s] Level 5:colcon.colcon_core.verb:set package 'robot_description' build argument 'cmake_clean_first' from command line to 'False'
[0.236s] Level 5:colcon.colcon_core.verb:set package 'robot_description' build argument 'cmake_force_configure' from command line to 'False'
[0.236s] Level 5:colcon.colcon_core.verb:set package 'robot_description' build argument 'ament_cmake_args' from command line to 'None'
[0.236s] Level 5:colcon.colcon_core.verb:set package 'robot_description' build argument 'catkin_cmake_args' from command line to 'None'
[0.236s] Level 5:colcon.colcon_core.verb:set package 'robot_description' build argument 'catkin_skip_building_tests' from command line to 'False'
[0.236s] DEBUG:colcon.colcon_core.verb:Building package 'robot_description' with the following arguments: {'ament_cmake_args': None, 'build_base': '/shared_rocker_software/autonomous_robot/autonomous_ws/build/robot_description', 'catkin_cmake_args': None, 'catkin_skip_building_tests': False, 'cmake_args': None, 'cmake_clean_cache': False, 'cmake_clean_first': False, 'cmake_force_configure': False, 'cmake_target': None, 'cmake_target_skip_unavailable': False, 'install_base': '/shared_rocker_software/autonomous_robot/autonomous_ws/install/robot_description', 'merge_install': False, 'path': '/shared_rocker_software/autonomous_robot/autonomous_ws/src/robot_description', 'symlink_install': False, 'test_result_base': None}
[0.237s] Level 5:colcon.colcon_core.verb:set package 'robot_mobile_base' build argument 'cmake_args' from command line to 'None'
[0.237s] Level 5:colcon.colcon_core.verb:set package 'robot_mobile_base' build argument 'cmake_target' from command line to 'None'
[0.237s] Level 5:colcon.colcon_core.verb:set package 'robot_mobile_base' build argument 'cmake_target_skip_unavailable' from command line to 'False'
[0.237s] Level 5:colcon.colcon_core.verb:set package 'robot_mobile_base' build argument 'cmake_clean_cache' from command line to 'False'
[0.237s] Level 5:colcon.colcon_core.verb:set package 'robot_mobile_base' build argument 'cmake_clean_first' from command line to 'False'
[0.237s] Level 5:colcon.colcon_core.verb:set package 'robot_mobile_base' build argument 'cmake_force_configure' from command line to 'False'
[0.237s] Level 5:colcon.colcon_core.verb:set package 'robot_mobile_base' build argument 'ament_cmake_args' from command line to 'None'
[0.237s] Level 5:colcon.colcon_core.verb:set package 'robot_mobile_base' build argument 'catkin_cmake_args' from command line to 'None'
[0.237s] Level 5:colcon.colcon_core.verb:set package 'robot_mobile_base' build argument 'catkin_skip_building_tests' from command line to 'False'
[0.237s] DEBUG:colcon.colcon_core.verb:Building package 'robot_mobile_base' with the following arguments: {'ament_cmake_args': None, 'build_base': '/shared_rocker_software/autonomous_robot/autonomous_ws/build/robot_mobile_base', 'catkin_cmake_args': None, 'catkin_skip_building_tests': False, 'cmake_args': None, 'cmake_clean_cache': False, 'cmake_clean_first': False, 'cmake_force_configure': False, 'cmake_target': None, 'cmake_target_skip_unavailable': False, 'install_base': '/shared_rocker_software/autonomous_robot/autonomous_ws/install/robot_mobile_base', 'merge_install': False, 'path': '/shared_rocker_software/autonomous_robot/autonomous_ws/src/robot_mobile_base', 'symlink_install': False, 'test_result_base': None}
[0.237s] Level 5:colcon.colcon_core.verb:set package 'robot_odometry' build argument 'cmake_args' from command line to 'None'
[0.237s] Level 5:colcon.colcon_core.verb:set package 'robot_odometry' build argument 'cmake_target' from command line to 'None'
[0.237s] Level 5:colcon.colcon_core.verb:set package 'robot_odometry' build argument 'cmake_target_skip_unavailable' from command line to 'False'
[0.237s] Level 5:colcon.colcon_core.verb:set package 'robot_odometry' build argument 'cmake_clean_cache' from command line to 'False'
[0.237s] Level 5:colcon.colcon_core.verb:set package 'robot_odometry' build argument 'cmake_clean_first' from command line to 'False'
[0.237s] Level 5:colcon.colcon_core.verb:set package 'robot_odometry' build argument 'cmake_force_configure' from command line to 'False'
[0.237s] Level 5:colcon.colcon_core.verb:set package 'robot_odometry' build argument 'ament_cmake_args' from command line to 'None'
[0.237s] Level 5:colcon.colcon_core.verb:set package 'robot_odometry' build argument 'catkin_cmake_args' from command line to 'None'
[0.237s] Level 5:colcon.colcon_core.verb:set package 'robot_odometry' build argument 'catkin_skip_building_tests' from command line to 'False'
[0.237s] DEBUG:colcon.colcon_core.verb:Building package 'robot_odometry' with the following arguments: {'ament_cmake_args': None, 'build_base': '/shared_rocker_software/autonomous_robot/autonomous_ws/build/robot_odometry', 'catkin_cmake_args': None, 'catkin_skip_building_tests': False, 'cmake_args': None, 'cmake_clean_cache': False, 'cmake_clean_first': False, 'cmake_force_configure': False, 'cmake_target': None, 'cmake_target_skip_unavailable': False, 'install_base': '/shared_rocker_software/autonomous_robot/autonomous_ws/install/robot_odometry', 'merge_install': False, 'path': '/shared_rocker_software/autonomous_robot/autonomous_ws/src/robot_odometry', 'symlink_install': False, 'test_result_base': None}
[0.238s] Level 5:colcon.colcon_core.verb:set package 'robot_vio' build argument 'cmake_args' from command line to 'None'
[0.238s] Level 5:colcon.colcon_core.verb:set package 'robot_vio' build argument 'cmake_target' from command line to 'None'
[0.238s] Level 5:colcon.colcon_core.verb:set package 'robot_vio' build argument 'cmake_target_skip_unavailable' from command line to 'False'
[0.238s] Level 5:colcon.colcon_core.verb:set package 'robot_vio' build argument 'cmake_clean_cache' from command line to 'False'
[0.238s] Level 5:colcon.colcon_core.verb:set package 'robot_vio' build argument 'cmake_clean_first' from command line to 'False'
[0.238s] Level 5:colcon.colcon_core.verb:set package 'robot_vio' build argument 'cmake_force_configure' from command line to 'False'
[0.238s] Level 5:colcon.colcon_core.verb:set package 'robot_vio' build argument 'ament_cmake_args' from command line to 'None'
[0.238s] Level 5:colcon.colcon_core.verb:set package 'robot_vio' build argument 'catkin_cmake_args' from command line to 'None'
[0.238s] Level 5:colcon.colcon_core.verb:set package 'robot_vio' build argument 'catkin_skip_building_tests' from command line to 'False'
[0.238s] DEBUG:colcon.colcon_core.verb:Building package 'robot_vio' with the following arguments: {'ament_cmake_args': None, 'build_base': '/shared_rocker_software/autonomous_robot/autonomous_ws/build/robot_vio', 'catkin_cmake_args': None, 'catkin_skip_building_tests': False, 'cmake_args': None, 'cmake_clean_cache': False, 'cmake_clean_first': False, 'cmake_force_configure': False, 'cmake_target': None, 'cmake_target_skip_unavailable': False, 'install_base': '/shared_rocker_software/autonomous_robot/autonomous_ws/install/robot_vio', 'merge_install': False, 'path': '/shared_rocker_software/autonomous_robot/autonomous_ws/src/robot_vio', 'symlink_install': False, 'test_result_base': None}
[0.238s] Level 5:colcon.colcon_core.verb:set package 'sllidar_ros2' build argument 'cmake_args' from command line to 'None'
[0.238s] Level 5:colcon.colcon_core.verb:set package 'sllidar_ros2' build argument 'cmake_target' from command line to 'None'
[0.238s] Level 5:colcon.colcon_core.verb:set package 'sllidar_ros2' build argument 'cmake_target_skip_unavailable' from command line to 'False'
[0.238s] Level 5:colcon.colcon_core.verb:set package 'sllidar_ros2' build argument 'cmake_clean_cache' from command line to 'False'
[0.238s] Level 5:colcon.colcon_core.verb:set package 'sllidar_ros2' build argument 'cmake_clean_first' from command line to 'False'
[0.238s] Level 5:colcon.colcon_core.verb:set package 'sllidar_ros2' build argument 'cmake_force_configure' from command line to 'False'
[0.238s] Level 5:colcon.colcon_core.verb:set package 'sllidar_ros2' build argument 'ament_cmake_args' from command line to 'None'
[0.238s] Level 5:colcon.colcon_core.verb:set package 'sllidar_ros2' build argument 'catkin_cmake_args' from command line to 'None'
[0.238s] Level 5:colcon.colcon_core.verb:set package 'sllidar_ros2' build argument 'catkin_skip_building_tests' from command line to 'False'
[0.238s] DEBUG:colcon.colcon_core.verb:Building package 'sllidar_ros2' with the following arguments: {'ament_cmake_args': None, 'build_base': '/shared_rocker_software/autonomous_robot/autonomous_ws/build/sllidar_ros2', 'catkin_cmake_args': None, 'catkin_skip_building_tests': False, 'cmake_args': None, 'cmake_clean_cache': False, 'cmake_clean_first': False, 'cmake_force_configure': False, 'cmake_target': None, 'cmake_target_skip_unavailable': False, 'install_base': '/shared_rocker_software/autonomous_robot/autonomous_ws/install/sllidar_ros2', 'merge_install': False, 'path': '/shared_rocker_software/autonomous_robot/autonomous_ws/src/sllidar_ros2', 'symlink_install': False, 'test_result_base': None}
[0.238s] INFO:colcon.colcon_core.executor:Executing jobs using 'parallel' executor
[0.239s] DEBUG:colcon.colcon_parallel_executor.executor.parallel:run_until_complete
[0.239s] INFO:colcon.colcon_ros.task.ament_cmake.build:Building ROS package in '/shared_rocker_software/autonomous_robot/autonomous_ws/src/robot_description' with build type 'ament_cmake'
[0.239s] INFO:colcon.colcon_cmake.task.cmake.build:Building CMake package in '/shared_rocker_software/autonomous_robot/autonomous_ws/src/robot_description'
[0.242s] INFO:colcon.colcon_core.plugin_system:Skipping extension 'colcon_core.shell.bat': Not used on non-Windows systems
[0.242s] INFO:colcon.colcon_core.shell:Skip shell extension 'powershell' for command environment: Not usable outside of PowerShell
[0.242s] DEBUG:colcon.colcon_core.shell:Skip shell extension 'dsv' for command environment
[0.243s] WARNING:colcon.colcon_ros.prefix_path.ament:The path '/shared_rocker_software/autonomous_robot/autonomous_ws/install/sllidar_ros2' in the environment variable AMENT_PREFIX_PATH doesn't exist
[0.243s] WARNING:colcon.colcon_ros.prefix_path.ament:The path '/shared_rocker_software/autonomous_robot/autonomous_ws/install/robot_vio' in the environment variable AMENT_PREFIX_PATH doesn't exist
[0.243s] WARNING:colcon.colcon_ros.prefix_path.ament:The path '/shared_rocker_software/autonomous_robot/autonomous_ws/install/robot_odometry' in the environment variable AMENT_PREFIX_PATH doesn't exist
[0.243s] WARNING:colcon.colcon_ros.prefix_path.ament:The path '/shared_rocker_software/autonomous_robot/autonomous_ws/install/robot_mobile_base' in the environment variable AMENT_PREFIX_PATH doesn't exist
[0.243s] WARNING:colcon.colcon_ros.prefix_path.ament:The path '/shared_rocker_software/autonomous_robot/autonomous_ws/install/robot_description' in the environment variable AMENT_PREFIX_PATH doesn't exist
[0.243s] WARNING:colcon.colcon_ros.prefix_path.catkin:The path '/shared_rocker_software/autonomous_robot/autonomous_ws/install/sllidar_ros2' in the environment variable CMAKE_PREFIX_PATH doesn't exist
[0.244s] WARNING:colcon.colcon_ros.prefix_path.catkin:The path '/shared_rocker_software/autonomous_robot/autonomous_ws/install/robot_odometry' in the environment variable CMAKE_PREFIX_PATH doesn't exist
[0.244s] WARNING:colcon.colcon_ros.prefix_path.catkin:The path '/shared_rocker_software/autonomous_robot/autonomous_ws/install/robot_description' in the environment variable CMAKE_PREFIX_PATH doesn't exist
[0.248s] INFO:colcon.colcon_ros.task.ament_python.build:Building ROS package in '/shared_rocker_software/autonomous_robot/autonomous_ws/src/robot_mobile_base' with build type 'ament_python'
[0.248s] Level 1:colcon.colcon_core.shell:create_environment_hook('robot_mobile_base', 'ament_prefix_path')
[0.248s] INFO:colcon.colcon_core.shell:Creating environment hook '/shared_rocker_software/autonomous_robot/autonomous_ws/install/robot_mobile_base/share/robot_mobile_base/hook/ament_prefix_path.ps1'
[0.249s] INFO:colcon.colcon_core.shell:Creating environment descriptor '/shared_rocker_software/autonomous_robot/autonomous_ws/install/robot_mobile_base/share/robot_mobile_base/hook/ament_prefix_path.dsv'
[0.249s] INFO:colcon.colcon_core.shell:Creating environment hook '/shared_rocker_software/autonomous_robot/autonomous_ws/install/robot_mobile_base/share/robot_mobile_base/hook/ament_prefix_path.sh'
[0.250s] INFO:colcon.colcon_core.shell:Skip shell extension 'powershell' for command environment: Not usable outside of PowerShell
[0.250s] DEBUG:colcon.colcon_core.shell:Skip shell extension 'dsv' for command environment
[0.253s] INFO:colcon.colcon_ros.task.ament_cmake.build:Building ROS package in '/shared_rocker_software/autonomous_robot/autonomous_ws/src/robot_odometry' with build type 'ament_cmake'
[0.253s] INFO:colcon.colcon_cmake.task.cmake.build:Building CMake package in '/shared_rocker_software/autonomous_robot/autonomous_ws/src/robot_odometry'
[0.253s] INFO:colcon.colcon_core.shell:Skip shell extension 'powershell' for command environment: Not usable outside of PowerShell
[0.253s] DEBUG:colcon.colcon_core.shell:Skip shell extension 'dsv' for command environment
[0.257s] INFO:colcon.colcon_ros.task.ament_python.build:Building ROS package in '/shared_rocker_software/autonomous_robot/autonomous_ws/src/robot_vio' with build type 'ament_python'
[0.257s] Level 1:colcon.colcon_core.shell:create_environment_hook('robot_vio', 'ament_prefix_path')
[0.257s] INFO:colcon.colcon_core.shell:Creating environment hook '/shared_rocker_software/autonomous_robot/autonomous_ws/install/robot_vio/share/robot_vio/hook/ament_prefix_path.ps1'
[0.258s] INFO:colcon.colcon_core.shell:Creating environment descriptor '/shared_rocker_software/autonomous_robot/autonomous_ws/install/robot_vio/share/robot_vio/hook/ament_prefix_path.dsv'
[0.258s] INFO:colcon.colcon_core.shell:Creating environment hook '/shared_rocker_software/autonomous_robot/autonomous_ws/install/robot_vio/share/robot_vio/hook/ament_prefix_path.sh'
[0.258s] INFO:colcon.colcon_core.shell:Skip shell extension 'powershell' for command environment: Not usable outside of PowerShell
[0.258s] DEBUG:colcon.colcon_core.shell:Skip shell extension 'dsv' for command environment
[0.262s] INFO:colcon.colcon_ros.task.ament_cmake.build:Building ROS package in '/shared_rocker_software/autonomous_robot/autonomous_ws/src/sllidar_ros2' with build type 'ament_cmake'
[0.262s] INFO:colcon.colcon_cmake.task.cmake.build:Building CMake package in '/shared_rocker_software/autonomous_robot/autonomous_ws/src/sllidar_ros2'
[0.262s] INFO:colcon.colcon_core.shell:Skip shell extension 'powershell' for command environment: Not usable outside of PowerShell
[0.262s] DEBUG:colcon.colcon_core.shell:Skip shell extension 'dsv' for command environment
[0.268s] DEBUG:colcon.colcon_core.event_handler.log_command:Invoking command in '/shared_rocker_software/autonomous_robot/autonomous_ws/build/robot_description': CMAKE_PREFIX_PATH=${CMAKE_PREFIX_PATH}:/shared_rocker_software/autonomous_robot/autonomous_ws/install/robot_vio:/shared_rocker_software/autonomous_robot/autonomous_ws/install/robot_mobile_base:/opt/ros/humble /usr/bin/cmake /shared_rocker_software/autonomous_robot/autonomous_ws/src/robot_description -DCMAKE_INSTALL_PREFIX=/shared_rocker_software/autonomous_robot/autonomous_ws/install/robot_description
[0.449s] INFO:colcon.colcon_core.task.python.build:Building Python package in '/shared_rocker_software/autonomous_robot/autonomous_ws/src/robot_mobile_base'
[0.450s] INFO:colcon.colcon_core.shell:Skip shell extension 'powershell' for command environment: Not usable outside of PowerShell
[0.450s] DEBUG:colcon.colcon_core.shell:Skip shell extension 'dsv' for command environment
[0.455s] DEBUG:colcon.colcon_core.event_handler.log_command:Invoking command in '/shared_rocker_software/autonomous_robot/autonomous_ws/build/robot_odometry': CMAKE_PREFIX_PATH=${CMAKE_PREFIX_PATH}:/shared_rocker_software/autonomous_robot/autonomous_ws/install/robot_vio:/shared_rocker_software/autonomous_robot/autonomous_ws/install/robot_mobile_base:/opt/ros/humble /usr/bin/cmake /shared_rocker_software/autonomous_robot/autonomous_ws/src/robot_odometry -DCMAKE_INSTALL_PREFIX=/shared_rocker_software/autonomous_robot/autonomous_ws/install/robot_odometry
[0.640s] INFO:colcon.colcon_core.task.python.build:Building Python package in '/shared_rocker_software/autonomous_robot/autonomous_ws/src/robot_vio'
[0.640s] INFO:colcon.colcon_core.shell:Skip shell extension 'powershell' for command environment: Not usable outside of PowerShell
[0.640s] DEBUG:colcon.colcon_core.shell:Skip shell extension 'dsv' for command environment
[0.649s] DEBUG:colcon.colcon_core.event_handler.log_command:Invoking command in '/shared_rocker_software/autonomous_robot/autonomous_ws/build/sllidar_ros2': CMAKE_PREFIX_PATH=${CMAKE_PREFIX_PATH}:/shared_rocker_software/autonomous_robot/autonomous_ws/install/robot_vio:/shared_rocker_software/autonomous_robot/autonomous_ws/install/robot_mobile_base:/opt/ros/humble /usr/bin/cmake /shared_rocker_software/autonomous_robot/autonomous_ws/src/sllidar_ros2 -DCMAKE_INSTALL_PREFIX=/shared_rocker_software/autonomous_robot/autonomous_ws/install/sllidar_ros2
[1.108s] DEBUG:colcon.colcon_core.event_handler.log_command:Invoking command in '/shared_rocker_software/autonomous_robot/autonomous_ws/src/robot_vio': PYTHONPATH=/shared_rocker_software/autonomous_robot/autonomous_ws/build/robot_vio/prefix_override:/usr/lib/python3/dist-packages/colcon_core/task/python/colcon_distutils_commands:/shared_rocker_software/autonomous_robot/autonomous_ws/install/robot_vio/lib/python3.10/site-packages:${PYTHONPATH} /usr/bin/python3 -W ignore:setup.py install is deprecated -W ignore:easy_install command is deprecated setup.py egg_info --egg-base ../../build/robot_vio build --build-base /shared_rocker_software/autonomous_robot/autonomous_ws/build/robot_vio/build install --record /shared_rocker_software/autonomous_robot/autonomous_ws/build/robot_vio/install.log --single-version-externally-managed install_data
[1.110s] DEBUG:colcon.colcon_core.event_handler.log_command:Invoking command in '/shared_rocker_software/autonomous_robot/autonomous_ws/src/robot_mobile_base': PYTHONPATH=/shared_rocker_software/autonomous_robot/autonomous_ws/build/robot_mobile_base/prefix_override:/usr/lib/python3/dist-packages/colcon_core/task/python/colcon_distutils_commands:/shared_rocker_software/autonomous_robot/autonomous_ws/install/robot_mobile_base/lib/python3.10/site-packages:${PYTHONPATH} /usr/bin/python3 -W ignore:setup.py install is deprecated -W ignore:easy_install command is deprecated setup.py egg_info --egg-base ../../build/robot_mobile_base build --build-base /shared_rocker_software/autonomous_robot/autonomous_ws/build/robot_mobile_base/build install --record /shared_rocker_software/autonomous_robot/autonomous_ws/build/robot_mobile_base/install.log --single-version-externally-managed install_data
[1.335s] DEBUG:colcon.colcon_core.event_handler.log_command:Invoked command in '/shared_rocker_software/autonomous_robot/autonomous_ws/src/robot_vio' returned '0': PYTHONPATH=/shared_rocker_software/autonomous_robot/autonomous_ws/build/robot_vio/prefix_override:/usr/lib/python3/dist-packages/colcon_core/task/python/colcon_distutils_commands:/shared_rocker_software/autonomous_robot/autonomous_ws/install/robot_vio/lib/python3.10/site-packages:${PYTHONPATH} /usr/bin/python3 -W ignore:setup.py install is deprecated -W ignore:easy_install command is deprecated setup.py egg_info --egg-base ../../build/robot_vio build --build-base /shared_rocker_software/autonomous_robot/autonomous_ws/build/robot_vio/build install --record /shared_rocker_software/autonomous_robot/autonomous_ws/build/robot_vio/install.log --single-version-externally-managed install_data
[1.336s] Level 1:colcon.colcon_core.environment:checking '/shared_rocker_software/autonomous_robot/autonomous_ws/install/robot_vio' for CMake module files
[1.336s] Level 1:colcon.colcon_core.environment:checking '/shared_rocker_software/autonomous_robot/autonomous_ws/install/robot_vio' for CMake config files
[1.337s] Level 1:colcon.colcon_core.environment:checking '/shared_rocker_software/autonomous_robot/autonomous_ws/install/robot_vio/lib'
[1.337s] Level 1:colcon.colcon_core.environment:checking '/shared_rocker_software/autonomous_robot/autonomous_ws/install/robot_vio/bin'
[1.337s] Level 1:colcon.colcon_core.environment:checking '/shared_rocker_software/autonomous_robot/autonomous_ws/install/robot_vio/lib/pkgconfig/robot_vio.pc'
[1.337s] Level 1:colcon.colcon_core.environment:checking '/shared_rocker_software/autonomous_robot/autonomous_ws/install/robot_vio/lib/python3.10/site-packages'
[1.337s] Level 1:colcon.colcon_core.shell:create_environment_hook('robot_vio', 'pythonpath')
[1.337s] INFO:colcon.colcon_core.shell:Creating environment hook '/shared_rocker_software/autonomous_robot/autonomous_ws/install/robot_vio/share/robot_vio/hook/pythonpath.ps1'
[1.338s] INFO:colcon.colcon_core.shell:Creating environment descriptor '/shared_rocker_software/autonomous_robot/autonomous_ws/install/robot_vio/share/robot_vio/hook/pythonpath.dsv'
[1.338s] INFO:colcon.colcon_core.shell:Creating environment hook '/shared_rocker_software/autonomous_robot/autonomous_ws/install/robot_vio/share/robot_vio/hook/pythonpath.sh'
[1.338s] Level 1:colcon.colcon_core.environment:checking '/shared_rocker_software/autonomous_robot/autonomous_ws/install/robot_vio/bin'
[1.339s] Level 1:colcon.colcon_core.environment:create_environment_scripts_only(robot_vio)
[1.339s] INFO:colcon.colcon_core.shell:Creating package script '/shared_rocker_software/autonomous_robot/autonomous_ws/install/robot_vio/share/robot_vio/package.ps1'
[1.339s] INFO:colcon.colcon_core.shell:Creating package descriptor '/shared_rocker_software/autonomous_robot/autonomous_ws/install/robot_vio/share/robot_vio/package.dsv'
[1.340s] INFO:colcon.colcon_core.shell:Creating package script '/shared_rocker_software/autonomous_robot/autonomous_ws/install/robot_vio/share/robot_vio/package.sh'
[1.340s] INFO:colcon.colcon_core.shell:Creating package script '/shared_rocker_software/autonomous_robot/autonomous_ws/install/robot_vio/share/robot_vio/package.bash'
[1.341s] INFO:colcon.colcon_core.shell:Creating package script '/shared_rocker_software/autonomous_robot/autonomous_ws/install/robot_vio/share/robot_vio/package.zsh'
[1.341s] Level 1:colcon.colcon_core.environment:create_file_with_runtime_dependencies(/shared_rocker_software/autonomous_robot/autonomous_ws/install/robot_vio/share/colcon-core/packages/robot_vio)
[1.343s] Level 1:colcon.colcon_core.environment:checking '/shared_rocker_software/autonomous_robot/autonomous_ws/install/robot_mobile_base' for CMake module files
[1.343s] DEBUG:colcon.colcon_core.event_handler.log_command:Invoked command in '/shared_rocker_software/autonomous_robot/autonomous_ws/src/robot_mobile_base' returned '0': PYTHONPATH=/shared_rocker_software/autonomous_robot/autonomous_ws/build/robot_mobile_base/prefix_override:/usr/lib/python3/dist-packages/colcon_core/task/python/colcon_distutils_commands:/shared_rocker_software/autonomous_robot/autonomous_ws/install/robot_mobile_base/lib/python3.10/site-packages:${PYTHONPATH} /usr/bin/python3 -W ignore:setup.py install is deprecated -W ignore:easy_install command is deprecated setup.py egg_info --egg-base ../../build/robot_mobile_base build --build-base /shared_rocker_software/autonomous_robot/autonomous_ws/build/robot_mobile_base/build install --record /shared_rocker_software/autonomous_robot/autonomous_ws/build/robot_mobile_base/install.log --single-version-externally-managed install_data
[1.343s] Level 1:colcon.colcon_core.environment:checking '/shared_rocker_software/autonomous_robot/autonomous_ws/install/robot_mobile_base' for CMake config files
[1.344s] Level 1:colcon.colcon_core.environment:checking '/shared_rocker_software/autonomous_robot/autonomous_ws/install/robot_mobile_base/lib'
[1.344s] Level 1:colcon.colcon_core.environment:checking '/shared_rocker_software/autonomous_robot/autonomous_ws/install/robot_mobile_base/bin'
[1.344s] Level 1:colcon.colcon_core.environment:checking '/shared_rocker_software/autonomous_robot/autonomous_ws/install/robot_mobile_base/lib/pkgconfig/robot_mobile_base.pc'
[1.344s] Level 1:colcon.colcon_core.environment:checking '/shared_rocker_software/autonomous_robot/autonomous_ws/install/robot_mobile_base/lib/python3.10/site-packages'
[1.344s] Level 1:colcon.colcon_core.shell:create_environment_hook('robot_mobile_base', 'pythonpath')
[1.344s] INFO:colcon.colcon_core.shell:Creating environment hook '/shared_rocker_software/autonomous_robot/autonomous_ws/install/robot_mobile_base/share/robot_mobile_base/hook/pythonpath.ps1'
[1.345s] INFO:colcon.colcon_core.shell:Creating environment descriptor '/shared_rocker_software/autonomous_robot/autonomous_ws/install/robot_mobile_base/share/robot_mobile_base/hook/pythonpath.dsv'
[1.345s] INFO:colcon.colcon_core.shell:Creating environment hook '/shared_rocker_software/autonomous_robot/autonomous_ws/install/robot_mobile_base/share/robot_mobile_base/hook/pythonpath.sh'
[1.345s] Level 1:colcon.colcon_core.environment:checking '/shared_rocker_software/autonomous_robot/autonomous_ws/install/robot_mobile_base/bin'
[1.345s] Level 1:colcon.colcon_core.environment:create_environment_scripts_only(robot_mobile_base)
[1.346s] INFO:colcon.colcon_core.shell:Creating package script '/shared_rocker_software/autonomous_robot/autonomous_ws/install/robot_mobile_base/share/robot_mobile_base/package.ps1'
[1.346s] INFO:colcon.colcon_core.shell:Creating package descriptor '/shared_rocker_software/autonomous_robot/autonomous_ws/install/robot_mobile_base/share/robot_mobile_base/package.dsv'
[1.346s] INFO:colcon.colcon_core.shell:Creating package script '/shared_rocker_software/autonomous_robot/autonomous_ws/install/robot_mobile_base/share/robot_mobile_base/package.sh'
[1.346s] INFO:colcon.colcon_core.shell:Creating package script '/shared_rocker_software/autonomous_robot/autonomous_ws/install/robot_mobile_base/share/robot_mobile_base/package.bash'
[1.347s] INFO:colcon.colcon_core.shell:Creating package script '/shared_rocker_software/autonomous_robot/autonomous_ws/install/robot_mobile_base/share/robot_mobile_base/package.zsh'
[1.347s] Level 1:colcon.colcon_core.environment:create_file_with_runtime_dependencies(/shared_rocker_software/autonomous_robot/autonomous_ws/install/robot_mobile_base/share/colcon-core/packages/robot_mobile_base)
[1.602s] DEBUG:colcon.colcon_core.event_handler.log_command:Invoked command in '/shared_rocker_software/autonomous_robot/autonomous_ws/build/robot_description' returned '0': CMAKE_PREFIX_PATH=${CMAKE_PREFIX_PATH}:/shared_rocker_software/autonomous_robot/autonomous_ws/install/robot_vio:/shared_rocker_software/autonomous_robot/autonomous_ws/install/robot_mobile_base:/opt/ros/humble /usr/bin/cmake /shared_rocker_software/autonomous_robot/autonomous_ws/src/robot_description -DCMAKE_INSTALL_PREFIX=/shared_rocker_software/autonomous_robot/autonomous_ws/install/robot_description
[1.604s] DEBUG:colcon.colcon_core.event_handler.log_command:Invoking command in '/shared_rocker_software/autonomous_robot/autonomous_ws/build/robot_description': CMAKE_PREFIX_PATH=${CMAKE_PREFIX_PATH}:/shared_rocker_software/autonomous_robot/autonomous_ws/install/robot_vio:/shared_rocker_software/autonomous_robot/autonomous_ws/install/robot_mobile_base:/opt/ros/humble /usr/bin/cmake --build /shared_rocker_software/autonomous_robot/autonomous_ws/build/robot_description -- -j16 -l16
[1.642s] DEBUG:colcon.colcon_core.event_handler.log_command:Invoked command in '/shared_rocker_software/autonomous_robot/autonomous_ws/build/robot_description' returned '0': CMAKE_PREFIX_PATH=${CMAKE_PREFIX_PATH}:/shared_rocker_software/autonomous_robot/autonomous_ws/install/robot_vio:/shared_rocker_software/autonomous_robot/autonomous_ws/install/robot_mobile_base:/opt/ros/humble /usr/bin/cmake --build /shared_rocker_software/autonomous_robot/autonomous_ws/build/robot_description -- -j16 -l16
[1.651s] DEBUG:colcon.colcon_core.event_handler.log_command:Invoking command in '/shared_rocker_software/autonomous_robot/autonomous_ws/build/robot_description': CMAKE_PREFIX_PATH=${CMAKE_PREFIX_PATH}:/shared_rocker_software/autonomous_robot/autonomous_ws/install/robot_vio:/shared_rocker_software/autonomous_robot/autonomous_ws/install/robot_mobile_base:/opt/ros/humble /usr/bin/cmake --install /shared_rocker_software/autonomous_robot/autonomous_ws/build/robot_description
[1.664s] Level 1:colcon.colcon_core.environment:create_environment_scripts_only(robot_description)
[1.664s] DEBUG:colcon.colcon_core.event_handler.log_command:Invoked command in '/shared_rocker_software/autonomous_robot/autonomous_ws/build/robot_description' returned '0': CMAKE_PREFIX_PATH=${CMAKE_PREFIX_PATH}:/shared_rocker_software/autonomous_robot/autonomous_ws/install/robot_vio:/shared_rocker_software/autonomous_robot/autonomous_ws/install/robot_mobile_base:/opt/ros/humble /usr/bin/cmake --install /shared_rocker_software/autonomous_robot/autonomous_ws/build/robot_description
[1.664s] Level 1:colcon.colcon_core.environment:checking '/shared_rocker_software/autonomous_robot/autonomous_ws/install/robot_description' for CMake module files
[1.665s] Level 1:colcon.colcon_core.environment:checking '/shared_rocker_software/autonomous_robot/autonomous_ws/install/robot_description' for CMake config files
[1.665s] Level 1:colcon.colcon_core.shell:create_environment_hook('robot_description', 'cmake_prefix_path')
[1.665s] INFO:colcon.colcon_core.shell:Creating environment hook '/shared_rocker_software/autonomous_robot/autonomous_ws/install/robot_description/share/robot_description/hook/cmake_prefix_path.ps1'
[1.665s] INFO:colcon.colcon_core.shell:Creating environment descriptor '/shared_rocker_software/autonomous_robot/autonomous_ws/install/robot_description/share/robot_description/hook/cmake_prefix_path.dsv'
[1.666s] INFO:colcon.colcon_core.shell:Creating environment hook '/shared_rocker_software/autonomous_robot/autonomous_ws/install/robot_description/share/robot_description/hook/cmake_prefix_path.sh'
[1.666s] Level 1:colcon.colcon_core.environment:checking '/shared_rocker_software/autonomous_robot/autonomous_ws/install/robot_description/bin'
[1.666s] Level 1:colcon.colcon_core.environment:checking '/shared_rocker_software/autonomous_robot/autonomous_ws/install/robot_description/lib/pkgconfig/robot_description.pc'
[1.666s] Level 1:colcon.colcon_core.environment:checking '/shared_rocker_software/autonomous_robot/autonomous_ws/install/robot_description/lib/python3.10/site-packages'
[1.666s] Level 1:colcon.colcon_core.environment:checking '/shared_rocker_software/autonomous_robot/autonomous_ws/install/robot_description/bin'
[1.666s] INFO:colcon.colcon_core.shell:Creating package script '/shared_rocker_software/autonomous_robot/autonomous_ws/install/robot_description/share/robot_description/package.ps1'
[1.667s] INFO:colcon.colcon_core.shell:Creating package descriptor '/shared_rocker_software/autonomous_robot/autonomous_ws/install/robot_description/share/robot_description/package.dsv'
[1.667s] INFO:colcon.colcon_core.shell:Creating package script '/shared_rocker_software/autonomous_robot/autonomous_ws/install/robot_description/share/robot_description/package.sh'
[1.667s] INFO:colcon.colcon_core.shell:Creating package script '/shared_rocker_software/autonomous_robot/autonomous_ws/install/robot_description/share/robot_description/package.bash'
[1.668s] INFO:colcon.colcon_core.shell:Creating package script '/shared_rocker_software/autonomous_robot/autonomous_ws/install/robot_description/share/robot_description/package.zsh'
[1.668s] Level 1:colcon.colcon_core.environment:create_file_with_runtime_dependencies(/shared_rocker_software/autonomous_robot/autonomous_ws/install/robot_description/share/colcon-core/packages/robot_description)
[1.668s] Level 1:colcon.colcon_core.environment:create_environment_scripts_only(robot_description)
[1.668s] Level 1:colcon.colcon_core.environment:checking '/shared_rocker_software/autonomous_robot/autonomous_ws/install/robot_description' for CMake module files
[1.669s] Level 1:colcon.colcon_core.environment:checking '/shared_rocker_software/autonomous_robot/autonomous_ws/install/robot_description' for CMake config files
[1.669s] Level 1:colcon.colcon_core.shell:create_environment_hook('robot_description', 'cmake_prefix_path')
[1.669s] INFO:colcon.colcon_core.shell:Creating environment hook '/shared_rocker_software/autonomous_robot/autonomous_ws/install/robot_description/share/robot_description/hook/cmake_prefix_path.ps1'
[1.669s] INFO:colcon.colcon_core.shell:Creating environment descriptor '/shared_rocker_software/autonomous_robot/autonomous_ws/install/robot_description/share/robot_description/hook/cmake_prefix_path.dsv'
[1.669s] INFO:colcon.colcon_core.shell:Creating environment hook '/shared_rocker_software/autonomous_robot/autonomous_ws/install/robot_description/share/robot_description/hook/cmake_prefix_path.sh'
[1.670s] Level 1:colcon.colcon_core.environment:checking '/shared_rocker_software/autonomous_robot/autonomous_ws/install/robot_description/bin'
[1.670s] Level 1:colcon.colcon_core.environment:checking '/shared_rocker_software/autonomous_robot/autonomous_ws/install/robot_description/lib/pkgconfig/robot_description.pc'
[1.670s] Level 1:colcon.colcon_core.environment:checking '/shared_rocker_software/autonomous_robot/autonomous_ws/install/robot_description/lib/python3.10/site-packages'
[1.670s] Level 1:colcon.colcon_core.environment:checking '/shared_rocker_software/autonomous_robot/autonomous_ws/install/robot_description/bin'
[1.670s] INFO:colcon.colcon_core.shell:Creating package script '/shared_rocker_software/autonomous_robot/autonomous_ws/install/robot_description/share/robot_description/package.ps1'
[1.671s] INFO:colcon.colcon_core.shell:Creating package descriptor '/shared_rocker_software/autonomous_robot/autonomous_ws/install/robot_description/share/robot_description/package.dsv'
[1.671s] INFO:colcon.colcon_core.shell:Creating package script '/shared_rocker_software/autonomous_robot/autonomous_ws/install/robot_description/share/robot_description/package.sh'
[1.671s] INFO:colcon.colcon_core.shell:Creating package script '/shared_rocker_software/autonomous_robot/autonomous_ws/install/robot_description/share/robot_description/package.bash'
[1.671s] INFO:colcon.colcon_core.shell:Creating package script '/shared_rocker_software/autonomous_robot/autonomous_ws/install/robot_description/share/robot_description/package.zsh'
[1.672s] Level 1:colcon.colcon_core.environment:create_file_with_runtime_dependencies(/shared_rocker_software/autonomous_robot/autonomous_ws/install/robot_description/share/colcon-core/packages/robot_description)
[1.681s] DEBUG:colcon.colcon_core.event_handler.log_command:Invoked command in '/shared_rocker_software/autonomous_robot/autonomous_ws/build/sllidar_ros2' returned '0': CMAKE_PREFIX_PATH=${CMAKE_PREFIX_PATH}:/shared_rocker_software/autonomous_robot/autonomous_ws/install/robot_vio:/shared_rocker_software/autonomous_robot/autonomous_ws/install/robot_mobile_base:/opt/ros/humble /usr/bin/cmake /shared_rocker_software/autonomous_robot/autonomous_ws/src/sllidar_ros2 -DCMAKE_INSTALL_PREFIX=/shared_rocker_software/autonomous_robot/autonomous_ws/install/sllidar_ros2
[1.683s] DEBUG:colcon.colcon_core.event_handler.log_command:Invoking command in '/shared_rocker_software/autonomous_robot/autonomous_ws/build/sllidar_ros2': CMAKE_PREFIX_PATH=${CMAKE_PREFIX_PATH}:/shared_rocker_software/autonomous_robot/autonomous_ws/install/robot_vio:/shared_rocker_software/autonomous_robot/autonomous_ws/install/robot_mobile_base:/opt/ros/humble /usr/bin/cmake --build /shared_rocker_software/autonomous_robot/autonomous_ws/build/sllidar_ros2 -- -j16 -l16
[1.816s] DEBUG:colcon.colcon_core.event_handler.log_command:Invoked command in '/shared_rocker_software/autonomous_robot/autonomous_ws/build/robot_odometry' returned '0': CMAKE_PREFIX_PATH=${CMAKE_PREFIX_PATH}:/shared_rocker_software/autonomous_robot/autonomous_ws/install/robot_vio:/shared_rocker_software/autonomous_robot/autonomous_ws/install/robot_mobile_base:/opt/ros/humble /usr/bin/cmake /shared_rocker_software/autonomous_robot/autonomous_ws/src/robot_odometry -DCMAKE_INSTALL_PREFIX=/shared_rocker_software/autonomous_robot/autonomous_ws/install/robot_odometry
[1.816s] DEBUG:colcon.colcon_core.event_handler.log_command:Invoking command in '/shared_rocker_software/autonomous_robot/autonomous_ws/build/robot_odometry': CMAKE_PREFIX_PATH=${CMAKE_PREFIX_PATH}:/shared_rocker_software/autonomous_robot/autonomous_ws/install/robot_vio:/shared_rocker_software/autonomous_robot/autonomous_ws/install/robot_mobile_base:/opt/ros/humble /usr/bin/cmake --build /shared_rocker_software/autonomous_robot/autonomous_ws/build/robot_odometry -- -j16 -l16
[1.871s] DEBUG:colcon.colcon_core.event_handler.log_command:Invoked command in '/shared_rocker_software/autonomous_robot/autonomous_ws/build/robot_odometry' returned '0': CMAKE_PREFIX_PATH=${CMAKE_PREFIX_PATH}:/shared_rocker_software/autonomous_robot/autonomous_ws/install/robot_vio:/shared_rocker_software/autonomous_robot/autonomous_ws/install/robot_mobile_base:/opt/ros/humble /usr/bin/cmake --build /shared_rocker_software/autonomous_robot/autonomous_ws/build/robot_odometry -- -j16 -l16
[1.872s] DEBUG:colcon.colcon_core.event_handler.log_command:Invoking command in '/shared_rocker_software/autonomous_robot/autonomous_ws/build/robot_odometry': CMAKE_PREFIX_PATH=${CMAKE_PREFIX_PATH}:/shared_rocker_software/autonomous_robot/autonomous_ws/install/robot_vio:/shared_rocker_software/autonomous_robot/autonomous_ws/install/robot_mobile_base:/opt/ros/humble /usr/bin/cmake --install /shared_rocker_software/autonomous_robot/autonomous_ws/build/robot_odometry
[1.890s] Level 1:colcon.colcon_core.environment:create_environment_scripts_only(robot_odometry)
[1.890s] DEBUG:colcon.colcon_core.event_handler.log_command:Invoked command in '/shared_rocker_software/autonomous_robot/autonomous_ws/build/robot_odometry' returned '0': CMAKE_PREFIX_PATH=${CMAKE_PREFIX_PATH}:/shared_rocker_software/autonomous_robot/autonomous_ws/install/robot_vio:/shared_rocker_software/autonomous_robot/autonomous_ws/install/robot_mobile_base:/opt/ros/humble /usr/bin/cmake --install /shared_rocker_software/autonomous_robot/autonomous_ws/build/robot_odometry
[1.891s] Level 1:colcon.colcon_core.environment:checking '/shared_rocker_software/autonomous_robot/autonomous_ws/install/robot_odometry' for CMake module files
[1.891s] Level 1:colcon.colcon_core.environment:checking '/shared_rocker_software/autonomous_robot/autonomous_ws/install/robot_odometry' for CMake config files
[1.891s] Level 1:colcon.colcon_core.shell:create_environment_hook('robot_odometry', 'cmake_prefix_path')
[1.892s] INFO:colcon.colcon_core.shell:Creating environment hook '/shared_rocker_software/autonomous_robot/autonomous_ws/install/robot_odometry/share/robot_odometry/hook/cmake_prefix_path.ps1'
[1.892s] INFO:colcon.colcon_core.shell:Creating environment descriptor '/shared_rocker_software/autonomous_robot/autonomous_ws/install/robot_odometry/share/robot_odometry/hook/cmake_prefix_path.dsv'
[1.892s] INFO:colcon.colcon_core.shell:Creating environment hook '/shared_rocker_software/autonomous_robot/autonomous_ws/install/robot_odometry/share/robot_odometry/hook/cmake_prefix_path.sh'
[1.893s] Level 1:colcon.colcon_core.environment:checking '/shared_rocker_software/autonomous_robot/autonomous_ws/install/robot_odometry/bin'
[1.893s] Level 1:colcon.colcon_core.environment:checking '/shared_rocker_software/autonomous_robot/autonomous_ws/install/robot_odometry/lib/pkgconfig/robot_odometry.pc'
[1.893s] Level 1:colcon.colcon_core.environment:checking '/shared_rocker_software/autonomous_robot/autonomous_ws/install/robot_odometry/lib/python3.10/site-packages'
[1.894s] Level 1:colcon.colcon_core.environment:checking '/shared_rocker_software/autonomous_robot/autonomous_ws/install/robot_odometry/bin'
[1.894s] INFO:colcon.colcon_core.shell:Creating package script '/shared_rocker_software/autonomous_robot/autonomous_ws/install/robot_odometry/share/robot_odometry/package.ps1'
[1.895s] INFO:colcon.colcon_core.shell:Creating package descriptor '/shared_rocker_software/autonomous_robot/autonomous_ws/install/robot_odometry/share/robot_odometry/package.dsv'
[1.895s] INFO:colcon.colcon_core.shell:Creating package script '/shared_rocker_software/autonomous_robot/autonomous_ws/install/robot_odometry/share/robot_odometry/package.sh'
[1.895s] INFO:colcon.colcon_core.shell:Creating package script '/shared_rocker_software/autonomous_robot/autonomous_ws/install/robot_odometry/share/robot_odometry/package.bash'
[1.896s] INFO:colcon.colcon_core.shell:Creating package script '/shared_rocker_software/autonomous_robot/autonomous_ws/install/robot_odometry/share/robot_odometry/package.zsh'
[1.896s] Level 1:colcon.colcon_core.environment:create_file_with_runtime_dependencies(/shared_rocker_software/autonomous_robot/autonomous_ws/install/robot_odometry/share/colcon-core/packages/robot_odometry)
[1.897s] Level 1:colcon.colcon_core.environment:create_environment_scripts_only(robot_odometry)
[1.897s] Level 1:colcon.colcon_core.environment:checking '/shared_rocker_software/autonomous_robot/autonomous_ws/install/robot_odometry' for CMake module files
[1.897s] Level 1:colcon.colcon_core.environment:checking '/shared_rocker_software/autonomous_robot/autonomous_ws/install/robot_odometry' for CMake config files
[1.898s] Level 1:colcon.colcon_core.shell:create_environment_hook('robot_odometry', 'cmake_prefix_path')
[1.898s] INFO:colcon.colcon_core.shell:Creating environment hook '/shared_rocker_software/autonomous_robot/autonomous_ws/install/robot_odometry/share/robot_odometry/hook/cmake_prefix_path.ps1'
[1.898s] INFO:colcon.colcon_core.shell:Creating environment descriptor '/shared_rocker_software/autonomous_robot/autonomous_ws/install/robot_odometry/share/robot_odometry/hook/cmake_prefix_path.dsv'
[1.899s] INFO:colcon.colcon_core.shell:Creating environment hook '/shared_rocker_software/autonomous_robot/autonomous_ws/install/robot_odometry/share/robot_odometry/hook/cmake_prefix_path.sh'
[1.899s] Level 1:colcon.colcon_core.environment:checking '/shared_rocker_software/autonomous_robot/autonomous_ws/install/robot_odometry/bin'
[1.899s] Level 1:colcon.colcon_core.environment:checking '/shared_rocker_software/autonomous_robot/autonomous_ws/install/robot_odometry/lib/pkgconfig/robot_odometry.pc'
[1.899s] Level 1:colcon.colcon_core.environment:checking '/shared_rocker_software/autonomous_robot/autonomous_ws/install/robot_odometry/lib/python3.10/site-packages'
[1.900s] Level 1:colcon.colcon_core.environment:checking '/shared_rocker_software/autonomous_robot/autonomous_ws/install/robot_odometry/bin'
[1.900s] INFO:colcon.colcon_core.shell:Creating package script '/shared_rocker_software/autonomous_robot/autonomous_ws/install/robot_odometry/share/robot_odometry/package.ps1'
[1.900s] INFO:colcon.colcon_core.shell:Creating package descriptor '/shared_rocker_software/autonomous_robot/autonomous_ws/install/robot_odometry/share/robot_odometry/package.dsv'
[1.901s] INFO:colcon.colcon_core.shell:Creating package script '/shared_rocker_software/autonomous_robot/autonomous_ws/install/robot_odometry/share/robot_odometry/package.sh'
[1.901s] INFO:colcon.colcon_core.shell:Creating package script '/shared_rocker_software/autonomous_robot/autonomous_ws/install/robot_odometry/share/robot_odometry/package.bash'
[1.902s] INFO:colcon.colcon_core.shell:Creating package script '/shared_rocker_software/autonomous_robot/autonomous_ws/install/robot_odometry/share/robot_odometry/package.zsh'
[1.902s] Level 1:colcon.colcon_core.environment:create_file_with_runtime_dependencies(/shared_rocker_software/autonomous_robot/autonomous_ws/install/robot_odometry/share/colcon-core/packages/robot_odometry)
[8.421s] DEBUG:colcon.colcon_core.event_handler.log_command:Invoked command in '/shared_rocker_software/autonomous_robot/autonomous_ws/build/sllidar_ros2' returned '0': CMAKE_PREFIX_PATH=${CMAKE_PREFIX_PATH}:/shared_rocker_software/autonomous_robot/autonomous_ws/install/robot_vio:/shared_rocker_software/autonomous_robot/autonomous_ws/install/robot_mobile_base:/opt/ros/humble /usr/bin/cmake --build /shared_rocker_software/autonomous_robot/autonomous_ws/build/sllidar_ros2 -- -j16 -l16
[8.423s] DEBUG:colcon.colcon_core.event_handler.log_command:Invoking command in '/shared_rocker_software/autonomous_robot/autonomous_ws/build/sllidar_ros2': CMAKE_PREFIX_PATH=${CMAKE_PREFIX_PATH}:/shared_rocker_software/autonomous_robot/autonomous_ws/install/robot_vio:/shared_rocker_software/autonomous_robot/autonomous_ws/install/robot_mobile_base:/opt/ros/humble /usr/bin/cmake --install /shared_rocker_software/autonomous_robot/autonomous_ws/build/sllidar_ros2
[8.441s] Level 1:colcon.colcon_core.environment:create_environment_scripts_only(sllidar_ros2)
[8.441s] Level 1:colcon.colcon_core.environment:checking '/shared_rocker_software/autonomous_robot/autonomous_ws/install/sllidar_ros2' for CMake module files
[8.442s] DEBUG:colcon.colcon_core.event_handler.log_command:Invoked command in '/shared_rocker_software/autonomous_robot/autonomous_ws/build/sllidar_ros2' returned '0': CMAKE_PREFIX_PATH=${CMAKE_PREFIX_PATH}:/shared_rocker_software/autonomous_robot/autonomous_ws/install/robot_vio:/shared_rocker_software/autonomous_robot/autonomous_ws/install/robot_mobile_base:/opt/ros/humble /usr/bin/cmake --install /shared_rocker_software/autonomous_robot/autonomous_ws/build/sllidar_ros2
[8.442s] Level 1:colcon.colcon_core.environment:checking '/shared_rocker_software/autonomous_robot/autonomous_ws/install/sllidar_ros2' for CMake config files
[8.442s] Level 1:colcon.colcon_core.shell:create_environment_hook('sllidar_ros2', 'cmake_prefix_path')
[8.442s] INFO:colcon.colcon_core.shell:Creating environment hook '/shared_rocker_software/autonomous_robot/autonomous_ws/install/sllidar_ros2/share/sllidar_ros2/hook/cmake_prefix_path.ps1'
[8.442s] INFO:colcon.colcon_core.shell:Creating environment descriptor '/shared_rocker_software/autonomous_robot/autonomous_ws/install/sllidar_ros2/share/sllidar_ros2/hook/cmake_prefix_path.dsv'
[8.443s] INFO:colcon.colcon_core.shell:Creating environment hook '/shared_rocker_software/autonomous_robot/autonomous_ws/install/sllidar_ros2/share/sllidar_ros2/hook/cmake_prefix_path.sh'
[8.443s] Level 1:colcon.colcon_core.environment:checking '/shared_rocker_software/autonomous_robot/autonomous_ws/install/sllidar_ros2/lib'
[8.443s] Level 1:colcon.colcon_core.environment:checking '/shared_rocker_software/autonomous_robot/autonomous_ws/install/sllidar_ros2/bin'
[8.443s] Level 1:colcon.colcon_core.environment:checking '/shared_rocker_software/autonomous_robot/autonomous_ws/install/sllidar_ros2/lib/pkgconfig/sllidar_ros2.pc'
[8.443s] Level 1:colcon.colcon_core.environment:checking '/shared_rocker_software/autonomous_robot/autonomous_ws/install/sllidar_ros2/lib/python3.10/site-packages'
[8.443s] Level 1:colcon.colcon_core.environment:checking '/shared_rocker_software/autonomous_robot/autonomous_ws/install/sllidar_ros2/bin'
[8.444s] INFO:colcon.colcon_core.shell:Creating package script '/shared_rocker_software/autonomous_robot/autonomous_ws/install/sllidar_ros2/share/sllidar_ros2/package.ps1'
[8.444s] INFO:colcon.colcon_core.shell:Creating package descriptor '/shared_rocker_software/autonomous_robot/autonomous_ws/install/sllidar_ros2/share/sllidar_ros2/package.dsv'
[8.444s] INFO:colcon.colcon_core.shell:Creating package script '/shared_rocker_software/autonomous_robot/autonomous_ws/install/sllidar_ros2/share/sllidar_ros2/package.sh'
[8.444s] INFO:colcon.colcon_core.shell:Creating package script '/shared_rocker_software/autonomous_robot/autonomous_ws/install/sllidar_ros2/share/sllidar_ros2/package.bash'
[8.445s] INFO:colcon.colcon_core.shell:Creating package script '/shared_rocker_software/autonomous_robot/autonomous_ws/install/sllidar_ros2/share/sllidar_ros2/package.zsh'
[8.445s] Level 1:colcon.colcon_core.environment:create_file_with_runtime_dependencies(/shared_rocker_software/autonomous_robot/autonomous_ws/install/sllidar_ros2/share/colcon-core/packages/sllidar_ros2)
[8.445s] Level 1:colcon.colcon_core.environment:create_environment_scripts_only(sllidar_ros2)
[8.445s] Level 1:colcon.colcon_core.environment:checking '/shared_rocker_software/autonomous_robot/autonomous_ws/install/sllidar_ros2' for CMake module files
[8.446s] Level 1:colcon.colcon_core.environment:checking '/shared_rocker_software/autonomous_robot/autonomous_ws/install/sllidar_ros2' for CMake config files
[8.446s] Level 1:colcon.colcon_core.shell:create_environment_hook('sllidar_ros2', 'cmake_prefix_path')
[8.446s] INFO:colcon.colcon_core.shell:Creating environment hook '/shared_rocker_software/autonomous_robot/autonomous_ws/install/sllidar_ros2/share/sllidar_ros2/hook/cmake_prefix_path.ps1'
[8.446s] INFO:colcon.colcon_core.shell:Creating environment descriptor '/shared_rocker_software/autonomous_robot/autonomous_ws/install/sllidar_ros2/share/sllidar_ros2/hook/cmake_prefix_path.dsv'
[8.446s] INFO:colcon.colcon_core.shell:Creating environment hook '/shared_rocker_software/autonomous_robot/autonomous_ws/install/sllidar_ros2/share/sllidar_ros2/hook/cmake_prefix_path.sh'
[8.447s] Level 1:colcon.colcon_core.environment:checking '/shared_rocker_software/autonomous_robot/autonomous_ws/install/sllidar_ros2/lib'
[8.447s] Level 1:colcon.colcon_core.environment:checking '/shared_rocker_software/autonomous_robot/autonomous_ws/install/sllidar_ros2/bin'
[8.447s] Level 1:colcon.colcon_core.environment:checking '/shared_rocker_software/autonomous_robot/autonomous_ws/install/sllidar_ros2/lib/pkgconfig/sllidar_ros2.pc'
[8.447s] Level 1:colcon.colcon_core.environment:checking '/shared_rocker_software/autonomous_robot/autonomous_ws/install/sllidar_ros2/lib/python3.10/site-packages'
[8.447s] Level 1:colcon.colcon_core.environment:checking '/shared_rocker_software/autonomous_robot/autonomous_ws/install/sllidar_ros2/bin'
[8.447s] INFO:colcon.colcon_core.shell:Creating package script '/shared_rocker_software/autonomous_robot/autonomous_ws/install/sllidar_ros2/share/sllidar_ros2/package.ps1'
[8.448s] INFO:colcon.colcon_core.shell:Creating package descriptor '/shared_rocker_software/autonomous_robot/autonomous_ws/install/sllidar_ros2/share/sllidar_ros2/package.dsv'
[8.448s] INFO:colcon.colcon_core.shell:Creating package script '/shared_rocker_software/autonomous_robot/autonomous_ws/install/sllidar_ros2/share/sllidar_ros2/package.sh'
[8.448s] INFO:colcon.colcon_core.shell:Creating package script '/shared_rocker_software/autonomous_robot/autonomous_ws/install/sllidar_ros2/share/sllidar_ros2/package.bash'
[8.449s] INFO:colcon.colcon_core.shell:Creating package script '/shared_rocker_software/autonomous_robot/autonomous_ws/install/sllidar_ros2/share/sllidar_ros2/package.zsh'
[8.449s] Level 1:colcon.colcon_core.environment:create_file_with_runtime_dependencies(/shared_rocker_software/autonomous_robot/autonomous_ws/install/sllidar_ros2/share/colcon-core/packages/sllidar_ros2)
[8.449s] DEBUG:colcon.colcon_parallel_executor.executor.parallel:closing loop
[8.449s] DEBUG:colcon.colcon_parallel_executor.executor.parallel:loop closed
[8.450s] DEBUG:colcon.colcon_parallel_executor.executor.parallel:run_until_complete finished with '0'
[8.450s] DEBUG:colcon.colcon_core.event_reactor:joining thread
[8.455s] INFO:colcon.colcon_core.plugin_system:Skipping extension 'colcon_notification.desktop_notification.notify_send': Could not find 'notify-send'
[8.455s] INFO:colcon.colcon_core.plugin_system:Skipping extension 'colcon_notification.desktop_notification.terminal_notifier': Not used on non-Darwin systems
[8.455s] INFO:colcon.colcon_core.plugin_system:Skipping extension 'colcon_notification.desktop_notification.win32': Not used on non-Windows systems
[8.455s] INFO:colcon.colcon_notification.desktop_notification:Sending desktop notification using 'notify2'
[8.458s] DEBUG:colcon.colcon_notification.desktop_notification.notify2:Failed to initialize notify2: org.freedesktop.DBus.Error.Spawn.ExecFailed: /usr/bin/dbus-launch terminated abnormally without any error message
[8.459s] DEBUG:colcon.colcon_core.event_reactor:joined thread
[8.460s] INFO:colcon.colcon_core.shell:Creating prefix script '/shared_rocker_software/autonomous_robot/autonomous_ws/install/local_setup.ps1'
[8.461s] INFO:colcon.colcon_core.shell:Creating prefix util module '/shared_rocker_software/autonomous_robot/autonomous_ws/install/_local_setup_util_ps1.py'
[8.462s] INFO:colcon.colcon_core.shell:Creating prefix chain script '/shared_rocker_software/autonomous_robot/autonomous_ws/install/setup.ps1'
[8.463s] INFO:colcon.colcon_core.shell:Creating prefix script '/shared_rocker_software/autonomous_robot/autonomous_ws/install/local_setup.sh'
[8.463s] INFO:colcon.colcon_core.shell:Creating prefix util module '/shared_rocker_software/autonomous_robot/autonomous_ws/install/_local_setup_util_sh.py'
[8.463s] INFO:colcon.colcon_core.shell:Creating prefix chain script '/shared_rocker_software/autonomous_robot/autonomous_ws/install/setup.sh'
[8.464s] INFO:colcon.colcon_core.shell:Creating prefix script '/shared_rocker_software/autonomous_robot/autonomous_ws/install/local_setup.bash'
[8.464s] INFO:colcon.colcon_core.shell:Creating prefix chain script '/shared_rocker_software/autonomous_robot/autonomous_ws/install/setup.bash'
[8.465s] INFO:colcon.colcon_core.shell:Creating prefix script '/shared_rocker_software/autonomous_robot/autonomous_ws/install/local_setup.zsh'
[8.466s] INFO:colcon.colcon_core.shell:Creating prefix chain script '/shared_rocker_software/autonomous_robot/autonomous_ws/install/setup.zsh'
