[0.688s] Invoking command in '/shared_rocker_software/autonomous_ws/src/robot_mobile_base': PYTHONPATH=/shared_rocker_software/autonomous_ws/build/robot_mobile_base/prefix_override:/usr/lib/python3/dist-packages/colcon_core/task/python/colcon_distutils_commands:/shared_rocker_software/autonomous_ws/install/robot_mobile_base/lib/python3.10/site-packages:${PYTHONPATH} /usr/bin/python3 -W ignore:setup.py install is deprecated -W ignore:easy_install command is deprecated setup.py egg_info --egg-base ../../build/robot_mobile_base build --build-base /shared_rocker_software/autonomous_ws/build/robot_mobile_base/build install --record /shared_rocker_software/autonomous_ws/build/robot_mobile_base/install.log --single-version-externally-managed install_data
[0.857s] running egg_info
[0.858s] writing ../../build/robot_mobile_base/robot_mobile_base.egg-info/PKG-INFO
[0.858s] writing dependency_links to ../../build/robot_mobile_base/robot_mobile_base.egg-info/dependency_links.txt
[0.858s] writing entry points to ../../build/robot_mobile_base/robot_mobile_base.egg-info/entry_points.txt
[0.858s] writing requirements to ../../build/robot_mobile_base/robot_mobile_base.egg-info/requires.txt
[0.858s] writing top-level names to ../../build/robot_mobile_base/robot_mobile_base.egg-info/top_level.txt
[0.859s] reading manifest file '../../build/robot_mobile_base/robot_mobile_base.egg-info/SOURCES.txt'
[0.860s] writing manifest file '../../build/robot_mobile_base/robot_mobile_base.egg-info/SOURCES.txt'
[0.860s] running build
[0.860s] running build_py
[0.860s] running install
[0.860s] running install_lib
[0.861s] running install_data
[0.861s] running install_egg_info
[0.862s] removing '/shared_rocker_software/autonomous_ws/install/robot_mobile_base/lib/python3.10/site-packages/robot_mobile_base-0.0.0-py3.10.egg-info' (and everything under it)
[0.863s] Copying ../../build/robot_mobile_base/robot_mobile_base.egg-info to /shared_rocker_software/autonomous_ws/install/robot_mobile_base/lib/python3.10/site-packages/robot_mobile_base-0.0.0-py3.10.egg-info
[0.863s] running install_scripts
[0.878s] Installing serial_bridge_with_gui script to /shared_rocker_software/autonomous_ws/install/robot_mobile_base/lib/robot_mobile_base
[0.879s] writing list of installed files to '/shared_rocker_software/autonomous_ws/build/robot_mobile_base/install.log'
[0.903s] Invoked command in '/shared_rocker_software/autonomous_ws/src/robot_mobile_base' returned '0': PYTHONPATH=/shared_rocker_software/autonomous_ws/build/robot_mobile_base/prefix_override:/usr/lib/python3/dist-packages/colcon_core/task/python/colcon_distutils_commands:/shared_rocker_software/autonomous_ws/install/robot_mobile_base/lib/python3.10/site-packages:${PYTHONPATH} /usr/bin/python3 -W ignore:setup.py install is deprecated -W ignore:easy_install command is deprecated setup.py egg_info --egg-base ../../build/robot_mobile_base build --build-base /shared_rocker_software/autonomous_ws/build/robot_mobile_base/build install --record /shared_rocker_software/autonomous_ws/build/robot_mobile_base/install.log --single-version-externally-managed install_data
