[1.312s] Invoking command in '/shared_rocker_software/autonomous_robot/src/robot_mobile_base': PYTHONPATH=/shared_rocker_software/autonomous_robot/build/robot_mobile_base/prefix_override:/usr/lib/python3/dist-packages/colcon_core/task/python/colcon_distutils_commands:/shared_rocker_software/autonomous_robot/install/robot_mobile_base/lib/python3.10/site-packages:${PYTHONPATH} /usr/bin/python3 -W ignore:setup.py install is deprecated -W ignore:easy_install command is deprecated setup.py egg_info --egg-base ../../build/robot_mobile_base build --build-base /shared_rocker_software/autonomous_robot/build/robot_mobile_base/build install --record /shared_rocker_software/autonomous_robot/build/robot_mobile_base/install.log --single-version-externally-managed install_data
[1.483s] running egg_info
[1.484s] writing ../../build/robot_mobile_base/robot_mobile_base.egg-info/PKG-INFO
[1.485s] writing dependency_links to ../../build/robot_mobile_base/robot_mobile_base.egg-info/dependency_links.txt
[1.485s] writing entry points to ../../build/robot_mobile_base/robot_mobile_base.egg-info/entry_points.txt
[1.485s] writing requirements to ../../build/robot_mobile_base/robot_mobile_base.egg-info/requires.txt
[1.485s] writing top-level names to ../../build/robot_mobile_base/robot_mobile_base.egg-info/top_level.txt
[1.486s] reading manifest file '../../build/robot_mobile_base/robot_mobile_base.egg-info/SOURCES.txt'
[1.487s] writing manifest file '../../build/robot_mobile_base/robot_mobile_base.egg-info/SOURCES.txt'
[1.487s] running build
[1.488s] running build_py
[1.488s] copying robot_mobile_base/serial_bridge_with_gui.py -> /shared_rocker_software/autonomous_robot/build/robot_mobile_base/build/lib/robot_mobile_base
[1.489s] running install
[1.489s] running install_lib
[1.489s] copying /shared_rocker_software/autonomous_robot/build/robot_mobile_base/build/lib/robot_mobile_base/serial_bridge_with_gui.py -> /shared_rocker_software/autonomous_robot/install/robot_mobile_base/lib/python3.10/site-packages/robot_mobile_base
[1.490s] byte-compiling /shared_rocker_software/autonomous_robot/install/robot_mobile_base/lib/python3.10/site-packages/robot_mobile_base/serial_bridge_with_gui.py to serial_bridge_with_gui.cpython-310.pyc
[1.491s] running install_data
[1.491s] running install_egg_info
[1.492s] removing '/shared_rocker_software/autonomous_robot/install/robot_mobile_base/lib/python3.10/site-packages/robot_mobile_base-0.0.0-py3.10.egg-info' (and everything under it)
[1.493s] Copying ../../build/robot_mobile_base/robot_mobile_base.egg-info to /shared_rocker_software/autonomous_robot/install/robot_mobile_base/lib/python3.10/site-packages/robot_mobile_base-0.0.0-py3.10.egg-info
[1.494s] running install_scripts
[1.509s] Installing serial_bridge_with_gui script to /shared_rocker_software/autonomous_robot/install/robot_mobile_base/lib/robot_mobile_base
[1.510s] writing list of installed files to '/shared_rocker_software/autonomous_robot/build/robot_mobile_base/install.log'
[1.535s] Invoked command in '/shared_rocker_software/autonomous_robot/src/robot_mobile_base' returned '0': PYTHONPATH=/shared_rocker_software/autonomous_robot/build/robot_mobile_base/prefix_override:/usr/lib/python3/dist-packages/colcon_core/task/python/colcon_distutils_commands:/shared_rocker_software/autonomous_robot/install/robot_mobile_base/lib/python3.10/site-packages:${PYTHONPATH} /usr/bin/python3 -W ignore:setup.py install is deprecated -W ignore:easy_install command is deprecated setup.py egg_info --egg-base ../../build/robot_mobile_base build --build-base /shared_rocker_software/autonomous_robot/build/robot_mobile_base/build install --record /shared_rocker_software/autonomous_robot/build/robot_mobile_base/install.log --single-version-externally-managed install_data
