running egg_info
creating ../../build/robot_mobile_base/robot_mobile_base.egg-info
writing ../../build/robot_mobile_base/robot_mobile_base.egg-info/PKG-INFO
writing dependency_links to ../../build/robot_mobile_base/robot_mobile_base.egg-info/dependency_links.txt
writing entry points to ../../build/robot_mobile_base/robot_mobile_base.egg-info/entry_points.txt
writing requirements to ../../build/robot_mobile_base/robot_mobile_base.egg-info/requires.txt
writing top-level names to ../../build/robot_mobile_base/robot_mobile_base.egg-info/top_level.txt
writing manifest file '../../build/robot_mobile_base/robot_mobile_base.egg-info/SOURCES.txt'
reading manifest file '../../build/robot_mobile_base/robot_mobile_base.egg-info/SOURCES.txt'
writing manifest file '../../build/robot_mobile_base/robot_mobile_base.egg-info/SOURCES.txt'
running build
running build_py
creating /shared_rocker_software/autonomous_robot/autonomous_ws/build/robot_mobile_base/build
creating /shared_rocker_software/autonomous_robot/autonomous_ws/build/robot_mobile_base/build/lib
creating /shared_rocker_software/autonomous_robot/autonomous_ws/build/robot_mobile_base/build/lib/robot_mobile_base
copying robot_mobile_base/__init__.py -> /shared_rocker_software/autonomous_robot/autonomous_ws/build/robot_mobile_base/build/lib/robot_mobile_base
copying robot_mobile_base/serial_bridge_with_gui.py -> /shared_rocker_software/autonomous_robot/autonomous_ws/build/robot_mobile_base/build/lib/robot_mobile_base
running install
running install_lib
creating /shared_rocker_software/autonomous_robot/autonomous_ws/install/robot_mobile_base/lib/python3.10/site-packages/robot_mobile_base
copying /shared_rocker_software/autonomous_robot/autonomous_ws/build/robot_mobile_base/build/lib/robot_mobile_base/__init__.py -> /shared_rocker_software/autonomous_robot/autonomous_ws/install/robot_mobile_base/lib/python3.10/site-packages/robot_mobile_base
copying /shared_rocker_software/autonomous_robot/autonomous_ws/build/robot_mobile_base/build/lib/robot_mobile_base/serial_bridge_with_gui.py -> /shared_rocker_software/autonomous_robot/autonomous_ws/install/robot_mobile_base/lib/python3.10/site-packages/robot_mobile_base
byte-compiling /shared_rocker_software/autonomous_robot/autonomous_ws/install/robot_mobile_base/lib/python3.10/site-packages/robot_mobile_base/__init__.py to __init__.cpython-310.pyc
byte-compiling /shared_rocker_software/autonomous_robot/autonomous_ws/install/robot_mobile_base/lib/python3.10/site-packages/robot_mobile_base/serial_bridge_with_gui.py to serial_bridge_with_gui.cpython-310.pyc
running install_data
creating /shared_rocker_software/autonomous_robot/autonomous_ws/install/robot_mobile_base/share/ament_index
creating /shared_rocker_software/autonomous_robot/autonomous_ws/install/robot_mobile_base/share/ament_index/resource_index
creating /shared_rocker_software/autonomous_robot/autonomous_ws/install/robot_mobile_base/share/ament_index/resource_index/packages
copying resource/robot_mobile_base -> /shared_rocker_software/autonomous_robot/autonomous_ws/install/robot_mobile_base/share/ament_index/resource_index/packages
copying package.xml -> /shared_rocker_software/autonomous_robot/autonomous_ws/install/robot_mobile_base/share/robot_mobile_base
running install_egg_info
Copying ../../build/robot_mobile_base/robot_mobile_base.egg-info to /shared_rocker_software/autonomous_robot/autonomous_ws/install/robot_mobile_base/lib/python3.10/site-packages/robot_mobile_base-0.0.0-py3.10.egg-info
running install_scripts
Installing serial_bridge_with_gui script to /shared_rocker_software/autonomous_robot/autonomous_ws/install/robot_mobile_base/lib/robot_mobile_base
writing list of installed files to '/shared_rocker_software/autonomous_robot/autonomous_ws/build/robot_mobile_base/install.log'
