[0.861s] Invoking command in '/shared_rocker_software/autonomous_robot/autonomous_ws/src/robot_mobile_base': PYTHONPATH=/shared_rocker_software/autonomous_robot/autonomous_ws/build/robot_mobile_base/prefix_override:/usr/lib/python3/dist-packages/colcon_core/task/python/colcon_distutils_commands:/shared_rocker_software/autonomous_robot/autonomous_ws/install/robot_mobile_base/lib/python3.10/site-packages:${PYTHONPATH} /usr/bin/python3 -W ignore:setup.py install is deprecated -W ignore:easy_install command is deprecated setup.py egg_info --egg-base ../../build/robot_mobile_base build --build-base /shared_rocker_software/autonomous_robot/autonomous_ws/build/robot_mobile_base/build install --record /shared_rocker_software/autonomous_robot/autonomous_ws/build/robot_mobile_base/install.log --single-version-externally-managed install_data
[1.037s] running egg_info
[1.037s] creating ../../build/robot_mobile_base/robot_mobile_base.egg-info
[1.038s] writing ../../build/robot_mobile_base/robot_mobile_base.egg-info/PKG-INFO
[1.038s] writing dependency_links to ../../build/robot_mobile_base/robot_mobile_base.egg-info/dependency_links.txt
[1.038s] writing entry points to ../../build/robot_mobile_base/robot_mobile_base.egg-info/entry_points.txt
[1.038s] writing requirements to ../../build/robot_mobile_base/robot_mobile_base.egg-info/requires.txt
[1.038s] writing top-level names to ../../build/robot_mobile_base/robot_mobile_base.egg-info/top_level.txt
[1.038s] writing manifest file '../../build/robot_mobile_base/robot_mobile_base.egg-info/SOURCES.txt'
[1.039s] reading manifest file '../../build/robot_mobile_base/robot_mobile_base.egg-info/SOURCES.txt'
[1.040s] writing manifest file '../../build/robot_mobile_base/robot_mobile_base.egg-info/SOURCES.txt'
[1.040s] running build
[1.040s] running build_py
[1.040s] creating /shared_rocker_software/autonomous_robot/autonomous_ws/build/robot_mobile_base/build
[1.040s] creating /shared_rocker_software/autonomous_robot/autonomous_ws/build/robot_mobile_base/build/lib
[1.040s] creating /shared_rocker_software/autonomous_robot/autonomous_ws/build/robot_mobile_base/build/lib/robot_mobile_base
[1.040s] copying robot_mobile_base/__init__.py -> /shared_rocker_software/autonomous_robot/autonomous_ws/build/robot_mobile_base/build/lib/robot_mobile_base
[1.040s] copying robot_mobile_base/serial_bridge_with_gui.py -> /shared_rocker_software/autonomous_robot/autonomous_ws/build/robot_mobile_base/build/lib/robot_mobile_base
[1.041s] running install
[1.041s] running install_lib
[1.041s] creating /shared_rocker_software/autonomous_robot/autonomous_ws/install/robot_mobile_base/lib/python3.10/site-packages/robot_mobile_base
[1.041s] copying /shared_rocker_software/autonomous_robot/autonomous_ws/build/robot_mobile_base/build/lib/robot_mobile_base/__init__.py -> /shared_rocker_software/autonomous_robot/autonomous_ws/install/robot_mobile_base/lib/python3.10/site-packages/robot_mobile_base
[1.041s] copying /shared_rocker_software/autonomous_robot/autonomous_ws/build/robot_mobile_base/build/lib/robot_mobile_base/serial_bridge_with_gui.py -> /shared_rocker_software/autonomous_robot/autonomous_ws/install/robot_mobile_base/lib/python3.10/site-packages/robot_mobile_base
[1.042s] byte-compiling /shared_rocker_software/autonomous_robot/autonomous_ws/install/robot_mobile_base/lib/python3.10/site-packages/robot_mobile_base/__init__.py to __init__.cpython-310.pyc
[1.042s] byte-compiling /shared_rocker_software/autonomous_robot/autonomous_ws/install/robot_mobile_base/lib/python3.10/site-packages/robot_mobile_base/serial_bridge_with_gui.py to serial_bridge_with_gui.cpython-310.pyc
[1.044s] running install_data
[1.044s] creating /shared_rocker_software/autonomous_robot/autonomous_ws/install/robot_mobile_base/share/ament_index
[1.044s] creating /shared_rocker_software/autonomous_robot/autonomous_ws/install/robot_mobile_base/share/ament_index/resource_index
[1.044s] creating /shared_rocker_software/autonomous_robot/autonomous_ws/install/robot_mobile_base/share/ament_index/resource_index/packages
[1.044s] copying resource/robot_mobile_base -> /shared_rocker_software/autonomous_robot/autonomous_ws/install/robot_mobile_base/share/ament_index/resource_index/packages
[1.044s] copying package.xml -> /shared_rocker_software/autonomous_robot/autonomous_ws/install/robot_mobile_base/share/robot_mobile_base
[1.044s] running install_egg_info
[1.045s] Copying ../../build/robot_mobile_base/robot_mobile_base.egg-info to /shared_rocker_software/autonomous_robot/autonomous_ws/install/robot_mobile_base/lib/python3.10/site-packages/robot_mobile_base-0.0.0-py3.10.egg-info
[1.046s] running install_scripts
[1.062s] Installing serial_bridge_with_gui script to /shared_rocker_software/autonomous_robot/autonomous_ws/install/robot_mobile_base/lib/robot_mobile_base
[1.062s] writing list of installed files to '/shared_rocker_software/autonomous_robot/autonomous_ws/build/robot_mobile_base/install.log'
[1.094s] Invoked command in '/shared_rocker_software/autonomous_robot/autonomous_ws/src/robot_mobile_base' returned '0': PYTHONPATH=/shared_rocker_software/autonomous_robot/autonomous_ws/build/robot_mobile_base/prefix_override:/usr/lib/python3/dist-packages/colcon_core/task/python/colcon_distutils_commands:/shared_rocker_software/autonomous_robot/autonomous_ws/install/robot_mobile_base/lib/python3.10/site-packages:${PYTHONPATH} /usr/bin/python3 -W ignore:setup.py install is deprecated -W ignore:easy_install command is deprecated setup.py egg_info --egg-base ../../build/robot_mobile_base build --build-base /shared_rocker_software/autonomous_robot/autonomous_ws/build/robot_mobile_base/build install --record /shared_rocker_software/autonomous_robot/autonomous_ws/build/robot_mobile_base/install.log --single-version-externally-managed install_data
