[0.681s] Invoking command in '/shared_rocker_software/autonomous_ws/src/robot_vio': PYTHONPATH=/shared_rocker_software/autonomous_ws/build/robot_vio/prefix_override:/usr/lib/python3/dist-packages/colcon_core/task/python/colcon_distutils_commands:/shared_rocker_software/autonomous_ws/install/robot_vio/lib/python3.10/site-packages:${PYTHONPATH} /usr/bin/python3 -W ignore:setup.py install is deprecated -W ignore:easy_install command is deprecated setup.py egg_info --egg-base ../../build/robot_vio build --build-base /shared_rocker_software/autonomous_ws/build/robot_vio/build install --record /shared_rocker_software/autonomous_ws/build/robot_vio/install.log --single-version-externally-managed install_data
[0.847s] running egg_info
[0.847s] creating ../../build/robot_vio/robot_vio.egg-info
[0.847s] writing ../../build/robot_vio/robot_vio.egg-info/PKG-INFO
[0.848s] writing dependency_links to ../../build/robot_vio/robot_vio.egg-info/dependency_links.txt
[0.848s] writing entry points to ../../build/robot_vio/robot_vio.egg-info/entry_points.txt
[0.848s] writing requirements to ../../build/robot_vio/robot_vio.egg-info/requires.txt
[0.848s] writing top-level names to ../../build/robot_vio/robot_vio.egg-info/top_level.txt
[0.848s] writing manifest file '../../build/robot_vio/robot_vio.egg-info/SOURCES.txt'
[0.849s] reading manifest file '../../build/robot_vio/robot_vio.egg-info/SOURCES.txt'
[0.849s] writing manifest file '../../build/robot_vio/robot_vio.egg-info/SOURCES.txt'
[0.850s] running build
[0.850s] running build_py
[0.850s] creating /shared_rocker_software/autonomous_ws/build/robot_vio/build
[0.850s] creating /shared_rocker_software/autonomous_ws/build/robot_vio/build/lib
[0.850s] creating /shared_rocker_software/autonomous_ws/build/robot_vio/build/lib/robot_vio
[0.850s] copying robot_vio/__init__.py -> /shared_rocker_software/autonomous_ws/build/robot_vio/build/lib/robot_vio
[0.850s] running install
[0.850s] running install_lib
[0.851s] creating /shared_rocker_software/autonomous_ws/install/robot_vio/lib/python3.10/site-packages/robot_vio
[0.851s] copying /shared_rocker_software/autonomous_ws/build/robot_vio/build/lib/robot_vio/__init__.py -> /shared_rocker_software/autonomous_ws/install/robot_vio/lib/python3.10/site-packages/robot_vio
[0.851s] byte-compiling /shared_rocker_software/autonomous_ws/install/robot_vio/lib/python3.10/site-packages/robot_vio/__init__.py to __init__.cpython-310.pyc
[0.851s] running install_data
[0.852s] creating /shared_rocker_software/autonomous_ws/install/robot_vio/share/ament_index
[0.852s] creating /shared_rocker_software/autonomous_ws/install/robot_vio/share/ament_index/resource_index
[0.852s] creating /shared_rocker_software/autonomous_ws/install/robot_vio/share/ament_index/resource_index/packages
[0.852s] copying resource/robot_vio -> /shared_rocker_software/autonomous_ws/install/robot_vio/share/ament_index/resource_index/packages
[0.852s] copying package.xml -> /shared_rocker_software/autonomous_ws/install/robot_vio/share/robot_vio
[0.852s] running install_egg_info
[0.853s] Copying ../../build/robot_vio/robot_vio.egg-info to /shared_rocker_software/autonomous_ws/install/robot_vio/lib/python3.10/site-packages/robot_vio-0.0.0-py3.10.egg-info
[0.854s] running install_scripts
[0.870s] writing list of installed files to '/shared_rocker_software/autonomous_ws/build/robot_vio/install.log'
[0.895s] Invoked command in '/shared_rocker_software/autonomous_ws/src/robot_vio' returned '0': PYTHONPATH=/shared_rocker_software/autonomous_ws/build/robot_vio/prefix_override:/usr/lib/python3/dist-packages/colcon_core/task/python/colcon_distutils_commands:/shared_rocker_software/autonomous_ws/install/robot_vio/lib/python3.10/site-packages:${PYTHONPATH} /usr/bin/python3 -W ignore:setup.py install is deprecated -W ignore:easy_install command is deprecated setup.py egg_info --egg-base ../../build/robot_vio build --build-base /shared_rocker_software/autonomous_ws/build/robot_vio/build install --record /shared_rocker_software/autonomous_ws/build/robot_vio/install.log --single-version-externally-managed install_data
