[0.196s] Invoking command in '/shared_rocker_software/autonomous_ws/build/robot_odometry': /usr/bin/cmake --build /shared_rocker_software/autonomous_ws/build/robot_odometry -- -j16 -l16
[0.393s] Invoked command in '/shared_rocker_software/autonomous_ws/build/robot_odometry' returned '0': /usr/bin/cmake --build /shared_rocker_software/autonomous_ws/build/robot_odometry -- -j16 -l16
[0.394s] Invoking command in '/shared_rocker_software/autonomous_ws/build/robot_odometry': /usr/bin/cmake --install /shared_rocker_software/autonomous_ws/build/robot_odometry
[0.400s] -- Install configuration: ""
[0.400s] -- Up-to-date: /shared_rocker_software/autonomous_ws/install/robot_odometry/share/robot_odometry/launch
[0.400s] -- Up-to-date: /shared_rocker_software/autonomous_ws/install/robot_odometry/share/robot_odometry/config
[0.401s] -- Up-to-date: /shared_rocker_software/autonomous_ws/install/robot_odometry/share/robot_odometry/config/rtabmap_params.yaml
[0.401s] -- Up-to-date: /shared_rocker_software/autonomous_ws/install/robot_odometry/share/robot_odometry/config/ekf.yaml
[0.401s] -- Up-to-date: /shared_rocker_software/autonomous_ws/install/robot_odometry/share/ament_index/resource_index/package_run_dependencies/robot_odometry
[0.401s] -- Up-to-date: /shared_rocker_software/autonomous_ws/install/robot_odometry/share/ament_index/resource_index/parent_prefix_path/robot_odometry
[0.401s] -- Up-to-date: /shared_rocker_software/autonomous_ws/install/robot_odometry/share/robot_odometry/environment/ament_prefix_path.sh
[0.401s] -- Up-to-date: /shared_rocker_software/autonomous_ws/install/robot_odometry/share/robot_odometry/environment/ament_prefix_path.dsv
[0.401s] -- Up-to-date: /shared_rocker_software/autonomous_ws/install/robot_odometry/share/robot_odometry/environment/path.sh
[0.401s] -- Up-to-date: /shared_rocker_software/autonomous_ws/install/robot_odometry/share/robot_odometry/environment/path.dsv
[0.401s] -- Up-to-date: /shared_rocker_software/autonomous_ws/install/robot_odometry/share/robot_odometry/local_setup.bash
[0.401s] -- Up-to-date: /shared_rocker_software/autonomous_ws/install/robot_odometry/share/robot_odometry/local_setup.sh
[0.401s] -- Up-to-date: /shared_rocker_software/autonomous_ws/install/robot_odometry/share/robot_odometry/local_setup.zsh
[0.401s] -- Up-to-date: /shared_rocker_software/autonomous_ws/install/robot_odometry/share/robot_odometry/local_setup.dsv
[0.401s] -- Installing: /shared_rocker_software/autonomous_ws/install/robot_odometry/share/robot_odometry/package.dsv
[0.401s] -- Up-to-date: /shared_rocker_software/autonomous_ws/install/robot_odometry/share/ament_index/resource_index/packages/robot_odometry
[0.402s] -- Up-to-date: /shared_rocker_software/autonomous_ws/install/robot_odometry/share/robot_odometry/cmake/robot_odometryConfig.cmake
[0.402s] -- Up-to-date: /shared_rocker_software/autonomous_ws/install/robot_odometry/share/robot_odometry/cmake/robot_odometryConfig-version.cmake
[0.402s] -- Up-to-date: /shared_rocker_software/autonomous_ws/install/robot_odometry/share/robot_odometry/package.xml
[0.415s] Invoked command in '/shared_rocker_software/autonomous_ws/build/robot_odometry' returned '0': /usr/bin/cmake --install /shared_rocker_software/autonomous_ws/build/robot_odometry
