[0.028s] Invoking command in '/shared_rocker_software/autonomous_robot/autonomous_ws/build/robot_description': CMAKE_PREFIX_PATH=${CMAKE_PREFIX_PATH}:/shared_rocker_software/autonomous_robot/autonomous_ws/install/robot_vio:/shared_rocker_software/autonomous_robot/autonomous_ws/install/robot_mobile_base:/opt/ros/humble /usr/bin/cmake /shared_rocker_software/autonomous_robot/autonomous_ws/src/robot_description -DCMAKE_INSTALL_PREFIX=/shared_rocker_software/autonomous_robot/autonomous_ws/install/robot_description
[0.406s] -- The C compiler identification is GNU 11.4.0
[0.406s] -- The CXX compiler identification is GNU 11.4.0
[0.406s] -- Detecting C compiler ABI info
[0.406s] -- Detecting C compiler ABI info - done
[0.407s] -- Check for working C compiler: /usr/bin/cc - skipped
[0.407s] -- Detecting C compile features
[0.407s] -- Detecting C compile features - done
[0.407s] -- Detecting CXX compiler ABI info
[0.457s] -- Detecting CXX compiler ABI info - done
[0.462s] -- Check for working CXX compiler: /usr/bin/c++ - skipped
[0.462s] -- Detecting CXX compile features
[0.463s] -- Detecting CXX compile features - done
[0.476s] -- Found ament_cmake: 1.3.12 (/opt/ros/humble/share/ament_cmake/cmake)
[0.618s] -- Found Python3: /usr/bin/python3 (found version "3.10.12") found components: Interpreter 
[0.750s] -- Found rclcpp: 16.0.14 (/opt/ros/humble/share/rclcpp/cmake)
[0.847s] -- Found rosidl_generator_c: 3.1.7 (/opt/ros/humble/share/rosidl_generator_c/cmake)
[0.859s] -- Found rosidl_adapter: 3.1.7 (/opt/ros/humble/share/rosidl_adapter/cmake)
[0.878s] -- Found rosidl_generator_cpp: 3.1.7 (/opt/ros/humble/share/rosidl_generator_cpp/cmake)
[0.903s] -- Using all available rosidl_typesupport_c: rosidl_typesupport_fastrtps_c;rosidl_typesupport_introspection_c
[0.934s] -- Using all available rosidl_typesupport_cpp: rosidl_typesupport_fastrtps_cpp;rosidl_typesupport_introspection_cpp
[1.020s] -- Found rmw_implementation_cmake: 6.1.2 (/opt/ros/humble/share/rmw_implementation_cmake/cmake)
[1.028s] -- Found rmw_cyclonedds_cpp: 1.3.4 (/opt/ros/humble/share/rmw_cyclonedds_cpp/cmake)
[1.070s] -- Using RMW implementation 'rmw_cyclonedds_cpp' as default
[1.089s] -- Looking for pthread.h
[1.162s] -- Looking for pthread.h - found
[1.162s] -- Performing Test CMAKE_HAVE_LIBC_PTHREAD
[1.228s] -- Performing Test CMAKE_HAVE_LIBC_PTHREAD - Success
[1.228s] -- Found Threads: TRUE  
[1.297s] -- Found xacro: 2.0.13 (/opt/ros/humble/share/xacro/cmake)
[1.350s] -- Configuring done
[1.354s] -- Generating done
[1.355s] -- Build files have been written to: /shared_rocker_software/autonomous_robot/autonomous_ws/build/robot_description
[1.362s] Invoked command in '/shared_rocker_software/autonomous_robot/autonomous_ws/build/robot_description' returned '0': CMAKE_PREFIX_PATH=${CMAKE_PREFIX_PATH}:/shared_rocker_software/autonomous_robot/autonomous_ws/install/robot_vio:/shared_rocker_software/autonomous_robot/autonomous_ws/install/robot_mobile_base:/opt/ros/humble /usr/bin/cmake /shared_rocker_software/autonomous_robot/autonomous_ws/src/robot_description -DCMAKE_INSTALL_PREFIX=/shared_rocker_software/autonomous_robot/autonomous_ws/install/robot_description
[1.364s] Invoking command in '/shared_rocker_software/autonomous_robot/autonomous_ws/build/robot_description': CMAKE_PREFIX_PATH=${CMAKE_PREFIX_PATH}:/shared_rocker_software/autonomous_robot/autonomous_ws/install/robot_vio:/shared_rocker_software/autonomous_robot/autonomous_ws/install/robot_mobile_base:/opt/ros/humble /usr/bin/cmake --build /shared_rocker_software/autonomous_robot/autonomous_ws/build/robot_description -- -j16 -l16
[1.402s] Invoked command in '/shared_rocker_software/autonomous_robot/autonomous_ws/build/robot_description' returned '0': CMAKE_PREFIX_PATH=${CMAKE_PREFIX_PATH}:/shared_rocker_software/autonomous_robot/autonomous_ws/install/robot_vio:/shared_rocker_software/autonomous_robot/autonomous_ws/install/robot_mobile_base:/opt/ros/humble /usr/bin/cmake --build /shared_rocker_software/autonomous_robot/autonomous_ws/build/robot_description -- -j16 -l16
[1.411s] Invoking command in '/shared_rocker_software/autonomous_robot/autonomous_ws/build/robot_description': CMAKE_PREFIX_PATH=${CMAKE_PREFIX_PATH}:/shared_rocker_software/autonomous_robot/autonomous_ws/install/robot_vio:/shared_rocker_software/autonomous_robot/autonomous_ws/install/robot_mobile_base:/opt/ros/humble /usr/bin/cmake --install /shared_rocker_software/autonomous_robot/autonomous_ws/build/robot_description
[1.419s] -- Install configuration: ""
[1.419s] -- Installing: /shared_rocker_software/autonomous_robot/autonomous_ws/install/robot_description/share/robot_description/urdf
[1.419s] -- Installing: /shared_rocker_software/autonomous_robot/autonomous_ws/install/robot_description/share/robot_description/urdf/omni_robot.urdf.xacro
[1.419s] -- Installing: /shared_rocker_software/autonomous_robot/autonomous_ws/install/robot_description/share/robot_description/launch
[1.419s] -- Installing: /shared_rocker_software/autonomous_robot/autonomous_ws/install/robot_description/share/robot_description/launch/view_robot.launch.py
[1.420s] -- Installing: /shared_rocker_software/autonomous_robot/autonomous_ws/install/robot_description/share/ament_index/resource_index/package_run_dependencies/robot_description
[1.420s] -- Installing: /shared_rocker_software/autonomous_robot/autonomous_ws/install/robot_description/share/ament_index/resource_index/parent_prefix_path/robot_description
[1.421s] -- Installing: /shared_rocker_software/autonomous_robot/autonomous_ws/install/robot_description/share/robot_description/environment/ament_prefix_path.sh
[1.421s] -- Installing: /shared_rocker_software/autonomous_robot/autonomous_ws/install/robot_description/share/robot_description/environment/ament_prefix_path.dsv
[1.421s] -- Installing: /shared_rocker_software/autonomous_robot/autonomous_ws/install/robot_description/share/robot_description/environment/path.sh
[1.421s] -- Installing: /shared_rocker_software/autonomous_robot/autonomous_ws/install/robot_description/share/robot_description/environment/path.dsv
[1.421s] -- Installing: /shared_rocker_software/autonomous_robot/autonomous_ws/install/robot_description/share/robot_description/local_setup.bash
[1.422s] -- Installing: /shared_rocker_software/autonomous_robot/autonomous_ws/install/robot_description/share/robot_description/local_setup.sh
[1.422s] -- Installing: /shared_rocker_software/autonomous_robot/autonomous_ws/install/robot_description/share/robot_description/local_setup.zsh
[1.422s] -- Installing: /shared_rocker_software/autonomous_robot/autonomous_ws/install/robot_description/share/robot_description/local_setup.dsv
[1.422s] -- Installing: /shared_rocker_software/autonomous_robot/autonomous_ws/install/robot_description/share/robot_description/package.dsv
[1.422s] -- Installing: /shared_rocker_software/autonomous_robot/autonomous_ws/install/robot_description/share/ament_index/resource_index/packages/robot_description
[1.422s] -- Installing: /shared_rocker_software/autonomous_robot/autonomous_ws/install/robot_description/share/robot_description/cmake/robot_descriptionConfig.cmake
[1.422s] -- Installing: /shared_rocker_software/autonomous_robot/autonomous_ws/install/robot_description/share/robot_description/cmake/robot_descriptionConfig-version.cmake
[1.422s] -- Installing: /shared_rocker_software/autonomous_robot/autonomous_ws/install/robot_description/share/robot_description/package.xml
[1.424s] Invoked command in '/shared_rocker_software/autonomous_robot/autonomous_ws/build/robot_description' returned '0': CMAKE_PREFIX_PATH=${CMAKE_PREFIX_PATH}:/shared_rocker_software/autonomous_robot/autonomous_ws/install/robot_vio:/shared_rocker_software/autonomous_robot/autonomous_ws/install/robot_mobile_base:/opt/ros/humble /usr/bin/cmake --install /shared_rocker_software/autonomous_robot/autonomous_ws/build/robot_description
