[0.168s] DEBUG:colcon:Command line arguments: ['/usr/bin/colcon', 'build']
[0.168s] DEBUG:colcon:Parsed command line arguments: Namespace(log_base=None, log_level=None, verb_name='build', build_base='build', install_base='install', merge_install=False, symlink_install=False, test_result_base=None, continue_on_error=False, executor='parallel', parallel_workers=16, event_handlers=None, ignore_user_meta=False, metas=['./colcon.meta'], base_paths=['.'], packages_ignore=None, packages_ignore_regex=None, paths=None, packages_up_to=None, packages_up_to_regex=None, packages_above=None, packages_above_and_dependencies=None, packages_above_depth=None, packages_select_by_dep=None, packages_skip_by_dep=None, packages_skip_up_to=None, packages_select_build_failed=False, packages_skip_build_finished=False, packages_select_test_failures=False, packages_skip_test_passed=False, packages_select=None, packages_skip=None, packages_select_regex=None, packages_skip_regex=None, packages_start=None, packages_end=None, cmake_args=None, cmake_target=None, cmake_target_skip_unavailable=False, cmake_clean_cache=False, cmake_clean_first=False, cmake_force_configure=False, ament_cmake_args=None, catkin_cmake_args=None, catkin_skip_building_tests=False, mixin_files=None, mixin=None, verb_parser=<colcon_mixin.mixin.mixin_argument.MixinArgumentDecorator object at 0x7b80cc900a30>, verb_extension=<colcon_core.verb.build.BuildVerb object at 0x7b80cca918a0>, main=<bound method BuildVerb.main of <colcon_core.verb.build.BuildVerb object at 0x7b80cca918a0>>, mixin_verb=('build',))
[0.392s] Level 1:colcon.colcon_core.package_discovery:discover_packages(colcon_meta) check parameters
[0.394s] INFO:colcon.colcon_metadata.package_discovery.colcon_meta:Using configuration from '/root/.colcon/metadata/default/Gazebo.meta'
[0.394s] INFO:colcon.colcon_metadata.package_discovery.colcon_meta:Using configuration from '/root/.colcon/metadata/default/fastdds.meta'
[0.395s] INFO:colcon.colcon_metadata.package_discovery.colcon_meta:Using configuration from '/root/.colcon/metadata/default/fastrtps.meta'
[0.395s] Level 1:colcon.colcon_core.package_discovery:discover_packages(recursive) check parameters
[0.395s] Level 1:colcon.colcon_core.package_discovery:discover_packages(ignore) check parameters
[0.395s] Level 1:colcon.colcon_core.package_discovery:discover_packages(path) check parameters
[0.395s] Level 1:colcon.colcon_core.package_discovery:discover_packages(colcon_meta) discover
[0.395s] Level 1:colcon.colcon_core.package_discovery:discover_packages(recursive) discover
[0.395s] INFO:colcon.colcon_core.package_discovery:Crawling recursively for packages in '/shared_rocker_software/autonomous_robot'
[0.395s] Level 1:colcon.colcon_core.package_identification:_identify(.) by extensions ['ignore', 'ignore_ament_install']
[0.396s] Level 1:colcon.colcon_core.package_identification:_identify(.) by extension 'ignore'
[0.396s] Level 1:colcon.colcon_core.package_identification:_identify(.) by extension 'ignore_ament_install'
[0.396s] Level 1:colcon.colcon_core.package_identification:_identify(.) by extensions ['colcon_pkg']
[0.396s] Level 1:colcon.colcon_core.package_identification:_identify(.) by extension 'colcon_pkg'
[0.396s] Level 1:colcon.colcon_core.package_identification:_identify(.) by extensions ['colcon_meta']
[0.396s] Level 1:colcon.colcon_core.package_identification:_identify(.) by extension 'colcon_meta'
[0.396s] Level 1:colcon.colcon_core.package_identification:_identify(.) by extensions ['ros']
[0.396s] Level 1:colcon.colcon_core.package_identification:_identify(.) by extension 'ros'
[0.411s] Level 1:colcon.colcon_core.package_identification:_identify(.) by extensions ['cmake', 'python']
[0.411s] Level 1:colcon.colcon_core.package_identification:_identify(.) by extension 'cmake'
[0.411s] Level 1:colcon.colcon_core.package_identification:_identify(.) by extension 'python'
[0.411s] Level 1:colcon.colcon_core.package_identification:_identify(.) by extensions ['python_setup_py']
[0.411s] Level 1:colcon.colcon_core.package_identification:_identify(.) by extension 'python_setup_py'
[0.412s] Level 1:colcon.colcon_core.package_identification:_identify(build) by extensions ['ignore', 'ignore_ament_install']
[0.412s] Level 1:colcon.colcon_core.package_identification:_identify(build) by extension 'ignore'
[0.412s] Level 1:colcon.colcon_core.package_identification:_identify(build) ignored
[0.412s] Level 1:colcon.colcon_core.package_identification:_identify(install) by extensions ['ignore', 'ignore_ament_install']
[0.412s] Level 1:colcon.colcon_core.package_identification:_identify(install) by extension 'ignore'
[0.412s] Level 1:colcon.colcon_core.package_identification:_identify(install) ignored
[0.412s] Level 1:colcon.colcon_core.package_identification:_identify(log) by extensions ['ignore', 'ignore_ament_install']
[0.412s] Level 1:colcon.colcon_core.package_identification:_identify(log) by extension 'ignore'
[0.412s] Level 1:colcon.colcon_core.package_identification:_identify(log) ignored
[0.412s] Level 1:colcon.colcon_core.package_identification:_identify(src) by extensions ['ignore', 'ignore_ament_install']
[0.413s] Level 1:colcon.colcon_core.package_identification:_identify(src) by extension 'ignore'
[0.413s] Level 1:colcon.colcon_core.package_identification:_identify(src) by extension 'ignore_ament_install'
[0.413s] Level 1:colcon.colcon_core.package_identification:_identify(src) by extensions ['colcon_pkg']
[0.413s] Level 1:colcon.colcon_core.package_identification:_identify(src) by extension 'colcon_pkg'
[0.413s] Level 1:colcon.colcon_core.package_identification:_identify(src) by extensions ['colcon_meta']
[0.413s] Level 1:colcon.colcon_core.package_identification:_identify(src) by extension 'colcon_meta'
[0.413s] Level 1:colcon.colcon_core.package_identification:_identify(src) by extensions ['ros']
[0.413s] Level 1:colcon.colcon_core.package_identification:_identify(src) by extension 'ros'
[0.413s] Level 1:colcon.colcon_core.package_identification:_identify(src) by extensions ['cmake', 'python']
[0.413s] Level 1:colcon.colcon_core.package_identification:_identify(src) by extension 'cmake'
[0.413s] Level 1:colcon.colcon_core.package_identification:_identify(src) by extension 'python'
[0.413s] Level 1:colcon.colcon_core.package_identification:_identify(src) by extensions ['python_setup_py']
[0.413s] Level 1:colcon.colcon_core.package_identification:_identify(src) by extension 'python_setup_py'
[0.413s] Level 1:colcon.colcon_core.package_identification:_identify(src/robot_description) by extensions ['ignore', 'ignore_ament_install']
[0.414s] Level 1:colcon.colcon_core.package_identification:_identify(src/robot_description) by extension 'ignore'
[0.414s] Level 1:colcon.colcon_core.package_identification:_identify(src/robot_description) by extension 'ignore_ament_install'
[0.414s] Level 1:colcon.colcon_core.package_identification:_identify(src/robot_description) by extensions ['colcon_pkg']
[0.414s] Level 1:colcon.colcon_core.package_identification:_identify(src/robot_description) by extension 'colcon_pkg'
[0.414s] Level 1:colcon.colcon_core.package_identification:_identify(src/robot_description) by extensions ['colcon_meta']
[0.414s] Level 1:colcon.colcon_core.package_identification:_identify(src/robot_description) by extension 'colcon_meta'
[0.414s] Level 1:colcon.colcon_core.package_identification:_identify(src/robot_description) by extensions ['ros']
[0.414s] Level 1:colcon.colcon_core.package_identification:_identify(src/robot_description) by extension 'ros'
[0.417s] DEBUG:colcon.colcon_core.package_identification:Package 'src/robot_description' with type 'ros.ament_cmake' and name 'robot_description'
[0.417s] Level 1:colcon.colcon_core.package_identification:_identify(src/robot_mobile_base) by extensions ['ignore', 'ignore_ament_install']
[0.417s] Level 1:colcon.colcon_core.package_identification:_identify(src/robot_mobile_base) by extension 'ignore'
[0.417s] Level 1:colcon.colcon_core.package_identification:_identify(src/robot_mobile_base) by extension 'ignore_ament_install'
[0.418s] Level 1:colcon.colcon_core.package_identification:_identify(src/robot_mobile_base) by extensions ['colcon_pkg']
[0.418s] Level 1:colcon.colcon_core.package_identification:_identify(src/robot_mobile_base) by extension 'colcon_pkg'
[0.418s] Level 1:colcon.colcon_core.package_identification:_identify(src/robot_mobile_base) by extensions ['colcon_meta']
[0.418s] Level 1:colcon.colcon_core.package_identification:_identify(src/robot_mobile_base) by extension 'colcon_meta'
[0.418s] Level 1:colcon.colcon_core.package_identification:_identify(src/robot_mobile_base) by extensions ['ros']
[0.418s] Level 1:colcon.colcon_core.package_identification:_identify(src/robot_mobile_base) by extension 'ros'
[0.419s] DEBUG:colcon.colcon_core.package_identification:Package 'src/robot_mobile_base' with type 'ros.ament_python' and name 'robot_mobile_base'
[0.419s] Level 1:colcon.colcon_core.package_identification:_identify(src/robot_odometry) by extensions ['ignore', 'ignore_ament_install']
[0.419s] Level 1:colcon.colcon_core.package_identification:_identify(src/robot_odometry) by extension 'ignore'
[0.419s] Level 1:colcon.colcon_core.package_identification:_identify(src/robot_odometry) by extension 'ignore_ament_install'
[0.419s] Level 1:colcon.colcon_core.package_identification:_identify(src/robot_odometry) by extensions ['colcon_pkg']
[0.419s] Level 1:colcon.colcon_core.package_identification:_identify(src/robot_odometry) by extension 'colcon_pkg'
[0.419s] Level 1:colcon.colcon_core.package_identification:_identify(src/robot_odometry) by extensions ['colcon_meta']
[0.419s] Level 1:colcon.colcon_core.package_identification:_identify(src/robot_odometry) by extension 'colcon_meta'
[0.419s] Level 1:colcon.colcon_core.package_identification:_identify(src/robot_odometry) by extensions ['ros']
[0.420s] Level 1:colcon.colcon_core.package_identification:_identify(src/robot_odometry) by extension 'ros'
[0.421s] DEBUG:colcon.colcon_core.package_identification:Package 'src/robot_odometry' with type 'ros.ament_cmake' and name 'robot_odometry'
[0.421s] Level 1:colcon.colcon_core.package_identification:_identify(src/robot_vio) by extensions ['ignore', 'ignore_ament_install']
[0.421s] Level 1:colcon.colcon_core.package_identification:_identify(src/robot_vio) by extension 'ignore'
[0.421s] Level 1:colcon.colcon_core.package_identification:_identify(src/robot_vio) by extension 'ignore_ament_install'
[0.421s] Level 1:colcon.colcon_core.package_identification:_identify(src/robot_vio) by extensions ['colcon_pkg']
[0.421s] Level 1:colcon.colcon_core.package_identification:_identify(src/robot_vio) by extension 'colcon_pkg'
[0.421s] Level 1:colcon.colcon_core.package_identification:_identify(src/robot_vio) by extensions ['colcon_meta']
[0.421s] Level 1:colcon.colcon_core.package_identification:_identify(src/robot_vio) by extension 'colcon_meta'
[0.421s] Level 1:colcon.colcon_core.package_identification:_identify(src/robot_vio) by extensions ['ros']
[0.421s] Level 1:colcon.colcon_core.package_identification:_identify(src/robot_vio) by extension 'ros'
[0.422s] DEBUG:colcon.colcon_core.package_identification:Package 'src/robot_vio' with type 'ros.ament_python' and name 'robot_vio'
[0.422s] Level 1:colcon.colcon_core.package_identification:_identify(src/sllidar_ros2) by extensions ['ignore', 'ignore_ament_install']
[0.423s] Level 1:colcon.colcon_core.package_identification:_identify(src/sllidar_ros2) by extension 'ignore'
[0.423s] Level 1:colcon.colcon_core.package_identification:_identify(src/sllidar_ros2) by extension 'ignore_ament_install'
[0.423s] Level 1:colcon.colcon_core.package_identification:_identify(src/sllidar_ros2) by extensions ['colcon_pkg']
[0.423s] Level 1:colcon.colcon_core.package_identification:_identify(src/sllidar_ros2) by extension 'colcon_pkg'
[0.423s] Level 1:colcon.colcon_core.package_identification:_identify(src/sllidar_ros2) by extensions ['colcon_meta']
[0.423s] Level 1:colcon.colcon_core.package_identification:_identify(src/sllidar_ros2) by extension 'colcon_meta'
[0.423s] Level 1:colcon.colcon_core.package_identification:_identify(src/sllidar_ros2) by extensions ['ros']
[0.423s] Level 1:colcon.colcon_core.package_identification:_identify(src/sllidar_ros2) by extension 'ros'
[0.424s] DEBUG:colcon.colcon_core.package_identification:Package 'src/sllidar_ros2' with type 'ros.ament_cmake' and name 'sllidar_ros2'
[0.424s] Level 1:colcon.colcon_core.package_discovery:discover_packages(recursive) using defaults
[0.424s] Level 1:colcon.colcon_core.package_discovery:discover_packages(ignore) discover
[0.424s] Level 1:colcon.colcon_core.package_discovery:discover_packages(ignore) using defaults
[0.424s] Level 1:colcon.colcon_core.package_discovery:discover_packages(path) discover
[0.424s] Level 1:colcon.colcon_core.package_discovery:discover_packages(path) using defaults
[0.466s] Level 5:colcon.colcon_core.verb:set package 'robot_description' build argument 'cmake_args' from command line to 'None'
[0.466s] Level 5:colcon.colcon_core.verb:set package 'robot_description' build argument 'cmake_target' from command line to 'None'
[0.466s] Level 5:colcon.colcon_core.verb:set package 'robot_description' build argument 'cmake_target_skip_unavailable' from command line to 'False'
[0.466s] Level 5:colcon.colcon_core.verb:set package 'robot_description' build argument 'cmake_clean_cache' from command line to 'False'
[0.466s] Level 5:colcon.colcon_core.verb:set package 'robot_description' build argument 'cmake_clean_first' from command line to 'False'
[0.466s] Level 5:colcon.colcon_core.verb:set package 'robot_description' build argument 'cmake_force_configure' from command line to 'False'
[0.466s] Level 5:colcon.colcon_core.verb:set package 'robot_description' build argument 'ament_cmake_args' from command line to 'None'
[0.466s] Level 5:colcon.colcon_core.verb:set package 'robot_description' build argument 'catkin_cmake_args' from command line to 'None'
[0.466s] Level 5:colcon.colcon_core.verb:set package 'robot_description' build argument 'catkin_skip_building_tests' from command line to 'False'
[0.466s] DEBUG:colcon.colcon_core.verb:Building package 'robot_description' with the following arguments: {'ament_cmake_args': None, 'build_base': '/shared_rocker_software/autonomous_robot/build/robot_description', 'catkin_cmake_args': None, 'catkin_skip_building_tests': False, 'cmake_args': None, 'cmake_clean_cache': False, 'cmake_clean_first': False, 'cmake_force_configure': False, 'cmake_target': None, 'cmake_target_skip_unavailable': False, 'install_base': '/shared_rocker_software/autonomous_robot/install/robot_description', 'merge_install': False, 'path': '/shared_rocker_software/autonomous_robot/src/robot_description', 'symlink_install': False, 'test_result_base': None}
[0.467s] Level 5:colcon.colcon_core.verb:set package 'robot_mobile_base' build argument 'cmake_args' from command line to 'None'
[0.467s] Level 5:colcon.colcon_core.verb:set package 'robot_mobile_base' build argument 'cmake_target' from command line to 'None'
[0.467s] Level 5:colcon.colcon_core.verb:set package 'robot_mobile_base' build argument 'cmake_target_skip_unavailable' from command line to 'False'
[0.467s] Level 5:colcon.colcon_core.verb:set package 'robot_mobile_base' build argument 'cmake_clean_cache' from command line to 'False'
[0.467s] Level 5:colcon.colcon_core.verb:set package 'robot_mobile_base' build argument 'cmake_clean_first' from command line to 'False'
[0.467s] Level 5:colcon.colcon_core.verb:set package 'robot_mobile_base' build argument 'cmake_force_configure' from command line to 'False'
[0.467s] Level 5:colcon.colcon_core.verb:set package 'robot_mobile_base' build argument 'ament_cmake_args' from command line to 'None'
[0.467s] Level 5:colcon.colcon_core.verb:set package 'robot_mobile_base' build argument 'catkin_cmake_args' from command line to 'None'
[0.467s] Level 5:colcon.colcon_core.verb:set package 'robot_mobile_base' build argument 'catkin_skip_building_tests' from command line to 'False'
[0.467s] DEBUG:colcon.colcon_core.verb:Building package 'robot_mobile_base' with the following arguments: {'ament_cmake_args': None, 'build_base': '/shared_rocker_software/autonomous_robot/build/robot_mobile_base', 'catkin_cmake_args': None, 'catkin_skip_building_tests': False, 'cmake_args': None, 'cmake_clean_cache': False, 'cmake_clean_first': False, 'cmake_force_configure': False, 'cmake_target': None, 'cmake_target_skip_unavailable': False, 'install_base': '/shared_rocker_software/autonomous_robot/install/robot_mobile_base', 'merge_install': False, 'path': '/shared_rocker_software/autonomous_robot/src/robot_mobile_base', 'symlink_install': False, 'test_result_base': None}
[0.467s] Level 5:colcon.colcon_core.verb:set package 'robot_odometry' build argument 'cmake_args' from command line to 'None'
[0.467s] Level 5:colcon.colcon_core.verb:set package 'robot_odometry' build argument 'cmake_target' from command line to 'None'
[0.467s] Level 5:colcon.colcon_core.verb:set package 'robot_odometry' build argument 'cmake_target_skip_unavailable' from command line to 'False'
[0.467s] Level 5:colcon.colcon_core.verb:set package 'robot_odometry' build argument 'cmake_clean_cache' from command line to 'False'
[0.467s] Level 5:colcon.colcon_core.verb:set package 'robot_odometry' build argument 'cmake_clean_first' from command line to 'False'
[0.468s] Level 5:colcon.colcon_core.verb:set package 'robot_odometry' build argument 'cmake_force_configure' from command line to 'False'
[0.468s] Level 5:colcon.colcon_core.verb:set package 'robot_odometry' build argument 'ament_cmake_args' from command line to 'None'
[0.468s] Level 5:colcon.colcon_core.verb:set package 'robot_odometry' build argument 'catkin_cmake_args' from command line to 'None'
[0.468s] Level 5:colcon.colcon_core.verb:set package 'robot_odometry' build argument 'catkin_skip_building_tests' from command line to 'False'
[0.468s] DEBUG:colcon.colcon_core.verb:Building package 'robot_odometry' with the following arguments: {'ament_cmake_args': None, 'build_base': '/shared_rocker_software/autonomous_robot/build/robot_odometry', 'catkin_cmake_args': None, 'catkin_skip_building_tests': False, 'cmake_args': None, 'cmake_clean_cache': False, 'cmake_clean_first': False, 'cmake_force_configure': False, 'cmake_target': None, 'cmake_target_skip_unavailable': False, 'install_base': '/shared_rocker_software/autonomous_robot/install/robot_odometry', 'merge_install': False, 'path': '/shared_rocker_software/autonomous_robot/src/robot_odometry', 'symlink_install': False, 'test_result_base': None}
[0.468s] Level 5:colcon.colcon_core.verb:set package 'robot_vio' build argument 'cmake_args' from command line to 'None'
[0.468s] Level 5:colcon.colcon_core.verb:set package 'robot_vio' build argument 'cmake_target' from command line to 'None'
[0.468s] Level 5:colcon.colcon_core.verb:set package 'robot_vio' build argument 'cmake_target_skip_unavailable' from command line to 'False'
[0.468s] Level 5:colcon.colcon_core.verb:set package 'robot_vio' build argument 'cmake_clean_cache' from command line to 'False'
[0.468s] Level 5:colcon.colcon_core.verb:set package 'robot_vio' build argument 'cmake_clean_first' from command line to 'False'
[0.468s] Level 5:colcon.colcon_core.verb:set package 'robot_vio' build argument 'cmake_force_configure' from command line to 'False'
[0.468s] Level 5:colcon.colcon_core.verb:set package 'robot_vio' build argument 'ament_cmake_args' from command line to 'None'
[0.468s] Level 5:colcon.colcon_core.verb:set package 'robot_vio' build argument 'catkin_cmake_args' from command line to 'None'
[0.468s] Level 5:colcon.colcon_core.verb:set package 'robot_vio' build argument 'catkin_skip_building_tests' from command line to 'False'
[0.468s] DEBUG:colcon.colcon_core.verb:Building package 'robot_vio' with the following arguments: {'ament_cmake_args': None, 'build_base': '/shared_rocker_software/autonomous_robot/build/robot_vio', 'catkin_cmake_args': None, 'catkin_skip_building_tests': False, 'cmake_args': None, 'cmake_clean_cache': False, 'cmake_clean_first': False, 'cmake_force_configure': False, 'cmake_target': None, 'cmake_target_skip_unavailable': False, 'install_base': '/shared_rocker_software/autonomous_robot/install/robot_vio', 'merge_install': False, 'path': '/shared_rocker_software/autonomous_robot/src/robot_vio', 'symlink_install': False, 'test_result_base': None}
[0.469s] Level 5:colcon.colcon_core.verb:set package 'sllidar_ros2' build argument 'cmake_args' from command line to 'None'
[0.469s] Level 5:colcon.colcon_core.verb:set package 'sllidar_ros2' build argument 'cmake_target' from command line to 'None'
[0.469s] Level 5:colcon.colcon_core.verb:set package 'sllidar_ros2' build argument 'cmake_target_skip_unavailable' from command line to 'False'
[0.469s] Level 5:colcon.colcon_core.verb:set package 'sllidar_ros2' build argument 'cmake_clean_cache' from command line to 'False'
[0.469s] Level 5:colcon.colcon_core.verb:set package 'sllidar_ros2' build argument 'cmake_clean_first' from command line to 'False'
[0.469s] Level 5:colcon.colcon_core.verb:set package 'sllidar_ros2' build argument 'cmake_force_configure' from command line to 'False'
[0.469s] Level 5:colcon.colcon_core.verb:set package 'sllidar_ros2' build argument 'ament_cmake_args' from command line to 'None'
[0.469s] Level 5:colcon.colcon_core.verb:set package 'sllidar_ros2' build argument 'catkin_cmake_args' from command line to 'None'
[0.469s] Level 5:colcon.colcon_core.verb:set package 'sllidar_ros2' build argument 'catkin_skip_building_tests' from command line to 'False'
[0.469s] DEBUG:colcon.colcon_core.verb:Building package 'sllidar_ros2' with the following arguments: {'ament_cmake_args': None, 'build_base': '/shared_rocker_software/autonomous_robot/build/sllidar_ros2', 'catkin_cmake_args': None, 'catkin_skip_building_tests': False, 'cmake_args': None, 'cmake_clean_cache': False, 'cmake_clean_first': False, 'cmake_force_configure': False, 'cmake_target': None, 'cmake_target_skip_unavailable': False, 'install_base': '/shared_rocker_software/autonomous_robot/install/sllidar_ros2', 'merge_install': False, 'path': '/shared_rocker_software/autonomous_robot/src/sllidar_ros2', 'symlink_install': False, 'test_result_base': None}
[0.469s] INFO:colcon.colcon_core.executor:Executing jobs using 'parallel' executor
[0.471s] DEBUG:colcon.colcon_parallel_executor.executor.parallel:run_until_complete
[0.471s] INFO:colcon.colcon_ros.task.ament_cmake.build:Building ROS package in '/shared_rocker_software/autonomous_robot/src/robot_description' with build type 'ament_cmake'
[0.471s] INFO:colcon.colcon_cmake.task.cmake.build:Building CMake package in '/shared_rocker_software/autonomous_robot/src/robot_description'
[0.475s] INFO:colcon.colcon_core.plugin_system:Skipping extension 'colcon_core.shell.bat': Not used on non-Windows systems
[0.475s] INFO:colcon.colcon_core.shell:Skip shell extension 'powershell' for command environment: Not usable outside of PowerShell
[0.475s] DEBUG:colcon.colcon_core.shell:Skip shell extension 'dsv' for command environment
[0.484s] INFO:colcon.colcon_ros.task.ament_python.build:Building ROS package in '/shared_rocker_software/autonomous_robot/src/robot_mobile_base' with build type 'ament_python'
[0.484s] Level 1:colcon.colcon_core.shell:create_environment_hook('robot_mobile_base', 'ament_prefix_path')
[0.485s] INFO:colcon.colcon_core.shell:Creating environment hook '/shared_rocker_software/autonomous_robot/install/robot_mobile_base/share/robot_mobile_base/hook/ament_prefix_path.ps1'
[0.486s] INFO:colcon.colcon_core.shell:Creating environment descriptor '/shared_rocker_software/autonomous_robot/install/robot_mobile_base/share/robot_mobile_base/hook/ament_prefix_path.dsv'
[0.487s] INFO:colcon.colcon_core.shell:Creating environment hook '/shared_rocker_software/autonomous_robot/install/robot_mobile_base/share/robot_mobile_base/hook/ament_prefix_path.sh'
[0.488s] INFO:colcon.colcon_core.shell:Skip shell extension 'powershell' for command environment: Not usable outside of PowerShell
[0.488s] DEBUG:colcon.colcon_core.shell:Skip shell extension 'dsv' for command environment
[0.494s] INFO:colcon.colcon_ros.task.ament_cmake.build:Building ROS package in '/shared_rocker_software/autonomous_robot/src/robot_odometry' with build type 'ament_cmake'
[0.494s] INFO:colcon.colcon_cmake.task.cmake.build:Building CMake package in '/shared_rocker_software/autonomous_robot/src/robot_odometry'
[0.495s] INFO:colcon.colcon_core.shell:Skip shell extension 'powershell' for command environment: Not usable outside of PowerShell
[0.495s] DEBUG:colcon.colcon_core.shell:Skip shell extension 'dsv' for command environment
[0.501s] INFO:colcon.colcon_ros.task.ament_python.build:Building ROS package in '/shared_rocker_software/autonomous_robot/src/robot_vio' with build type 'ament_python'
[0.501s] Level 1:colcon.colcon_core.shell:create_environment_hook('robot_vio', 'ament_prefix_path')
[0.502s] INFO:colcon.colcon_core.shell:Creating environment hook '/shared_rocker_software/autonomous_robot/install/robot_vio/share/robot_vio/hook/ament_prefix_path.ps1'
[0.503s] INFO:colcon.colcon_core.shell:Creating environment descriptor '/shared_rocker_software/autonomous_robot/install/robot_vio/share/robot_vio/hook/ament_prefix_path.dsv'
[0.503s] INFO:colcon.colcon_core.shell:Creating environment hook '/shared_rocker_software/autonomous_robot/install/robot_vio/share/robot_vio/hook/ament_prefix_path.sh'
[0.504s] INFO:colcon.colcon_core.shell:Skip shell extension 'powershell' for command environment: Not usable outside of PowerShell
[0.504s] DEBUG:colcon.colcon_core.shell:Skip shell extension 'dsv' for command environment
[0.511s] INFO:colcon.colcon_ros.task.ament_cmake.build:Building ROS package in '/shared_rocker_software/autonomous_robot/src/sllidar_ros2' with build type 'ament_cmake'
[0.512s] INFO:colcon.colcon_cmake.task.cmake.build:Building CMake package in '/shared_rocker_software/autonomous_robot/src/sllidar_ros2'
[0.512s] INFO:colcon.colcon_core.shell:Skip shell extension 'powershell' for command environment: Not usable outside of PowerShell
[0.512s] DEBUG:colcon.colcon_core.shell:Skip shell extension 'dsv' for command environment
[0.527s] DEBUG:colcon.colcon_core.event_handler.log_command:Invoking command in '/shared_rocker_software/autonomous_robot/build/robot_description': CMAKE_PREFIX_PATH=/opt/ros/humble /usr/bin/cmake /shared_rocker_software/autonomous_robot/src/robot_description -DCMAKE_INSTALL_PREFIX=/shared_rocker_software/autonomous_robot/install/robot_description
[0.899s] INFO:colcon.colcon_core.task.python.build:Building Python package in '/shared_rocker_software/autonomous_robot/src/robot_mobile_base'
[0.899s] INFO:colcon.colcon_core.shell:Skip shell extension 'powershell' for command environment: Not usable outside of PowerShell
[0.899s] DEBUG:colcon.colcon_core.shell:Skip shell extension 'dsv' for command environment
[0.911s] DEBUG:colcon.colcon_core.event_handler.log_command:Invoking command in '/shared_rocker_software/autonomous_robot/build/robot_odometry': CMAKE_PREFIX_PATH=/opt/ros/humble /usr/bin/cmake /shared_rocker_software/autonomous_robot/src/robot_odometry -DCMAKE_INSTALL_PREFIX=/shared_rocker_software/autonomous_robot/install/robot_odometry
[1.294s] INFO:colcon.colcon_core.task.python.build:Building Python package in '/shared_rocker_software/autonomous_robot/src/robot_vio'
[1.294s] INFO:colcon.colcon_core.shell:Skip shell extension 'powershell' for command environment: Not usable outside of PowerShell
[1.294s] DEBUG:colcon.colcon_core.shell:Skip shell extension 'dsv' for command environment
[1.311s] DEBUG:colcon.colcon_core.event_handler.log_command:Invoking command in '/shared_rocker_software/autonomous_robot/build/sllidar_ros2': CMAKE_PREFIX_PATH=/opt/ros/humble /usr/bin/cmake /shared_rocker_software/autonomous_robot/src/sllidar_ros2 -DCMAKE_INSTALL_PREFIX=/shared_rocker_software/autonomous_robot/install/sllidar_ros2
[1.919s] DEBUG:colcon.colcon_core.event_handler.log_command:Invoking command in '/shared_rocker_software/autonomous_robot/src/robot_mobile_base': PYTHONPATH=/shared_rocker_software/autonomous_robot/build/robot_mobile_base/prefix_override:/usr/lib/python3/dist-packages/colcon_core/task/python/colcon_distutils_commands:/shared_rocker_software/autonomous_robot/install/robot_mobile_base/lib/python3.10/site-packages:${PYTHONPATH} /usr/bin/python3 -W ignore:setup.py install is deprecated -W ignore:easy_install command is deprecated setup.py egg_info --egg-base ../../build/robot_mobile_base build --build-base /shared_rocker_software/autonomous_robot/build/robot_mobile_base/build install --record /shared_rocker_software/autonomous_robot/build/robot_mobile_base/install.log --single-version-externally-managed install_data
[1.920s] DEBUG:colcon.colcon_core.event_handler.log_command:Invoking command in '/shared_rocker_software/autonomous_robot/src/robot_vio': PYTHONPATH=/shared_rocker_software/autonomous_robot/build/robot_vio/prefix_override:/usr/lib/python3/dist-packages/colcon_core/task/python/colcon_distutils_commands:/shared_rocker_software/autonomous_robot/install/robot_vio/lib/python3.10/site-packages:${PYTHONPATH} /usr/bin/python3 -W ignore:setup.py install is deprecated -W ignore:easy_install command is deprecated setup.py egg_info --egg-base ../../build/robot_vio build --build-base /shared_rocker_software/autonomous_robot/build/robot_vio/build install --record /shared_rocker_software/autonomous_robot/build/robot_vio/install.log --single-version-externally-managed install_data
[2.129s] DEBUG:colcon.colcon_core.event_handler.log_command:Invoked command in '/shared_rocker_software/autonomous_robot/src/robot_vio' returned '0': PYTHONPATH=/shared_rocker_software/autonomous_robot/build/robot_vio/prefix_override:/usr/lib/python3/dist-packages/colcon_core/task/python/colcon_distutils_commands:/shared_rocker_software/autonomous_robot/install/robot_vio/lib/python3.10/site-packages:${PYTHONPATH} /usr/bin/python3 -W ignore:setup.py install is deprecated -W ignore:easy_install command is deprecated setup.py egg_info --egg-base ../../build/robot_vio build --build-base /shared_rocker_software/autonomous_robot/build/robot_vio/build install --record /shared_rocker_software/autonomous_robot/build/robot_vio/install.log --single-version-externally-managed install_data
[2.131s] Level 1:colcon.colcon_core.environment:checking '/shared_rocker_software/autonomous_robot/install/robot_vio' for CMake module files
[2.131s] Level 1:colcon.colcon_core.environment:checking '/shared_rocker_software/autonomous_robot/install/robot_vio' for CMake config files
[2.132s] Level 1:colcon.colcon_core.environment:checking '/shared_rocker_software/autonomous_robot/install/robot_vio/lib'
[2.132s] Level 1:colcon.colcon_core.environment:checking '/shared_rocker_software/autonomous_robot/install/robot_vio/bin'
[2.132s] Level 1:colcon.colcon_core.environment:checking '/shared_rocker_software/autonomous_robot/install/robot_vio/lib/pkgconfig/robot_vio.pc'
[2.132s] Level 1:colcon.colcon_core.environment:checking '/shared_rocker_software/autonomous_robot/install/robot_vio/lib/python3.10/site-packages'
[2.132s] Level 1:colcon.colcon_core.shell:create_environment_hook('robot_vio', 'pythonpath')
[2.132s] INFO:colcon.colcon_core.shell:Creating environment hook '/shared_rocker_software/autonomous_robot/install/robot_vio/share/robot_vio/hook/pythonpath.ps1'
[2.133s] INFO:colcon.colcon_core.shell:Creating environment descriptor '/shared_rocker_software/autonomous_robot/install/robot_vio/share/robot_vio/hook/pythonpath.dsv'
[2.133s] INFO:colcon.colcon_core.shell:Creating environment hook '/shared_rocker_software/autonomous_robot/install/robot_vio/share/robot_vio/hook/pythonpath.sh'
[2.133s] Level 1:colcon.colcon_core.environment:checking '/shared_rocker_software/autonomous_robot/install/robot_vio/bin'
[2.133s] Level 1:colcon.colcon_core.environment:create_environment_scripts_only(robot_vio)
[2.133s] INFO:colcon.colcon_core.shell:Creating package script '/shared_rocker_software/autonomous_robot/install/robot_vio/share/robot_vio/package.ps1'
[2.134s] INFO:colcon.colcon_core.shell:Creating package descriptor '/shared_rocker_software/autonomous_robot/install/robot_vio/share/robot_vio/package.dsv'
[2.134s] INFO:colcon.colcon_core.shell:Creating package script '/shared_rocker_software/autonomous_robot/install/robot_vio/share/robot_vio/package.sh'
[2.135s] INFO:colcon.colcon_core.shell:Creating package script '/shared_rocker_software/autonomous_robot/install/robot_vio/share/robot_vio/package.bash'
[2.135s] INFO:colcon.colcon_core.shell:Creating package script '/shared_rocker_software/autonomous_robot/install/robot_vio/share/robot_vio/package.zsh'
[2.136s] Level 1:colcon.colcon_core.environment:create_file_with_runtime_dependencies(/shared_rocker_software/autonomous_robot/install/robot_vio/share/colcon-core/packages/robot_vio)
[2.138s] Level 1:colcon.colcon_core.environment:checking '/shared_rocker_software/autonomous_robot/install/robot_mobile_base' for CMake module files
[2.138s] DEBUG:colcon.colcon_core.event_handler.log_command:Invoked command in '/shared_rocker_software/autonomous_robot/src/robot_mobile_base' returned '0': PYTHONPATH=/shared_rocker_software/autonomous_robot/build/robot_mobile_base/prefix_override:/usr/lib/python3/dist-packages/colcon_core/task/python/colcon_distutils_commands:/shared_rocker_software/autonomous_robot/install/robot_mobile_base/lib/python3.10/site-packages:${PYTHONPATH} /usr/bin/python3 -W ignore:setup.py install is deprecated -W ignore:easy_install command is deprecated setup.py egg_info --egg-base ../../build/robot_mobile_base build --build-base /shared_rocker_software/autonomous_robot/build/robot_mobile_base/build install --record /shared_rocker_software/autonomous_robot/build/robot_mobile_base/install.log --single-version-externally-managed install_data
[2.138s] Level 1:colcon.colcon_core.environment:checking '/shared_rocker_software/autonomous_robot/install/robot_mobile_base' for CMake config files
[2.139s] Level 1:colcon.colcon_core.environment:checking '/shared_rocker_software/autonomous_robot/install/robot_mobile_base/lib'
[2.139s] Level 1:colcon.colcon_core.environment:checking '/shared_rocker_software/autonomous_robot/install/robot_mobile_base/bin'
[2.139s] Level 1:colcon.colcon_core.environment:checking '/shared_rocker_software/autonomous_robot/install/robot_mobile_base/lib/pkgconfig/robot_mobile_base.pc'
[2.139s] Level 1:colcon.colcon_core.environment:checking '/shared_rocker_software/autonomous_robot/install/robot_mobile_base/lib/python3.10/site-packages'
[2.139s] Level 1:colcon.colcon_core.shell:create_environment_hook('robot_mobile_base', 'pythonpath')
[2.140s] INFO:colcon.colcon_core.shell:Creating environment hook '/shared_rocker_software/autonomous_robot/install/robot_mobile_base/share/robot_mobile_base/hook/pythonpath.ps1'
[2.140s] INFO:colcon.colcon_core.shell:Creating environment descriptor '/shared_rocker_software/autonomous_robot/install/robot_mobile_base/share/robot_mobile_base/hook/pythonpath.dsv'
[2.140s] INFO:colcon.colcon_core.shell:Creating environment hook '/shared_rocker_software/autonomous_robot/install/robot_mobile_base/share/robot_mobile_base/hook/pythonpath.sh'
[2.141s] Level 1:colcon.colcon_core.environment:checking '/shared_rocker_software/autonomous_robot/install/robot_mobile_base/bin'
[2.141s] Level 1:colcon.colcon_core.environment:create_environment_scripts_only(robot_mobile_base)
[2.141s] INFO:colcon.colcon_core.shell:Creating package script '/shared_rocker_software/autonomous_robot/install/robot_mobile_base/share/robot_mobile_base/package.ps1'
[2.141s] INFO:colcon.colcon_core.shell:Creating package descriptor '/shared_rocker_software/autonomous_robot/install/robot_mobile_base/share/robot_mobile_base/package.dsv'
[2.141s] INFO:colcon.colcon_core.shell:Creating package script '/shared_rocker_software/autonomous_robot/install/robot_mobile_base/share/robot_mobile_base/package.sh'
[2.142s] INFO:colcon.colcon_core.shell:Creating package script '/shared_rocker_software/autonomous_robot/install/robot_mobile_base/share/robot_mobile_base/package.bash'
[2.142s] INFO:colcon.colcon_core.shell:Creating package script '/shared_rocker_software/autonomous_robot/install/robot_mobile_base/share/robot_mobile_base/package.zsh'
[2.142s] Level 1:colcon.colcon_core.environment:create_file_with_runtime_dependencies(/shared_rocker_software/autonomous_robot/install/robot_mobile_base/share/colcon-core/packages/robot_mobile_base)
[2.390s] DEBUG:colcon.colcon_core.event_handler.log_command:Invoked command in '/shared_rocker_software/autonomous_robot/build/robot_description' returned '0': CMAKE_PREFIX_PATH=/opt/ros/humble /usr/bin/cmake /shared_rocker_software/autonomous_robot/src/robot_description -DCMAKE_INSTALL_PREFIX=/shared_rocker_software/autonomous_robot/install/robot_description
[2.391s] DEBUG:colcon.colcon_core.event_handler.log_command:Invoking command in '/shared_rocker_software/autonomous_robot/build/robot_description': CMAKE_PREFIX_PATH=/opt/ros/humble /usr/bin/cmake --build /shared_rocker_software/autonomous_robot/build/robot_description -- -j16 -l16
[2.429s] DEBUG:colcon.colcon_core.event_handler.log_command:Invoked command in '/shared_rocker_software/autonomous_robot/build/robot_description' returned '0': CMAKE_PREFIX_PATH=/opt/ros/humble /usr/bin/cmake --build /shared_rocker_software/autonomous_robot/build/robot_description -- -j16 -l16
[2.439s] DEBUG:colcon.colcon_core.event_handler.log_command:Invoking command in '/shared_rocker_software/autonomous_robot/build/robot_description': CMAKE_PREFIX_PATH=/opt/ros/humble /usr/bin/cmake --install /shared_rocker_software/autonomous_robot/build/robot_description
[2.448s] Level 1:colcon.colcon_core.environment:create_environment_scripts_only(robot_description)
[2.449s] Level 1:colcon.colcon_core.environment:checking '/shared_rocker_software/autonomous_robot/install/robot_description' for CMake module files
[2.449s] DEBUG:colcon.colcon_core.event_handler.log_command:Invoked command in '/shared_rocker_software/autonomous_robot/build/robot_description' returned '0': CMAKE_PREFIX_PATH=/opt/ros/humble /usr/bin/cmake --install /shared_rocker_software/autonomous_robot/build/robot_description
[2.449s] Level 1:colcon.colcon_core.environment:checking '/shared_rocker_software/autonomous_robot/install/robot_description' for CMake config files
[2.449s] Level 1:colcon.colcon_core.shell:create_environment_hook('robot_description', 'cmake_prefix_path')
[2.450s] INFO:colcon.colcon_core.shell:Creating environment hook '/shared_rocker_software/autonomous_robot/install/robot_description/share/robot_description/hook/cmake_prefix_path.ps1'
[2.450s] INFO:colcon.colcon_core.shell:Creating environment descriptor '/shared_rocker_software/autonomous_robot/install/robot_description/share/robot_description/hook/cmake_prefix_path.dsv'
[2.450s] INFO:colcon.colcon_core.shell:Creating environment hook '/shared_rocker_software/autonomous_robot/install/robot_description/share/robot_description/hook/cmake_prefix_path.sh'
[2.450s] Level 1:colcon.colcon_core.environment:checking '/shared_rocker_software/autonomous_robot/install/robot_description/bin'
[2.451s] Level 1:colcon.colcon_core.environment:checking '/shared_rocker_software/autonomous_robot/install/robot_description/lib/pkgconfig/robot_description.pc'
[2.451s] Level 1:colcon.colcon_core.environment:checking '/shared_rocker_software/autonomous_robot/install/robot_description/lib/python3.10/site-packages'
[2.451s] Level 1:colcon.colcon_core.environment:checking '/shared_rocker_software/autonomous_robot/install/robot_description/bin'
[2.451s] INFO:colcon.colcon_core.shell:Creating package script '/shared_rocker_software/autonomous_robot/install/robot_description/share/robot_description/package.ps1'
[2.451s] INFO:colcon.colcon_core.shell:Creating package descriptor '/shared_rocker_software/autonomous_robot/install/robot_description/share/robot_description/package.dsv'
[2.451s] INFO:colcon.colcon_core.shell:Creating package script '/shared_rocker_software/autonomous_robot/install/robot_description/share/robot_description/package.sh'
[2.452s] INFO:colcon.colcon_core.shell:Creating package script '/shared_rocker_software/autonomous_robot/install/robot_description/share/robot_description/package.bash'
[2.452s] INFO:colcon.colcon_core.shell:Creating package script '/shared_rocker_software/autonomous_robot/install/robot_description/share/robot_description/package.zsh'
[2.452s] Level 1:colcon.colcon_core.environment:create_file_with_runtime_dependencies(/shared_rocker_software/autonomous_robot/install/robot_description/share/colcon-core/packages/robot_description)
[2.453s] Level 1:colcon.colcon_core.environment:create_environment_scripts_only(robot_description)
[2.453s] Level 1:colcon.colcon_core.environment:checking '/shared_rocker_software/autonomous_robot/install/robot_description' for CMake module files
[2.453s] Level 1:colcon.colcon_core.environment:checking '/shared_rocker_software/autonomous_robot/install/robot_description' for CMake config files
[2.453s] Level 1:colcon.colcon_core.shell:create_environment_hook('robot_description', 'cmake_prefix_path')
[2.453s] INFO:colcon.colcon_core.shell:Creating environment hook '/shared_rocker_software/autonomous_robot/install/robot_description/share/robot_description/hook/cmake_prefix_path.ps1'
[2.454s] INFO:colcon.colcon_core.shell:Creating environment descriptor '/shared_rocker_software/autonomous_robot/install/robot_description/share/robot_description/hook/cmake_prefix_path.dsv'
[2.454s] INFO:colcon.colcon_core.shell:Creating environment hook '/shared_rocker_software/autonomous_robot/install/robot_description/share/robot_description/hook/cmake_prefix_path.sh'
[2.454s] Level 1:colcon.colcon_core.environment:checking '/shared_rocker_software/autonomous_robot/install/robot_description/bin'
[2.454s] Level 1:colcon.colcon_core.environment:checking '/shared_rocker_software/autonomous_robot/install/robot_description/lib/pkgconfig/robot_description.pc'
[2.454s] Level 1:colcon.colcon_core.environment:checking '/shared_rocker_software/autonomous_robot/install/robot_description/lib/python3.10/site-packages'
[2.454s] Level 1:colcon.colcon_core.environment:checking '/shared_rocker_software/autonomous_robot/install/robot_description/bin'
[2.455s] INFO:colcon.colcon_core.shell:Creating package script '/shared_rocker_software/autonomous_robot/install/robot_description/share/robot_description/package.ps1'
[2.455s] INFO:colcon.colcon_core.shell:Creating package descriptor '/shared_rocker_software/autonomous_robot/install/robot_description/share/robot_description/package.dsv'
[2.455s] INFO:colcon.colcon_core.shell:Creating package script '/shared_rocker_software/autonomous_robot/install/robot_description/share/robot_description/package.sh'
[2.456s] INFO:colcon.colcon_core.shell:Creating package script '/shared_rocker_software/autonomous_robot/install/robot_description/share/robot_description/package.bash'
[2.456s] INFO:colcon.colcon_core.shell:Creating package script '/shared_rocker_software/autonomous_robot/install/robot_description/share/robot_description/package.zsh'
[2.456s] Level 1:colcon.colcon_core.environment:create_file_with_runtime_dependencies(/shared_rocker_software/autonomous_robot/install/robot_description/share/colcon-core/packages/robot_description)
[2.570s] DEBUG:colcon.colcon_core.event_handler.log_command:Invoked command in '/shared_rocker_software/autonomous_robot/build/robot_odometry' returned '0': CMAKE_PREFIX_PATH=/opt/ros/humble /usr/bin/cmake /shared_rocker_software/autonomous_robot/src/robot_odometry -DCMAKE_INSTALL_PREFIX=/shared_rocker_software/autonomous_robot/install/robot_odometry
[2.572s] DEBUG:colcon.colcon_core.event_handler.log_command:Invoking command in '/shared_rocker_software/autonomous_robot/build/robot_odometry': CMAKE_PREFIX_PATH=/opt/ros/humble /usr/bin/cmake --build /shared_rocker_software/autonomous_robot/build/robot_odometry -- -j16 -l16
[2.576s] DEBUG:colcon.colcon_core.event_handler.log_command:Invoked command in '/shared_rocker_software/autonomous_robot/build/sllidar_ros2' returned '0': CMAKE_PREFIX_PATH=/opt/ros/humble /usr/bin/cmake /shared_rocker_software/autonomous_robot/src/sllidar_ros2 -DCMAKE_INSTALL_PREFIX=/shared_rocker_software/autonomous_robot/install/sllidar_ros2
[2.577s] DEBUG:colcon.colcon_core.event_handler.log_command:Invoking command in '/shared_rocker_software/autonomous_robot/build/sllidar_ros2': CMAKE_PREFIX_PATH=/opt/ros/humble /usr/bin/cmake --build /shared_rocker_software/autonomous_robot/build/sllidar_ros2 -- -j16 -l16
[2.611s] DEBUG:colcon.colcon_core.event_handler.log_command:Invoked command in '/shared_rocker_software/autonomous_robot/build/robot_odometry' returned '0': CMAKE_PREFIX_PATH=/opt/ros/humble /usr/bin/cmake --build /shared_rocker_software/autonomous_robot/build/robot_odometry -- -j16 -l16
[2.613s] DEBUG:colcon.colcon_core.event_handler.log_command:Invoking command in '/shared_rocker_software/autonomous_robot/build/robot_odometry': CMAKE_PREFIX_PATH=/opt/ros/humble /usr/bin/cmake --install /shared_rocker_software/autonomous_robot/build/robot_odometry
[2.625s] Level 1:colcon.colcon_core.environment:create_environment_scripts_only(robot_odometry)
[2.626s] Level 1:colcon.colcon_core.environment:checking '/shared_rocker_software/autonomous_robot/install/robot_odometry' for CMake module files
[2.627s] DEBUG:colcon.colcon_core.event_handler.log_command:Invoked command in '/shared_rocker_software/autonomous_robot/build/robot_odometry' returned '0': CMAKE_PREFIX_PATH=/opt/ros/humble /usr/bin/cmake --install /shared_rocker_software/autonomous_robot/build/robot_odometry
[2.628s] Level 1:colcon.colcon_core.environment:checking '/shared_rocker_software/autonomous_robot/install/robot_odometry' for CMake config files
[2.628s] Level 1:colcon.colcon_core.shell:create_environment_hook('robot_odometry', 'cmake_prefix_path')
[2.628s] INFO:colcon.colcon_core.shell:Creating environment hook '/shared_rocker_software/autonomous_robot/install/robot_odometry/share/robot_odometry/hook/cmake_prefix_path.ps1'
[2.628s] INFO:colcon.colcon_core.shell:Creating environment descriptor '/shared_rocker_software/autonomous_robot/install/robot_odometry/share/robot_odometry/hook/cmake_prefix_path.dsv'
[2.629s] INFO:colcon.colcon_core.shell:Creating environment hook '/shared_rocker_software/autonomous_robot/install/robot_odometry/share/robot_odometry/hook/cmake_prefix_path.sh'
[2.629s] Level 1:colcon.colcon_core.environment:checking '/shared_rocker_software/autonomous_robot/install/robot_odometry/bin'
[2.629s] Level 1:colcon.colcon_core.environment:checking '/shared_rocker_software/autonomous_robot/install/robot_odometry/lib/pkgconfig/robot_odometry.pc'
[2.630s] Level 1:colcon.colcon_core.environment:checking '/shared_rocker_software/autonomous_robot/install/robot_odometry/lib/python3.10/site-packages'
[2.630s] Level 1:colcon.colcon_core.environment:checking '/shared_rocker_software/autonomous_robot/install/robot_odometry/bin'
[2.630s] INFO:colcon.colcon_core.shell:Creating package script '/shared_rocker_software/autonomous_robot/install/robot_odometry/share/robot_odometry/package.ps1'
[2.631s] INFO:colcon.colcon_core.shell:Creating package descriptor '/shared_rocker_software/autonomous_robot/install/robot_odometry/share/robot_odometry/package.dsv'
[2.631s] INFO:colcon.colcon_core.shell:Creating package script '/shared_rocker_software/autonomous_robot/install/robot_odometry/share/robot_odometry/package.sh'
[2.632s] INFO:colcon.colcon_core.shell:Creating package script '/shared_rocker_software/autonomous_robot/install/robot_odometry/share/robot_odometry/package.bash'
[2.632s] INFO:colcon.colcon_core.shell:Creating package script '/shared_rocker_software/autonomous_robot/install/robot_odometry/share/robot_odometry/package.zsh'
[2.632s] Level 1:colcon.colcon_core.environment:create_file_with_runtime_dependencies(/shared_rocker_software/autonomous_robot/install/robot_odometry/share/colcon-core/packages/robot_odometry)
[2.633s] Level 1:colcon.colcon_core.environment:create_environment_scripts_only(robot_odometry)
[2.634s] Level 1:colcon.colcon_core.environment:checking '/shared_rocker_software/autonomous_robot/install/robot_odometry' for CMake module files
[2.634s] Level 1:colcon.colcon_core.environment:checking '/shared_rocker_software/autonomous_robot/install/robot_odometry' for CMake config files
[2.635s] Level 1:colcon.colcon_core.shell:create_environment_hook('robot_odometry', 'cmake_prefix_path')
[2.635s] INFO:colcon.colcon_core.shell:Creating environment hook '/shared_rocker_software/autonomous_robot/install/robot_odometry/share/robot_odometry/hook/cmake_prefix_path.ps1'
[2.636s] INFO:colcon.colcon_core.shell:Creating environment descriptor '/shared_rocker_software/autonomous_robot/install/robot_odometry/share/robot_odometry/hook/cmake_prefix_path.dsv'
[2.636s] INFO:colcon.colcon_core.shell:Creating environment hook '/shared_rocker_software/autonomous_robot/install/robot_odometry/share/robot_odometry/hook/cmake_prefix_path.sh'
[2.636s] Level 1:colcon.colcon_core.environment:checking '/shared_rocker_software/autonomous_robot/install/robot_odometry/bin'
[2.636s] Level 1:colcon.colcon_core.environment:checking '/shared_rocker_software/autonomous_robot/install/robot_odometry/lib/pkgconfig/robot_odometry.pc'
[2.637s] Level 1:colcon.colcon_core.environment:checking '/shared_rocker_software/autonomous_robot/install/robot_odometry/lib/python3.10/site-packages'
[2.637s] Level 1:colcon.colcon_core.environment:checking '/shared_rocker_software/autonomous_robot/install/robot_odometry/bin'
[2.637s] INFO:colcon.colcon_core.shell:Creating package script '/shared_rocker_software/autonomous_robot/install/robot_odometry/share/robot_odometry/package.ps1'
[2.638s] INFO:colcon.colcon_core.shell:Creating package descriptor '/shared_rocker_software/autonomous_robot/install/robot_odometry/share/robot_odometry/package.dsv'
[2.638s] INFO:colcon.colcon_core.shell:Creating package script '/shared_rocker_software/autonomous_robot/install/robot_odometry/share/robot_odometry/package.sh'
[2.638s] INFO:colcon.colcon_core.shell:Creating package script '/shared_rocker_software/autonomous_robot/install/robot_odometry/share/robot_odometry/package.bash'
[2.639s] INFO:colcon.colcon_core.shell:Creating package script '/shared_rocker_software/autonomous_robot/install/robot_odometry/share/robot_odometry/package.zsh'
[2.639s] Level 1:colcon.colcon_core.environment:create_file_with_runtime_dependencies(/shared_rocker_software/autonomous_robot/install/robot_odometry/share/colcon-core/packages/robot_odometry)
[9.069s] DEBUG:colcon.colcon_core.event_handler.log_command:Invoked command in '/shared_rocker_software/autonomous_robot/build/sllidar_ros2' returned '0': CMAKE_PREFIX_PATH=/opt/ros/humble /usr/bin/cmake --build /shared_rocker_software/autonomous_robot/build/sllidar_ros2 -- -j16 -l16
[9.071s] DEBUG:colcon.colcon_core.event_handler.log_command:Invoking command in '/shared_rocker_software/autonomous_robot/build/sllidar_ros2': CMAKE_PREFIX_PATH=/opt/ros/humble /usr/bin/cmake --install /shared_rocker_software/autonomous_robot/build/sllidar_ros2
[9.088s] Level 1:colcon.colcon_core.environment:create_environment_scripts_only(sllidar_ros2)
[9.089s] Level 1:colcon.colcon_core.environment:checking '/shared_rocker_software/autonomous_robot/install/sllidar_ros2' for CMake module files
[9.089s] DEBUG:colcon.colcon_core.event_handler.log_command:Invoked command in '/shared_rocker_software/autonomous_robot/build/sllidar_ros2' returned '0': CMAKE_PREFIX_PATH=/opt/ros/humble /usr/bin/cmake --install /shared_rocker_software/autonomous_robot/build/sllidar_ros2
[9.090s] Level 1:colcon.colcon_core.environment:checking '/shared_rocker_software/autonomous_robot/install/sllidar_ros2' for CMake config files
[9.090s] Level 1:colcon.colcon_core.shell:create_environment_hook('sllidar_ros2', 'cmake_prefix_path')
[9.090s] INFO:colcon.colcon_core.shell:Creating environment hook '/shared_rocker_software/autonomous_robot/install/sllidar_ros2/share/sllidar_ros2/hook/cmake_prefix_path.ps1'
[9.090s] INFO:colcon.colcon_core.shell:Creating environment descriptor '/shared_rocker_software/autonomous_robot/install/sllidar_ros2/share/sllidar_ros2/hook/cmake_prefix_path.dsv'
[9.090s] INFO:colcon.colcon_core.shell:Creating environment hook '/shared_rocker_software/autonomous_robot/install/sllidar_ros2/share/sllidar_ros2/hook/cmake_prefix_path.sh'
[9.091s] Level 1:colcon.colcon_core.environment:checking '/shared_rocker_software/autonomous_robot/install/sllidar_ros2/lib'
[9.091s] Level 1:colcon.colcon_core.environment:checking '/shared_rocker_software/autonomous_robot/install/sllidar_ros2/bin'
[9.091s] Level 1:colcon.colcon_core.environment:checking '/shared_rocker_software/autonomous_robot/install/sllidar_ros2/lib/pkgconfig/sllidar_ros2.pc'
[9.091s] Level 1:colcon.colcon_core.environment:checking '/shared_rocker_software/autonomous_robot/install/sllidar_ros2/lib/python3.10/site-packages'
[9.091s] Level 1:colcon.colcon_core.environment:checking '/shared_rocker_software/autonomous_robot/install/sllidar_ros2/bin'
[9.091s] INFO:colcon.colcon_core.shell:Creating package script '/shared_rocker_software/autonomous_robot/install/sllidar_ros2/share/sllidar_ros2/package.ps1'
[9.092s] INFO:colcon.colcon_core.shell:Creating package descriptor '/shared_rocker_software/autonomous_robot/install/sllidar_ros2/share/sllidar_ros2/package.dsv'
[9.092s] INFO:colcon.colcon_core.shell:Creating package script '/shared_rocker_software/autonomous_robot/install/sllidar_ros2/share/sllidar_ros2/package.sh'
[9.092s] INFO:colcon.colcon_core.shell:Creating package script '/shared_rocker_software/autonomous_robot/install/sllidar_ros2/share/sllidar_ros2/package.bash'
[9.092s] INFO:colcon.colcon_core.shell:Creating package script '/shared_rocker_software/autonomous_robot/install/sllidar_ros2/share/sllidar_ros2/package.zsh'
[9.092s] Level 1:colcon.colcon_core.environment:create_file_with_runtime_dependencies(/shared_rocker_software/autonomous_robot/install/sllidar_ros2/share/colcon-core/packages/sllidar_ros2)
[9.093s] Level 1:colcon.colcon_core.environment:create_environment_scripts_only(sllidar_ros2)
[9.093s] Level 1:colcon.colcon_core.environment:checking '/shared_rocker_software/autonomous_robot/install/sllidar_ros2' for CMake module files
[9.093s] Level 1:colcon.colcon_core.environment:checking '/shared_rocker_software/autonomous_robot/install/sllidar_ros2' for CMake config files
[9.093s] Level 1:colcon.colcon_core.shell:create_environment_hook('sllidar_ros2', 'cmake_prefix_path')
[9.094s] INFO:colcon.colcon_core.shell:Creating environment hook '/shared_rocker_software/autonomous_robot/install/sllidar_ros2/share/sllidar_ros2/hook/cmake_prefix_path.ps1'
[9.094s] INFO:colcon.colcon_core.shell:Creating environment descriptor '/shared_rocker_software/autonomous_robot/install/sllidar_ros2/share/sllidar_ros2/hook/cmake_prefix_path.dsv'
[9.094s] INFO:colcon.colcon_core.shell:Creating environment hook '/shared_rocker_software/autonomous_robot/install/sllidar_ros2/share/sllidar_ros2/hook/cmake_prefix_path.sh'
[9.094s] Level 1:colcon.colcon_core.environment:checking '/shared_rocker_software/autonomous_robot/install/sllidar_ros2/lib'
[9.094s] Level 1:colcon.colcon_core.environment:checking '/shared_rocker_software/autonomous_robot/install/sllidar_ros2/bin'
[9.094s] Level 1:colcon.colcon_core.environment:checking '/shared_rocker_software/autonomous_robot/install/sllidar_ros2/lib/pkgconfig/sllidar_ros2.pc'
[9.095s] Level 1:colcon.colcon_core.environment:checking '/shared_rocker_software/autonomous_robot/install/sllidar_ros2/lib/python3.10/site-packages'
[9.095s] Level 1:colcon.colcon_core.environment:checking '/shared_rocker_software/autonomous_robot/install/sllidar_ros2/bin'
[9.095s] INFO:colcon.colcon_core.shell:Creating package script '/shared_rocker_software/autonomous_robot/install/sllidar_ros2/share/sllidar_ros2/package.ps1'
[9.095s] INFO:colcon.colcon_core.shell:Creating package descriptor '/shared_rocker_software/autonomous_robot/install/sllidar_ros2/share/sllidar_ros2/package.dsv'
[9.096s] INFO:colcon.colcon_core.shell:Creating package script '/shared_rocker_software/autonomous_robot/install/sllidar_ros2/share/sllidar_ros2/package.sh'
[9.097s] INFO:colcon.colcon_core.shell:Creating package script '/shared_rocker_software/autonomous_robot/install/sllidar_ros2/share/sllidar_ros2/package.bash'
[9.097s] INFO:colcon.colcon_core.shell:Creating package script '/shared_rocker_software/autonomous_robot/install/sllidar_ros2/share/sllidar_ros2/package.zsh'
[9.097s] Level 1:colcon.colcon_core.environment:create_file_with_runtime_dependencies(/shared_rocker_software/autonomous_robot/install/sllidar_ros2/share/colcon-core/packages/sllidar_ros2)
[9.097s] DEBUG:colcon.colcon_parallel_executor.executor.parallel:closing loop
[9.098s] DEBUG:colcon.colcon_parallel_executor.executor.parallel:loop closed
[9.098s] DEBUG:colcon.colcon_parallel_executor.executor.parallel:run_until_complete finished with '0'
[9.098s] DEBUG:colcon.colcon_core.event_reactor:joining thread
[9.104s] INFO:colcon.colcon_core.plugin_system:Skipping extension 'colcon_notification.desktop_notification.notify_send': Could not find 'notify-send'
[9.104s] INFO:colcon.colcon_core.plugin_system:Skipping extension 'colcon_notification.desktop_notification.terminal_notifier': Not used on non-Darwin systems
[9.104s] INFO:colcon.colcon_core.plugin_system:Skipping extension 'colcon_notification.desktop_notification.win32': Not used on non-Windows systems
[9.104s] INFO:colcon.colcon_notification.desktop_notification:Sending desktop notification using 'notify2'
[9.108s] DEBUG:colcon.colcon_notification.desktop_notification.notify2:Failed to initialize notify2: org.freedesktop.DBus.Error.Spawn.ExecFailed: /usr/bin/dbus-launch terminated abnormally without any error message
[9.108s] DEBUG:colcon.colcon_core.event_reactor:joined thread
[9.109s] INFO:colcon.colcon_core.shell:Creating prefix script '/shared_rocker_software/autonomous_robot/install/local_setup.ps1'
[9.110s] INFO:colcon.colcon_core.shell:Creating prefix util module '/shared_rocker_software/autonomous_robot/install/_local_setup_util_ps1.py'
[9.111s] INFO:colcon.colcon_core.shell:Creating prefix chain script '/shared_rocker_software/autonomous_robot/install/setup.ps1'
[9.112s] INFO:colcon.colcon_core.shell:Creating prefix script '/shared_rocker_software/autonomous_robot/install/local_setup.sh'
[9.112s] INFO:colcon.colcon_core.shell:Creating prefix util module '/shared_rocker_software/autonomous_robot/install/_local_setup_util_sh.py'
[9.113s] INFO:colcon.colcon_core.shell:Creating prefix chain script '/shared_rocker_software/autonomous_robot/install/setup.sh'
[9.113s] INFO:colcon.colcon_core.shell:Creating prefix script '/shared_rocker_software/autonomous_robot/install/local_setup.bash'
[9.114s] INFO:colcon.colcon_core.shell:Creating prefix chain script '/shared_rocker_software/autonomous_robot/install/setup.bash'
[9.114s] INFO:colcon.colcon_core.shell:Creating prefix script '/shared_rocker_software/autonomous_robot/install/local_setup.zsh'
[9.115s] INFO:colcon.colcon_core.shell:Creating prefix chain script '/shared_rocker_software/autonomous_robot/install/setup.zsh'
