[0.086s] DEBUG:colcon:Command line arguments: ['/usr/bin/colcon', 'build']
[0.086s] DEBUG:colcon:Parsed command line arguments: Namespace(log_base=None, log_level=None, verb_name='build', build_base='build', install_base='install', merge_install=False, symlink_install=False, test_result_base=None, continue_on_error=False, executor='parallel', parallel_workers=16, event_handlers=None, ignore_user_meta=False, metas=['./colcon.meta'], base_paths=['.'], packages_ignore=None, packages_ignore_regex=None, paths=None, packages_up_to=None, packages_up_to_regex=None, packages_above=None, packages_above_and_dependencies=None, packages_above_depth=None, packages_select_by_dep=None, packages_skip_by_dep=None, packages_skip_up_to=None, packages_select_build_failed=False, packages_skip_build_finished=False, packages_select_test_failures=False, packages_skip_test_passed=False, packages_select=None, packages_skip=None, packages_select_regex=None, packages_skip_regex=None, packages_start=None, packages_end=None, cmake_args=None, cmake_target=None, cmake_target_skip_unavailable=False, cmake_clean_cache=False, cmake_clean_first=False, cmake_force_configure=False, ament_cmake_args=None, catkin_cmake_args=None, catkin_skip_building_tests=False, mixin_files=None, mixin=None, verb_parser=<colcon_mixin.mixin.mixin_argument.MixinArgumentDecorator object at 0x78755d6c4cd0>, verb_extension=<colcon_core.verb.build.BuildVerb object at 0x78755d859b40>, main=<bound method BuildVerb.main of <colcon_core.verb.build.BuildVerb object at 0x78755d859b40>>, mixin_verb=('build',))
[0.203s] Level 1:colcon.colcon_core.package_discovery:discover_packages(colcon_meta) check parameters
[0.204s] INFO:colcon.colcon_metadata.package_discovery.colcon_meta:Using configuration from '/root/.colcon/metadata/default/Gazebo.meta'
[0.204s] INFO:colcon.colcon_metadata.package_discovery.colcon_meta:Using configuration from '/root/.colcon/metadata/default/fastdds.meta'
[0.204s] INFO:colcon.colcon_metadata.package_discovery.colcon_meta:Using configuration from '/root/.colcon/metadata/default/fastrtps.meta'
[0.204s] Level 1:colcon.colcon_core.package_discovery:discover_packages(recursive) check parameters
[0.204s] Level 1:colcon.colcon_core.package_discovery:discover_packages(ignore) check parameters
[0.204s] Level 1:colcon.colcon_core.package_discovery:discover_packages(path) check parameters
[0.204s] Level 1:colcon.colcon_core.package_discovery:discover_packages(colcon_meta) discover
[0.204s] Level 1:colcon.colcon_core.package_discovery:discover_packages(recursive) discover
[0.205s] INFO:colcon.colcon_core.package_discovery:Crawling recursively for packages in '/shared_rocker_software/autonomous_ws'
[0.205s] Level 1:colcon.colcon_core.package_identification:_identify(.) by extensions ['ignore', 'ignore_ament_install']
[0.205s] Level 1:colcon.colcon_core.package_identification:_identify(.) by extension 'ignore'
[0.205s] Level 1:colcon.colcon_core.package_identification:_identify(.) by extension 'ignore_ament_install'
[0.205s] Level 1:colcon.colcon_core.package_identification:_identify(.) by extensions ['colcon_pkg']
[0.205s] Level 1:colcon.colcon_core.package_identification:_identify(.) by extension 'colcon_pkg'
[0.205s] Level 1:colcon.colcon_core.package_identification:_identify(.) by extensions ['colcon_meta']
[0.205s] Level 1:colcon.colcon_core.package_identification:_identify(.) by extension 'colcon_meta'
[0.205s] Level 1:colcon.colcon_core.package_identification:_identify(.) by extensions ['ros']
[0.205s] Level 1:colcon.colcon_core.package_identification:_identify(.) by extension 'ros'
[0.213s] Level 1:colcon.colcon_core.package_identification:_identify(.) by extensions ['cmake', 'python']
[0.213s] Level 1:colcon.colcon_core.package_identification:_identify(.) by extension 'cmake'
[0.213s] Level 1:colcon.colcon_core.package_identification:_identify(.) by extension 'python'
[0.213s] Level 1:colcon.colcon_core.package_identification:_identify(.) by extensions ['python_setup_py']
[0.213s] Level 1:colcon.colcon_core.package_identification:_identify(.) by extension 'python_setup_py'
[0.213s] Level 1:colcon.colcon_core.package_identification:_identify(build) by extensions ['ignore', 'ignore_ament_install']
[0.213s] Level 1:colcon.colcon_core.package_identification:_identify(build) by extension 'ignore'
[0.213s] Level 1:colcon.colcon_core.package_identification:_identify(build) ignored
[0.213s] Level 1:colcon.colcon_core.package_identification:_identify(install) by extensions ['ignore', 'ignore_ament_install']
[0.213s] Level 1:colcon.colcon_core.package_identification:_identify(install) by extension 'ignore'
[0.213s] Level 1:colcon.colcon_core.package_identification:_identify(install) ignored
[0.214s] Level 1:colcon.colcon_core.package_identification:_identify(log) by extensions ['ignore', 'ignore_ament_install']
[0.214s] Level 1:colcon.colcon_core.package_identification:_identify(log) by extension 'ignore'
[0.214s] Level 1:colcon.colcon_core.package_identification:_identify(log) ignored
[0.214s] Level 1:colcon.colcon_core.package_identification:_identify(src) by extensions ['ignore', 'ignore_ament_install']
[0.214s] Level 1:colcon.colcon_core.package_identification:_identify(src) by extension 'ignore'
[0.214s] Level 1:colcon.colcon_core.package_identification:_identify(src) by extension 'ignore_ament_install'
[0.214s] Level 1:colcon.colcon_core.package_identification:_identify(src) by extensions ['colcon_pkg']
[0.214s] Level 1:colcon.colcon_core.package_identification:_identify(src) by extension 'colcon_pkg'
[0.214s] Level 1:colcon.colcon_core.package_identification:_identify(src) by extensions ['colcon_meta']
[0.214s] Level 1:colcon.colcon_core.package_identification:_identify(src) by extension 'colcon_meta'
[0.214s] Level 1:colcon.colcon_core.package_identification:_identify(src) by extensions ['ros']
[0.214s] Level 1:colcon.colcon_core.package_identification:_identify(src) by extension 'ros'
[0.214s] Level 1:colcon.colcon_core.package_identification:_identify(src) by extensions ['cmake', 'python']
[0.214s] Level 1:colcon.colcon_core.package_identification:_identify(src) by extension 'cmake'
[0.214s] Level 1:colcon.colcon_core.package_identification:_identify(src) by extension 'python'
[0.214s] Level 1:colcon.colcon_core.package_identification:_identify(src) by extensions ['python_setup_py']
[0.214s] Level 1:colcon.colcon_core.package_identification:_identify(src) by extension 'python_setup_py'
[0.214s] Level 1:colcon.colcon_core.package_identification:_identify(src/robot_description) by extensions ['ignore', 'ignore_ament_install']
[0.214s] Level 1:colcon.colcon_core.package_identification:_identify(src/robot_description) by extension 'ignore'
[0.214s] Level 1:colcon.colcon_core.package_identification:_identify(src/robot_description) by extension 'ignore_ament_install'
[0.214s] Level 1:colcon.colcon_core.package_identification:_identify(src/robot_description) by extensions ['colcon_pkg']
[0.214s] Level 1:colcon.colcon_core.package_identification:_identify(src/robot_description) by extension 'colcon_pkg'
[0.214s] Level 1:colcon.colcon_core.package_identification:_identify(src/robot_description) by extensions ['colcon_meta']
[0.214s] Level 1:colcon.colcon_core.package_identification:_identify(src/robot_description) by extension 'colcon_meta'
[0.214s] Level 1:colcon.colcon_core.package_identification:_identify(src/robot_description) by extensions ['ros']
[0.214s] Level 1:colcon.colcon_core.package_identification:_identify(src/robot_description) by extension 'ros'
[0.216s] DEBUG:colcon.colcon_core.package_identification:Package 'src/robot_description' with type 'ros.ament_cmake' and name 'robot_description'
[0.216s] Level 1:colcon.colcon_core.package_identification:_identify(src/robot_mobile_base) by extensions ['ignore', 'ignore_ament_install']
[0.216s] Level 1:colcon.colcon_core.package_identification:_identify(src/robot_mobile_base) by extension 'ignore'
[0.216s] Level 1:colcon.colcon_core.package_identification:_identify(src/robot_mobile_base) by extension 'ignore_ament_install'
[0.216s] Level 1:colcon.colcon_core.package_identification:_identify(src/robot_mobile_base) by extensions ['colcon_pkg']
[0.216s] Level 1:colcon.colcon_core.package_identification:_identify(src/robot_mobile_base) by extension 'colcon_pkg'
[0.216s] Level 1:colcon.colcon_core.package_identification:_identify(src/robot_mobile_base) by extensions ['colcon_meta']
[0.216s] Level 1:colcon.colcon_core.package_identification:_identify(src/robot_mobile_base) by extension 'colcon_meta'
[0.216s] Level 1:colcon.colcon_core.package_identification:_identify(src/robot_mobile_base) by extensions ['ros']
[0.216s] Level 1:colcon.colcon_core.package_identification:_identify(src/robot_mobile_base) by extension 'ros'
[0.217s] DEBUG:colcon.colcon_core.package_identification:Package 'src/robot_mobile_base' with type 'ros.ament_python' and name 'robot_mobile_base'
[0.217s] Level 1:colcon.colcon_core.package_identification:_identify(src/robot_odometry) by extensions ['ignore', 'ignore_ament_install']
[0.217s] Level 1:colcon.colcon_core.package_identification:_identify(src/robot_odometry) by extension 'ignore'
[0.217s] Level 1:colcon.colcon_core.package_identification:_identify(src/robot_odometry) by extension 'ignore_ament_install'
[0.217s] Level 1:colcon.colcon_core.package_identification:_identify(src/robot_odometry) by extensions ['colcon_pkg']
[0.217s] Level 1:colcon.colcon_core.package_identification:_identify(src/robot_odometry) by extension 'colcon_pkg'
[0.217s] Level 1:colcon.colcon_core.package_identification:_identify(src/robot_odometry) by extensions ['colcon_meta']
[0.217s] Level 1:colcon.colcon_core.package_identification:_identify(src/robot_odometry) by extension 'colcon_meta'
[0.217s] Level 1:colcon.colcon_core.package_identification:_identify(src/robot_odometry) by extensions ['ros']
[0.217s] Level 1:colcon.colcon_core.package_identification:_identify(src/robot_odometry) by extension 'ros'
[0.218s] DEBUG:colcon.colcon_core.package_identification:Package 'src/robot_odometry' with type 'ros.ament_cmake' and name 'robot_odometry'
[0.218s] Level 1:colcon.colcon_core.package_identification:_identify(src/sllidar_ros2) by extensions ['ignore', 'ignore_ament_install']
[0.218s] Level 1:colcon.colcon_core.package_identification:_identify(src/sllidar_ros2) by extension 'ignore'
[0.218s] Level 1:colcon.colcon_core.package_identification:_identify(src/sllidar_ros2) by extension 'ignore_ament_install'
[0.218s] Level 1:colcon.colcon_core.package_identification:_identify(src/sllidar_ros2) by extensions ['colcon_pkg']
[0.218s] Level 1:colcon.colcon_core.package_identification:_identify(src/sllidar_ros2) by extension 'colcon_pkg'
[0.218s] Level 1:colcon.colcon_core.package_identification:_identify(src/sllidar_ros2) by extensions ['colcon_meta']
[0.218s] Level 1:colcon.colcon_core.package_identification:_identify(src/sllidar_ros2) by extension 'colcon_meta'
[0.218s] Level 1:colcon.colcon_core.package_identification:_identify(src/sllidar_ros2) by extensions ['ros']
[0.218s] Level 1:colcon.colcon_core.package_identification:_identify(src/sllidar_ros2) by extension 'ros'
[0.219s] DEBUG:colcon.colcon_core.package_identification:Package 'src/sllidar_ros2' with type 'ros.ament_cmake' and name 'sllidar_ros2'
[0.219s] Level 1:colcon.colcon_core.package_discovery:discover_packages(recursive) using defaults
[0.219s] Level 1:colcon.colcon_core.package_discovery:discover_packages(ignore) discover
[0.219s] Level 1:colcon.colcon_core.package_discovery:discover_packages(ignore) using defaults
[0.219s] Level 1:colcon.colcon_core.package_discovery:discover_packages(path) discover
[0.219s] Level 1:colcon.colcon_core.package_discovery:discover_packages(path) using defaults
[0.244s] Level 5:colcon.colcon_core.verb:set package 'robot_description' build argument 'cmake_args' from command line to 'None'
[0.244s] Level 5:colcon.colcon_core.verb:set package 'robot_description' build argument 'cmake_target' from command line to 'None'
[0.244s] Level 5:colcon.colcon_core.verb:set package 'robot_description' build argument 'cmake_target_skip_unavailable' from command line to 'False'
[0.244s] Level 5:colcon.colcon_core.verb:set package 'robot_description' build argument 'cmake_clean_cache' from command line to 'False'
[0.244s] Level 5:colcon.colcon_core.verb:set package 'robot_description' build argument 'cmake_clean_first' from command line to 'False'
[0.244s] Level 5:colcon.colcon_core.verb:set package 'robot_description' build argument 'cmake_force_configure' from command line to 'False'
[0.244s] Level 5:colcon.colcon_core.verb:set package 'robot_description' build argument 'ament_cmake_args' from command line to 'None'
[0.244s] Level 5:colcon.colcon_core.verb:set package 'robot_description' build argument 'catkin_cmake_args' from command line to 'None'
[0.244s] Level 5:colcon.colcon_core.verb:set package 'robot_description' build argument 'catkin_skip_building_tests' from command line to 'False'
[0.244s] DEBUG:colcon.colcon_core.verb:Building package 'robot_description' with the following arguments: {'ament_cmake_args': None, 'build_base': '/shared_rocker_software/autonomous_ws/build/robot_description', 'catkin_cmake_args': None, 'catkin_skip_building_tests': False, 'cmake_args': None, 'cmake_clean_cache': False, 'cmake_clean_first': False, 'cmake_force_configure': False, 'cmake_target': None, 'cmake_target_skip_unavailable': False, 'install_base': '/shared_rocker_software/autonomous_ws/install/robot_description', 'merge_install': False, 'path': '/shared_rocker_software/autonomous_ws/src/robot_description', 'symlink_install': False, 'test_result_base': None}
[0.244s] Level 5:colcon.colcon_core.verb:set package 'robot_mobile_base' build argument 'cmake_args' from command line to 'None'
[0.244s] Level 5:colcon.colcon_core.verb:set package 'robot_mobile_base' build argument 'cmake_target' from command line to 'None'
[0.244s] Level 5:colcon.colcon_core.verb:set package 'robot_mobile_base' build argument 'cmake_target_skip_unavailable' from command line to 'False'
[0.244s] Level 5:colcon.colcon_core.verb:set package 'robot_mobile_base' build argument 'cmake_clean_cache' from command line to 'False'
[0.244s] Level 5:colcon.colcon_core.verb:set package 'robot_mobile_base' build argument 'cmake_clean_first' from command line to 'False'
[0.244s] Level 5:colcon.colcon_core.verb:set package 'robot_mobile_base' build argument 'cmake_force_configure' from command line to 'False'
[0.244s] Level 5:colcon.colcon_core.verb:set package 'robot_mobile_base' build argument 'ament_cmake_args' from command line to 'None'
[0.244s] Level 5:colcon.colcon_core.verb:set package 'robot_mobile_base' build argument 'catkin_cmake_args' from command line to 'None'
[0.244s] Level 5:colcon.colcon_core.verb:set package 'robot_mobile_base' build argument 'catkin_skip_building_tests' from command line to 'False'
[0.244s] DEBUG:colcon.colcon_core.verb:Building package 'robot_mobile_base' with the following arguments: {'ament_cmake_args': None, 'build_base': '/shared_rocker_software/autonomous_ws/build/robot_mobile_base', 'catkin_cmake_args': None, 'catkin_skip_building_tests': False, 'cmake_args': None, 'cmake_clean_cache': False, 'cmake_clean_first': False, 'cmake_force_configure': False, 'cmake_target': None, 'cmake_target_skip_unavailable': False, 'install_base': '/shared_rocker_software/autonomous_ws/install/robot_mobile_base', 'merge_install': False, 'path': '/shared_rocker_software/autonomous_ws/src/robot_mobile_base', 'symlink_install': False, 'test_result_base': None}
[0.245s] Level 5:colcon.colcon_core.verb:set package 'robot_odometry' build argument 'cmake_args' from command line to 'None'
[0.245s] Level 5:colcon.colcon_core.verb:set package 'robot_odometry' build argument 'cmake_target' from command line to 'None'
[0.245s] Level 5:colcon.colcon_core.verb:set package 'robot_odometry' build argument 'cmake_target_skip_unavailable' from command line to 'False'
[0.245s] Level 5:colcon.colcon_core.verb:set package 'robot_odometry' build argument 'cmake_clean_cache' from command line to 'False'
[0.245s] Level 5:colcon.colcon_core.verb:set package 'robot_odometry' build argument 'cmake_clean_first' from command line to 'False'
[0.245s] Level 5:colcon.colcon_core.verb:set package 'robot_odometry' build argument 'cmake_force_configure' from command line to 'False'
[0.245s] Level 5:colcon.colcon_core.verb:set package 'robot_odometry' build argument 'ament_cmake_args' from command line to 'None'
[0.245s] Level 5:colcon.colcon_core.verb:set package 'robot_odometry' build argument 'catkin_cmake_args' from command line to 'None'
[0.245s] Level 5:colcon.colcon_core.verb:set package 'robot_odometry' build argument 'catkin_skip_building_tests' from command line to 'False'
[0.245s] DEBUG:colcon.colcon_core.verb:Building package 'robot_odometry' with the following arguments: {'ament_cmake_args': None, 'build_base': '/shared_rocker_software/autonomous_ws/build/robot_odometry', 'catkin_cmake_args': None, 'catkin_skip_building_tests': False, 'cmake_args': None, 'cmake_clean_cache': False, 'cmake_clean_first': False, 'cmake_force_configure': False, 'cmake_target': None, 'cmake_target_skip_unavailable': False, 'install_base': '/shared_rocker_software/autonomous_ws/install/robot_odometry', 'merge_install': False, 'path': '/shared_rocker_software/autonomous_ws/src/robot_odometry', 'symlink_install': False, 'test_result_base': None}
[0.245s] Level 5:colcon.colcon_core.verb:set package 'sllidar_ros2' build argument 'cmake_args' from command line to 'None'
[0.245s] Level 5:colcon.colcon_core.verb:set package 'sllidar_ros2' build argument 'cmake_target' from command line to 'None'
[0.245s] Level 5:colcon.colcon_core.verb:set package 'sllidar_ros2' build argument 'cmake_target_skip_unavailable' from command line to 'False'
[0.245s] Level 5:colcon.colcon_core.verb:set package 'sllidar_ros2' build argument 'cmake_clean_cache' from command line to 'False'
[0.245s] Level 5:colcon.colcon_core.verb:set package 'sllidar_ros2' build argument 'cmake_clean_first' from command line to 'False'
[0.245s] Level 5:colcon.colcon_core.verb:set package 'sllidar_ros2' build argument 'cmake_force_configure' from command line to 'False'
[0.245s] Level 5:colcon.colcon_core.verb:set package 'sllidar_ros2' build argument 'ament_cmake_args' from command line to 'None'
[0.245s] Level 5:colcon.colcon_core.verb:set package 'sllidar_ros2' build argument 'catkin_cmake_args' from command line to 'None'
[0.245s] Level 5:colcon.colcon_core.verb:set package 'sllidar_ros2' build argument 'catkin_skip_building_tests' from command line to 'False'
[0.245s] DEBUG:colcon.colcon_core.verb:Building package 'sllidar_ros2' with the following arguments: {'ament_cmake_args': None, 'build_base': '/shared_rocker_software/autonomous_ws/build/sllidar_ros2', 'catkin_cmake_args': None, 'catkin_skip_building_tests': False, 'cmake_args': None, 'cmake_clean_cache': False, 'cmake_clean_first': False, 'cmake_force_configure': False, 'cmake_target': None, 'cmake_target_skip_unavailable': False, 'install_base': '/shared_rocker_software/autonomous_ws/install/sllidar_ros2', 'merge_install': False, 'path': '/shared_rocker_software/autonomous_ws/src/sllidar_ros2', 'symlink_install': False, 'test_result_base': None}
[0.245s] INFO:colcon.colcon_core.executor:Executing jobs using 'parallel' executor
[0.246s] DEBUG:colcon.colcon_parallel_executor.executor.parallel:run_until_complete
[0.246s] INFO:colcon.colcon_ros.task.ament_cmake.build:Building ROS package in '/shared_rocker_software/autonomous_ws/src/robot_description' with build type 'ament_cmake'
[0.246s] INFO:colcon.colcon_cmake.task.cmake.build:Building CMake package in '/shared_rocker_software/autonomous_ws/src/robot_description'
[0.248s] INFO:colcon.colcon_core.plugin_system:Skipping extension 'colcon_core.shell.bat': Not used on non-Windows systems
[0.249s] INFO:colcon.colcon_core.shell:Skip shell extension 'powershell' for command environment: Not usable outside of PowerShell
[0.249s] DEBUG:colcon.colcon_core.shell:Skip shell extension 'dsv' for command environment
[0.249s] WARNING:colcon.colcon_ros.prefix_path.ament:The path '/shared_rocker_software/autonomous_ws/install/sllidar_ros2' in the environment variable AMENT_PREFIX_PATH doesn't exist
[0.249s] WARNING:colcon.colcon_ros.prefix_path.ament:The path '/shared_rocker_software/autonomous_ws/install/omni_robot_odometry' in the environment variable AMENT_PREFIX_PATH doesn't exist
[0.249s] WARNING:colcon.colcon_ros.prefix_path.ament:The path '/shared_rocker_software/autonomous_ws/install/omni_robot_mobile_base' in the environment variable AMENT_PREFIX_PATH doesn't exist
[0.249s] WARNING:colcon.colcon_ros.prefix_path.ament:The path '/shared_rocker_software/autonomous_ws/install/omni_robot_description' in the environment variable AMENT_PREFIX_PATH doesn't exist
[0.249s] WARNING:colcon.colcon_ros.prefix_path.catkin:The path '/shared_rocker_software/autonomous_ws/install/sllidar_ros2' in the environment variable CMAKE_PREFIX_PATH doesn't exist
[0.249s] WARNING:colcon.colcon_ros.prefix_path.catkin:The path '/shared_rocker_software/autonomous_ws/install/omni_robot_odometry' in the environment variable CMAKE_PREFIX_PATH doesn't exist
[0.250s] WARNING:colcon.colcon_ros.prefix_path.catkin:The path '/shared_rocker_software/autonomous_ws/install/omni_robot_description' in the environment variable CMAKE_PREFIX_PATH doesn't exist
[0.253s] INFO:colcon.colcon_ros.task.ament_python.build:Building ROS package in '/shared_rocker_software/autonomous_ws/src/robot_mobile_base' with build type 'ament_python'
[0.254s] Level 1:colcon.colcon_core.shell:create_environment_hook('robot_mobile_base', 'ament_prefix_path')
[0.254s] INFO:colcon.colcon_core.shell:Creating environment hook '/shared_rocker_software/autonomous_ws/install/robot_mobile_base/share/robot_mobile_base/hook/ament_prefix_path.ps1'
[0.255s] INFO:colcon.colcon_core.shell:Creating environment descriptor '/shared_rocker_software/autonomous_ws/install/robot_mobile_base/share/robot_mobile_base/hook/ament_prefix_path.dsv'
[0.255s] INFO:colcon.colcon_core.shell:Creating environment hook '/shared_rocker_software/autonomous_ws/install/robot_mobile_base/share/robot_mobile_base/hook/ament_prefix_path.sh'
[0.255s] INFO:colcon.colcon_core.shell:Skip shell extension 'powershell' for command environment: Not usable outside of PowerShell
[0.255s] DEBUG:colcon.colcon_core.shell:Skip shell extension 'dsv' for command environment
[0.259s] INFO:colcon.colcon_ros.task.ament_cmake.build:Building ROS package in '/shared_rocker_software/autonomous_ws/src/robot_odometry' with build type 'ament_cmake'
[0.260s] INFO:colcon.colcon_cmake.task.cmake.build:Building CMake package in '/shared_rocker_software/autonomous_ws/src/robot_odometry'
[0.260s] INFO:colcon.colcon_core.shell:Skip shell extension 'powershell' for command environment: Not usable outside of PowerShell
[0.260s] DEBUG:colcon.colcon_core.shell:Skip shell extension 'dsv' for command environment
[0.264s] INFO:colcon.colcon_ros.task.ament_cmake.build:Building ROS package in '/shared_rocker_software/autonomous_ws/src/sllidar_ros2' with build type 'ament_cmake'
[0.264s] INFO:colcon.colcon_cmake.task.cmake.build:Building CMake package in '/shared_rocker_software/autonomous_ws/src/sllidar_ros2'
[0.264s] INFO:colcon.colcon_core.shell:Skip shell extension 'powershell' for command environment: Not usable outside of PowerShell
[0.264s] DEBUG:colcon.colcon_core.shell:Skip shell extension 'dsv' for command environment
[0.271s] DEBUG:colcon.colcon_core.event_handler.log_command:Invoking command in '/shared_rocker_software/autonomous_ws/build/robot_description': CMAKE_PREFIX_PATH=${CMAKE_PREFIX_PATH}:/shared_rocker_software/autonomous_ws/install/omni_robot_mobile_base:/opt/ros/humble /usr/bin/cmake /shared_rocker_software/autonomous_ws/src/robot_description -DCMAKE_INSTALL_PREFIX=/shared_rocker_software/autonomous_ws/install/robot_description
[0.464s] INFO:colcon.colcon_core.task.python.build:Building Python package in '/shared_rocker_software/autonomous_ws/src/robot_mobile_base'
[0.464s] INFO:colcon.colcon_core.shell:Skip shell extension 'powershell' for command environment: Not usable outside of PowerShell
[0.464s] DEBUG:colcon.colcon_core.shell:Skip shell extension 'dsv' for command environment
[0.470s] DEBUG:colcon.colcon_core.event_handler.log_command:Invoking command in '/shared_rocker_software/autonomous_ws/build/robot_odometry': CMAKE_PREFIX_PATH=${CMAKE_PREFIX_PATH}:/shared_rocker_software/autonomous_ws/install/omni_robot_mobile_base:/opt/ros/humble /usr/bin/cmake /shared_rocker_software/autonomous_ws/src/robot_odometry -DCMAKE_INSTALL_PREFIX=/shared_rocker_software/autonomous_ws/install/robot_odometry
[0.472s] DEBUG:colcon.colcon_core.event_handler.log_command:Invoking command in '/shared_rocker_software/autonomous_ws/build/sllidar_ros2': CMAKE_PREFIX_PATH=${CMAKE_PREFIX_PATH}:/shared_rocker_software/autonomous_ws/install/omni_robot_mobile_base:/opt/ros/humble /usr/bin/cmake /shared_rocker_software/autonomous_ws/src/sllidar_ros2 -DCMAKE_INSTALL_PREFIX=/shared_rocker_software/autonomous_ws/install/sllidar_ros2
[0.766s] DEBUG:colcon.colcon_core.event_handler.log_command:Invoking command in '/shared_rocker_software/autonomous_ws/src/robot_mobile_base': PYTHONPATH=/shared_rocker_software/autonomous_ws/build/robot_mobile_base/prefix_override:/usr/lib/python3/dist-packages/colcon_core/task/python/colcon_distutils_commands:/shared_rocker_software/autonomous_ws/install/robot_mobile_base/lib/python3.10/site-packages:${PYTHONPATH} /usr/bin/python3 -W ignore:setup.py install is deprecated -W ignore:easy_install command is deprecated setup.py egg_info --egg-base ../../build/robot_mobile_base build --build-base /shared_rocker_software/autonomous_ws/build/robot_mobile_base/build install --record /shared_rocker_software/autonomous_ws/build/robot_mobile_base/install.log --single-version-externally-managed install_data
[0.985s] DEBUG:colcon.colcon_core.event_handler.log_command:Invoked command in '/shared_rocker_software/autonomous_ws/src/robot_mobile_base' returned '0': PYTHONPATH=/shared_rocker_software/autonomous_ws/build/robot_mobile_base/prefix_override:/usr/lib/python3/dist-packages/colcon_core/task/python/colcon_distutils_commands:/shared_rocker_software/autonomous_ws/install/robot_mobile_base/lib/python3.10/site-packages:${PYTHONPATH} /usr/bin/python3 -W ignore:setup.py install is deprecated -W ignore:easy_install command is deprecated setup.py egg_info --egg-base ../../build/robot_mobile_base build --build-base /shared_rocker_software/autonomous_ws/build/robot_mobile_base/build install --record /shared_rocker_software/autonomous_ws/build/robot_mobile_base/install.log --single-version-externally-managed install_data
[0.987s] Level 1:colcon.colcon_core.environment:checking '/shared_rocker_software/autonomous_ws/install/robot_mobile_base' for CMake module files
[0.987s] Level 1:colcon.colcon_core.environment:checking '/shared_rocker_software/autonomous_ws/install/robot_mobile_base' for CMake config files
[0.988s] Level 1:colcon.colcon_core.environment:checking '/shared_rocker_software/autonomous_ws/install/robot_mobile_base/lib'
[0.988s] Level 1:colcon.colcon_core.environment:checking '/shared_rocker_software/autonomous_ws/install/robot_mobile_base/bin'
[0.988s] Level 1:colcon.colcon_core.environment:checking '/shared_rocker_software/autonomous_ws/install/robot_mobile_base/lib/pkgconfig/robot_mobile_base.pc'
[0.988s] Level 1:colcon.colcon_core.environment:checking '/shared_rocker_software/autonomous_ws/install/robot_mobile_base/lib/python3.10/site-packages'
[0.988s] Level 1:colcon.colcon_core.shell:create_environment_hook('robot_mobile_base', 'pythonpath')
[0.988s] INFO:colcon.colcon_core.shell:Creating environment hook '/shared_rocker_software/autonomous_ws/install/robot_mobile_base/share/robot_mobile_base/hook/pythonpath.ps1'
[0.989s] INFO:colcon.colcon_core.shell:Creating environment descriptor '/shared_rocker_software/autonomous_ws/install/robot_mobile_base/share/robot_mobile_base/hook/pythonpath.dsv'
[0.989s] INFO:colcon.colcon_core.shell:Creating environment hook '/shared_rocker_software/autonomous_ws/install/robot_mobile_base/share/robot_mobile_base/hook/pythonpath.sh'
[0.989s] Level 1:colcon.colcon_core.environment:checking '/shared_rocker_software/autonomous_ws/install/robot_mobile_base/bin'
[0.989s] Level 1:colcon.colcon_core.environment:create_environment_scripts_only(robot_mobile_base)
[0.990s] INFO:colcon.colcon_core.shell:Creating package script '/shared_rocker_software/autonomous_ws/install/robot_mobile_base/share/robot_mobile_base/package.ps1'
[0.991s] INFO:colcon.colcon_core.shell:Creating package descriptor '/shared_rocker_software/autonomous_ws/install/robot_mobile_base/share/robot_mobile_base/package.dsv'
[0.991s] INFO:colcon.colcon_core.shell:Creating package script '/shared_rocker_software/autonomous_ws/install/robot_mobile_base/share/robot_mobile_base/package.sh'
[0.991s] INFO:colcon.colcon_core.shell:Creating package script '/shared_rocker_software/autonomous_ws/install/robot_mobile_base/share/robot_mobile_base/package.bash'
[0.992s] INFO:colcon.colcon_core.shell:Creating package script '/shared_rocker_software/autonomous_ws/install/robot_mobile_base/share/robot_mobile_base/package.zsh'
[0.992s] Level 1:colcon.colcon_core.environment:create_file_with_runtime_dependencies(/shared_rocker_software/autonomous_ws/install/robot_mobile_base/share/colcon-core/packages/robot_mobile_base)
[1.259s] DEBUG:colcon.colcon_core.event_handler.log_command:Invoked command in '/shared_rocker_software/autonomous_ws/build/robot_description' returned '0': CMAKE_PREFIX_PATH=${CMAKE_PREFIX_PATH}:/shared_rocker_software/autonomous_ws/install/omni_robot_mobile_base:/opt/ros/humble /usr/bin/cmake /shared_rocker_software/autonomous_ws/src/robot_description -DCMAKE_INSTALL_PREFIX=/shared_rocker_software/autonomous_ws/install/robot_description
[1.261s] DEBUG:colcon.colcon_core.event_handler.log_command:Invoking command in '/shared_rocker_software/autonomous_ws/build/robot_description': CMAKE_PREFIX_PATH=${CMAKE_PREFIX_PATH}:/shared_rocker_software/autonomous_ws/install/omni_robot_mobile_base:/opt/ros/humble /usr/bin/cmake --build /shared_rocker_software/autonomous_ws/build/robot_description -- -j16 -l16
[1.300s] DEBUG:colcon.colcon_core.event_handler.log_command:Invoked command in '/shared_rocker_software/autonomous_ws/build/robot_description' returned '0': CMAKE_PREFIX_PATH=${CMAKE_PREFIX_PATH}:/shared_rocker_software/autonomous_ws/install/omni_robot_mobile_base:/opt/ros/humble /usr/bin/cmake --build /shared_rocker_software/autonomous_ws/build/robot_description -- -j16 -l16
[1.310s] DEBUG:colcon.colcon_core.event_handler.log_command:Invoking command in '/shared_rocker_software/autonomous_ws/build/robot_description': CMAKE_PREFIX_PATH=${CMAKE_PREFIX_PATH}:/shared_rocker_software/autonomous_ws/install/omni_robot_mobile_base:/opt/ros/humble /usr/bin/cmake --install /shared_rocker_software/autonomous_ws/build/robot_description
[1.322s] Level 1:colcon.colcon_core.environment:create_environment_scripts_only(robot_description)
[1.322s] Level 1:colcon.colcon_core.environment:checking '/shared_rocker_software/autonomous_ws/install/robot_description' for CMake module files
[1.322s] DEBUG:colcon.colcon_core.event_handler.log_command:Invoked command in '/shared_rocker_software/autonomous_ws/build/robot_description' returned '0': CMAKE_PREFIX_PATH=${CMAKE_PREFIX_PATH}:/shared_rocker_software/autonomous_ws/install/omni_robot_mobile_base:/opt/ros/humble /usr/bin/cmake --install /shared_rocker_software/autonomous_ws/build/robot_description
[1.322s] Level 1:colcon.colcon_core.environment:checking '/shared_rocker_software/autonomous_ws/install/robot_description' for CMake config files
[1.322s] Level 1:colcon.colcon_core.shell:create_environment_hook('robot_description', 'cmake_prefix_path')
[1.323s] INFO:colcon.colcon_core.shell:Creating environment hook '/shared_rocker_software/autonomous_ws/install/robot_description/share/robot_description/hook/cmake_prefix_path.ps1'
[1.323s] INFO:colcon.colcon_core.shell:Creating environment descriptor '/shared_rocker_software/autonomous_ws/install/robot_description/share/robot_description/hook/cmake_prefix_path.dsv'
[1.323s] INFO:colcon.colcon_core.shell:Creating environment hook '/shared_rocker_software/autonomous_ws/install/robot_description/share/robot_description/hook/cmake_prefix_path.sh'
[1.324s] Level 1:colcon.colcon_core.environment:checking '/shared_rocker_software/autonomous_ws/install/robot_description/bin'
[1.324s] Level 1:colcon.colcon_core.environment:checking '/shared_rocker_software/autonomous_ws/install/robot_description/lib/pkgconfig/robot_description.pc'
[1.324s] Level 1:colcon.colcon_core.environment:checking '/shared_rocker_software/autonomous_ws/install/robot_description/lib/python3.10/site-packages'
[1.324s] Level 1:colcon.colcon_core.environment:checking '/shared_rocker_software/autonomous_ws/install/robot_description/bin'
[1.324s] INFO:colcon.colcon_core.shell:Creating package script '/shared_rocker_software/autonomous_ws/install/robot_description/share/robot_description/package.ps1'
[1.324s] INFO:colcon.colcon_core.shell:Creating package descriptor '/shared_rocker_software/autonomous_ws/install/robot_description/share/robot_description/package.dsv'
[1.325s] INFO:colcon.colcon_core.shell:Creating package script '/shared_rocker_software/autonomous_ws/install/robot_description/share/robot_description/package.sh'
[1.325s] INFO:colcon.colcon_core.shell:Creating package script '/shared_rocker_software/autonomous_ws/install/robot_description/share/robot_description/package.bash'
[1.325s] INFO:colcon.colcon_core.shell:Creating package script '/shared_rocker_software/autonomous_ws/install/robot_description/share/robot_description/package.zsh'
[1.325s] Level 1:colcon.colcon_core.environment:create_file_with_runtime_dependencies(/shared_rocker_software/autonomous_ws/install/robot_description/share/colcon-core/packages/robot_description)
[1.326s] Level 1:colcon.colcon_core.environment:create_environment_scripts_only(robot_description)
[1.326s] Level 1:colcon.colcon_core.environment:checking '/shared_rocker_software/autonomous_ws/install/robot_description' for CMake module files
[1.327s] Level 1:colcon.colcon_core.environment:checking '/shared_rocker_software/autonomous_ws/install/robot_description' for CMake config files
[1.327s] Level 1:colcon.colcon_core.shell:create_environment_hook('robot_description', 'cmake_prefix_path')
[1.327s] INFO:colcon.colcon_core.shell:Creating environment hook '/shared_rocker_software/autonomous_ws/install/robot_description/share/robot_description/hook/cmake_prefix_path.ps1'
[1.327s] INFO:colcon.colcon_core.shell:Creating environment descriptor '/shared_rocker_software/autonomous_ws/install/robot_description/share/robot_description/hook/cmake_prefix_path.dsv'
[1.327s] INFO:colcon.colcon_core.shell:Creating environment hook '/shared_rocker_software/autonomous_ws/install/robot_description/share/robot_description/hook/cmake_prefix_path.sh'
[1.328s] Level 1:colcon.colcon_core.environment:checking '/shared_rocker_software/autonomous_ws/install/robot_description/bin'
[1.328s] Level 1:colcon.colcon_core.environment:checking '/shared_rocker_software/autonomous_ws/install/robot_description/lib/pkgconfig/robot_description.pc'
[1.328s] Level 1:colcon.colcon_core.environment:checking '/shared_rocker_software/autonomous_ws/install/robot_description/lib/python3.10/site-packages'
[1.328s] Level 1:colcon.colcon_core.environment:checking '/shared_rocker_software/autonomous_ws/install/robot_description/bin'
[1.328s] INFO:colcon.colcon_core.shell:Creating package script '/shared_rocker_software/autonomous_ws/install/robot_description/share/robot_description/package.ps1'
[1.329s] INFO:colcon.colcon_core.shell:Creating package descriptor '/shared_rocker_software/autonomous_ws/install/robot_description/share/robot_description/package.dsv'
[1.329s] INFO:colcon.colcon_core.shell:Creating package script '/shared_rocker_software/autonomous_ws/install/robot_description/share/robot_description/package.sh'
[1.329s] INFO:colcon.colcon_core.shell:Creating package script '/shared_rocker_software/autonomous_ws/install/robot_description/share/robot_description/package.bash'
[1.329s] INFO:colcon.colcon_core.shell:Creating package script '/shared_rocker_software/autonomous_ws/install/robot_description/share/robot_description/package.zsh'
[1.330s] Level 1:colcon.colcon_core.environment:create_file_with_runtime_dependencies(/shared_rocker_software/autonomous_ws/install/robot_description/share/colcon-core/packages/robot_description)
[1.476s] DEBUG:colcon.colcon_core.event_handler.log_command:Invoked command in '/shared_rocker_software/autonomous_ws/build/sllidar_ros2' returned '0': CMAKE_PREFIX_PATH=${CMAKE_PREFIX_PATH}:/shared_rocker_software/autonomous_ws/install/omni_robot_mobile_base:/opt/ros/humble /usr/bin/cmake /shared_rocker_software/autonomous_ws/src/sllidar_ros2 -DCMAKE_INSTALL_PREFIX=/shared_rocker_software/autonomous_ws/install/sllidar_ros2
[1.477s] DEBUG:colcon.colcon_core.event_handler.log_command:Invoking command in '/shared_rocker_software/autonomous_ws/build/sllidar_ros2': CMAKE_PREFIX_PATH=${CMAKE_PREFIX_PATH}:/shared_rocker_software/autonomous_ws/install/omni_robot_mobile_base:/opt/ros/humble /usr/bin/cmake --build /shared_rocker_software/autonomous_ws/build/sllidar_ros2 -- -j16 -l16
[1.614s] DEBUG:colcon.colcon_core.event_handler.log_command:Invoked command in '/shared_rocker_software/autonomous_ws/build/robot_odometry' returned '0': CMAKE_PREFIX_PATH=${CMAKE_PREFIX_PATH}:/shared_rocker_software/autonomous_ws/install/omni_robot_mobile_base:/opt/ros/humble /usr/bin/cmake /shared_rocker_software/autonomous_ws/src/robot_odometry -DCMAKE_INSTALL_PREFIX=/shared_rocker_software/autonomous_ws/install/robot_odometry
[1.614s] DEBUG:colcon.colcon_core.event_handler.log_command:Invoking command in '/shared_rocker_software/autonomous_ws/build/robot_odometry': CMAKE_PREFIX_PATH=${CMAKE_PREFIX_PATH}:/shared_rocker_software/autonomous_ws/install/omni_robot_mobile_base:/opt/ros/humble /usr/bin/cmake --build /shared_rocker_software/autonomous_ws/build/robot_odometry -- -j16 -l16
[1.717s] DEBUG:colcon.colcon_core.event_handler.log_command:Invoked command in '/shared_rocker_software/autonomous_ws/build/robot_odometry' returned '0': CMAKE_PREFIX_PATH=${CMAKE_PREFIX_PATH}:/shared_rocker_software/autonomous_ws/install/omni_robot_mobile_base:/opt/ros/humble /usr/bin/cmake --build /shared_rocker_software/autonomous_ws/build/robot_odometry -- -j16 -l16
[1.717s] DEBUG:colcon.colcon_core.event_handler.log_command:Invoking command in '/shared_rocker_software/autonomous_ws/build/robot_odometry': CMAKE_PREFIX_PATH=${CMAKE_PREFIX_PATH}:/shared_rocker_software/autonomous_ws/install/omni_robot_mobile_base:/opt/ros/humble /usr/bin/cmake --install /shared_rocker_software/autonomous_ws/build/robot_odometry
[1.752s] Level 1:colcon.colcon_core.environment:create_environment_scripts_only(robot_odometry)
[1.756s] Level 1:colcon.colcon_core.environment:checking '/shared_rocker_software/autonomous_ws/install/robot_odometry' for CMake module files
[1.757s] Level 1:colcon.colcon_core.environment:checking '/shared_rocker_software/autonomous_ws/install/robot_odometry' for CMake config files
[1.757s] Level 1:colcon.colcon_core.shell:create_environment_hook('robot_odometry', 'cmake_prefix_path')
[1.757s] INFO:colcon.colcon_core.shell:Creating environment hook '/shared_rocker_software/autonomous_ws/install/robot_odometry/share/robot_odometry/hook/cmake_prefix_path.ps1'
[1.758s] INFO:colcon.colcon_core.shell:Creating environment descriptor '/shared_rocker_software/autonomous_ws/install/robot_odometry/share/robot_odometry/hook/cmake_prefix_path.dsv'
[1.758s] INFO:colcon.colcon_core.shell:Creating environment hook '/shared_rocker_software/autonomous_ws/install/robot_odometry/share/robot_odometry/hook/cmake_prefix_path.sh'
[1.759s] DEBUG:colcon.colcon_core.event_handler.log_command:Invoked command in '/shared_rocker_software/autonomous_ws/build/robot_odometry' returned '0': CMAKE_PREFIX_PATH=${CMAKE_PREFIX_PATH}:/shared_rocker_software/autonomous_ws/install/omni_robot_mobile_base:/opt/ros/humble /usr/bin/cmake --install /shared_rocker_software/autonomous_ws/build/robot_odometry
[1.759s] Level 1:colcon.colcon_core.environment:checking '/shared_rocker_software/autonomous_ws/install/robot_odometry/bin'
[1.760s] Level 1:colcon.colcon_core.environment:checking '/shared_rocker_software/autonomous_ws/install/robot_odometry/lib/pkgconfig/robot_odometry.pc'
[1.760s] Level 1:colcon.colcon_core.environment:checking '/shared_rocker_software/autonomous_ws/install/robot_odometry/lib/python3.10/site-packages'
[1.760s] Level 1:colcon.colcon_core.environment:checking '/shared_rocker_software/autonomous_ws/install/robot_odometry/bin'
[1.760s] INFO:colcon.colcon_core.shell:Creating package script '/shared_rocker_software/autonomous_ws/install/robot_odometry/share/robot_odometry/package.ps1'
[1.761s] INFO:colcon.colcon_core.shell:Creating package descriptor '/shared_rocker_software/autonomous_ws/install/robot_odometry/share/robot_odometry/package.dsv'
[1.761s] INFO:colcon.colcon_core.shell:Creating package script '/shared_rocker_software/autonomous_ws/install/robot_odometry/share/robot_odometry/package.sh'
[1.762s] INFO:colcon.colcon_core.shell:Creating package script '/shared_rocker_software/autonomous_ws/install/robot_odometry/share/robot_odometry/package.bash'
[1.766s] INFO:colcon.colcon_core.shell:Creating package script '/shared_rocker_software/autonomous_ws/install/robot_odometry/share/robot_odometry/package.zsh'
[1.766s] Level 1:colcon.colcon_core.environment:create_file_with_runtime_dependencies(/shared_rocker_software/autonomous_ws/install/robot_odometry/share/colcon-core/packages/robot_odometry)
[1.767s] Level 1:colcon.colcon_core.environment:create_environment_scripts_only(robot_odometry)
[1.768s] Level 1:colcon.colcon_core.environment:checking '/shared_rocker_software/autonomous_ws/install/robot_odometry' for CMake module files
[1.768s] Level 1:colcon.colcon_core.environment:checking '/shared_rocker_software/autonomous_ws/install/robot_odometry' for CMake config files
[1.768s] Level 1:colcon.colcon_core.shell:create_environment_hook('robot_odometry', 'cmake_prefix_path')
[1.769s] INFO:colcon.colcon_core.shell:Creating environment hook '/shared_rocker_software/autonomous_ws/install/robot_odometry/share/robot_odometry/hook/cmake_prefix_path.ps1'
[1.769s] INFO:colcon.colcon_core.shell:Creating environment descriptor '/shared_rocker_software/autonomous_ws/install/robot_odometry/share/robot_odometry/hook/cmake_prefix_path.dsv'
[1.774s] INFO:colcon.colcon_core.shell:Creating environment hook '/shared_rocker_software/autonomous_ws/install/robot_odometry/share/robot_odometry/hook/cmake_prefix_path.sh'
[1.777s] Level 1:colcon.colcon_core.environment:checking '/shared_rocker_software/autonomous_ws/install/robot_odometry/bin'
[1.777s] Level 1:colcon.colcon_core.environment:checking '/shared_rocker_software/autonomous_ws/install/robot_odometry/lib/pkgconfig/robot_odometry.pc'
[1.777s] Level 1:colcon.colcon_core.environment:checking '/shared_rocker_software/autonomous_ws/install/robot_odometry/lib/python3.10/site-packages'
[1.778s] Level 1:colcon.colcon_core.environment:checking '/shared_rocker_software/autonomous_ws/install/robot_odometry/bin'
[1.778s] INFO:colcon.colcon_core.shell:Creating package script '/shared_rocker_software/autonomous_ws/install/robot_odometry/share/robot_odometry/package.ps1'
[1.780s] INFO:colcon.colcon_core.shell:Creating package descriptor '/shared_rocker_software/autonomous_ws/install/robot_odometry/share/robot_odometry/package.dsv'
[1.785s] INFO:colcon.colcon_core.shell:Creating package script '/shared_rocker_software/autonomous_ws/install/robot_odometry/share/robot_odometry/package.sh'
[1.786s] INFO:colcon.colcon_core.shell:Creating package script '/shared_rocker_software/autonomous_ws/install/robot_odometry/share/robot_odometry/package.bash'
[1.787s] INFO:colcon.colcon_core.shell:Creating package script '/shared_rocker_software/autonomous_ws/install/robot_odometry/share/robot_odometry/package.zsh'
[1.788s] Level 1:colcon.colcon_core.environment:create_file_with_runtime_dependencies(/shared_rocker_software/autonomous_ws/install/robot_odometry/share/colcon-core/packages/robot_odometry)
[8.393s] DEBUG:colcon.colcon_core.event_handler.log_command:Invoked command in '/shared_rocker_software/autonomous_ws/build/sllidar_ros2' returned '0': CMAKE_PREFIX_PATH=${CMAKE_PREFIX_PATH}:/shared_rocker_software/autonomous_ws/install/omni_robot_mobile_base:/opt/ros/humble /usr/bin/cmake --build /shared_rocker_software/autonomous_ws/build/sllidar_ros2 -- -j16 -l16
[8.394s] DEBUG:colcon.colcon_core.event_handler.log_command:Invoking command in '/shared_rocker_software/autonomous_ws/build/sllidar_ros2': CMAKE_PREFIX_PATH=${CMAKE_PREFIX_PATH}:/shared_rocker_software/autonomous_ws/install/omni_robot_mobile_base:/opt/ros/humble /usr/bin/cmake --install /shared_rocker_software/autonomous_ws/build/sllidar_ros2
[8.412s] Level 1:colcon.colcon_core.environment:create_environment_scripts_only(sllidar_ros2)
[8.412s] DEBUG:colcon.colcon_core.event_handler.log_command:Invoked command in '/shared_rocker_software/autonomous_ws/build/sllidar_ros2' returned '0': CMAKE_PREFIX_PATH=${CMAKE_PREFIX_PATH}:/shared_rocker_software/autonomous_ws/install/omni_robot_mobile_base:/opt/ros/humble /usr/bin/cmake --install /shared_rocker_software/autonomous_ws/build/sllidar_ros2
[8.413s] Level 1:colcon.colcon_core.environment:checking '/shared_rocker_software/autonomous_ws/install/sllidar_ros2' for CMake module files
[8.414s] Level 1:colcon.colcon_core.environment:checking '/shared_rocker_software/autonomous_ws/install/sllidar_ros2' for CMake config files
[8.414s] Level 1:colcon.colcon_core.shell:create_environment_hook('sllidar_ros2', 'cmake_prefix_path')
[8.414s] INFO:colcon.colcon_core.shell:Creating environment hook '/shared_rocker_software/autonomous_ws/install/sllidar_ros2/share/sllidar_ros2/hook/cmake_prefix_path.ps1'
[8.414s] INFO:colcon.colcon_core.shell:Creating environment descriptor '/shared_rocker_software/autonomous_ws/install/sllidar_ros2/share/sllidar_ros2/hook/cmake_prefix_path.dsv'
[8.415s] INFO:colcon.colcon_core.shell:Creating environment hook '/shared_rocker_software/autonomous_ws/install/sllidar_ros2/share/sllidar_ros2/hook/cmake_prefix_path.sh'
[8.415s] Level 1:colcon.colcon_core.environment:checking '/shared_rocker_software/autonomous_ws/install/sllidar_ros2/lib'
[8.415s] Level 1:colcon.colcon_core.environment:checking '/shared_rocker_software/autonomous_ws/install/sllidar_ros2/bin'
[8.415s] Level 1:colcon.colcon_core.environment:checking '/shared_rocker_software/autonomous_ws/install/sllidar_ros2/lib/pkgconfig/sllidar_ros2.pc'
[8.415s] Level 1:colcon.colcon_core.environment:checking '/shared_rocker_software/autonomous_ws/install/sllidar_ros2/lib/python3.10/site-packages'
[8.415s] Level 1:colcon.colcon_core.environment:checking '/shared_rocker_software/autonomous_ws/install/sllidar_ros2/bin'
[8.416s] INFO:colcon.colcon_core.shell:Creating package script '/shared_rocker_software/autonomous_ws/install/sllidar_ros2/share/sllidar_ros2/package.ps1'
[8.416s] INFO:colcon.colcon_core.shell:Creating package descriptor '/shared_rocker_software/autonomous_ws/install/sllidar_ros2/share/sllidar_ros2/package.dsv'
[8.416s] INFO:colcon.colcon_core.shell:Creating package script '/shared_rocker_software/autonomous_ws/install/sllidar_ros2/share/sllidar_ros2/package.sh'
[8.416s] INFO:colcon.colcon_core.shell:Creating package script '/shared_rocker_software/autonomous_ws/install/sllidar_ros2/share/sllidar_ros2/package.bash'
[8.417s] INFO:colcon.colcon_core.shell:Creating package script '/shared_rocker_software/autonomous_ws/install/sllidar_ros2/share/sllidar_ros2/package.zsh'
[8.417s] Level 1:colcon.colcon_core.environment:create_file_with_runtime_dependencies(/shared_rocker_software/autonomous_ws/install/sllidar_ros2/share/colcon-core/packages/sllidar_ros2)
[8.417s] Level 1:colcon.colcon_core.environment:create_environment_scripts_only(sllidar_ros2)
[8.417s] Level 1:colcon.colcon_core.environment:checking '/shared_rocker_software/autonomous_ws/install/sllidar_ros2' for CMake module files
[8.418s] Level 1:colcon.colcon_core.environment:checking '/shared_rocker_software/autonomous_ws/install/sllidar_ros2' for CMake config files
[8.418s] Level 1:colcon.colcon_core.shell:create_environment_hook('sllidar_ros2', 'cmake_prefix_path')
[8.418s] INFO:colcon.colcon_core.shell:Creating environment hook '/shared_rocker_software/autonomous_ws/install/sllidar_ros2/share/sllidar_ros2/hook/cmake_prefix_path.ps1'
[8.418s] INFO:colcon.colcon_core.shell:Creating environment descriptor '/shared_rocker_software/autonomous_ws/install/sllidar_ros2/share/sllidar_ros2/hook/cmake_prefix_path.dsv'
[8.418s] INFO:colcon.colcon_core.shell:Creating environment hook '/shared_rocker_software/autonomous_ws/install/sllidar_ros2/share/sllidar_ros2/hook/cmake_prefix_path.sh'
[8.419s] Level 1:colcon.colcon_core.environment:checking '/shared_rocker_software/autonomous_ws/install/sllidar_ros2/lib'
[8.419s] Level 1:colcon.colcon_core.environment:checking '/shared_rocker_software/autonomous_ws/install/sllidar_ros2/bin'
[8.419s] Level 1:colcon.colcon_core.environment:checking '/shared_rocker_software/autonomous_ws/install/sllidar_ros2/lib/pkgconfig/sllidar_ros2.pc'
[8.419s] Level 1:colcon.colcon_core.environment:checking '/shared_rocker_software/autonomous_ws/install/sllidar_ros2/lib/python3.10/site-packages'
[8.419s] Level 1:colcon.colcon_core.environment:checking '/shared_rocker_software/autonomous_ws/install/sllidar_ros2/bin'
[8.419s] INFO:colcon.colcon_core.shell:Creating package script '/shared_rocker_software/autonomous_ws/install/sllidar_ros2/share/sllidar_ros2/package.ps1'
[8.420s] INFO:colcon.colcon_core.shell:Creating package descriptor '/shared_rocker_software/autonomous_ws/install/sllidar_ros2/share/sllidar_ros2/package.dsv'
[8.421s] INFO:colcon.colcon_core.shell:Creating package script '/shared_rocker_software/autonomous_ws/install/sllidar_ros2/share/sllidar_ros2/package.sh'
[8.421s] INFO:colcon.colcon_core.shell:Creating package script '/shared_rocker_software/autonomous_ws/install/sllidar_ros2/share/sllidar_ros2/package.bash'
[8.421s] INFO:colcon.colcon_core.shell:Creating package script '/shared_rocker_software/autonomous_ws/install/sllidar_ros2/share/sllidar_ros2/package.zsh'
[8.422s] Level 1:colcon.colcon_core.environment:create_file_with_runtime_dependencies(/shared_rocker_software/autonomous_ws/install/sllidar_ros2/share/colcon-core/packages/sllidar_ros2)
[8.422s] DEBUG:colcon.colcon_parallel_executor.executor.parallel:closing loop
[8.423s] DEBUG:colcon.colcon_parallel_executor.executor.parallel:loop closed
[8.423s] DEBUG:colcon.colcon_parallel_executor.executor.parallel:run_until_complete finished with '0'
[8.423s] DEBUG:colcon.colcon_core.event_reactor:joining thread
[8.428s] INFO:colcon.colcon_core.plugin_system:Skipping extension 'colcon_notification.desktop_notification.notify_send': Could not find 'notify-send'
[8.428s] INFO:colcon.colcon_core.plugin_system:Skipping extension 'colcon_notification.desktop_notification.terminal_notifier': Not used on non-Darwin systems
[8.428s] INFO:colcon.colcon_core.plugin_system:Skipping extension 'colcon_notification.desktop_notification.win32': Not used on non-Windows systems
[8.428s] INFO:colcon.colcon_notification.desktop_notification:Sending desktop notification using 'notify2'
[8.431s] DEBUG:colcon.colcon_notification.desktop_notification.notify2:Failed to initialize notify2: org.freedesktop.DBus.Error.Spawn.ExecFailed: /usr/bin/dbus-launch terminated abnormally without any error message
[8.431s] DEBUG:colcon.colcon_core.event_reactor:joined thread
[8.432s] INFO:colcon.colcon_core.shell:Creating prefix script '/shared_rocker_software/autonomous_ws/install/local_setup.ps1'
[8.433s] INFO:colcon.colcon_core.shell:Creating prefix util module '/shared_rocker_software/autonomous_ws/install/_local_setup_util_ps1.py'
[8.434s] INFO:colcon.colcon_core.shell:Creating prefix chain script '/shared_rocker_software/autonomous_ws/install/setup.ps1'
[8.435s] INFO:colcon.colcon_core.shell:Creating prefix script '/shared_rocker_software/autonomous_ws/install/local_setup.sh'
[8.435s] INFO:colcon.colcon_core.shell:Creating prefix util module '/shared_rocker_software/autonomous_ws/install/_local_setup_util_sh.py'
[8.436s] INFO:colcon.colcon_core.shell:Creating prefix chain script '/shared_rocker_software/autonomous_ws/install/setup.sh'
[8.436s] INFO:colcon.colcon_core.shell:Creating prefix script '/shared_rocker_software/autonomous_ws/install/local_setup.bash'
[8.437s] INFO:colcon.colcon_core.shell:Creating prefix chain script '/shared_rocker_software/autonomous_ws/install/setup.bash'
[8.437s] INFO:colcon.colcon_core.shell:Creating prefix script '/shared_rocker_software/autonomous_ws/install/local_setup.zsh'
[8.438s] INFO:colcon.colcon_core.shell:Creating prefix chain script '/shared_rocker_software/autonomous_ws/install/setup.zsh'
