-- Install configuration: ""
-- Up-to-date: /shared_rocker_software/autonomous_robot/autonomous_ws/install/robot_odometry/share/robot_odometry/launch
-- Up-to-date: /shared_rocker_software/autonomous_robot/autonomous_ws/install/robot_odometry/share/robot_odometry/config
-- Up-to-date: /shared_rocker_software/autonomous_robot/autonomous_ws/install/robot_odometry/share/robot_odometry/config/rtabmap_params.yaml
-- Up-to-date: /shared_rocker_software/autonomous_robot/autonomous_ws/install/robot_odometry/share/robot_odometry/config/ekf.yaml
-- Up-to-date: /shared_rocker_software/autonomous_robot/autonomous_ws/install/robot_odometry/share/ament_index/resource_index/package_run_dependencies/robot_odometry
-- Up-to-date: /shared_rocker_software/autonomous_robot/autonomous_ws/install/robot_odometry/share/ament_index/resource_index/parent_prefix_path/robot_odometry
-- Up-to-date: /shared_rocker_software/autonomous_robot/autonomous_ws/install/robot_odometry/share/robot_odometry/environment/ament_prefix_path.sh
-- Up-to-date: /shared_rocker_software/autonomous_robot/autonomous_ws/install/robot_odometry/share/robot_odometry/environment/ament_prefix_path.dsv
-- Up-to-date: /shared_rocker_software/autonomous_robot/autonomous_ws/install/robot_odometry/share/robot_odometry/environment/path.sh
-- Up-to-date: /shared_rocker_software/autonomous_robot/autonomous_ws/install/robot_odometry/share/robot_odometry/environment/path.dsv
-- Up-to-date: /shared_rocker_software/autonomous_robot/autonomous_ws/install/robot_odometry/share/robot_odometry/local_setup.bash
-- Up-to-date: /shared_rocker_software/autonomous_robot/autonomous_ws/install/robot_odometry/share/robot_odometry/local_setup.sh
-- Up-to-date: /shared_rocker_software/autonomous_robot/autonomous_ws/install/robot_odometry/share/robot_odometry/local_setup.zsh
-- Up-to-date: /shared_rocker_software/autonomous_robot/autonomous_ws/install/robot_odometry/share/robot_odometry/local_setup.dsv
-- Up-to-date: /shared_rocker_software/autonomous_robot/autonomous_ws/install/robot_odometry/share/robot_odometry/package.dsv
-- Up-to-date: /shared_rocker_software/autonomous_robot/autonomous_ws/install/robot_odometry/share/ament_index/resource_index/packages/robot_odometry
-- Up-to-date: /shared_rocker_software/autonomous_robot/autonomous_ws/install/robot_odometry/share/robot_odometry/cmake/robot_odometryConfig.cmake
-- Up-to-date: /shared_rocker_software/autonomous_robot/autonomous_ws/install/robot_odometry/share/robot_odometry/cmake/robot_odometryConfig-version.cmake
-- Up-to-date: /shared_rocker_software/autonomous_robot/autonomous_ws/install/robot_odometry/share/robot_odometry/package.xml
