[0.851s] Invoking command in '/shared_rocker_software/autonomous_robot/autonomous_ws/src/robot_vio': PYTHONPATH=/shared_rocker_software/autonomous_robot/autonomous_ws/build/robot_vio/prefix_override:/usr/lib/python3/dist-packages/colcon_core/task/python/colcon_distutils_commands:/shared_rocker_software/autonomous_robot/autonomous_ws/install/robot_vio/lib/python3.10/site-packages:${PYTHONPATH} /usr/bin/python3 -W ignore:setup.py install is deprecated -W ignore:easy_install command is deprecated setup.py egg_info --egg-base ../../build/robot_vio build --build-base /shared_rocker_software/autonomous_robot/autonomous_ws/build/robot_vio/build install --record /shared_rocker_software/autonomous_robot/autonomous_ws/build/robot_vio/install.log --single-version-externally-managed install_data
[1.027s] running egg_info
[1.028s] creating ../../build/robot_vio/robot_vio.egg-info
[1.028s] writing ../../build/robot_vio/robot_vio.egg-info/PKG-INFO
[1.028s] writing dependency_links to ../../build/robot_vio/robot_vio.egg-info/dependency_links.txt
[1.028s] writing entry points to ../../build/robot_vio/robot_vio.egg-info/entry_points.txt
[1.028s] writing requirements to ../../build/robot_vio/robot_vio.egg-info/requires.txt
[1.028s] writing top-level names to ../../build/robot_vio/robot_vio.egg-info/top_level.txt
[1.028s] writing manifest file '../../build/robot_vio/robot_vio.egg-info/SOURCES.txt'
[1.030s] reading manifest file '../../build/robot_vio/robot_vio.egg-info/SOURCES.txt'
[1.030s] writing manifest file '../../build/robot_vio/robot_vio.egg-info/SOURCES.txt'
[1.030s] running build
[1.030s] running build_py
[1.030s] creating /shared_rocker_software/autonomous_robot/autonomous_ws/build/robot_vio/build
[1.031s] creating /shared_rocker_software/autonomous_robot/autonomous_ws/build/robot_vio/build/lib
[1.031s] creating /shared_rocker_software/autonomous_robot/autonomous_ws/build/robot_vio/build/lib/robot_vio
[1.031s] copying robot_vio/__init__.py -> /shared_rocker_software/autonomous_robot/autonomous_ws/build/robot_vio/build/lib/robot_vio
[1.031s] running install
[1.031s] running install_lib
[1.031s] creating /shared_rocker_software/autonomous_robot/autonomous_ws/install/robot_vio/lib/python3.10/site-packages/robot_vio
[1.031s] copying /shared_rocker_software/autonomous_robot/autonomous_ws/build/robot_vio/build/lib/robot_vio/__init__.py -> /shared_rocker_software/autonomous_robot/autonomous_ws/install/robot_vio/lib/python3.10/site-packages/robot_vio
[1.032s] byte-compiling /shared_rocker_software/autonomous_robot/autonomous_ws/install/robot_vio/lib/python3.10/site-packages/robot_vio/__init__.py to __init__.cpython-310.pyc
[1.032s] running install_data
[1.032s] creating /shared_rocker_software/autonomous_robot/autonomous_ws/install/robot_vio/share/ament_index
[1.032s] creating /shared_rocker_software/autonomous_robot/autonomous_ws/install/robot_vio/share/ament_index/resource_index
[1.032s] creating /shared_rocker_software/autonomous_robot/autonomous_ws/install/robot_vio/share/ament_index/resource_index/packages
[1.032s] copying resource/robot_vio -> /shared_rocker_software/autonomous_robot/autonomous_ws/install/robot_vio/share/ament_index/resource_index/packages
[1.032s] copying package.xml -> /shared_rocker_software/autonomous_robot/autonomous_ws/install/robot_vio/share/robot_vio
[1.032s] creating /shared_rocker_software/autonomous_robot/autonomous_ws/install/robot_vio/share/robot_vio/launch
[1.032s] copying launch/d455_vio_rtabmap.launch.py -> /shared_rocker_software/autonomous_robot/autonomous_ws/install/robot_vio/share/robot_vio/launch
[1.033s] running install_egg_info
[1.034s] Copying ../../build/robot_vio/robot_vio.egg-info to /shared_rocker_software/autonomous_robot/autonomous_ws/install/robot_vio/lib/python3.10/site-packages/robot_vio-0.0.0-py3.10.egg-info
[1.035s] running install_scripts
[1.051s] writing list of installed files to '/shared_rocker_software/autonomous_robot/autonomous_ws/build/robot_vio/install.log'
[1.077s] Invoked command in '/shared_rocker_software/autonomous_robot/autonomous_ws/src/robot_vio' returned '0': PYTHONPATH=/shared_rocker_software/autonomous_robot/autonomous_ws/build/robot_vio/prefix_override:/usr/lib/python3/dist-packages/colcon_core/task/python/colcon_distutils_commands:/shared_rocker_software/autonomous_robot/autonomous_ws/install/robot_vio/lib/python3.10/site-packages:${PYTHONPATH} /usr/bin/python3 -W ignore:setup.py install is deprecated -W ignore:easy_install command is deprecated setup.py egg_info --egg-base ../../build/robot_vio build --build-base /shared_rocker_software/autonomous_robot/autonomous_ws/build/robot_vio/build install --record /shared_rocker_software/autonomous_robot/autonomous_ws/build/robot_vio/install.log --single-version-externally-managed install_data
