[0.202s] Invoking command in '/shared_rocker_software/autonomous_robot/autonomous_ws/build/robot_odometry': CMAKE_PREFIX_PATH=${CMAKE_PREFIX_PATH}:/shared_rocker_software/autonomous_robot/autonomous_ws/install/robot_vio:/shared_rocker_software/autonomous_robot/autonomous_ws/install/robot_mobile_base:/opt/ros/humble /usr/bin/cmake /shared_rocker_software/autonomous_robot/autonomous_ws/src/robot_odometry -DCMAKE_INSTALL_PREFIX=/shared_rocker_software/autonomous_robot/autonomous_ws/install/robot_odometry
[0.393s] -- The C compiler identification is GNU 11.4.0
[0.393s] -- The CXX compiler identification is GNU 11.4.0
[0.393s] -- Detecting C compiler ABI info
[0.394s] -- Detecting C compiler ABI info - done
[0.394s] -- Check for working C compiler: /usr/bin/cc - skipped
[0.394s] -- Detecting C compile features
[0.394s] -- Detecting C compile features - done
[0.394s] -- Detecting CXX compiler ABI info
[0.444s] -- Detecting CXX compiler ABI info - done
[0.450s] -- Check for working CXX compiler: /usr/bin/c++ - skipped
[0.450s] -- Detecting CXX compile features
[0.450s] -- Detecting CXX compile features - done
[0.462s] -- Found ament_cmake: 1.3.12 (/opt/ros/humble/share/ament_cmake/cmake)
[0.604s] -- Found Python3: /usr/bin/python3 (found version "3.10.12") found components: Interpreter 
[0.737s] -- Found rclcpp: 16.0.14 (/opt/ros/humble/share/rclcpp/cmake)
[0.833s] -- Found rosidl_generator_c: 3.1.7 (/opt/ros/humble/share/rosidl_generator_c/cmake)
[0.846s] -- Found rosidl_adapter: 3.1.7 (/opt/ros/humble/share/rosidl_adapter/cmake)
[0.864s] -- Found rosidl_generator_cpp: 3.1.7 (/opt/ros/humble/share/rosidl_generator_cpp/cmake)
[0.889s] -- Using all available rosidl_typesupport_c: rosidl_typesupport_fastrtps_c;rosidl_typesupport_introspection_c
[0.920s] -- Using all available rosidl_typesupport_cpp: rosidl_typesupport_fastrtps_cpp;rosidl_typesupport_introspection_cpp
[1.007s] -- Found rmw_implementation_cmake: 6.1.2 (/opt/ros/humble/share/rmw_implementation_cmake/cmake)
[1.014s] -- Found rmw_cyclonedds_cpp: 1.3.4 (/opt/ros/humble/share/rmw_cyclonedds_cpp/cmake)
[1.057s] -- Using RMW implementation 'rmw_cyclonedds_cpp' as default
[1.075s] -- Looking for pthread.h
[1.148s] -- Looking for pthread.h - found
[1.148s] -- Performing Test CMAKE_HAVE_LIBC_PTHREAD
[1.214s] -- Performing Test CMAKE_HAVE_LIBC_PTHREAD - Success
[1.215s] -- Found Threads: TRUE  
[1.283s] -- Found sensor_msgs: 4.9.0 (/opt/ros/humble/share/sensor_msgs/cmake)
[1.321s] -- Found nav_msgs: 4.9.0 (/opt/ros/humble/share/nav_msgs/cmake)
[1.342s] -- Found robot_localization: 3.5.3 (/opt/ros/humble/share/robot_localization/cmake)
[1.421s] -- Found rtabmap_ros: 0.22.1 (/opt/ros/humble/share/rtabmap_ros/cmake)
[1.425s] -- Found ament_lint_auto: 0.12.14 (/opt/ros/humble/share/ament_lint_auto/cmake)
[1.529s] -- Added test 'lint_cmake' to check CMake code style
[1.533s] -- Added test 'xmllint' to check XML markup files
[1.534s] -- Configuring done
[1.541s] -- Generating done
[1.544s] -- Build files have been written to: /shared_rocker_software/autonomous_robot/autonomous_ws/build/robot_odometry
[1.562s] Invoked command in '/shared_rocker_software/autonomous_robot/autonomous_ws/build/robot_odometry' returned '0': CMAKE_PREFIX_PATH=${CMAKE_PREFIX_PATH}:/shared_rocker_software/autonomous_robot/autonomous_ws/install/robot_vio:/shared_rocker_software/autonomous_robot/autonomous_ws/install/robot_mobile_base:/opt/ros/humble /usr/bin/cmake /shared_rocker_software/autonomous_robot/autonomous_ws/src/robot_odometry -DCMAKE_INSTALL_PREFIX=/shared_rocker_software/autonomous_robot/autonomous_ws/install/robot_odometry
[1.563s] Invoking command in '/shared_rocker_software/autonomous_robot/autonomous_ws/build/robot_odometry': CMAKE_PREFIX_PATH=${CMAKE_PREFIX_PATH}:/shared_rocker_software/autonomous_robot/autonomous_ws/install/robot_vio:/shared_rocker_software/autonomous_robot/autonomous_ws/install/robot_mobile_base:/opt/ros/humble /usr/bin/cmake --build /shared_rocker_software/autonomous_robot/autonomous_ws/build/robot_odometry -- -j16 -l16
[1.618s] Invoked command in '/shared_rocker_software/autonomous_robot/autonomous_ws/build/robot_odometry' returned '0': CMAKE_PREFIX_PATH=${CMAKE_PREFIX_PATH}:/shared_rocker_software/autonomous_robot/autonomous_ws/install/robot_vio:/shared_rocker_software/autonomous_robot/autonomous_ws/install/robot_mobile_base:/opt/ros/humble /usr/bin/cmake --build /shared_rocker_software/autonomous_robot/autonomous_ws/build/robot_odometry -- -j16 -l16
[1.619s] Invoking command in '/shared_rocker_software/autonomous_robot/autonomous_ws/build/robot_odometry': CMAKE_PREFIX_PATH=${CMAKE_PREFIX_PATH}:/shared_rocker_software/autonomous_robot/autonomous_ws/install/robot_vio:/shared_rocker_software/autonomous_robot/autonomous_ws/install/robot_mobile_base:/opt/ros/humble /usr/bin/cmake --install /shared_rocker_software/autonomous_robot/autonomous_ws/build/robot_odometry
[1.633s] -- Install configuration: ""
[1.633s] -- Installing: /shared_rocker_software/autonomous_robot/autonomous_ws/install/robot_odometry/share/robot_odometry/launch
[1.633s] -- Installing: /shared_rocker_software/autonomous_robot/autonomous_ws/install/robot_odometry/share/robot_odometry/config
[1.634s] -- Installing: /shared_rocker_software/autonomous_robot/autonomous_ws/install/robot_odometry/share/robot_odometry/config/rtabmap_params.yaml
[1.634s] -- Installing: /shared_rocker_software/autonomous_robot/autonomous_ws/install/robot_odometry/share/robot_odometry/config/ekf.yaml
[1.634s] -- Installing: /shared_rocker_software/autonomous_robot/autonomous_ws/install/robot_odometry/share/ament_index/resource_index/package_run_dependencies/robot_odometry
[1.634s] -- Installing: /shared_rocker_software/autonomous_robot/autonomous_ws/install/robot_odometry/share/ament_index/resource_index/parent_prefix_path/robot_odometry
[1.634s] -- Installing: /shared_rocker_software/autonomous_robot/autonomous_ws/install/robot_odometry/share/robot_odometry/environment/ament_prefix_path.sh
[1.634s] -- Installing: /shared_rocker_software/autonomous_robot/autonomous_ws/install/robot_odometry/share/robot_odometry/environment/ament_prefix_path.dsv
[1.634s] -- Installing: /shared_rocker_software/autonomous_robot/autonomous_ws/install/robot_odometry/share/robot_odometry/environment/path.sh
[1.634s] -- Installing: /shared_rocker_software/autonomous_robot/autonomous_ws/install/robot_odometry/share/robot_odometry/environment/path.dsv
[1.634s] -- Installing: /shared_rocker_software/autonomous_robot/autonomous_ws/install/robot_odometry/share/robot_odometry/local_setup.bash
[1.634s] -- Installing: /shared_rocker_software/autonomous_robot/autonomous_ws/install/robot_odometry/share/robot_odometry/local_setup.sh
[1.634s] -- Installing: /shared_rocker_software/autonomous_robot/autonomous_ws/install/robot_odometry/share/robot_odometry/local_setup.zsh
[1.634s] -- Installing: /shared_rocker_software/autonomous_robot/autonomous_ws/install/robot_odometry/share/robot_odometry/local_setup.dsv
[1.634s] -- Installing: /shared_rocker_software/autonomous_robot/autonomous_ws/install/robot_odometry/share/robot_odometry/package.dsv
[1.635s] -- Installing: /shared_rocker_software/autonomous_robot/autonomous_ws/install/robot_odometry/share/ament_index/resource_index/packages/robot_odometry
[1.635s] -- Installing: /shared_rocker_software/autonomous_robot/autonomous_ws/install/robot_odometry/share/robot_odometry/cmake/robot_odometryConfig.cmake
[1.635s] -- Installing: /shared_rocker_software/autonomous_robot/autonomous_ws/install/robot_odometry/share/robot_odometry/cmake/robot_odometryConfig-version.cmake
[1.635s] -- Installing: /shared_rocker_software/autonomous_robot/autonomous_ws/install/robot_odometry/share/robot_odometry/package.xml
[1.637s] Invoked command in '/shared_rocker_software/autonomous_robot/autonomous_ws/build/robot_odometry' returned '0': CMAKE_PREFIX_PATH=${CMAKE_PREFIX_PATH}:/shared_rocker_software/autonomous_robot/autonomous_ws/install/robot_vio:/shared_rocker_software/autonomous_robot/autonomous_ws/install/robot_mobile_base:/opt/ros/humble /usr/bin/cmake --install /shared_rocker_software/autonomous_robot/autonomous_ws/build/robot_odometry
