[0.023s] Invoking command in '/shared_rocker_software/autonomous_ws/build/robot_description': CMAKE_PREFIX_PATH=${CMAKE_PREFIX_PATH}:/shared_rocker_software/autonomous_ws/install/robot_mobile_base:/shared_rocker_software/autonomous_ws/install/omni_robot_mobile_base:/opt/ros/humble /usr/bin/cmake --build /shared_rocker_software/autonomous_ws/build/robot_description -- -j16 -l16
[0.220s] Invoked command in '/shared_rocker_software/autonomous_ws/build/robot_description' returned '0': CMAKE_PREFIX_PATH=${CMAKE_PREFIX_PATH}:/shared_rocker_software/autonomous_ws/install/robot_mobile_base:/shared_rocker_software/autonomous_ws/install/omni_robot_mobile_base:/opt/ros/humble /usr/bin/cmake --build /shared_rocker_software/autonomous_ws/build/robot_description -- -j16 -l16
[0.228s] Invoking command in '/shared_rocker_software/autonomous_ws/build/robot_description': CMAKE_PREFIX_PATH=${CMAKE_PREFIX_PATH}:/shared_rocker_software/autonomous_ws/install/robot_mobile_base:/shared_rocker_software/autonomous_ws/install/omni_robot_mobile_base:/opt/ros/humble /usr/bin/cmake --install /shared_rocker_software/autonomous_ws/build/robot_description
[0.234s] -- Install configuration: ""
[0.235s] -- Up-to-date: /shared_rocker_software/autonomous_ws/install/robot_description/share/robot_description/urdf
[0.235s] -- Up-to-date: /shared_rocker_software/autonomous_ws/install/robot_description/share/robot_description/urdf/omni_robot.urdf.xacro
[0.235s] -- Up-to-date: /shared_rocker_software/autonomous_ws/install/robot_description/share/robot_description/launch
[0.235s] -- Up-to-date: /shared_rocker_software/autonomous_ws/install/robot_description/share/robot_description/launch/view_robot.launch.py
[0.235s] -- Up-to-date: /shared_rocker_software/autonomous_ws/install/robot_description/share/ament_index/resource_index/package_run_dependencies/robot_description
[0.235s] -- Up-to-date: /shared_rocker_software/autonomous_ws/install/robot_description/share/ament_index/resource_index/parent_prefix_path/robot_description
[0.235s] -- Up-to-date: /shared_rocker_software/autonomous_ws/install/robot_description/share/robot_description/environment/ament_prefix_path.sh
[0.235s] -- Up-to-date: /shared_rocker_software/autonomous_ws/install/robot_description/share/robot_description/environment/ament_prefix_path.dsv
[0.235s] -- Up-to-date: /shared_rocker_software/autonomous_ws/install/robot_description/share/robot_description/environment/path.sh
[0.235s] -- Up-to-date: /shared_rocker_software/autonomous_ws/install/robot_description/share/robot_description/environment/path.dsv
[0.235s] -- Up-to-date: /shared_rocker_software/autonomous_ws/install/robot_description/share/robot_description/local_setup.bash
[0.235s] -- Up-to-date: /shared_rocker_software/autonomous_ws/install/robot_description/share/robot_description/local_setup.sh
[0.235s] -- Up-to-date: /shared_rocker_software/autonomous_ws/install/robot_description/share/robot_description/local_setup.zsh
[0.235s] -- Up-to-date: /shared_rocker_software/autonomous_ws/install/robot_description/share/robot_description/local_setup.dsv
[0.235s] -- Installing: /shared_rocker_software/autonomous_ws/install/robot_description/share/robot_description/package.dsv
[0.235s] -- Up-to-date: /shared_rocker_software/autonomous_ws/install/robot_description/share/ament_index/resource_index/packages/robot_description
[0.236s] -- Up-to-date: /shared_rocker_software/autonomous_ws/install/robot_description/share/robot_description/cmake/robot_descriptionConfig.cmake
[0.236s] -- Up-to-date: /shared_rocker_software/autonomous_ws/install/robot_description/share/robot_description/cmake/robot_descriptionConfig-version.cmake
[0.236s] -- Up-to-date: /shared_rocker_software/autonomous_ws/install/robot_description/share/robot_description/package.xml
[0.237s] Invoked command in '/shared_rocker_software/autonomous_ws/build/robot_description' returned '0': CMAKE_PREFIX_PATH=${CMAKE_PREFIX_PATH}:/shared_rocker_software/autonomous_ws/install/robot_mobile_base:/shared_rocker_software/autonomous_ws/install/omni_robot_mobile_base:/opt/ros/humble /usr/bin/cmake --install /shared_rocker_software/autonomous_ws/build/robot_description
