-- The C compiler identification is GNU 11.4.0
-- The CXX compiler identification is GNU 11.4.0
-- Detecting C compiler ABI info
-- Detecting C compiler ABI info - done
-- Check for working C compiler: /usr/bin/cc - skipped
-- Detecting C compile features
-- Detecting C compile features - done
-- Detecting CXX compiler ABI info
-- Detecting CXX compiler ABI info - done
-- Check for working CXX compiler: /usr/bin/c++ - skipped
-- Detecting CXX compile features
-- Detecting CXX compile features - done
-- Found ament_cmake: 1.3.12 (/opt/ros/humble/share/ament_cmake/cmake)
-- Found Python3: /usr/bin/python3 (found version "3.10.12") found components: Interpreter 
-- Found rclcpp: 16.0.14 (/opt/ros/humble/share/rclcpp/cmake)
-- Found rosidl_generator_c: 3.1.7 (/opt/ros/humble/share/rosidl_generator_c/cmake)
-- Found rosidl_adapter: 3.1.7 (/opt/ros/humble/share/rosidl_adapter/cmake)
-- Found rosidl_generator_cpp: 3.1.7 (/opt/ros/humble/share/rosidl_generator_cpp/cmake)
-- Using all available rosidl_typesupport_c: rosidl_typesupport_fastrtps_c;rosidl_typesupport_introspection_c
-- Using all available rosidl_typesupport_cpp: rosidl_typesupport_fastrtps_cpp;rosidl_typesupport_introspection_cpp
-- Found rmw_implementation_cmake: 6.1.2 (/opt/ros/humble/share/rmw_implementation_cmake/cmake)
-- Found rmw_cyclonedds_cpp: 1.3.4 (/opt/ros/humble/share/rmw_cyclonedds_cpp/cmake)
-- Using RMW implementation 'rmw_cyclonedds_cpp' as default
-- Looking for pthread.h
-- Looking for pthread.h - found
-- Performing Test CMAKE_HAVE_LIBC_PTHREAD
-- Performing Test CMAKE_HAVE_LIBC_PTHREAD - Success
-- Found Threads: TRUE  
-- Found sensor_msgs: 4.9.0 (/opt/ros/humble/share/sensor_msgs/cmake)
-- Found nav_msgs: 4.9.0 (/opt/ros/humble/share/nav_msgs/cmake)
-- Found robot_localization: 3.5.3 (/opt/ros/humble/share/robot_localization/cmake)
-- Found rtabmap_ros: 0.22.1 (/opt/ros/humble/share/rtabmap_ros/cmake)
-- Found ament_lint_auto: 0.12.14 (/opt/ros/humble/share/ament_lint_auto/cmake)
-- Added test 'lint_cmake' to check CMake code style
-- Added test 'xmllint' to check XML markup files
-- Configuring done
-- Generating done
-- Build files have been written to: /shared_rocker_software/autonomous_robot/build/robot_odometry
-- Install configuration: ""
-- Installing: /shared_rocker_software/autonomous_robot/install/robot_odometry/share/robot_odometry/launch
-- Installing: /shared_rocker_software/autonomous_robot/install/robot_odometry/share/robot_odometry/config
-- Installing: /shared_rocker_software/autonomous_robot/install/robot_odometry/share/robot_odometry/config/rtabmap_params.yaml
-- Installing: /shared_rocker_software/autonomous_robot/install/robot_odometry/share/robot_odometry/config/ekf.yaml
-- Installing: /shared_rocker_software/autonomous_robot/install/robot_odometry/share/ament_index/resource_index/package_run_dependencies/robot_odometry
-- Installing: /shared_rocker_software/autonomous_robot/install/robot_odometry/share/ament_index/resource_index/parent_prefix_path/robot_odometry
-- Installing: /shared_rocker_software/autonomous_robot/install/robot_odometry/share/robot_odometry/environment/ament_prefix_path.sh
-- Installing: /shared_rocker_software/autonomous_robot/install/robot_odometry/share/robot_odometry/environment/ament_prefix_path.dsv
-- Installing: /shared_rocker_software/autonomous_robot/install/robot_odometry/share/robot_odometry/environment/path.sh
-- Installing: /shared_rocker_software/autonomous_robot/install/robot_odometry/share/robot_odometry/environment/path.dsv
-- Installing: /shared_rocker_software/autonomous_robot/install/robot_odometry/share/robot_odometry/local_setup.bash
-- Installing: /shared_rocker_software/autonomous_robot/install/robot_odometry/share/robot_odometry/local_setup.sh
-- Installing: /shared_rocker_software/autonomous_robot/install/robot_odometry/share/robot_odometry/local_setup.zsh
-- Installing: /shared_rocker_software/autonomous_robot/install/robot_odometry/share/robot_odometry/local_setup.dsv
-- Installing: /shared_rocker_software/autonomous_robot/install/robot_odometry/share/robot_odometry/package.dsv
-- Installing: /shared_rocker_software/autonomous_robot/install/robot_odometry/share/ament_index/resource_index/packages/robot_odometry
-- Installing: /shared_rocker_software/autonomous_robot/install/robot_odometry/share/robot_odometry/cmake/robot_odometryConfig.cmake
-- Installing: /shared_rocker_software/autonomous_robot/install/robot_odometry/share/robot_odometry/cmake/robot_odometryConfig-version.cmake
-- Installing: /shared_rocker_software/autonomous_robot/install/robot_odometry/share/robot_odometry/package.xml
