[0.416s] Invoking command in '/shared_rocker_software/autonomous_robot/build/robot_odometry': CMAKE_PREFIX_PATH=/opt/ros/humble /usr/bin/cmake /shared_rocker_software/autonomous_robot/src/robot_odometry -DCMAKE_INSTALL_PREFIX=/shared_rocker_software/autonomous_robot/install/robot_odometry
[0.811s] -- The C compiler identification is GNU 11.4.0
[0.811s] -- The CXX compiler identification is GNU 11.4.0
[0.811s] -- Detecting C compiler ABI info
[0.811s] -- Detecting C compiler ABI info - done
[0.811s] -- Check for working C compiler: /usr/bin/cc - skipped
[0.812s] -- Detecting C compile features
[0.812s] -- Detecting C compile features - done
[0.812s] -- Detecting CXX compiler ABI info
[0.885s] -- Detecting CXX compiler ABI info - done
[0.895s] -- Check for working CXX compiler: /usr/bin/c++ - skipped
[0.896s] -- Detecting CXX compile features
[0.896s] -- Detecting CXX compile features - done
[0.905s] -- Found ament_cmake: 1.3.12 (/opt/ros/humble/share/ament_cmake/cmake)
[1.148s] -- Found Python3: /usr/bin/python3 (found version "3.10.12") found components: Interpreter 
[1.352s] -- Found rclcpp: 16.0.14 (/opt/ros/humble/share/rclcpp/cmake)
[1.428s] -- Found rosidl_generator_c: 3.1.7 (/opt/ros/humble/share/rosidl_generator_c/cmake)
[1.438s] -- Found rosidl_adapter: 3.1.7 (/opt/ros/humble/share/rosidl_adapter/cmake)
[1.452s] -- Found rosidl_generator_cpp: 3.1.7 (/opt/ros/humble/share/rosidl_generator_cpp/cmake)
[1.473s] -- Using all available rosidl_typesupport_c: rosidl_typesupport_fastrtps_c;rosidl_typesupport_introspection_c
[1.499s] -- Using all available rosidl_typesupport_cpp: rosidl_typesupport_fastrtps_cpp;rosidl_typesupport_introspection_cpp
[1.568s] -- Found rmw_implementation_cmake: 6.1.2 (/opt/ros/humble/share/rmw_implementation_cmake/cmake)
[1.574s] -- Found rmw_cyclonedds_cpp: 1.3.4 (/opt/ros/humble/share/rmw_cyclonedds_cpp/cmake)
[1.606s] -- Using RMW implementation 'rmw_cyclonedds_cpp' as default
[1.626s] -- Looking for pthread.h
[1.701s] -- Looking for pthread.h - found
[1.701s] -- Performing Test CMAKE_HAVE_LIBC_PTHREAD
[1.768s] -- Performing Test CMAKE_HAVE_LIBC_PTHREAD - Success
[1.769s] -- Found Threads: TRUE  
[1.833s] -- Found sensor_msgs: 4.9.0 (/opt/ros/humble/share/sensor_msgs/cmake)
[1.874s] -- Found nav_msgs: 4.9.0 (/opt/ros/humble/share/nav_msgs/cmake)
[1.897s] -- Found robot_localization: 3.5.3 (/opt/ros/humble/share/robot_localization/cmake)
[1.975s] -- Found rtabmap_ros: 0.22.1 (/opt/ros/humble/share/rtabmap_ros/cmake)
[1.980s] -- Found ament_lint_auto: 0.12.14 (/opt/ros/humble/share/ament_lint_auto/cmake)
[2.060s] -- Added test 'lint_cmake' to check CMake code style
[2.061s] -- Added test 'xmllint' to check XML markup files
[2.062s] -- Configuring done
[2.067s] -- Generating done
[2.068s] -- Build files have been written to: /shared_rocker_software/autonomous_robot/build/robot_odometry
[2.075s] Invoked command in '/shared_rocker_software/autonomous_robot/build/robot_odometry' returned '0': CMAKE_PREFIX_PATH=/opt/ros/humble /usr/bin/cmake /shared_rocker_software/autonomous_robot/src/robot_odometry -DCMAKE_INSTALL_PREFIX=/shared_rocker_software/autonomous_robot/install/robot_odometry
[2.077s] Invoking command in '/shared_rocker_software/autonomous_robot/build/robot_odometry': CMAKE_PREFIX_PATH=/opt/ros/humble /usr/bin/cmake --build /shared_rocker_software/autonomous_robot/build/robot_odometry -- -j16 -l16
[2.116s] Invoked command in '/shared_rocker_software/autonomous_robot/build/robot_odometry' returned '0': CMAKE_PREFIX_PATH=/opt/ros/humble /usr/bin/cmake --build /shared_rocker_software/autonomous_robot/build/robot_odometry -- -j16 -l16
[2.118s] Invoking command in '/shared_rocker_software/autonomous_robot/build/robot_odometry': CMAKE_PREFIX_PATH=/opt/ros/humble /usr/bin/cmake --install /shared_rocker_software/autonomous_robot/build/robot_odometry
[2.125s] -- Install configuration: ""
[2.125s] -- Installing: /shared_rocker_software/autonomous_robot/install/robot_odometry/share/robot_odometry/launch
[2.125s] -- Installing: /shared_rocker_software/autonomous_robot/install/robot_odometry/share/robot_odometry/config
[2.126s] -- Installing: /shared_rocker_software/autonomous_robot/install/robot_odometry/share/robot_odometry/config/rtabmap_params.yaml
[2.128s] -- Installing: /shared_rocker_software/autonomous_robot/install/robot_odometry/share/robot_odometry/config/ekf.yaml
[2.128s] -- Installing: /shared_rocker_software/autonomous_robot/install/robot_odometry/share/ament_index/resource_index/package_run_dependencies/robot_odometry
[2.128s] -- Installing: /shared_rocker_software/autonomous_robot/install/robot_odometry/share/ament_index/resource_index/parent_prefix_path/robot_odometry
[2.128s] -- Installing: /shared_rocker_software/autonomous_robot/install/robot_odometry/share/robot_odometry/environment/ament_prefix_path.sh
[2.128s] -- Installing: /shared_rocker_software/autonomous_robot/install/robot_odometry/share/robot_odometry/environment/ament_prefix_path.dsv
[2.128s] -- Installing: /shared_rocker_software/autonomous_robot/install/robot_odometry/share/robot_odometry/environment/path.sh
[2.129s] -- Installing: /shared_rocker_software/autonomous_robot/install/robot_odometry/share/robot_odometry/environment/path.dsv
[2.129s] -- Installing: /shared_rocker_software/autonomous_robot/install/robot_odometry/share/robot_odometry/local_setup.bash
[2.129s] -- Installing: /shared_rocker_software/autonomous_robot/install/robot_odometry/share/robot_odometry/local_setup.sh
[2.129s] -- Installing: /shared_rocker_software/autonomous_robot/install/robot_odometry/share/robot_odometry/local_setup.zsh
[2.129s] -- Installing: /shared_rocker_software/autonomous_robot/install/robot_odometry/share/robot_odometry/local_setup.dsv
[2.129s] -- Installing: /shared_rocker_software/autonomous_robot/install/robot_odometry/share/robot_odometry/package.dsv
[2.129s] -- Installing: /shared_rocker_software/autonomous_robot/install/robot_odometry/share/ament_index/resource_index/packages/robot_odometry
[2.129s] -- Installing: /shared_rocker_software/autonomous_robot/install/robot_odometry/share/robot_odometry/cmake/robot_odometryConfig.cmake
[2.129s] -- Installing: /shared_rocker_software/autonomous_robot/install/robot_odometry/share/robot_odometry/cmake/robot_odometryConfig-version.cmake
[2.129s] -- Installing: /shared_rocker_software/autonomous_robot/install/robot_odometry/share/robot_odometry/package.xml
[2.132s] Invoked command in '/shared_rocker_software/autonomous_robot/build/robot_odometry' returned '0': CMAKE_PREFIX_PATH=/opt/ros/humble /usr/bin/cmake --install /shared_rocker_software/autonomous_robot/build/robot_odometry
