[0.054s] Invoking command in '/shared_rocker_software/autonomous_robot/build/robot_description': CMAKE_PREFIX_PATH=/opt/ros/humble /usr/bin/cmake /shared_rocker_software/autonomous_robot/src/robot_description -DCMAKE_INSTALL_PREFIX=/shared_rocker_software/autonomous_robot/install/robot_description
[0.830s] -- The C compiler identification is GNU 11.4.0
[0.831s] -- The CXX compiler identification is GNU 11.4.0
[0.831s] -- Detecting C compiler ABI info
[0.831s] -- Detecting C compiler ABI info - done
[0.831s] -- Check for working C compiler: /usr/bin/cc - skipped
[0.833s] -- Detecting C compile features
[0.833s] -- Detecting C compile features - done
[0.833s] -- Detecting CXX compiler ABI info
[0.833s] -- Detecting CXX compiler ABI info - done
[0.833s] -- Check for working CXX compiler: /usr/bin/c++ - skipped
[0.834s] -- Detecting CXX compile features
[0.834s] -- Detecting CXX compile features - done
[0.846s] -- Found ament_cmake: 1.3.12 (/opt/ros/humble/share/ament_cmake/cmake)
[1.105s] -- Found Python3: /usr/bin/python3 (found version "3.10.12") found components: Interpreter 
[1.347s] -- Found rclcpp: 16.0.14 (/opt/ros/humble/share/rclcpp/cmake)
[1.451s] -- Found rosidl_generator_c: 3.1.7 (/opt/ros/humble/share/rosidl_generator_c/cmake)
[1.461s] -- Found rosidl_adapter: 3.1.7 (/opt/ros/humble/share/rosidl_adapter/cmake)
[1.475s] -- Found rosidl_generator_cpp: 3.1.7 (/opt/ros/humble/share/rosidl_generator_cpp/cmake)
[1.496s] -- Using all available rosidl_typesupport_c: rosidl_typesupport_fastrtps_c;rosidl_typesupport_introspection_c
[1.521s] -- Using all available rosidl_typesupport_cpp: rosidl_typesupport_fastrtps_cpp;rosidl_typesupport_introspection_cpp
[1.591s] -- Found rmw_implementation_cmake: 6.1.2 (/opt/ros/humble/share/rmw_implementation_cmake/cmake)
[1.596s] -- Found rmw_cyclonedds_cpp: 1.3.4 (/opt/ros/humble/share/rmw_cyclonedds_cpp/cmake)
[1.629s] -- Using RMW implementation 'rmw_cyclonedds_cpp' as default
[1.649s] -- Looking for pthread.h
[1.721s] -- Looking for pthread.h - found
[1.722s] -- Performing Test CMAKE_HAVE_LIBC_PTHREAD
[1.788s] -- Performing Test CMAKE_HAVE_LIBC_PTHREAD - Success
[1.789s] -- Found Threads: TRUE  
[1.856s] -- Found xacro: 2.0.13 (/opt/ros/humble/share/xacro/cmake)
[1.905s] -- Configuring done
[1.909s] -- Generating done
[1.911s] -- Build files have been written to: /shared_rocker_software/autonomous_robot/build/robot_description
[1.917s] Invoked command in '/shared_rocker_software/autonomous_robot/build/robot_description' returned '0': CMAKE_PREFIX_PATH=/opt/ros/humble /usr/bin/cmake /shared_rocker_software/autonomous_robot/src/robot_description -DCMAKE_INSTALL_PREFIX=/shared_rocker_software/autonomous_robot/install/robot_description
[1.919s] Invoking command in '/shared_rocker_software/autonomous_robot/build/robot_description': CMAKE_PREFIX_PATH=/opt/ros/humble /usr/bin/cmake --build /shared_rocker_software/autonomous_robot/build/robot_description -- -j16 -l16
[1.957s] Invoked command in '/shared_rocker_software/autonomous_robot/build/robot_description' returned '0': CMAKE_PREFIX_PATH=/opt/ros/humble /usr/bin/cmake --build /shared_rocker_software/autonomous_robot/build/robot_description -- -j16 -l16
[1.966s] Invoking command in '/shared_rocker_software/autonomous_robot/build/robot_description': CMAKE_PREFIX_PATH=/opt/ros/humble /usr/bin/cmake --install /shared_rocker_software/autonomous_robot/build/robot_description
[1.972s] -- Install configuration: ""
[1.972s] -- Installing: /shared_rocker_software/autonomous_robot/install/robot_description/share/robot_description/urdf
[1.973s] -- Installing: /shared_rocker_software/autonomous_robot/install/robot_description/share/robot_description/urdf/omni_robot.urdf.xacro
[1.973s] -- Installing: /shared_rocker_software/autonomous_robot/install/robot_description/share/robot_description/launch
[1.973s] -- Installing: /shared_rocker_software/autonomous_robot/install/robot_description/share/robot_description/launch/view_robot.launch.py
[1.973s] -- Installing: /shared_rocker_software/autonomous_robot/install/robot_description/share/ament_index/resource_index/package_run_dependencies/robot_description
[1.973s] -- Installing: /shared_rocker_software/autonomous_robot/install/robot_description/share/ament_index/resource_index/parent_prefix_path/robot_description
[1.973s] -- Installing: /shared_rocker_software/autonomous_robot/install/robot_description/share/robot_description/environment/ament_prefix_path.sh
[1.973s] -- Installing: /shared_rocker_software/autonomous_robot/install/robot_description/share/robot_description/environment/ament_prefix_path.dsv
[1.974s] -- Installing: /shared_rocker_software/autonomous_robot/install/robot_description/share/robot_description/environment/path.sh
[1.974s] -- Installing: /shared_rocker_software/autonomous_robot/install/robot_description/share/robot_description/environment/path.dsv
[1.974s] -- Installing: /shared_rocker_software/autonomous_robot/install/robot_description/share/robot_description/local_setup.bash
[1.974s] -- Installing: /shared_rocker_software/autonomous_robot/install/robot_description/share/robot_description/local_setup.sh
[1.974s] -- Installing: /shared_rocker_software/autonomous_robot/install/robot_description/share/robot_description/local_setup.zsh
[1.974s] -- Installing: /shared_rocker_software/autonomous_robot/install/robot_description/share/robot_description/local_setup.dsv
[1.974s] -- Installing: /shared_rocker_software/autonomous_robot/install/robot_description/share/robot_description/package.dsv
[1.974s] -- Installing: /shared_rocker_software/autonomous_robot/install/robot_description/share/ament_index/resource_index/packages/robot_description
[1.974s] -- Installing: /shared_rocker_software/autonomous_robot/install/robot_description/share/robot_description/cmake/robot_descriptionConfig.cmake
[1.974s] -- Installing: /shared_rocker_software/autonomous_robot/install/robot_description/share/robot_description/cmake/robot_descriptionConfig-version.cmake
[1.974s] -- Installing: /shared_rocker_software/autonomous_robot/install/robot_description/share/robot_description/package.xml
[1.977s] Invoked command in '/shared_rocker_software/autonomous_robot/build/robot_description' returned '0': CMAKE_PREFIX_PATH=/opt/ros/humble /usr/bin/cmake --install /shared_rocker_software/autonomous_robot/build/robot_description
