[0.197s] Invoking command in '/shared_rocker_software/autonomous_ws/build/sllidar_ros2': /usr/bin/cmake --build /shared_rocker_software/autonomous_ws/build/sllidar_ros2 -- -j16 -l16
[0.252s] [ 10%] Built target sllidar_client
[0.255s] [100%] Built target sllidar_node
[0.267s] Invoked command in '/shared_rocker_software/autonomous_ws/build/sllidar_ros2' returned '0': /usr/bin/cmake --build /shared_rocker_software/autonomous_ws/build/sllidar_ros2 -- -j16 -l16
[0.268s] Invoking command in '/shared_rocker_software/autonomous_ws/build/sllidar_ros2': /usr/bin/cmake --install /shared_rocker_software/autonomous_ws/build/sllidar_ros2
[0.275s] -- Install configuration: ""
[0.276s] -- Up-to-date: /shared_rocker_software/autonomous_ws/install/sllidar_ros2/share/sllidar_ros2/launch
[0.276s] -- Up-to-date: /shared_rocker_software/autonomous_ws/install/sllidar_ros2/share/sllidar_ros2/launch/sllidar_a2m12_launch .py
[0.276s] -- Up-to-date: /shared_rocker_software/autonomous_ws/install/sllidar_ros2/share/sllidar_ros2/launch/view_sllidar_s3_launch.py
[0.276s] -- Up-to-date: /shared_rocker_software/autonomous_ws/install/sllidar_ros2/share/sllidar_ros2/launch/sllidar_s2e_launch.py
[0.276s] -- Up-to-date: /shared_rocker_software/autonomous_ws/install/sllidar_ros2/share/sllidar_ros2/launch/view_sllidar_a3_launch.py
[0.276s] -- Up-to-date: /shared_rocker_software/autonomous_ws/install/sllidar_ros2/share/sllidar_ros2/launch/view_sllidar_a2m12_launch.py
[0.276s] -- Up-to-date: /shared_rocker_software/autonomous_ws/install/sllidar_ros2/share/sllidar_ros2/launch/sllidar_a3_launch.py
[0.276s] -- Up-to-date: /shared_rocker_software/autonomous_ws/install/sllidar_ros2/share/sllidar_ros2/launch/view_sllidar_s2e_launch.py
[0.276s] -- Up-to-date: /shared_rocker_software/autonomous_ws/install/sllidar_ros2/share/sllidar_ros2/launch/view_sllidar_a2m8_launch.py
[0.276s] -- Up-to-date: /shared_rocker_software/autonomous_ws/install/sllidar_ros2/share/sllidar_ros2/launch/view_sllidar_s1_launch.py
[0.276s] -- Up-to-date: /shared_rocker_software/autonomous_ws/install/sllidar_ros2/share/sllidar_ros2/launch/sllidar_a1_launch.py
[0.277s] -- Up-to-date: /shared_rocker_software/autonomous_ws/install/sllidar_ros2/share/sllidar_ros2/launch/sllidar_s1_launch.py
[0.277s] -- Up-to-date: /shared_rocker_software/autonomous_ws/install/sllidar_ros2/share/sllidar_ros2/launch/__pycache__
[0.277s] -- Up-to-date: /shared_rocker_software/autonomous_ws/install/sllidar_ros2/share/sllidar_ros2/launch/__pycache__/view_sllidar_s3_launch.cpython-310.pyc
[0.277s] -- Up-to-date: /shared_rocker_software/autonomous_ws/install/sllidar_ros2/share/sllidar_ros2/launch/sllidar_a2m7_launch.py
[0.277s] -- Up-to-date: /shared_rocker_software/autonomous_ws/install/sllidar_ros2/share/sllidar_ros2/launch/view_sllidar_c1_launch.py
[0.277s] -- Up-to-date: /shared_rocker_software/autonomous_ws/install/sllidar_ros2/share/sllidar_ros2/launch/sllidar_s1_tcp_launch.py
[0.277s] -- Up-to-date: /shared_rocker_software/autonomous_ws/install/sllidar_ros2/share/sllidar_ros2/launch/view_sllidar_a2m7_launch.py
[0.277s] -- Up-to-date: /shared_rocker_software/autonomous_ws/install/sllidar_ros2/share/sllidar_ros2/launch/sllidar_t1_launch.py
[0.277s] -- Up-to-date: /shared_rocker_software/autonomous_ws/install/sllidar_ros2/share/sllidar_ros2/launch/sllidar_a2m8_launch.py
[0.277s] -- Up-to-date: /shared_rocker_software/autonomous_ws/install/sllidar_ros2/share/sllidar_ros2/launch/view_sllidar_t1_launch.py
[0.277s] -- Up-to-date: /shared_rocker_software/autonomous_ws/install/sllidar_ros2/share/sllidar_ros2/launch/view_sllidar_s2_launch.py
[0.277s] -- Up-to-date: /shared_rocker_software/autonomous_ws/install/sllidar_ros2/share/sllidar_ros2/launch/sllidar_c1_launch.py
[0.277s] -- Up-to-date: /shared_rocker_software/autonomous_ws/install/sllidar_ros2/share/sllidar_ros2/launch/view_sllidar_a1_launch.py
[0.277s] -- Up-to-date: /shared_rocker_software/autonomous_ws/install/sllidar_ros2/share/sllidar_ros2/launch/view_sllidar_s1_tcp_launch.py
[0.277s] -- Up-to-date: /shared_rocker_software/autonomous_ws/install/sllidar_ros2/share/sllidar_ros2/launch/sllidar_s2_launch.py
[0.277s] -- Up-to-date: /shared_rocker_software/autonomous_ws/install/sllidar_ros2/share/sllidar_ros2/launch/sllidar_s3_launch.py
[0.277s] -- Up-to-date: /shared_rocker_software/autonomous_ws/install/sllidar_ros2/share/sllidar_ros2/rviz
[0.277s] -- Up-to-date: /shared_rocker_software/autonomous_ws/install/sllidar_ros2/share/sllidar_ros2/rviz/sllidar_ros2.rviz
[0.277s] -- Up-to-date: /shared_rocker_software/autonomous_ws/install/sllidar_ros2/lib/sllidar_ros2/sllidar_node
[0.277s] -- Up-to-date: /shared_rocker_software/autonomous_ws/install/sllidar_ros2/lib/sllidar_ros2/sllidar_client
[0.277s] -- Up-to-date: /shared_rocker_software/autonomous_ws/install/sllidar_ros2/share/ament_index/resource_index/package_run_dependencies/sllidar_ros2
[0.277s] -- Up-to-date: /shared_rocker_software/autonomous_ws/install/sllidar_ros2/share/ament_index/resource_index/parent_prefix_path/sllidar_ros2
[0.277s] -- Up-to-date: /shared_rocker_software/autonomous_ws/install/sllidar_ros2/share/sllidar_ros2/environment/ament_prefix_path.sh
[0.277s] -- Up-to-date: /shared_rocker_software/autonomous_ws/install/sllidar_ros2/share/sllidar_ros2/environment/ament_prefix_path.dsv
[0.278s] -- Up-to-date: /shared_rocker_software/autonomous_ws/install/sllidar_ros2/share/sllidar_ros2/environment/path.sh
[0.278s] -- Up-to-date: /shared_rocker_software/autonomous_ws/install/sllidar_ros2/share/sllidar_ros2/environment/path.dsv
[0.278s] -- Up-to-date: /shared_rocker_software/autonomous_ws/install/sllidar_ros2/share/sllidar_ros2/local_setup.bash
[0.278s] -- Up-to-date: /shared_rocker_software/autonomous_ws/install/sllidar_ros2/share/sllidar_ros2/local_setup.sh
[0.278s] -- Up-to-date: /shared_rocker_software/autonomous_ws/install/sllidar_ros2/share/sllidar_ros2/local_setup.zsh
[0.278s] -- Up-to-date: /shared_rocker_software/autonomous_ws/install/sllidar_ros2/share/sllidar_ros2/local_setup.dsv
[0.278s] -- Installing: /shared_rocker_software/autonomous_ws/install/sllidar_ros2/share/sllidar_ros2/package.dsv
[0.278s] -- Up-to-date: /shared_rocker_software/autonomous_ws/install/sllidar_ros2/share/ament_index/resource_index/packages/sllidar_ros2
[0.278s] -- Up-to-date: /shared_rocker_software/autonomous_ws/install/sllidar_ros2/share/sllidar_ros2/cmake/ament_cmake_export_dependencies-extras.cmake
[0.278s] -- Up-to-date: /shared_rocker_software/autonomous_ws/install/sllidar_ros2/share/sllidar_ros2/cmake/ament_cmake_export_include_directories-extras.cmake
[0.278s] -- Up-to-date: /shared_rocker_software/autonomous_ws/install/sllidar_ros2/share/sllidar_ros2/cmake/sllidar_ros2Config.cmake
[0.278s] -- Up-to-date: /shared_rocker_software/autonomous_ws/install/sllidar_ros2/share/sllidar_ros2/cmake/sllidar_ros2Config-version.cmake
[0.278s] -- Up-to-date: /shared_rocker_software/autonomous_ws/install/sllidar_ros2/share/sllidar_ros2/package.xml
[0.280s] Invoked command in '/shared_rocker_software/autonomous_ws/build/sllidar_ros2' returned '0': /usr/bin/cmake --install /shared_rocker_software/autonomous_ws/build/sllidar_ros2
