[0.210s] Invoking command in '/shared_rocker_software/autonomous_ws/build/robot_odometry': CMAKE_PREFIX_PATH=${CMAKE_PREFIX_PATH}:/shared_rocker_software/autonomous_ws/install/omni_robot_mobile_base:/opt/ros/humble /usr/bin/cmake /shared_rocker_software/autonomous_ws/src/robot_odometry -DCMAKE_INSTALL_PREFIX=/shared_rocker_software/autonomous_ws/install/robot_odometry
[0.257s] -- The C compiler identification is GNU 11.4.0
[0.308s] -- The CXX compiler identification is GNU 11.4.0
[0.315s] -- Detecting C compiler ABI info
[0.377s] -- Detecting C compiler ABI info - done
[0.382s] -- Check for working C compiler: /usr/bin/cc - skipped
[0.382s] -- Detecting C compile features
[0.383s] -- Detecting C compile features - done
[0.385s] -- Detecting CXX compiler ABI info
[0.460s] -- Detecting CXX compiler ABI info - done
[0.466s] -- Check for working CXX compiler: /usr/bin/c++ - skipped
[0.466s] -- Detecting CXX compile features
[0.466s] -- Detecting CXX compile features - done
[0.471s] -- Found ament_cmake: 1.3.12 (/opt/ros/humble/share/ament_cmake/cmake)
[0.609s] -- Found Python3: /usr/bin/python3 (found version "3.10.12") found components: Interpreter 
[0.714s] -- Found rclcpp: 16.0.14 (/opt/ros/humble/share/rclcpp/cmake)
[0.770s] -- Found rosidl_generator_c: 3.1.7 (/opt/ros/humble/share/rosidl_generator_c/cmake)
[0.779s] -- Found rosidl_adapter: 3.1.7 (/opt/ros/humble/share/rosidl_adapter/cmake)
[0.789s] -- Found rosidl_generator_cpp: 3.1.7 (/opt/ros/humble/share/rosidl_generator_cpp/cmake)
[0.805s] -- Using all available rosidl_typesupport_c: rosidl_typesupport_fastrtps_c;rosidl_typesupport_introspection_c
[0.824s] -- Using all available rosidl_typesupport_cpp: rosidl_typesupport_fastrtps_cpp;rosidl_typesupport_introspection_cpp
[0.880s] -- Found rmw_implementation_cmake: 6.1.2 (/opt/ros/humble/share/rmw_implementation_cmake/cmake)
[0.884s] -- Found rmw_cyclonedds_cpp: 1.3.4 (/opt/ros/humble/share/rmw_cyclonedds_cpp/cmake)
[0.907s] -- Using RMW implementation 'rmw_cyclonedds_cpp' as default
[0.921s] -- Looking for pthread.h
[0.986s] -- Looking for pthread.h - found
[0.986s] -- Performing Test CMAKE_HAVE_LIBC_PTHREAD
[1.053s] -- Performing Test CMAKE_HAVE_LIBC_PTHREAD - Success
[1.054s] -- Found Threads: TRUE  
[1.105s] -- Found sensor_msgs: 4.9.0 (/opt/ros/humble/share/sensor_msgs/cmake)
[1.134s] -- Found nav_msgs: 4.9.0 (/opt/ros/humble/share/nav_msgs/cmake)
[1.152s] -- Found robot_localization: 3.5.3 (/opt/ros/humble/share/robot_localization/cmake)
[1.211s] -- Found rtabmap_ros: 0.22.1 (/opt/ros/humble/share/rtabmap_ros/cmake)
[1.216s] -- Found ament_lint_auto: 0.12.14 (/opt/ros/humble/share/ament_lint_auto/cmake)
[1.314s] -- Added test 'lint_cmake' to check CMake code style
[1.315s] -- Added test 'xmllint' to check XML markup files
[1.317s] -- Configuring done
[1.325s] -- Generating done
[1.328s] -- Build files have been written to: /shared_rocker_software/autonomous_ws/build/robot_odometry
[1.354s] Invoked command in '/shared_rocker_software/autonomous_ws/build/robot_odometry' returned '0': CMAKE_PREFIX_PATH=${CMAKE_PREFIX_PATH}:/shared_rocker_software/autonomous_ws/install/omni_robot_mobile_base:/opt/ros/humble /usr/bin/cmake /shared_rocker_software/autonomous_ws/src/robot_odometry -DCMAKE_INSTALL_PREFIX=/shared_rocker_software/autonomous_ws/install/robot_odometry
[1.354s] Invoking command in '/shared_rocker_software/autonomous_ws/build/robot_odometry': CMAKE_PREFIX_PATH=${CMAKE_PREFIX_PATH}:/shared_rocker_software/autonomous_ws/install/omni_robot_mobile_base:/opt/ros/humble /usr/bin/cmake --build /shared_rocker_software/autonomous_ws/build/robot_odometry -- -j16 -l16
[1.457s] Invoked command in '/shared_rocker_software/autonomous_ws/build/robot_odometry' returned '0': CMAKE_PREFIX_PATH=${CMAKE_PREFIX_PATH}:/shared_rocker_software/autonomous_ws/install/omni_robot_mobile_base:/opt/ros/humble /usr/bin/cmake --build /shared_rocker_software/autonomous_ws/build/robot_odometry -- -j16 -l16
[1.457s] Invoking command in '/shared_rocker_software/autonomous_ws/build/robot_odometry': CMAKE_PREFIX_PATH=${CMAKE_PREFIX_PATH}:/shared_rocker_software/autonomous_ws/install/omni_robot_mobile_base:/opt/ros/humble /usr/bin/cmake --install /shared_rocker_software/autonomous_ws/build/robot_odometry
[1.480s] -- Install configuration: ""
[1.480s] -- Installing: /shared_rocker_software/autonomous_ws/install/robot_odometry/share/robot_odometry/launch
[1.480s] -- Installing: /shared_rocker_software/autonomous_ws/install/robot_odometry/share/robot_odometry/config
[1.480s] -- Installing: /shared_rocker_software/autonomous_ws/install/robot_odometry/share/robot_odometry/config/rtabmap_params.yaml
[1.480s] -- Installing: /shared_rocker_software/autonomous_ws/install/robot_odometry/share/robot_odometry/config/ekf.yaml
[1.480s] -- Installing: /shared_rocker_software/autonomous_ws/install/robot_odometry/share/ament_index/resource_index/package_run_dependencies/robot_odometry
[1.481s] -- Installing: /shared_rocker_software/autonomous_ws/install/robot_odometry/share/ament_index/resource_index/parent_prefix_path/robot_odometry
[1.481s] -- Installing: /shared_rocker_software/autonomous_ws/install/robot_odometry/share/robot_odometry/environment/ament_prefix_path.sh
[1.481s] -- Installing: /shared_rocker_software/autonomous_ws/install/robot_odometry/share/robot_odometry/environment/ament_prefix_path.dsv
[1.481s] -- Installing: /shared_rocker_software/autonomous_ws/install/robot_odometry/share/robot_odometry/environment/path.sh
[1.481s] -- Installing: /shared_rocker_software/autonomous_ws/install/robot_odometry/share/robot_odometry/environment/path.dsv
[1.485s] -- Installing: /shared_rocker_software/autonomous_ws/install/robot_odometry/share/robot_odometry/local_setup.bash
[1.485s] -- Installing: /shared_rocker_software/autonomous_ws/install/robot_odometry/share/robot_odometry/local_setup.sh
[1.485s] -- Installing: /shared_rocker_software/autonomous_ws/install/robot_odometry/share/robot_odometry/local_setup.zsh
[1.485s] -- Installing: /shared_rocker_software/autonomous_ws/install/robot_odometry/share/robot_odometry/local_setup.dsv
[1.486s] -- Installing: /shared_rocker_software/autonomous_ws/install/robot_odometry/share/robot_odometry/package.dsv
[1.486s] -- Installing: /shared_rocker_software/autonomous_ws/install/robot_odometry/share/ament_index/resource_index/packages/robot_odometry
[1.486s] -- Installing: /shared_rocker_software/autonomous_ws/install/robot_odometry/share/robot_odometry/cmake/robot_odometryConfig.cmake
[1.488s] -- Installing: /shared_rocker_software/autonomous_ws/install/robot_odometry/share/robot_odometry/cmake/robot_odometryConfig-version.cmake
[1.488s] -- Installing: /shared_rocker_software/autonomous_ws/install/robot_odometry/share/robot_odometry/package.xml
[1.499s] Invoked command in '/shared_rocker_software/autonomous_ws/build/robot_odometry' returned '0': CMAKE_PREFIX_PATH=${CMAKE_PREFIX_PATH}:/shared_rocker_software/autonomous_ws/install/omni_robot_mobile_base:/opt/ros/humble /usr/bin/cmake --install /shared_rocker_software/autonomous_ws/build/robot_odometry
