[0.957s] Invoking command in '/shared_rocker_software/autonomous_robot/src/robot_vio': PYTHONPATH=/shared_rocker_software/autonomous_robot/build/robot_vio/prefix_override:/usr/lib/python3/dist-packages/colcon_core/task/python/colcon_distutils_commands:/shared_rocker_software/autonomous_robot/install/robot_vio/lib/python3.10/site-packages:${PYTHONPATH} /usr/bin/python3 -W ignore:setup.py install is deprecated -W ignore:easy_install command is deprecated setup.py egg_info --egg-base ../../build/robot_vio build --build-base /shared_rocker_software/autonomous_robot/build/robot_vio/build install --record /shared_rocker_software/autonomous_robot/build/robot_vio/install.log --single-version-externally-managed install_data
[1.120s] running egg_info
[1.121s] writing ../../build/robot_vio/robot_vio.egg-info/PKG-INFO
[1.121s] writing dependency_links to ../../build/robot_vio/robot_vio.egg-info/dependency_links.txt
[1.121s] writing entry points to ../../build/robot_vio/robot_vio.egg-info/entry_points.txt
[1.121s] writing requirements to ../../build/robot_vio/robot_vio.egg-info/requires.txt
[1.122s] writing top-level names to ../../build/robot_vio/robot_vio.egg-info/top_level.txt
[1.123s] reading manifest file '../../build/robot_vio/robot_vio.egg-info/SOURCES.txt'
[1.123s] writing manifest file '../../build/robot_vio/robot_vio.egg-info/SOURCES.txt'
[1.123s] running build
[1.123s] running build_py
[1.124s] running install
[1.124s] running install_lib
[1.126s] running install_data
[1.126s] running install_egg_info
[1.127s] removing '/shared_rocker_software/autonomous_robot/install/robot_vio/lib/python3.10/site-packages/robot_vio-0.0.0-py3.10.egg-info' (and everything under it)
[1.128s] Copying ../../build/robot_vio/robot_vio.egg-info to /shared_rocker_software/autonomous_robot/install/robot_vio/lib/python3.10/site-packages/robot_vio-0.0.0-py3.10.egg-info
[1.128s] running install_scripts
[1.144s] writing list of installed files to '/shared_rocker_software/autonomous_robot/build/robot_vio/install.log'
[1.168s] Invoked command in '/shared_rocker_software/autonomous_robot/src/robot_vio' returned '0': PYTHONPATH=/shared_rocker_software/autonomous_robot/build/robot_vio/prefix_override:/usr/lib/python3/dist-packages/colcon_core/task/python/colcon_distutils_commands:/shared_rocker_software/autonomous_robot/install/robot_vio/lib/python3.10/site-packages:${PYTHONPATH} /usr/bin/python3 -W ignore:setup.py install is deprecated -W ignore:easy_install command is deprecated setup.py egg_info --egg-base ../../build/robot_vio build --build-base /shared_rocker_software/autonomous_robot/build/robot_vio/build install --record /shared_rocker_software/autonomous_robot/build/robot_vio/install.log --single-version-externally-managed install_data
