[0.092s] DEBUG:colcon:Command line arguments: ['/usr/bin/colcon', 'build']
[0.092s] DEBUG:colcon:Parsed command line arguments: Namespace(log_base=None, log_level=None, verb_name='build', build_base='build', install_base='install', merge_install=False, symlink_install=False, test_result_base=None, continue_on_error=False, executor='parallel', parallel_workers=16, event_handlers=None, ignore_user_meta=False, metas=['./colcon.meta'], base_paths=['.'], packages_ignore=None, packages_ignore_regex=None, paths=None, packages_up_to=None, packages_up_to_regex=None, packages_above=None, packages_above_and_dependencies=None, packages_above_depth=None, packages_select_by_dep=None, packages_skip_by_dep=None, packages_skip_up_to=None, packages_select_build_failed=False, packages_skip_build_finished=False, packages_select_test_failures=False, packages_skip_test_passed=False, packages_select=None, packages_skip=None, packages_select_regex=None, packages_skip_regex=None, packages_start=None, packages_end=None, cmake_args=None, cmake_target=None, cmake_target_skip_unavailable=False, cmake_clean_cache=False, cmake_clean_first=False, cmake_force_configure=False, ament_cmake_args=None, catkin_cmake_args=None, catkin_skip_building_tests=False, mixin_files=None, mixin=None, verb_parser=<colcon_mixin.mixin.mixin_argument.MixinArgumentDecorator object at 0x7deca1bf8f40>, verb_extension=<colcon_core.verb.build.BuildVerb object at 0x7deca1d89db0>, main=<bound method BuildVerb.main of <colcon_core.verb.build.BuildVerb object at 0x7deca1d89db0>>, mixin_verb=('build',))
[0.213s] Level 1:colcon.colcon_core.package_discovery:discover_packages(colcon_meta) check parameters
[0.214s] INFO:colcon.colcon_metadata.package_discovery.colcon_meta:Using configuration from '/root/.colcon/metadata/default/Gazebo.meta'
[0.214s] INFO:colcon.colcon_metadata.package_discovery.colcon_meta:Using configuration from '/root/.colcon/metadata/default/fastdds.meta'
[0.215s] INFO:colcon.colcon_metadata.package_discovery.colcon_meta:Using configuration from '/root/.colcon/metadata/default/fastrtps.meta'
[0.215s] Level 1:colcon.colcon_core.package_discovery:discover_packages(recursive) check parameters
[0.215s] Level 1:colcon.colcon_core.package_discovery:discover_packages(ignore) check parameters
[0.215s] Level 1:colcon.colcon_core.package_discovery:discover_packages(path) check parameters
[0.215s] Level 1:colcon.colcon_core.package_discovery:discover_packages(colcon_meta) discover
[0.215s] Level 1:colcon.colcon_core.package_discovery:discover_packages(recursive) discover
[0.215s] INFO:colcon.colcon_core.package_discovery:Crawling recursively for packages in '/shared_rocker_software/autonomous_ws'
[0.215s] Level 1:colcon.colcon_core.package_identification:_identify(.) by extensions ['ignore', 'ignore_ament_install']
[0.215s] Level 1:colcon.colcon_core.package_identification:_identify(.) by extension 'ignore'
[0.215s] Level 1:colcon.colcon_core.package_identification:_identify(.) by extension 'ignore_ament_install'
[0.215s] Level 1:colcon.colcon_core.package_identification:_identify(.) by extensions ['colcon_pkg']
[0.215s] Level 1:colcon.colcon_core.package_identification:_identify(.) by extension 'colcon_pkg'
[0.215s] Level 1:colcon.colcon_core.package_identification:_identify(.) by extensions ['colcon_meta']
[0.215s] Level 1:colcon.colcon_core.package_identification:_identify(.) by extension 'colcon_meta'
[0.215s] Level 1:colcon.colcon_core.package_identification:_identify(.) by extensions ['ros']
[0.215s] Level 1:colcon.colcon_core.package_identification:_identify(.) by extension 'ros'
[0.223s] Level 1:colcon.colcon_core.package_identification:_identify(.) by extensions ['cmake', 'python']
[0.223s] Level 1:colcon.colcon_core.package_identification:_identify(.) by extension 'cmake'
[0.223s] Level 1:colcon.colcon_core.package_identification:_identify(.) by extension 'python'
[0.223s] Level 1:colcon.colcon_core.package_identification:_identify(.) by extensions ['python_setup_py']
[0.223s] Level 1:colcon.colcon_core.package_identification:_identify(.) by extension 'python_setup_py'
[0.223s] Level 1:colcon.colcon_core.package_identification:_identify(build) by extensions ['ignore', 'ignore_ament_install']
[0.223s] Level 1:colcon.colcon_core.package_identification:_identify(build) by extension 'ignore'
[0.223s] Level 1:colcon.colcon_core.package_identification:_identify(build) ignored
[0.223s] Level 1:colcon.colcon_core.package_identification:_identify(install) by extensions ['ignore', 'ignore_ament_install']
[0.223s] Level 1:colcon.colcon_core.package_identification:_identify(install) by extension 'ignore'
[0.223s] Level 1:colcon.colcon_core.package_identification:_identify(install) ignored
[0.223s] Level 1:colcon.colcon_core.package_identification:_identify(log) by extensions ['ignore', 'ignore_ament_install']
[0.223s] Level 1:colcon.colcon_core.package_identification:_identify(log) by extension 'ignore'
[0.223s] Level 1:colcon.colcon_core.package_identification:_identify(log) ignored
[0.223s] Level 1:colcon.colcon_core.package_identification:_identify(src) by extensions ['ignore', 'ignore_ament_install']
[0.224s] Level 1:colcon.colcon_core.package_identification:_identify(src) by extension 'ignore'
[0.224s] Level 1:colcon.colcon_core.package_identification:_identify(src) by extension 'ignore_ament_install'
[0.224s] Level 1:colcon.colcon_core.package_identification:_identify(src) by extensions ['colcon_pkg']
[0.224s] Level 1:colcon.colcon_core.package_identification:_identify(src) by extension 'colcon_pkg'
[0.224s] Level 1:colcon.colcon_core.package_identification:_identify(src) by extensions ['colcon_meta']
[0.224s] Level 1:colcon.colcon_core.package_identification:_identify(src) by extension 'colcon_meta'
[0.224s] Level 1:colcon.colcon_core.package_identification:_identify(src) by extensions ['ros']
[0.224s] Level 1:colcon.colcon_core.package_identification:_identify(src) by extension 'ros'
[0.224s] Level 1:colcon.colcon_core.package_identification:_identify(src) by extensions ['cmake', 'python']
[0.224s] Level 1:colcon.colcon_core.package_identification:_identify(src) by extension 'cmake'
[0.224s] Level 1:colcon.colcon_core.package_identification:_identify(src) by extension 'python'
[0.224s] Level 1:colcon.colcon_core.package_identification:_identify(src) by extensions ['python_setup_py']
[0.224s] Level 1:colcon.colcon_core.package_identification:_identify(src) by extension 'python_setup_py'
[0.224s] Level 1:colcon.colcon_core.package_identification:_identify(src/robot_description) by extensions ['ignore', 'ignore_ament_install']
[0.224s] Level 1:colcon.colcon_core.package_identification:_identify(src/robot_description) by extension 'ignore'
[0.224s] Level 1:colcon.colcon_core.package_identification:_identify(src/robot_description) by extension 'ignore_ament_install'
[0.224s] Level 1:colcon.colcon_core.package_identification:_identify(src/robot_description) by extensions ['colcon_pkg']
[0.224s] Level 1:colcon.colcon_core.package_identification:_identify(src/robot_description) by extension 'colcon_pkg'
[0.224s] Level 1:colcon.colcon_core.package_identification:_identify(src/robot_description) by extensions ['colcon_meta']
[0.224s] Level 1:colcon.colcon_core.package_identification:_identify(src/robot_description) by extension 'colcon_meta'
[0.224s] Level 1:colcon.colcon_core.package_identification:_identify(src/robot_description) by extensions ['ros']
[0.224s] Level 1:colcon.colcon_core.package_identification:_identify(src/robot_description) by extension 'ros'
[0.226s] DEBUG:colcon.colcon_core.package_identification:Package 'src/robot_description' with type 'ros.ament_cmake' and name 'robot_description'
[0.226s] Level 1:colcon.colcon_core.package_identification:_identify(src/robot_mobile_base) by extensions ['ignore', 'ignore_ament_install']
[0.226s] Level 1:colcon.colcon_core.package_identification:_identify(src/robot_mobile_base) by extension 'ignore'
[0.226s] Level 1:colcon.colcon_core.package_identification:_identify(src/robot_mobile_base) by extension 'ignore_ament_install'
[0.226s] Level 1:colcon.colcon_core.package_identification:_identify(src/robot_mobile_base) by extensions ['colcon_pkg']
[0.226s] Level 1:colcon.colcon_core.package_identification:_identify(src/robot_mobile_base) by extension 'colcon_pkg'
[0.226s] Level 1:colcon.colcon_core.package_identification:_identify(src/robot_mobile_base) by extensions ['colcon_meta']
[0.226s] Level 1:colcon.colcon_core.package_identification:_identify(src/robot_mobile_base) by extension 'colcon_meta'
[0.226s] Level 1:colcon.colcon_core.package_identification:_identify(src/robot_mobile_base) by extensions ['ros']
[0.226s] Level 1:colcon.colcon_core.package_identification:_identify(src/robot_mobile_base) by extension 'ros'
[0.227s] DEBUG:colcon.colcon_core.package_identification:Package 'src/robot_mobile_base' with type 'ros.ament_python' and name 'robot_mobile_base'
[0.227s] Level 1:colcon.colcon_core.package_identification:_identify(src/robot_odometry) by extensions ['ignore', 'ignore_ament_install']
[0.227s] Level 1:colcon.colcon_core.package_identification:_identify(src/robot_odometry) by extension 'ignore'
[0.227s] Level 1:colcon.colcon_core.package_identification:_identify(src/robot_odometry) by extension 'ignore_ament_install'
[0.227s] Level 1:colcon.colcon_core.package_identification:_identify(src/robot_odometry) by extensions ['colcon_pkg']
[0.227s] Level 1:colcon.colcon_core.package_identification:_identify(src/robot_odometry) by extension 'colcon_pkg'
[0.227s] Level 1:colcon.colcon_core.package_identification:_identify(src/robot_odometry) by extensions ['colcon_meta']
[0.227s] Level 1:colcon.colcon_core.package_identification:_identify(src/robot_odometry) by extension 'colcon_meta'
[0.227s] Level 1:colcon.colcon_core.package_identification:_identify(src/robot_odometry) by extensions ['ros']
[0.227s] Level 1:colcon.colcon_core.package_identification:_identify(src/robot_odometry) by extension 'ros'
[0.228s] DEBUG:colcon.colcon_core.package_identification:Package 'src/robot_odometry' with type 'ros.ament_cmake' and name 'robot_odometry'
[0.228s] Level 1:colcon.colcon_core.package_identification:_identify(src/robot_vio) by extensions ['ignore', 'ignore_ament_install']
[0.228s] Level 1:colcon.colcon_core.package_identification:_identify(src/robot_vio) by extension 'ignore'
[0.228s] Level 1:colcon.colcon_core.package_identification:_identify(src/robot_vio) by extension 'ignore_ament_install'
[0.228s] Level 1:colcon.colcon_core.package_identification:_identify(src/robot_vio) by extensions ['colcon_pkg']
[0.228s] Level 1:colcon.colcon_core.package_identification:_identify(src/robot_vio) by extension 'colcon_pkg'
[0.228s] Level 1:colcon.colcon_core.package_identification:_identify(src/robot_vio) by extensions ['colcon_meta']
[0.228s] Level 1:colcon.colcon_core.package_identification:_identify(src/robot_vio) by extension 'colcon_meta'
[0.228s] Level 1:colcon.colcon_core.package_identification:_identify(src/robot_vio) by extensions ['ros']
[0.228s] Level 1:colcon.colcon_core.package_identification:_identify(src/robot_vio) by extension 'ros'
[0.228s] DEBUG:colcon.colcon_core.package_identification:Package 'src/robot_vio' with type 'ros.ament_python' and name 'robot_vio'
[0.228s] Level 1:colcon.colcon_core.package_identification:_identify(src/sllidar_ros2) by extensions ['ignore', 'ignore_ament_install']
[0.228s] Level 1:colcon.colcon_core.package_identification:_identify(src/sllidar_ros2) by extension 'ignore'
[0.229s] Level 1:colcon.colcon_core.package_identification:_identify(src/sllidar_ros2) by extension 'ignore_ament_install'
[0.229s] Level 1:colcon.colcon_core.package_identification:_identify(src/sllidar_ros2) by extensions ['colcon_pkg']
[0.229s] Level 1:colcon.colcon_core.package_identification:_identify(src/sllidar_ros2) by extension 'colcon_pkg'
[0.229s] Level 1:colcon.colcon_core.package_identification:_identify(src/sllidar_ros2) by extensions ['colcon_meta']
[0.229s] Level 1:colcon.colcon_core.package_identification:_identify(src/sllidar_ros2) by extension 'colcon_meta'
[0.229s] Level 1:colcon.colcon_core.package_identification:_identify(src/sllidar_ros2) by extensions ['ros']
[0.229s] Level 1:colcon.colcon_core.package_identification:_identify(src/sllidar_ros2) by extension 'ros'
[0.229s] DEBUG:colcon.colcon_core.package_identification:Package 'src/sllidar_ros2' with type 'ros.ament_cmake' and name 'sllidar_ros2'
[0.229s] Level 1:colcon.colcon_core.package_discovery:discover_packages(recursive) using defaults
[0.229s] Level 1:colcon.colcon_core.package_discovery:discover_packages(ignore) discover
[0.229s] Level 1:colcon.colcon_core.package_discovery:discover_packages(ignore) using defaults
[0.229s] Level 1:colcon.colcon_core.package_discovery:discover_packages(path) discover
[0.229s] Level 1:colcon.colcon_core.package_discovery:discover_packages(path) using defaults
[0.252s] Level 5:colcon.colcon_core.verb:set package 'robot_description' build argument 'cmake_args' from command line to 'None'
[0.252s] Level 5:colcon.colcon_core.verb:set package 'robot_description' build argument 'cmake_target' from command line to 'None'
[0.252s] Level 5:colcon.colcon_core.verb:set package 'robot_description' build argument 'cmake_target_skip_unavailable' from command line to 'False'
[0.252s] Level 5:colcon.colcon_core.verb:set package 'robot_description' build argument 'cmake_clean_cache' from command line to 'False'
[0.252s] Level 5:colcon.colcon_core.verb:set package 'robot_description' build argument 'cmake_clean_first' from command line to 'False'
[0.252s] Level 5:colcon.colcon_core.verb:set package 'robot_description' build argument 'cmake_force_configure' from command line to 'False'
[0.252s] Level 5:colcon.colcon_core.verb:set package 'robot_description' build argument 'ament_cmake_args' from command line to 'None'
[0.252s] Level 5:colcon.colcon_core.verb:set package 'robot_description' build argument 'catkin_cmake_args' from command line to 'None'
[0.252s] Level 5:colcon.colcon_core.verb:set package 'robot_description' build argument 'catkin_skip_building_tests' from command line to 'False'
[0.252s] DEBUG:colcon.colcon_core.verb:Building package 'robot_description' with the following arguments: {'ament_cmake_args': None, 'build_base': '/shared_rocker_software/autonomous_ws/build/robot_description', 'catkin_cmake_args': None, 'catkin_skip_building_tests': False, 'cmake_args': None, 'cmake_clean_cache': False, 'cmake_clean_first': False, 'cmake_force_configure': False, 'cmake_target': None, 'cmake_target_skip_unavailable': False, 'install_base': '/shared_rocker_software/autonomous_ws/install/robot_description', 'merge_install': False, 'path': '/shared_rocker_software/autonomous_ws/src/robot_description', 'symlink_install': False, 'test_result_base': None}
[0.252s] Level 5:colcon.colcon_core.verb:set package 'robot_mobile_base' build argument 'cmake_args' from command line to 'None'
[0.252s] Level 5:colcon.colcon_core.verb:set package 'robot_mobile_base' build argument 'cmake_target' from command line to 'None'
[0.252s] Level 5:colcon.colcon_core.verb:set package 'robot_mobile_base' build argument 'cmake_target_skip_unavailable' from command line to 'False'
[0.252s] Level 5:colcon.colcon_core.verb:set package 'robot_mobile_base' build argument 'cmake_clean_cache' from command line to 'False'
[0.252s] Level 5:colcon.colcon_core.verb:set package 'robot_mobile_base' build argument 'cmake_clean_first' from command line to 'False'
[0.252s] Level 5:colcon.colcon_core.verb:set package 'robot_mobile_base' build argument 'cmake_force_configure' from command line to 'False'
[0.252s] Level 5:colcon.colcon_core.verb:set package 'robot_mobile_base' build argument 'ament_cmake_args' from command line to 'None'
[0.252s] Level 5:colcon.colcon_core.verb:set package 'robot_mobile_base' build argument 'catkin_cmake_args' from command line to 'None'
[0.252s] Level 5:colcon.colcon_core.verb:set package 'robot_mobile_base' build argument 'catkin_skip_building_tests' from command line to 'False'
[0.252s] DEBUG:colcon.colcon_core.verb:Building package 'robot_mobile_base' with the following arguments: {'ament_cmake_args': None, 'build_base': '/shared_rocker_software/autonomous_ws/build/robot_mobile_base', 'catkin_cmake_args': None, 'catkin_skip_building_tests': False, 'cmake_args': None, 'cmake_clean_cache': False, 'cmake_clean_first': False, 'cmake_force_configure': False, 'cmake_target': None, 'cmake_target_skip_unavailable': False, 'install_base': '/shared_rocker_software/autonomous_ws/install/robot_mobile_base', 'merge_install': False, 'path': '/shared_rocker_software/autonomous_ws/src/robot_mobile_base', 'symlink_install': False, 'test_result_base': None}
[0.252s] Level 5:colcon.colcon_core.verb:set package 'robot_odometry' build argument 'cmake_args' from command line to 'None'
[0.252s] Level 5:colcon.colcon_core.verb:set package 'robot_odometry' build argument 'cmake_target' from command line to 'None'
[0.252s] Level 5:colcon.colcon_core.verb:set package 'robot_odometry' build argument 'cmake_target_skip_unavailable' from command line to 'False'
[0.252s] Level 5:colcon.colcon_core.verb:set package 'robot_odometry' build argument 'cmake_clean_cache' from command line to 'False'
[0.252s] Level 5:colcon.colcon_core.verb:set package 'robot_odometry' build argument 'cmake_clean_first' from command line to 'False'
[0.252s] Level 5:colcon.colcon_core.verb:set package 'robot_odometry' build argument 'cmake_force_configure' from command line to 'False'
[0.252s] Level 5:colcon.colcon_core.verb:set package 'robot_odometry' build argument 'ament_cmake_args' from command line to 'None'
[0.252s] Level 5:colcon.colcon_core.verb:set package 'robot_odometry' build argument 'catkin_cmake_args' from command line to 'None'
[0.252s] Level 5:colcon.colcon_core.verb:set package 'robot_odometry' build argument 'catkin_skip_building_tests' from command line to 'False'
[0.252s] DEBUG:colcon.colcon_core.verb:Building package 'robot_odometry' with the following arguments: {'ament_cmake_args': None, 'build_base': '/shared_rocker_software/autonomous_ws/build/robot_odometry', 'catkin_cmake_args': None, 'catkin_skip_building_tests': False, 'cmake_args': None, 'cmake_clean_cache': False, 'cmake_clean_first': False, 'cmake_force_configure': False, 'cmake_target': None, 'cmake_target_skip_unavailable': False, 'install_base': '/shared_rocker_software/autonomous_ws/install/robot_odometry', 'merge_install': False, 'path': '/shared_rocker_software/autonomous_ws/src/robot_odometry', 'symlink_install': False, 'test_result_base': None}
[0.253s] Level 5:colcon.colcon_core.verb:set package 'robot_vio' build argument 'cmake_args' from command line to 'None'
[0.253s] Level 5:colcon.colcon_core.verb:set package 'robot_vio' build argument 'cmake_target' from command line to 'None'
[0.253s] Level 5:colcon.colcon_core.verb:set package 'robot_vio' build argument 'cmake_target_skip_unavailable' from command line to 'False'
[0.253s] Level 5:colcon.colcon_core.verb:set package 'robot_vio' build argument 'cmake_clean_cache' from command line to 'False'
[0.253s] Level 5:colcon.colcon_core.verb:set package 'robot_vio' build argument 'cmake_clean_first' from command line to 'False'
[0.253s] Level 5:colcon.colcon_core.verb:set package 'robot_vio' build argument 'cmake_force_configure' from command line to 'False'
[0.253s] Level 5:colcon.colcon_core.verb:set package 'robot_vio' build argument 'ament_cmake_args' from command line to 'None'
[0.253s] Level 5:colcon.colcon_core.verb:set package 'robot_vio' build argument 'catkin_cmake_args' from command line to 'None'
[0.253s] Level 5:colcon.colcon_core.verb:set package 'robot_vio' build argument 'catkin_skip_building_tests' from command line to 'False'
[0.253s] DEBUG:colcon.colcon_core.verb:Building package 'robot_vio' with the following arguments: {'ament_cmake_args': None, 'build_base': '/shared_rocker_software/autonomous_ws/build/robot_vio', 'catkin_cmake_args': None, 'catkin_skip_building_tests': False, 'cmake_args': None, 'cmake_clean_cache': False, 'cmake_clean_first': False, 'cmake_force_configure': False, 'cmake_target': None, 'cmake_target_skip_unavailable': False, 'install_base': '/shared_rocker_software/autonomous_ws/install/robot_vio', 'merge_install': False, 'path': '/shared_rocker_software/autonomous_ws/src/robot_vio', 'symlink_install': False, 'test_result_base': None}
[0.253s] Level 5:colcon.colcon_core.verb:set package 'sllidar_ros2' build argument 'cmake_args' from command line to 'None'
[0.253s] Level 5:colcon.colcon_core.verb:set package 'sllidar_ros2' build argument 'cmake_target' from command line to 'None'
[0.253s] Level 5:colcon.colcon_core.verb:set package 'sllidar_ros2' build argument 'cmake_target_skip_unavailable' from command line to 'False'
[0.253s] Level 5:colcon.colcon_core.verb:set package 'sllidar_ros2' build argument 'cmake_clean_cache' from command line to 'False'
[0.253s] Level 5:colcon.colcon_core.verb:set package 'sllidar_ros2' build argument 'cmake_clean_first' from command line to 'False'
[0.253s] Level 5:colcon.colcon_core.verb:set package 'sllidar_ros2' build argument 'cmake_force_configure' from command line to 'False'
[0.253s] Level 5:colcon.colcon_core.verb:set package 'sllidar_ros2' build argument 'ament_cmake_args' from command line to 'None'
[0.253s] Level 5:colcon.colcon_core.verb:set package 'sllidar_ros2' build argument 'catkin_cmake_args' from command line to 'None'
[0.253s] Level 5:colcon.colcon_core.verb:set package 'sllidar_ros2' build argument 'catkin_skip_building_tests' from command line to 'False'
[0.253s] DEBUG:colcon.colcon_core.verb:Building package 'sllidar_ros2' with the following arguments: {'ament_cmake_args': None, 'build_base': '/shared_rocker_software/autonomous_ws/build/sllidar_ros2', 'catkin_cmake_args': None, 'catkin_skip_building_tests': False, 'cmake_args': None, 'cmake_clean_cache': False, 'cmake_clean_first': False, 'cmake_force_configure': False, 'cmake_target': None, 'cmake_target_skip_unavailable': False, 'install_base': '/shared_rocker_software/autonomous_ws/install/sllidar_ros2', 'merge_install': False, 'path': '/shared_rocker_software/autonomous_ws/src/sllidar_ros2', 'symlink_install': False, 'test_result_base': None}
[0.253s] INFO:colcon.colcon_core.executor:Executing jobs using 'parallel' executor
[0.254s] DEBUG:colcon.colcon_parallel_executor.executor.parallel:run_until_complete
[0.254s] INFO:colcon.colcon_ros.task.ament_cmake.build:Building ROS package in '/shared_rocker_software/autonomous_ws/src/robot_description' with build type 'ament_cmake'
[0.254s] INFO:colcon.colcon_cmake.task.cmake.build:Building CMake package in '/shared_rocker_software/autonomous_ws/src/robot_description'
[0.256s] INFO:colcon.colcon_core.plugin_system:Skipping extension 'colcon_core.shell.bat': Not used on non-Windows systems
[0.257s] INFO:colcon.colcon_core.shell:Skip shell extension 'powershell' for command environment: Not usable outside of PowerShell
[0.257s] DEBUG:colcon.colcon_core.shell:Skip shell extension 'dsv' for command environment
[0.261s] INFO:colcon.colcon_ros.task.ament_python.build:Building ROS package in '/shared_rocker_software/autonomous_ws/src/robot_mobile_base' with build type 'ament_python'
[0.261s] Level 1:colcon.colcon_core.shell:create_environment_hook('robot_mobile_base', 'ament_prefix_path')
[0.261s] INFO:colcon.colcon_core.shell:Creating environment hook '/shared_rocker_software/autonomous_ws/install/robot_mobile_base/share/robot_mobile_base/hook/ament_prefix_path.ps1'
[0.262s] INFO:colcon.colcon_core.shell:Creating environment descriptor '/shared_rocker_software/autonomous_ws/install/robot_mobile_base/share/robot_mobile_base/hook/ament_prefix_path.dsv'
[0.262s] INFO:colcon.colcon_core.shell:Creating environment hook '/shared_rocker_software/autonomous_ws/install/robot_mobile_base/share/robot_mobile_base/hook/ament_prefix_path.sh'
[0.263s] INFO:colcon.colcon_core.shell:Skip shell extension 'powershell' for command environment: Not usable outside of PowerShell
[0.263s] DEBUG:colcon.colcon_core.shell:Skip shell extension 'dsv' for command environment
[0.266s] INFO:colcon.colcon_ros.task.ament_cmake.build:Building ROS package in '/shared_rocker_software/autonomous_ws/src/robot_odometry' with build type 'ament_cmake'
[0.266s] INFO:colcon.colcon_cmake.task.cmake.build:Building CMake package in '/shared_rocker_software/autonomous_ws/src/robot_odometry'
[0.267s] INFO:colcon.colcon_core.shell:Skip shell extension 'powershell' for command environment: Not usable outside of PowerShell
[0.267s] DEBUG:colcon.colcon_core.shell:Skip shell extension 'dsv' for command environment
[0.270s] INFO:colcon.colcon_ros.task.ament_python.build:Building ROS package in '/shared_rocker_software/autonomous_ws/src/robot_vio' with build type 'ament_python'
[0.270s] Level 1:colcon.colcon_core.shell:create_environment_hook('robot_vio', 'ament_prefix_path')
[0.270s] INFO:colcon.colcon_core.shell:Creating environment hook '/shared_rocker_software/autonomous_ws/install/robot_vio/share/robot_vio/hook/ament_prefix_path.ps1'
[0.271s] INFO:colcon.colcon_core.shell:Creating environment descriptor '/shared_rocker_software/autonomous_ws/install/robot_vio/share/robot_vio/hook/ament_prefix_path.dsv'
[0.271s] INFO:colcon.colcon_core.shell:Creating environment hook '/shared_rocker_software/autonomous_ws/install/robot_vio/share/robot_vio/hook/ament_prefix_path.sh'
[0.291s] INFO:colcon.colcon_core.shell:Skip shell extension 'powershell' for command environment: Not usable outside of PowerShell
[0.292s] DEBUG:colcon.colcon_core.shell:Skip shell extension 'dsv' for command environment
[0.297s] INFO:colcon.colcon_ros.task.ament_cmake.build:Building ROS package in '/shared_rocker_software/autonomous_ws/src/sllidar_ros2' with build type 'ament_cmake'
[0.297s] INFO:colcon.colcon_cmake.task.cmake.build:Building CMake package in '/shared_rocker_software/autonomous_ws/src/sllidar_ros2'
[0.297s] INFO:colcon.colcon_core.shell:Skip shell extension 'powershell' for command environment: Not usable outside of PowerShell
[0.297s] DEBUG:colcon.colcon_core.shell:Skip shell extension 'dsv' for command environment
[0.304s] DEBUG:colcon.colcon_core.event_handler.log_command:Invoking command in '/shared_rocker_software/autonomous_ws/build/robot_description': CMAKE_PREFIX_PATH=${CMAKE_PREFIX_PATH}:/shared_rocker_software/autonomous_ws/install/robot_vio:/shared_rocker_software/autonomous_ws/install/robot_mobile_base:/opt/ros/humble /usr/bin/cmake --build /shared_rocker_software/autonomous_ws/build/robot_description -- -j16 -l16
[0.479s] INFO:colcon.colcon_core.task.python.build:Building Python package in '/shared_rocker_software/autonomous_ws/src/robot_mobile_base'
[0.480s] INFO:colcon.colcon_core.shell:Skip shell extension 'powershell' for command environment: Not usable outside of PowerShell
[0.480s] DEBUG:colcon.colcon_core.shell:Skip shell extension 'dsv' for command environment
[0.487s] DEBUG:colcon.colcon_core.event_handler.log_command:Invoking command in '/shared_rocker_software/autonomous_ws/build/robot_odometry': CMAKE_PREFIX_PATH=${CMAKE_PREFIX_PATH}:/shared_rocker_software/autonomous_ws/install/robot_vio:/shared_rocker_software/autonomous_ws/install/robot_mobile_base:/opt/ros/humble /usr/bin/cmake --build /shared_rocker_software/autonomous_ws/build/robot_odometry -- -j16 -l16
[0.659s] INFO:colcon.colcon_core.task.python.build:Building Python package in '/shared_rocker_software/autonomous_ws/src/robot_vio'
[0.660s] INFO:colcon.colcon_core.shell:Skip shell extension 'powershell' for command environment: Not usable outside of PowerShell
[0.660s] DEBUG:colcon.colcon_core.shell:Skip shell extension 'dsv' for command environment
[0.666s] DEBUG:colcon.colcon_core.event_handler.log_command:Invoked command in '/shared_rocker_software/autonomous_ws/build/robot_description' returned '0': CMAKE_PREFIX_PATH=${CMAKE_PREFIX_PATH}:/shared_rocker_software/autonomous_ws/install/robot_vio:/shared_rocker_software/autonomous_ws/install/robot_mobile_base:/opt/ros/humble /usr/bin/cmake --build /shared_rocker_software/autonomous_ws/build/robot_description -- -j16 -l16
[0.677s] DEBUG:colcon.colcon_core.event_handler.log_command:Invoking command in '/shared_rocker_software/autonomous_ws/build/robot_description': CMAKE_PREFIX_PATH=${CMAKE_PREFIX_PATH}:/shared_rocker_software/autonomous_ws/install/robot_vio:/shared_rocker_software/autonomous_ws/install/robot_mobile_base:/opt/ros/humble /usr/bin/cmake --install /shared_rocker_software/autonomous_ws/build/robot_description
[0.677s] DEBUG:colcon.colcon_core.event_handler.log_command:Invoked command in '/shared_rocker_software/autonomous_ws/build/robot_odometry' returned '0': CMAKE_PREFIX_PATH=${CMAKE_PREFIX_PATH}:/shared_rocker_software/autonomous_ws/install/robot_vio:/shared_rocker_software/autonomous_ws/install/robot_mobile_base:/opt/ros/humble /usr/bin/cmake --build /shared_rocker_software/autonomous_ws/build/robot_odometry -- -j16 -l16
[0.678s] DEBUG:colcon.colcon_core.event_handler.log_command:Invoking command in '/shared_rocker_software/autonomous_ws/build/robot_odometry': CMAKE_PREFIX_PATH=${CMAKE_PREFIX_PATH}:/shared_rocker_software/autonomous_ws/install/robot_vio:/shared_rocker_software/autonomous_ws/install/robot_mobile_base:/opt/ros/humble /usr/bin/cmake --install /shared_rocker_software/autonomous_ws/build/robot_odometry
[0.682s] DEBUG:colcon.colcon_core.event_handler.log_command:Invoking command in '/shared_rocker_software/autonomous_ws/build/sllidar_ros2': CMAKE_PREFIX_PATH=${CMAKE_PREFIX_PATH}:/shared_rocker_software/autonomous_ws/install/robot_vio:/shared_rocker_software/autonomous_ws/install/robot_mobile_base:/opt/ros/humble /usr/bin/cmake --build /shared_rocker_software/autonomous_ws/build/sllidar_ros2 -- -j16 -l16
[0.689s] Level 1:colcon.colcon_core.environment:create_environment_scripts_only(robot_description)
[0.690s] DEBUG:colcon.colcon_core.event_handler.log_command:Invoked command in '/shared_rocker_software/autonomous_ws/build/robot_description' returned '0': CMAKE_PREFIX_PATH=${CMAKE_PREFIX_PATH}:/shared_rocker_software/autonomous_ws/install/robot_vio:/shared_rocker_software/autonomous_ws/install/robot_mobile_base:/opt/ros/humble /usr/bin/cmake --install /shared_rocker_software/autonomous_ws/build/robot_description
[0.692s] Level 1:colcon.colcon_core.environment:checking '/shared_rocker_software/autonomous_ws/install/robot_description' for CMake module files
[0.692s] Level 1:colcon.colcon_core.environment:checking '/shared_rocker_software/autonomous_ws/install/robot_description' for CMake config files
[0.692s] Level 1:colcon.colcon_core.shell:create_environment_hook('robot_description', 'cmake_prefix_path')
[0.692s] INFO:colcon.colcon_core.shell:Creating environment hook '/shared_rocker_software/autonomous_ws/install/robot_description/share/robot_description/hook/cmake_prefix_path.ps1'
[0.693s] INFO:colcon.colcon_core.shell:Creating environment descriptor '/shared_rocker_software/autonomous_ws/install/robot_description/share/robot_description/hook/cmake_prefix_path.dsv'
[0.693s] INFO:colcon.colcon_core.shell:Creating environment hook '/shared_rocker_software/autonomous_ws/install/robot_description/share/robot_description/hook/cmake_prefix_path.sh'
[0.693s] Level 1:colcon.colcon_core.environment:checking '/shared_rocker_software/autonomous_ws/install/robot_description/bin'
[0.693s] Level 1:colcon.colcon_core.environment:checking '/shared_rocker_software/autonomous_ws/install/robot_description/lib/pkgconfig/robot_description.pc'
[0.694s] Level 1:colcon.colcon_core.environment:checking '/shared_rocker_software/autonomous_ws/install/robot_description/lib/python3.10/site-packages'
[0.694s] Level 1:colcon.colcon_core.environment:checking '/shared_rocker_software/autonomous_ws/install/robot_description/bin'
[0.694s] INFO:colcon.colcon_core.shell:Creating package script '/shared_rocker_software/autonomous_ws/install/robot_description/share/robot_description/package.ps1'
[0.694s] INFO:colcon.colcon_core.shell:Creating package descriptor '/shared_rocker_software/autonomous_ws/install/robot_description/share/robot_description/package.dsv'
[0.695s] INFO:colcon.colcon_core.shell:Creating package script '/shared_rocker_software/autonomous_ws/install/robot_description/share/robot_description/package.sh'
[0.695s] INFO:colcon.colcon_core.shell:Creating package script '/shared_rocker_software/autonomous_ws/install/robot_description/share/robot_description/package.bash'
[0.696s] INFO:colcon.colcon_core.shell:Creating package script '/shared_rocker_software/autonomous_ws/install/robot_description/share/robot_description/package.zsh'
[0.696s] Level 1:colcon.colcon_core.environment:create_file_with_runtime_dependencies(/shared_rocker_software/autonomous_ws/install/robot_description/share/colcon-core/packages/robot_description)
[0.697s] Level 1:colcon.colcon_core.environment:create_environment_scripts_only(robot_description)
[0.697s] Level 1:colcon.colcon_core.environment:checking '/shared_rocker_software/autonomous_ws/install/robot_description' for CMake module files
[0.697s] Level 1:colcon.colcon_core.environment:checking '/shared_rocker_software/autonomous_ws/install/robot_description' for CMake config files
[0.697s] Level 1:colcon.colcon_core.shell:create_environment_hook('robot_description', 'cmake_prefix_path')
[0.697s] INFO:colcon.colcon_core.shell:Creating environment hook '/shared_rocker_software/autonomous_ws/install/robot_description/share/robot_description/hook/cmake_prefix_path.ps1'
[0.698s] INFO:colcon.colcon_core.shell:Creating environment descriptor '/shared_rocker_software/autonomous_ws/install/robot_description/share/robot_description/hook/cmake_prefix_path.dsv'
[0.698s] INFO:colcon.colcon_core.shell:Creating environment hook '/shared_rocker_software/autonomous_ws/install/robot_description/share/robot_description/hook/cmake_prefix_path.sh'
[0.698s] Level 1:colcon.colcon_core.environment:checking '/shared_rocker_software/autonomous_ws/install/robot_description/bin'
[0.698s] Level 1:colcon.colcon_core.environment:checking '/shared_rocker_software/autonomous_ws/install/robot_description/lib/pkgconfig/robot_description.pc'
[0.698s] Level 1:colcon.colcon_core.environment:checking '/shared_rocker_software/autonomous_ws/install/robot_description/lib/python3.10/site-packages'
[0.699s] Level 1:colcon.colcon_core.environment:checking '/shared_rocker_software/autonomous_ws/install/robot_description/bin'
[0.699s] INFO:colcon.colcon_core.shell:Creating package script '/shared_rocker_software/autonomous_ws/install/robot_description/share/robot_description/package.ps1'
[0.699s] INFO:colcon.colcon_core.shell:Creating package descriptor '/shared_rocker_software/autonomous_ws/install/robot_description/share/robot_description/package.dsv'
[0.699s] INFO:colcon.colcon_core.shell:Creating package script '/shared_rocker_software/autonomous_ws/install/robot_description/share/robot_description/package.sh'
[0.700s] INFO:colcon.colcon_core.shell:Creating package script '/shared_rocker_software/autonomous_ws/install/robot_description/share/robot_description/package.bash'
[0.700s] INFO:colcon.colcon_core.shell:Creating package script '/shared_rocker_software/autonomous_ws/install/robot_description/share/robot_description/package.zsh'
[0.700s] Level 1:colcon.colcon_core.environment:create_file_with_runtime_dependencies(/shared_rocker_software/autonomous_ws/install/robot_description/share/colcon-core/packages/robot_description)
[0.701s] Level 1:colcon.colcon_core.environment:create_environment_scripts_only(robot_odometry)
[0.701s] Level 1:colcon.colcon_core.environment:checking '/shared_rocker_software/autonomous_ws/install/robot_odometry' for CMake module files
[0.702s] Level 1:colcon.colcon_core.environment:checking '/shared_rocker_software/autonomous_ws/install/robot_odometry' for CMake config files
[0.702s] DEBUG:colcon.colcon_core.event_handler.log_command:Invoked command in '/shared_rocker_software/autonomous_ws/build/robot_odometry' returned '0': CMAKE_PREFIX_PATH=${CMAKE_PREFIX_PATH}:/shared_rocker_software/autonomous_ws/install/robot_vio:/shared_rocker_software/autonomous_ws/install/robot_mobile_base:/opt/ros/humble /usr/bin/cmake --install /shared_rocker_software/autonomous_ws/build/robot_odometry
[0.702s] Level 1:colcon.colcon_core.shell:create_environment_hook('robot_odometry', 'cmake_prefix_path')
[0.703s] INFO:colcon.colcon_core.shell:Creating environment hook '/shared_rocker_software/autonomous_ws/install/robot_odometry/share/robot_odometry/hook/cmake_prefix_path.ps1'
[0.703s] INFO:colcon.colcon_core.shell:Creating environment descriptor '/shared_rocker_software/autonomous_ws/install/robot_odometry/share/robot_odometry/hook/cmake_prefix_path.dsv'
[0.703s] INFO:colcon.colcon_core.shell:Creating environment hook '/shared_rocker_software/autonomous_ws/install/robot_odometry/share/robot_odometry/hook/cmake_prefix_path.sh'
[0.704s] Level 1:colcon.colcon_core.environment:checking '/shared_rocker_software/autonomous_ws/install/robot_odometry/bin'
[0.704s] Level 1:colcon.colcon_core.environment:checking '/shared_rocker_software/autonomous_ws/install/robot_odometry/lib/pkgconfig/robot_odometry.pc'
[0.704s] Level 1:colcon.colcon_core.environment:checking '/shared_rocker_software/autonomous_ws/install/robot_odometry/lib/python3.10/site-packages'
[0.704s] Level 1:colcon.colcon_core.environment:checking '/shared_rocker_software/autonomous_ws/install/robot_odometry/bin'
[0.705s] INFO:colcon.colcon_core.shell:Creating package script '/shared_rocker_software/autonomous_ws/install/robot_odometry/share/robot_odometry/package.ps1'
[0.705s] INFO:colcon.colcon_core.shell:Creating package descriptor '/shared_rocker_software/autonomous_ws/install/robot_odometry/share/robot_odometry/package.dsv'
[0.705s] INFO:colcon.colcon_core.shell:Creating package script '/shared_rocker_software/autonomous_ws/install/robot_odometry/share/robot_odometry/package.sh'
[0.705s] INFO:colcon.colcon_core.shell:Creating package script '/shared_rocker_software/autonomous_ws/install/robot_odometry/share/robot_odometry/package.bash'
[0.706s] INFO:colcon.colcon_core.shell:Creating package script '/shared_rocker_software/autonomous_ws/install/robot_odometry/share/robot_odometry/package.zsh'
[0.706s] Level 1:colcon.colcon_core.environment:create_file_with_runtime_dependencies(/shared_rocker_software/autonomous_ws/install/robot_odometry/share/colcon-core/packages/robot_odometry)
[0.707s] Level 1:colcon.colcon_core.environment:create_environment_scripts_only(robot_odometry)
[0.707s] Level 1:colcon.colcon_core.environment:checking '/shared_rocker_software/autonomous_ws/install/robot_odometry' for CMake module files
[0.708s] Level 1:colcon.colcon_core.environment:checking '/shared_rocker_software/autonomous_ws/install/robot_odometry' for CMake config files
[0.708s] Level 1:colcon.colcon_core.shell:create_environment_hook('robot_odometry', 'cmake_prefix_path')
[0.708s] INFO:colcon.colcon_core.shell:Creating environment hook '/shared_rocker_software/autonomous_ws/install/robot_odometry/share/robot_odometry/hook/cmake_prefix_path.ps1'
[0.708s] INFO:colcon.colcon_core.shell:Creating environment descriptor '/shared_rocker_software/autonomous_ws/install/robot_odometry/share/robot_odometry/hook/cmake_prefix_path.dsv'
[0.709s] INFO:colcon.colcon_core.shell:Creating environment hook '/shared_rocker_software/autonomous_ws/install/robot_odometry/share/robot_odometry/hook/cmake_prefix_path.sh'
[0.709s] Level 1:colcon.colcon_core.environment:checking '/shared_rocker_software/autonomous_ws/install/robot_odometry/bin'
[0.709s] Level 1:colcon.colcon_core.environment:checking '/shared_rocker_software/autonomous_ws/install/robot_odometry/lib/pkgconfig/robot_odometry.pc'
[0.709s] Level 1:colcon.colcon_core.environment:checking '/shared_rocker_software/autonomous_ws/install/robot_odometry/lib/python3.10/site-packages'
[0.709s] Level 1:colcon.colcon_core.environment:checking '/shared_rocker_software/autonomous_ws/install/robot_odometry/bin'
[0.710s] INFO:colcon.colcon_core.shell:Creating package script '/shared_rocker_software/autonomous_ws/install/robot_odometry/share/robot_odometry/package.ps1'
[0.710s] INFO:colcon.colcon_core.shell:Creating package descriptor '/shared_rocker_software/autonomous_ws/install/robot_odometry/share/robot_odometry/package.dsv'
[0.710s] INFO:colcon.colcon_core.shell:Creating package script '/shared_rocker_software/autonomous_ws/install/robot_odometry/share/robot_odometry/package.sh'
[0.711s] INFO:colcon.colcon_core.shell:Creating package script '/shared_rocker_software/autonomous_ws/install/robot_odometry/share/robot_odometry/package.bash'
[0.711s] INFO:colcon.colcon_core.shell:Creating package script '/shared_rocker_software/autonomous_ws/install/robot_odometry/share/robot_odometry/package.zsh'
[0.711s] Level 1:colcon.colcon_core.environment:create_file_with_runtime_dependencies(/shared_rocker_software/autonomous_ws/install/robot_odometry/share/colcon-core/packages/robot_odometry)
[0.753s] DEBUG:colcon.colcon_core.event_handler.log_command:Invoked command in '/shared_rocker_software/autonomous_ws/build/sllidar_ros2' returned '0': CMAKE_PREFIX_PATH=${CMAKE_PREFIX_PATH}:/shared_rocker_software/autonomous_ws/install/robot_vio:/shared_rocker_software/autonomous_ws/install/robot_mobile_base:/opt/ros/humble /usr/bin/cmake --build /shared_rocker_software/autonomous_ws/build/sllidar_ros2 -- -j16 -l16
[0.754s] DEBUG:colcon.colcon_core.event_handler.log_command:Invoking command in '/shared_rocker_software/autonomous_ws/build/sllidar_ros2': CMAKE_PREFIX_PATH=${CMAKE_PREFIX_PATH}:/shared_rocker_software/autonomous_ws/install/robot_vio:/shared_rocker_software/autonomous_ws/install/robot_mobile_base:/opt/ros/humble /usr/bin/cmake --install /shared_rocker_software/autonomous_ws/build/sllidar_ros2
[0.765s] Level 1:colcon.colcon_core.environment:create_environment_scripts_only(sllidar_ros2)
[0.766s] Level 1:colcon.colcon_core.environment:checking '/shared_rocker_software/autonomous_ws/install/sllidar_ros2' for CMake module files
[0.766s] DEBUG:colcon.colcon_core.event_handler.log_command:Invoked command in '/shared_rocker_software/autonomous_ws/build/sllidar_ros2' returned '0': CMAKE_PREFIX_PATH=${CMAKE_PREFIX_PATH}:/shared_rocker_software/autonomous_ws/install/robot_vio:/shared_rocker_software/autonomous_ws/install/robot_mobile_base:/opt/ros/humble /usr/bin/cmake --install /shared_rocker_software/autonomous_ws/build/sllidar_ros2
[0.766s] Level 1:colcon.colcon_core.environment:checking '/shared_rocker_software/autonomous_ws/install/sllidar_ros2' for CMake config files
[0.766s] Level 1:colcon.colcon_core.shell:create_environment_hook('sllidar_ros2', 'cmake_prefix_path')
[0.767s] INFO:colcon.colcon_core.shell:Creating environment hook '/shared_rocker_software/autonomous_ws/install/sllidar_ros2/share/sllidar_ros2/hook/cmake_prefix_path.ps1'
[0.767s] INFO:colcon.colcon_core.shell:Creating environment descriptor '/shared_rocker_software/autonomous_ws/install/sllidar_ros2/share/sllidar_ros2/hook/cmake_prefix_path.dsv'
[0.767s] INFO:colcon.colcon_core.shell:Creating environment hook '/shared_rocker_software/autonomous_ws/install/sllidar_ros2/share/sllidar_ros2/hook/cmake_prefix_path.sh'
[0.768s] Level 1:colcon.colcon_core.environment:checking '/shared_rocker_software/autonomous_ws/install/sllidar_ros2/lib'
[0.768s] Level 1:colcon.colcon_core.environment:checking '/shared_rocker_software/autonomous_ws/install/sllidar_ros2/bin'
[0.768s] Level 1:colcon.colcon_core.environment:checking '/shared_rocker_software/autonomous_ws/install/sllidar_ros2/lib/pkgconfig/sllidar_ros2.pc'
[0.768s] Level 1:colcon.colcon_core.environment:checking '/shared_rocker_software/autonomous_ws/install/sllidar_ros2/lib/python3.10/site-packages'
[0.768s] Level 1:colcon.colcon_core.environment:checking '/shared_rocker_software/autonomous_ws/install/sllidar_ros2/bin'
[0.768s] INFO:colcon.colcon_core.shell:Creating package script '/shared_rocker_software/autonomous_ws/install/sllidar_ros2/share/sllidar_ros2/package.ps1'
[0.769s] INFO:colcon.colcon_core.shell:Creating package descriptor '/shared_rocker_software/autonomous_ws/install/sllidar_ros2/share/sllidar_ros2/package.dsv'
[0.769s] INFO:colcon.colcon_core.shell:Creating package script '/shared_rocker_software/autonomous_ws/install/sllidar_ros2/share/sllidar_ros2/package.sh'
[0.769s] INFO:colcon.colcon_core.shell:Creating package script '/shared_rocker_software/autonomous_ws/install/sllidar_ros2/share/sllidar_ros2/package.bash'
[0.769s] INFO:colcon.colcon_core.shell:Creating package script '/shared_rocker_software/autonomous_ws/install/sllidar_ros2/share/sllidar_ros2/package.zsh'
[0.770s] Level 1:colcon.colcon_core.environment:create_file_with_runtime_dependencies(/shared_rocker_software/autonomous_ws/install/sllidar_ros2/share/colcon-core/packages/sllidar_ros2)
[0.770s] Level 1:colcon.colcon_core.environment:create_environment_scripts_only(sllidar_ros2)
[0.770s] Level 1:colcon.colcon_core.environment:checking '/shared_rocker_software/autonomous_ws/install/sllidar_ros2' for CMake module files
[0.771s] Level 1:colcon.colcon_core.environment:checking '/shared_rocker_software/autonomous_ws/install/sllidar_ros2' for CMake config files
[0.771s] Level 1:colcon.colcon_core.shell:create_environment_hook('sllidar_ros2', 'cmake_prefix_path')
[0.771s] INFO:colcon.colcon_core.shell:Creating environment hook '/shared_rocker_software/autonomous_ws/install/sllidar_ros2/share/sllidar_ros2/hook/cmake_prefix_path.ps1'
[0.771s] INFO:colcon.colcon_core.shell:Creating environment descriptor '/shared_rocker_software/autonomous_ws/install/sllidar_ros2/share/sllidar_ros2/hook/cmake_prefix_path.dsv'
[0.771s] INFO:colcon.colcon_core.shell:Creating environment hook '/shared_rocker_software/autonomous_ws/install/sllidar_ros2/share/sllidar_ros2/hook/cmake_prefix_path.sh'
[0.772s] Level 1:colcon.colcon_core.environment:checking '/shared_rocker_software/autonomous_ws/install/sllidar_ros2/lib'
[0.772s] Level 1:colcon.colcon_core.environment:checking '/shared_rocker_software/autonomous_ws/install/sllidar_ros2/bin'
[0.772s] Level 1:colcon.colcon_core.environment:checking '/shared_rocker_software/autonomous_ws/install/sllidar_ros2/lib/pkgconfig/sllidar_ros2.pc'
[0.772s] Level 1:colcon.colcon_core.environment:checking '/shared_rocker_software/autonomous_ws/install/sllidar_ros2/lib/python3.10/site-packages'
[0.772s] Level 1:colcon.colcon_core.environment:checking '/shared_rocker_software/autonomous_ws/install/sllidar_ros2/bin'
[0.772s] INFO:colcon.colcon_core.shell:Creating package script '/shared_rocker_software/autonomous_ws/install/sllidar_ros2/share/sllidar_ros2/package.ps1'
[0.773s] INFO:colcon.colcon_core.shell:Creating package descriptor '/shared_rocker_software/autonomous_ws/install/sllidar_ros2/share/sllidar_ros2/package.dsv'
[0.773s] INFO:colcon.colcon_core.shell:Creating package script '/shared_rocker_software/autonomous_ws/install/sllidar_ros2/share/sllidar_ros2/package.sh'
[0.773s] INFO:colcon.colcon_core.shell:Creating package script '/shared_rocker_software/autonomous_ws/install/sllidar_ros2/share/sllidar_ros2/package.bash'
[0.773s] INFO:colcon.colcon_core.shell:Creating package script '/shared_rocker_software/autonomous_ws/install/sllidar_ros2/share/sllidar_ros2/package.zsh'
[0.774s] Level 1:colcon.colcon_core.environment:create_file_with_runtime_dependencies(/shared_rocker_software/autonomous_ws/install/sllidar_ros2/share/colcon-core/packages/sllidar_ros2)
[0.946s] DEBUG:colcon.colcon_core.event_handler.log_command:Invoking command in '/shared_rocker_software/autonomous_ws/src/robot_mobile_base': PYTHONPATH=/shared_rocker_software/autonomous_ws/build/robot_mobile_base/prefix_override:/usr/lib/python3/dist-packages/colcon_core/task/python/colcon_distutils_commands:/shared_rocker_software/autonomous_ws/install/robot_mobile_base/lib/python3.10/site-packages:${PYTHONPATH} /usr/bin/python3 -W ignore:setup.py install is deprecated -W ignore:easy_install command is deprecated setup.py egg_info --egg-base ../../build/robot_mobile_base build --build-base /shared_rocker_software/autonomous_ws/build/robot_mobile_base/build install --record /shared_rocker_software/autonomous_ws/build/robot_mobile_base/install.log --single-version-externally-managed install_data
[0.952s] DEBUG:colcon.colcon_core.event_handler.log_command:Invoking command in '/shared_rocker_software/autonomous_ws/src/robot_vio': PYTHONPATH=/shared_rocker_software/autonomous_ws/build/robot_vio/prefix_override:/usr/lib/python3/dist-packages/colcon_core/task/python/colcon_distutils_commands:/shared_rocker_software/autonomous_ws/install/robot_vio/lib/python3.10/site-packages:${PYTHONPATH} /usr/bin/python3 -W ignore:setup.py install is deprecated -W ignore:easy_install command is deprecated setup.py egg_info --egg-base ../../build/robot_vio build --build-base /shared_rocker_software/autonomous_ws/build/robot_vio/build install --record /shared_rocker_software/autonomous_ws/build/robot_vio/install.log --single-version-externally-managed install_data
[1.160s] Level 1:colcon.colcon_core.environment:checking '/shared_rocker_software/autonomous_ws/install/robot_vio' for CMake module files
[1.160s] DEBUG:colcon.colcon_core.event_handler.log_command:Invoked command in '/shared_rocker_software/autonomous_ws/src/robot_vio' returned '0': PYTHONPATH=/shared_rocker_software/autonomous_ws/build/robot_vio/prefix_override:/usr/lib/python3/dist-packages/colcon_core/task/python/colcon_distutils_commands:/shared_rocker_software/autonomous_ws/install/robot_vio/lib/python3.10/site-packages:${PYTHONPATH} /usr/bin/python3 -W ignore:setup.py install is deprecated -W ignore:easy_install command is deprecated setup.py egg_info --egg-base ../../build/robot_vio build --build-base /shared_rocker_software/autonomous_ws/build/robot_vio/build install --record /shared_rocker_software/autonomous_ws/build/robot_vio/install.log --single-version-externally-managed install_data
[1.161s] Level 1:colcon.colcon_core.environment:checking '/shared_rocker_software/autonomous_ws/install/robot_vio' for CMake config files
[1.161s] Level 1:colcon.colcon_core.environment:checking '/shared_rocker_software/autonomous_ws/install/robot_vio/lib'
[1.161s] Level 1:colcon.colcon_core.environment:checking '/shared_rocker_software/autonomous_ws/install/robot_vio/bin'
[1.161s] Level 1:colcon.colcon_core.environment:checking '/shared_rocker_software/autonomous_ws/install/robot_vio/lib/pkgconfig/robot_vio.pc'
[1.161s] Level 1:colcon.colcon_core.environment:checking '/shared_rocker_software/autonomous_ws/install/robot_vio/lib/python3.10/site-packages'
[1.161s] Level 1:colcon.colcon_core.shell:create_environment_hook('robot_vio', 'pythonpath')
[1.161s] INFO:colcon.colcon_core.shell:Creating environment hook '/shared_rocker_software/autonomous_ws/install/robot_vio/share/robot_vio/hook/pythonpath.ps1'
[1.162s] INFO:colcon.colcon_core.shell:Creating environment descriptor '/shared_rocker_software/autonomous_ws/install/robot_vio/share/robot_vio/hook/pythonpath.dsv'
[1.162s] INFO:colcon.colcon_core.shell:Creating environment hook '/shared_rocker_software/autonomous_ws/install/robot_vio/share/robot_vio/hook/pythonpath.sh'
[1.162s] Level 1:colcon.colcon_core.environment:checking '/shared_rocker_software/autonomous_ws/install/robot_vio/bin'
[1.162s] Level 1:colcon.colcon_core.environment:create_environment_scripts_only(robot_vio)
[1.163s] INFO:colcon.colcon_core.shell:Creating package script '/shared_rocker_software/autonomous_ws/install/robot_vio/share/robot_vio/package.ps1'
[1.163s] INFO:colcon.colcon_core.shell:Creating package descriptor '/shared_rocker_software/autonomous_ws/install/robot_vio/share/robot_vio/package.dsv'
[1.163s] INFO:colcon.colcon_core.shell:Creating package script '/shared_rocker_software/autonomous_ws/install/robot_vio/share/robot_vio/package.sh'
[1.164s] INFO:colcon.colcon_core.shell:Creating package script '/shared_rocker_software/autonomous_ws/install/robot_vio/share/robot_vio/package.bash'
[1.164s] INFO:colcon.colcon_core.shell:Creating package script '/shared_rocker_software/autonomous_ws/install/robot_vio/share/robot_vio/package.zsh'
[1.164s] Level 1:colcon.colcon_core.environment:create_file_with_runtime_dependencies(/shared_rocker_software/autonomous_ws/install/robot_vio/share/colcon-core/packages/robot_vio)
[1.165s] Level 1:colcon.colcon_core.environment:checking '/shared_rocker_software/autonomous_ws/install/robot_mobile_base' for CMake module files
[1.165s] DEBUG:colcon.colcon_core.event_handler.log_command:Invoked command in '/shared_rocker_software/autonomous_ws/src/robot_mobile_base' returned '0': PYTHONPATH=/shared_rocker_software/autonomous_ws/build/robot_mobile_base/prefix_override:/usr/lib/python3/dist-packages/colcon_core/task/python/colcon_distutils_commands:/shared_rocker_software/autonomous_ws/install/robot_mobile_base/lib/python3.10/site-packages:${PYTHONPATH} /usr/bin/python3 -W ignore:setup.py install is deprecated -W ignore:easy_install command is deprecated setup.py egg_info --egg-base ../../build/robot_mobile_base build --build-base /shared_rocker_software/autonomous_ws/build/robot_mobile_base/build install --record /shared_rocker_software/autonomous_ws/build/robot_mobile_base/install.log --single-version-externally-managed install_data
[1.165s] Level 1:colcon.colcon_core.environment:checking '/shared_rocker_software/autonomous_ws/install/robot_mobile_base' for CMake config files
[1.166s] Level 1:colcon.colcon_core.environment:checking '/shared_rocker_software/autonomous_ws/install/robot_mobile_base/lib'
[1.166s] Level 1:colcon.colcon_core.environment:checking '/shared_rocker_software/autonomous_ws/install/robot_mobile_base/bin'
[1.166s] Level 1:colcon.colcon_core.environment:checking '/shared_rocker_software/autonomous_ws/install/robot_mobile_base/lib/pkgconfig/robot_mobile_base.pc'
[1.166s] Level 1:colcon.colcon_core.environment:checking '/shared_rocker_software/autonomous_ws/install/robot_mobile_base/lib/python3.10/site-packages'
[1.166s] Level 1:colcon.colcon_core.shell:create_environment_hook('robot_mobile_base', 'pythonpath')
[1.166s] INFO:colcon.colcon_core.shell:Creating environment hook '/shared_rocker_software/autonomous_ws/install/robot_mobile_base/share/robot_mobile_base/hook/pythonpath.ps1'
[1.166s] INFO:colcon.colcon_core.shell:Creating environment descriptor '/shared_rocker_software/autonomous_ws/install/robot_mobile_base/share/robot_mobile_base/hook/pythonpath.dsv'
[1.167s] INFO:colcon.colcon_core.shell:Creating environment hook '/shared_rocker_software/autonomous_ws/install/robot_mobile_base/share/robot_mobile_base/hook/pythonpath.sh'
[1.167s] Level 1:colcon.colcon_core.environment:checking '/shared_rocker_software/autonomous_ws/install/robot_mobile_base/bin'
[1.167s] Level 1:colcon.colcon_core.environment:create_environment_scripts_only(robot_mobile_base)
[1.167s] INFO:colcon.colcon_core.shell:Creating package script '/shared_rocker_software/autonomous_ws/install/robot_mobile_base/share/robot_mobile_base/package.ps1'
[1.168s] INFO:colcon.colcon_core.shell:Creating package descriptor '/shared_rocker_software/autonomous_ws/install/robot_mobile_base/share/robot_mobile_base/package.dsv'
[1.168s] INFO:colcon.colcon_core.shell:Creating package script '/shared_rocker_software/autonomous_ws/install/robot_mobile_base/share/robot_mobile_base/package.sh'
[1.168s] INFO:colcon.colcon_core.shell:Creating package script '/shared_rocker_software/autonomous_ws/install/robot_mobile_base/share/robot_mobile_base/package.bash'
[1.168s] INFO:colcon.colcon_core.shell:Creating package script '/shared_rocker_software/autonomous_ws/install/robot_mobile_base/share/robot_mobile_base/package.zsh'
[1.169s] Level 1:colcon.colcon_core.environment:create_file_with_runtime_dependencies(/shared_rocker_software/autonomous_ws/install/robot_mobile_base/share/colcon-core/packages/robot_mobile_base)
[1.169s] DEBUG:colcon.colcon_parallel_executor.executor.parallel:closing loop
[1.169s] DEBUG:colcon.colcon_parallel_executor.executor.parallel:loop closed
[1.169s] DEBUG:colcon.colcon_parallel_executor.executor.parallel:run_until_complete finished with '0'
[1.169s] DEBUG:colcon.colcon_core.event_reactor:joining thread
[1.173s] INFO:colcon.colcon_core.plugin_system:Skipping extension 'colcon_notification.desktop_notification.notify_send': Could not find 'notify-send'
[1.173s] INFO:colcon.colcon_core.plugin_system:Skipping extension 'colcon_notification.desktop_notification.terminal_notifier': Not used on non-Darwin systems
[1.174s] INFO:colcon.colcon_core.plugin_system:Skipping extension 'colcon_notification.desktop_notification.win32': Not used on non-Windows systems
[1.174s] INFO:colcon.colcon_notification.desktop_notification:Sending desktop notification using 'notify2'
[1.177s] DEBUG:colcon.colcon_notification.desktop_notification.notify2:Failed to initialize notify2: org.freedesktop.DBus.Error.Spawn.ExecFailed: /usr/bin/dbus-launch terminated abnormally without any error message
[1.177s] DEBUG:colcon.colcon_core.event_reactor:joined thread
[1.178s] INFO:colcon.colcon_core.shell:Creating prefix script '/shared_rocker_software/autonomous_ws/install/local_setup.ps1'
[1.179s] INFO:colcon.colcon_core.shell:Creating prefix util module '/shared_rocker_software/autonomous_ws/install/_local_setup_util_ps1.py'
[1.180s] INFO:colcon.colcon_core.shell:Creating prefix chain script '/shared_rocker_software/autonomous_ws/install/setup.ps1'
[1.181s] INFO:colcon.colcon_core.shell:Creating prefix script '/shared_rocker_software/autonomous_ws/install/local_setup.sh'
[1.182s] INFO:colcon.colcon_core.shell:Creating prefix util module '/shared_rocker_software/autonomous_ws/install/_local_setup_util_sh.py'
[1.182s] INFO:colcon.colcon_core.shell:Creating prefix chain script '/shared_rocker_software/autonomous_ws/install/setup.sh'
[1.183s] INFO:colcon.colcon_core.shell:Creating prefix script '/shared_rocker_software/autonomous_ws/install/local_setup.bash'
[1.183s] INFO:colcon.colcon_core.shell:Creating prefix chain script '/shared_rocker_software/autonomous_ws/install/setup.bash'
[1.184s] INFO:colcon.colcon_core.shell:Creating prefix script '/shared_rocker_software/autonomous_ws/install/local_setup.zsh'
[1.184s] INFO:colcon.colcon_core.shell:Creating prefix chain script '/shared_rocker_software/autonomous_ws/install/setup.zsh'
